2019-04-25 15:48:03,016 - INFO: 2019-04-25 15:48:03.015000-filename:IQC.py-method:_mcu-[line:132]- msg:- [status:True]
2019-04-25 15:48:03,957 - ERROR: 2019-04-25 15:48:03.958000-filename:IQC.py-method:_check_dut->mcu_com.init()-[line:312]- msg:port open fail: could not open port 'COM5': WindowsError(2, '\xcf\xb5\xcd\xb3\xd5\xd2\xb2\xbb\xb5\xbd\xd6\xb8\xb6\xa8\xb5\xc4\xce\xc4\xbc\xfe\xa1\xa3')- [status:False]
2019-04-25 15:48:03,959 - ERROR: 2019-04-25 15:48:03.959000-filename:IQC.py-method:_check_dut-[line:338]- msg:close port- [status:False]
2019-04-25 15:48:03,960 - ERROR: 2019-04-25 15:48:03.960000-filename:IQC.py-method:vibration_test-[line:202]- msg:test fail- [status:False]
2019-04-25 15:48:38,209 - INFO: 2019-04-25 15:48:38.207000-filename:IQC.py-method:_mcu-[line:132]- msg:- [status:True]
2019-04-25 15:48:40,160 - INFO: 2019-04-25 15:48:40.159000-filename:IQC.py-method:_check_dut-[line:338]- msg:ok- [status:True]
2019-04-25 15:48:41,552 - INFO: 2019-04-25 15:48:41.553000-filename:IQC.py-method:_collect_raw_count-[line:378]- msg:collect raw count ok- [status:True]
2019-04-25 15:48:41,553 - INFO: 2019-04-25 15:48:41.554000-filename:IQC.py-method:_Noise_capacitance-[line:405]- msg:Noise_capacitance <= 0.09- [status:True]
2019-04-25 15:48:41,555 - INFO: 2019-04-25 15:48:41.555000-filename:IQC.py-method:_Baseline-[line:436]- msg:0.75<baseline<0.9- [status:True]
2019-04-25 15:48:41,555 - INFO: 2019-04-25 15:48:41.556000-filename:IQC.py-method:_edr_Capacitance-[line:465]- msg:Effective_dynamic_range>=0.25- [status:True]
2019-04-25 15:48:41,835 - INFO: 2019-04-25 15:48:41.835000-filename:IQC.py-method:_open_diff-[line:591]- msg:open difference command ok- [status:True]
2019-04-25 15:48:47,963 - ERROR: 2019-04-25 15:48:47.963000-filename:IQC.py-method:vibration_test-[line:202]- msg:test fail- [status:False]
2019-04-25 15:49:32,035 - INFO: 2019-04-25 15:49:32.034000-filename:IQC.py-method:_mcu-[line:132]- msg:- [status:True]
2019-04-25 15:49:33,648 - INFO: 2019-04-25 15:49:33.649000-filename:IQC.py-method:_check_dut-[line:338]- msg:ok- [status:True]
2019-04-25 15:49:35,032 - INFO: 2019-04-25 15:49:35.033000-filename:IQC.py-method:_collect_raw_count-[line:378]- msg:collect raw count ok- [status:True]
2019-04-25 15:49:35,033 - INFO: 2019-04-25 15:49:35.034000-filename:IQC.py-method:_Noise_capacitance-[line:405]- msg:Noise_capacitance <= 0.09- [status:True]
2019-04-25 15:49:35,035 - INFO: 2019-04-25 15:49:35.035000-filename:IQC.py-method:_Baseline-[line:436]- msg:0.75<baseline<0.9- [status:True]
2019-04-25 15:49:35,036 - INFO: 2019-04-25 15:49:35.036000-filename:IQC.py-method:_edr_Capacitance-[line:465]- msg:Effective_dynamic_range>=0.25- [status:True]
2019-04-25 15:49:35,315 - INFO: 2019-04-25 15:49:35.316000-filename:IQC.py-method:_open_diff-[line:591]- msg:open difference command ok- [status:True]
2019-04-25 15:49:41,463 - ERROR: 2019-04-25 15:49:41.463000-filename:IQC.py-method:vibration_test-[line:202]- msg:test fail- [status:False]
2019-04-25 15:49:48,279 - INFO: 2019-04-25 15:49:48.278000-filename:IQC.py-method:_check_dut-[line:338]- msg:ok- [status:True]
2019-04-25 15:49:49,671 - INFO: 2019-04-25 15:49:49.672000-filename:IQC.py-method:_collect_raw_count-[line:378]- msg:collect raw count ok- [status:True]
2019-04-25 15:49:49,674 - INFO: 2019-04-25 15:49:49.674000-filename:IQC.py-method:_Noise_capacitance-[line:405]- msg:Noise_capacitance <= 0.09- [status:True]
2019-04-25 15:49:49,674 - INFO: 2019-04-25 15:49:49.674000-filename:IQC.py-method:_Baseline-[line:436]- msg:0.75<baseline<0.9- [status:True]
2019-04-25 15:49:49,674 - INFO: 2019-04-25 15:49:49.675000-filename:IQC.py-method:_edr_Capacitance-[line:465]- msg:Effective_dynamic_range>=0.25- [status:True]
2019-04-25 15:49:49,948 - INFO: 2019-04-25 15:49:49.949000-filename:IQC.py-method:_open_diff-[line:591]- msg:open difference command ok- [status:True]
2019-04-25 15:49:59,028 - INFO: 2019-04-25 15:49:59.027000-filename:IQC.py-method:vibration_test-[line:278]- msg:vibration test ok- [status:1]
