2019-05-02 13:31:18,803 - INFO: 2019-05-02 13:31:18.799000-filename:IQC.py-method:_mcu-[line:132]- msg:- [status:True]
2019-05-02 13:31:21,578 - INFO: 2019-05-02 13:31:21.578000-filename:IQC.py-method:_check_dut-[line:340]- msg:ok- [status:True]
2019-05-02 13:31:23,053 - INFO: 2019-05-02 13:31:23.046000-filename:IQC.py-method:_collect_raw_count-[line:380]- msg:collect raw count ok- [status:True]
2019-05-02 13:31:23,055 - INFO: 2019-05-02 13:31:23.055000-filename:IQC.py-method:_Noise_capacitance-[line:407]- msg:Noise_capacitance <= 0.05- [status:True]
2019-05-02 13:31:23,058 - INFO: 2019-05-02 13:31:23.058000-filename:IQC.py-method:_Baseline-[line:438]- msg:0.75<baseline<0.925- [status:True]
2019-05-02 13:31:23,061 - INFO: 2019-05-02 13:31:23.061000-filename:IQC.py-method:_edr_Capacitance-[line:467]- msg:Effective_dynamic_range>=0.2- [status:True]
2019-05-02 13:31:23,348 - INFO: 2019-05-02 13:31:23.349000-filename:IQC.py-method:_open_diff-[line:593]- msg:open difference command ok- [status:True]
2019-05-02 13:31:28,713 - ERROR: 2019-05-02 13:31:28.713000-filename:IQC.py-method:vibration_test-[line:203]- msg:test fail- [status:False]
2019-05-02 13:31:33,489 - INFO: 2019-05-02 13:31:33.486000-filename:IQC.py-method:_check_dut-[line:340]- msg:ok- [status:True]
2019-05-02 13:31:34,881 - INFO: 2019-05-02 13:31:34.881000-filename:IQC.py-method:_collect_raw_count-[line:380]- msg:collect raw count ok- [status:True]
2019-05-02 13:31:34,894 - INFO: 2019-05-02 13:31:34.894000-filename:IQC.py-method:_Noise_capacitance-[line:407]- msg:Noise_capacitance <= 0.05- [status:True]
2019-05-02 13:31:34,895 - INFO: 2019-05-02 13:31:34.896000-filename:IQC.py-method:_Baseline-[line:438]- msg:0.75<baseline<0.925- [status:True]
2019-05-02 13:31:34,900 - INFO: 2019-05-02 13:31:34.900000-filename:IQC.py-method:_edr_Capacitance-[line:467]- msg:Effective_dynamic_range>=0.2- [status:True]
2019-05-02 13:31:35,201 - INFO: 2019-05-02 13:31:35.202000-filename:IQC.py-method:_open_diff-[line:593]- msg:open difference command ok- [status:True]
2019-05-02 13:31:40,562 - ERROR: 2019-05-02 13:31:40.562000-filename:IQC.py-method:vibration_test-[line:203]- msg:test fail- [status:False]
2019-05-02 13:31:46,256 - INFO: 2019-05-02 13:31:46.256000-filename:IQC.py-method:_check_dut-[line:340]- msg:ok- [status:True]
2019-05-02 13:31:47,667 - INFO: 2019-05-02 13:31:47.668000-filename:IQC.py-method:_collect_raw_count-[line:380]- msg:collect raw count ok- [status:True]
2019-05-02 13:31:47,674 - ERROR: 2019-05-02 13:31:47.675000-filename:IQC.py-method:_Noise_capacitance-[line:407]- msg:Noise_capacitance > 0.05- [status:False]
2019-05-02 13:31:47,677 - INFO: 2019-05-02 13:31:47.678000-filename:IQC.py-method:_Baseline-[line:438]- msg:0.75<baseline<0.925- [status:True]
2019-05-02 13:31:47,680 - INFO: 2019-05-02 13:31:47.680000-filename:IQC.py-method:_edr_Capacitance-[line:467]- msg:Effective_dynamic_range>=0.2- [status:True]
2019-05-02 13:31:47,806 - ERROR: 2019-05-02 13:31:47.807000-filename:IQC.py-method:vibration_test-[line:203]- msg:test fail- [status:False]
2019-05-02 13:31:50,578 - INFO: 2019-05-02 13:31:50.578000-filename:IQC.py-method:_check_dut-[line:340]- msg:ok- [status:True]
2019-05-02 13:31:51,959 - INFO: 2019-05-02 13:31:51.959000-filename:IQC.py-method:_collect_raw_count-[line:380]- msg:collect raw count ok- [status:True]
2019-05-02 13:31:51,967 - INFO: 2019-05-02 13:31:51.968000-filename:IQC.py-method:_Noise_capacitance-[line:407]- msg:Noise_capacitance <= 0.05- [status:True]
2019-05-02 13:31:51,970 - INFO: 2019-05-02 13:31:51.970000-filename:IQC.py-method:_Baseline-[line:438]- msg:0.75<baseline<0.925- [status:True]
2019-05-02 13:31:51,973 - INFO: 2019-05-02 13:31:51.973000-filename:IQC.py-method:_edr_Capacitance-[line:467]- msg:Effective_dynamic_range>=0.2- [status:True]
2019-05-02 13:31:52,266 - INFO: 2019-05-02 13:31:52.266000-filename:IQC.py-method:_open_diff-[line:593]- msg:open difference command ok- [status:True]
2019-05-02 13:31:58,438 - ERROR: 2019-05-02 13:31:58.438000-filename:IQC.py-method:vibration_test-[line:203]- msg:test fail- [status:False]
2019-05-02 13:32:03,312 - INFO: 2019-05-02 13:32:03.312000-filename:IQC.py-method:_check_dut-[line:340]- msg:ok- [status:True]
2019-05-02 13:32:04,714 - INFO: 2019-05-02 13:32:04.715000-filename:IQC.py-method:_collect_raw_count-[line:380]- msg:collect raw count ok- [status:True]
2019-05-02 13:32:04,723 - INFO: 2019-05-02 13:32:04.724000-filename:IQC.py-method:_Noise_capacitance-[line:407]- msg:Noise_capacitance <= 0.05- [status:True]
2019-05-02 13:32:04,723 - INFO: 2019-05-02 13:32:04.724000-filename:IQC.py-method:_Baseline-[line:438]- msg:0.75<baseline<0.925- [status:True]
2019-05-02 13:32:04,727 - INFO: 2019-05-02 13:32:04.727000-filename:IQC.py-method:_edr_Capacitance-[line:467]- msg:Effective_dynamic_range>=0.2- [status:True]
2019-05-02 13:32:05,013 - INFO: 2019-05-02 13:32:05.013000-filename:IQC.py-method:_open_diff-[line:593]- msg:open difference command ok- [status:True]
2019-05-02 13:32:15,151 - INFO: 2019-05-02 13:32:15.151000-filename:IQC.py-method:vibration_test-[line:279]- msg:vibration test ok- [status:1]
2019-05-02 13:33:54,039 - INFO: 2019-05-02 13:33:54.040000-filename:IQC.py-method:_mcu-[line:132]- msg:- [status:True]
2019-05-02 13:33:56,756 - INFO: 2019-05-02 13:33:56.751000-filename:IQC.py-method:_check_dut-[line:340]- msg:ok- [status:True]
2019-05-02 13:33:58,153 - INFO: 2019-05-02 13:33:58.153000-filename:IQC.py-method:_collect_raw_count-[line:380]- msg:collect raw count ok- [status:True]
2019-05-02 13:33:58,160 - INFO: 2019-05-02 13:33:58.160000-filename:IQC.py-method:_Noise_capacitance-[line:407]- msg:Noise_capacitance <= 0.05- [status:True]
2019-05-02 13:33:58,161 - INFO: 2019-05-02 13:33:58.161000-filename:IQC.py-method:_Baseline-[line:438]- msg:0.75<baseline<0.925- [status:True]
2019-05-02 13:33:58,161 - INFO: 2019-05-02 13:33:58.162000-filename:IQC.py-method:_edr_Capacitance-[line:467]- msg:Effective_dynamic_range>=0.0- [status:True]
2019-05-02 13:33:58,463 - INFO: 2019-05-02 13:33:58.464000-filename:IQC.py-method:_open_diff-[line:593]- msg:open difference command ok- [status:True]
2019-05-02 13:34:04,658 - ERROR: 2019-05-02 13:34:04.658000-filename:IQC.py-method:vibration_test-[line:203]- msg:test fail- [status:False]
2019-05-02 13:34:10,117 - INFO: 2019-05-02 13:34:10.117000-filename:IQC.py-method:_check_dut-[line:340]- msg:ok- [status:True]
2019-05-02 13:34:11,540 - INFO: 2019-05-02 13:34:11.541000-filename:IQC.py-method:_collect_raw_count-[line:380]- msg:collect raw count ok- [status:True]
2019-05-02 13:34:11,549 - INFO: 2019-05-02 13:34:11.549000-filename:IQC.py-method:_Noise_capacitance-[line:407]- msg:Noise_capacitance <= 0.05- [status:True]
2019-05-02 13:34:11,549 - INFO: 2019-05-02 13:34:11.550000-filename:IQC.py-method:_Baseline-[line:438]- msg:0.75<baseline<0.925- [status:True]
2019-05-02 13:34:11,552 - INFO: 2019-05-02 13:34:11.552000-filename:IQC.py-method:_edr_Capacitance-[line:467]- msg:Effective_dynamic_range>=0.0- [status:True]
2019-05-02 13:34:11,842 - INFO: 2019-05-02 13:34:11.842000-filename:IQC.py-method:_open_diff-[line:593]- msg:open difference command ok- [status:True]
2019-05-02 13:34:21,002 - INFO: 2019-05-02 13:34:21.002000-filename:IQC.py-method:vibration_test-[line:279]- msg:vibration test ok- [status:1]
2019-05-02 16:04:42,380 - INFO: 2019-05-02 16:04:42.380000-filename:IQC.py-method:_mcu-[line:133]- msg:- [status:True]
2019-05-02 16:04:44,243 - INFO: 2019-05-02 16:04:44.243000-filename:IQC.py-method:_check_dut-[line:342]- msg:ok- [status:True]
2019-05-02 16:04:45,697 - INFO: 2019-05-02 16:04:45.698000-filename:IQC.py-method:_collect_raw_count-[line:382]- msg:collect raw count ok- [status:True]
2019-05-02 16:04:45,697 - INFO: 2019-05-02 16:04:45.698000-filename:IQC.py-method:_Noise_capacitance-[line:409]- msg:Noise_capacitance <= 0.05- [status:True]
2019-05-02 16:04:45,697 - INFO: 2019-05-02 16:04:45.698000-filename:IQC.py-method:_Baseline-[line:440]- msg:0.75<baseline<0.925- [status:True]
2019-05-02 16:04:45,707 - INFO: 2019-05-02 16:04:45.708000-filename:IQC.py-method:_edr_Capacitance-[line:469]- msg:Effective_dynamic_range>=0.0- [status:True]
2019-05-02 16:06:27,855 - INFO: 2019-05-02 16:06:27.856000-filename:IQC.py-method:_mcu-[line:133]- msg:- [status:True]
2019-05-02 16:06:29,871 - INFO: 2019-05-02 16:06:29.871000-filename:IQC.py-method:_check_dut-[line:342]- msg:ok- [status:True]
2019-05-02 16:06:31,266 - INFO: 2019-05-02 16:06:31.256000-filename:IQC.py-method:_collect_raw_count-[line:382]- msg:collect raw count ok- [status:True]
2019-05-02 16:06:31,266 - INFO: 2019-05-02 16:06:31.266000-filename:IQC.py-method:_Noise_capacitance-[line:409]- msg:Noise_capacitance <= 0.05- [status:True]
2019-05-02 16:06:31,266 - INFO: 2019-05-02 16:06:31.266000-filename:IQC.py-method:_Baseline-[line:440]- msg:0.75<baseline<0.925- [status:True]
2019-05-02 16:06:31,266 - INFO: 2019-05-02 16:06:31.266000-filename:IQC.py-method:_edr_Capacitance-[line:469]- msg:Effective_dynamic_range>=0.0- [status:True]
2019-05-02 16:08:36,135 - INFO: 2019-05-02 16:08:36.135000-filename:IQC.py-method:_mcu-[line:133]- msg:- [status:True]
2019-05-02 16:08:38,063 - INFO: 2019-05-02 16:08:38.064000-filename:IQC.py-method:_check_dut-[line:342]- msg:ok- [status:True]
2019-05-02 16:08:39,463 - INFO: 2019-05-02 16:08:39.464000-filename:IQC.py-method:_collect_raw_count-[line:382]- msg:collect raw count ok- [status:True]
2019-05-02 16:08:39,463 - INFO: 2019-05-02 16:08:39.464000-filename:IQC.py-method:_Noise_capacitance-[line:409]- msg:Noise_capacitance <= 0.05- [status:True]
2019-05-02 16:08:39,463 - INFO: 2019-05-02 16:08:39.464000-filename:IQC.py-method:_Baseline-[line:440]- msg:0.75<baseline<0.925- [status:True]
2019-05-02 16:08:39,463 - INFO: 2019-05-02 16:08:39.464000-filename:IQC.py-method:_edr_Capacitance-[line:469]- msg:Effective_dynamic_range>=0.0- [status:True]
2019-05-02 16:08:39,762 - INFO: 2019-05-02 16:08:39.762000-filename:IQC.py-method:_open_diff-[line:601]- msg:open difference command ok- [status:True]
2019-05-02 16:08:45,121 - ERROR: 2019-05-02 16:08:45.121000-filename:IQC.py-method:vibration_test-[line:205]- msg:test fail- [status:False]
2019-05-02 16:09:25,023 - INFO: 2019-05-02 16:09:25.022000-filename:IQC.py-method:_mcu-[line:133]- msg:- [status:True]
2019-05-02 16:10:29,795 - ERROR: 2019-05-02 16:10:29.795000-filename:IQC.py-method:_check_dut-[line:342]- msg:- [status:False]
2019-05-02 16:10:29,905 - ERROR: 2019-05-02 16:10:29.906000-filename:IQC.py-method:vibration_test-[line:205]- msg:test fail- [status:False]
2019-05-02 16:12:47,375 - INFO: 2019-05-02 16:12:47.375000-filename:IQC.py-method:_mcu-[line:133]- msg:- [status:True]
2019-05-02 16:12:49,789 - INFO: 2019-05-02 16:12:49.789000-filename:IQC.py-method:_check_dut-[line:342]- msg:ok- [status:True]
2019-05-02 16:12:51,203 - INFO: 2019-05-02 16:12:51.203000-filename:IQC.py-method:_collect_raw_count-[line:382]- msg:collect raw count ok- [status:True]
2019-05-02 16:12:51,203 - INFO: 2019-05-02 16:12:51.203000-filename:IQC.py-method:_Noise_capacitance-[line:409]- msg:Noise_capacitance <= 0.05- [status:True]
2019-05-02 16:12:51,203 - INFO: 2019-05-02 16:12:51.203000-filename:IQC.py-method:_Baseline-[line:440]- msg:0.75<baseline<0.925- [status:True]
2019-05-02 16:12:51,203 - INFO: 2019-05-02 16:12:51.203000-filename:IQC.py-method:_edr_Capacitance-[line:469]- msg:Effective_dynamic_range>=0.0- [status:True]
2019-05-02 16:27:57,285 - INFO: 2019-05-02 16:27:57.284000-filename:IQC.py-method:_mcu-[line:133]- msg:- [status:True]
2019-05-02 16:27:59,487 - INFO: 2019-05-02 16:27:59.487000-filename:IQC.py-method:_check_dut-[line:342]- msg:ok- [status:True]
2019-05-02 16:28:00,885 - INFO: 2019-05-02 16:28:00.886000-filename:IQC.py-method:_collect_raw_count-[line:382]- msg:collect raw count ok- [status:True]
2019-05-02 16:28:00,887 - INFO: 2019-05-02 16:28:00.887000-filename:IQC.py-method:_Noise_capacitance-[line:409]- msg:Noise_capacitance <= 0.05- [status:True]
2019-05-02 16:28:00,888 - INFO: 2019-05-02 16:28:00.889000-filename:IQC.py-method:_Baseline-[line:440]- msg:0.75<baseline<0.925- [status:True]
2019-05-02 16:28:00,888 - INFO: 2019-05-02 16:28:00.889000-filename:IQC.py-method:_edr_Capacitance-[line:469]- msg:Effective_dynamic_range>=0.0- [status:True]
2019-05-02 16:28:46,846 - INFO: 2019-05-02 16:28:46.846000-filename:IQC.py-method:_mcu-[line:133]- msg:- [status:True]
2019-05-02 16:28:56,361 - INFO: 2019-05-02 16:28:56.360000-filename:IQC.py-method:_check_dut-[line:342]- msg:ok- [status:True]
2019-05-02 16:28:57,763 - INFO: 2019-05-02 16:28:57.762000-filename:IQC.py-method:_collect_raw_count-[line:382]- msg:collect raw count ok- [status:True]
2019-05-02 16:28:57,763 - ERROR: 2019-05-02 16:28:57.763000-filename:IQC.py-method:_Noise_capacitance-[line:409]- msg:Noise_capacitance <= 0.05- [status:False]
2019-05-02 16:28:57,763 - INFO: 2019-05-02 16:28:57.764000-filename:IQC.py-method:_Baseline-[line:440]- msg:0.75<baseline<0.925- [status:True]
2019-05-02 16:28:57,765 - INFO: 2019-05-02 16:28:57.765000-filename:IQC.py-method:_edr_Capacitance-[line:469]- msg:Effective_dynamic_range>=0.0- [status:True]
2019-05-02 16:28:57,868 - ERROR: 2019-05-02 16:28:57.868000-filename:IQC.py-method:vibration_test-[line:205]- msg:test fail- [status:False]
2019-05-02 16:29:08,494 - ERROR: 2019-05-02 16:29:08.494000-filename:IQC.py-method:_check_dut-[line:342]- msg:- [status:False]
2019-05-02 16:29:08,608 - ERROR: 2019-05-02 16:29:08.609000-filename:IQC.py-method:vibration_test-[line:205]- msg:test fail- [status:False]
2019-05-02 16:29:15,005 - ERROR: 2019-05-02 16:29:15.004000-filename:IQC.py-method:_check_dut-[line:342]- msg:- [status:False]
2019-05-02 16:29:15,118 - ERROR: 2019-05-02 16:29:15.119000-filename:IQC.py-method:vibration_test-[line:205]- msg:test fail- [status:False]
2019-05-02 16:29:21,628 - INFO: 2019-05-02 16:29:21.628000-filename:IQC.py-method:_check_dut-[line:342]- msg:ok- [status:True]
2019-05-02 16:29:23,025 - INFO: 2019-05-02 16:29:23.025000-filename:IQC.py-method:_collect_raw_count-[line:382]- msg:collect raw count ok- [status:True]
2019-05-02 16:29:23,026 - INFO: 2019-05-02 16:29:23.027000-filename:IQC.py-method:_Noise_capacitance-[line:409]- msg:Noise_capacitance <= 0.05- [status:True]
2019-05-02 16:29:23,028 - INFO: 2019-05-02 16:29:23.028000-filename:IQC.py-method:_Baseline-[line:440]- msg:0.75<baseline<0.925- [status:True]
2019-05-02 16:29:23,028 - INFO: 2019-05-02 16:29:23.028000-filename:IQC.py-method:_edr_Capacitance-[line:469]- msg:Effective_dynamic_range>=0.0- [status:True]
2019-05-02 16:30:30,984 - INFO: 2019-05-02 16:30:30.984000-filename:IQC.py-method:_mcu-[line:133]- msg:- [status:True]
2019-05-02 16:30:33,381 - INFO: 2019-05-02 16:30:33.380000-filename:IQC.py-method:_check_dut-[line:342]- msg:ok- [status:True]
2019-05-02 16:30:34,779 - INFO: 2019-05-02 16:30:34.779000-filename:IQC.py-method:_collect_raw_count-[line:382]- msg:collect raw count ok- [status:True]
2019-05-02 16:30:34,782 - INFO: 2019-05-02 16:30:34.782000-filename:IQC.py-method:_Noise_capacitance-[line:409]- msg:Noise_capacitance <= 0.05- [status:True]
2019-05-02 16:30:34,782 - INFO: 2019-05-02 16:30:34.783000-filename:IQC.py-method:_Baseline-[line:440]- msg:0.75<baseline<0.925- [status:True]
2019-05-02 16:30:34,782 - INFO: 2019-05-02 16:30:34.783000-filename:IQC.py-method:_edr_Capacitance-[line:469]- msg:Effective_dynamic_range>=0.0- [status:True]
2019-05-02 16:31:12,391 - INFO: 2019-05-02 16:31:12.391000-filename:IQC.py-method:_mcu-[line:133]- msg:- [status:True]
2019-05-02 16:31:14,463 - INFO: 2019-05-02 16:31:14.463000-filename:IQC.py-method:_check_dut-[line:342]- msg:ok- [status:True]
2019-05-02 16:31:15,865 - INFO: 2019-05-02 16:31:15.865000-filename:IQC.py-method:_collect_raw_count-[line:382]- msg:collect raw count ok- [status:True]
2019-05-02 16:31:15,869 - INFO: 2019-05-02 16:31:15.869000-filename:IQC.py-method:_Noise_capacitance-[line:409]- msg:Noise_capacitance <= 0.05- [status:True]
2019-05-02 16:31:15,871 - INFO: 2019-05-02 16:31:15.871000-filename:IQC.py-method:_Baseline-[line:440]- msg:0.75<baseline<0.925- [status:True]
2019-05-02 16:31:15,871 - INFO: 2019-05-02 16:31:15.871000-filename:IQC.py-method:_edr_Capacitance-[line:469]- msg:Effective_dynamic_range>=0.0- [status:True]
2019-05-02 16:33:25,134 - INFO: 2019-05-02 16:33:25.135000-filename:IQC.py-method:_mcu-[line:133]- msg:- [status:True]
2019-05-02 16:33:27,039 - INFO: 2019-05-02 16:33:27.040000-filename:IQC.py-method:_check_dut-[line:342]- msg:ok- [status:True]
2019-05-02 16:33:28,424 - INFO: 2019-05-02 16:33:28.424000-filename:IQC.py-method:_collect_raw_count-[line:382]- msg:collect raw count ok- [status:True]
2019-05-02 16:33:28,424 - INFO: 2019-05-02 16:33:28.425000-filename:IQC.py-method:_Noise_capacitance-[line:409]- msg:Noise_capacitance <= 0.05- [status:True]
2019-05-02 16:33:28,426 - INFO: 2019-05-02 16:33:28.426000-filename:IQC.py-method:_Baseline-[line:440]- msg:0.75<baseline<0.925- [status:True]
2019-05-02 16:33:28,426 - INFO: 2019-05-02 16:33:28.426000-filename:IQC.py-method:_edr_Capacitance-[line:469]- msg:Effective_dynamic_range>=0.0- [status:True]
2019-05-02 16:38:54,747 - INFO: 2019-05-02 16:38:54.744000-filename:IQC.py-method:_mcu-[line:133]- msg:- [status:True]
2019-05-02 16:38:56,832 - INFO: 2019-05-02 16:38:56.833000-filename:IQC.py-method:_check_dut-[line:342]- msg:ok- [status:True]
2019-05-02 16:38:58,224 - INFO: 2019-05-02 16:38:58.225000-filename:IQC.py-method:_collect_raw_count-[line:382]- msg:collect raw count ok- [status:True]
2019-05-02 16:38:58,226 - INFO: 2019-05-02 16:38:58.226000-filename:IQC.py-method:_Noise_capacitance-[line:409]- msg:Noise_capacitance <= 0.05- [status:True]
2019-05-02 16:38:58,229 - INFO: 2019-05-02 16:38:58.229000-filename:IQC.py-method:_Baseline-[line:440]- msg:0.75<baseline<0.925- [status:True]
2019-05-02 16:38:58,229 - INFO: 2019-05-02 16:38:58.229000-filename:IQC.py-method:_edr_Capacitance-[line:469]- msg:Effective_dynamic_range>=0.0- [status:True]
2019-05-02 16:40:15,648 - INFO: 2019-05-02 16:40:15.648000-filename:IQC.py-method:_mcu-[line:133]- msg:- [status:True]
2019-05-02 16:40:17,421 - INFO: 2019-05-02 16:40:17.421000-filename:IQC.py-method:_check_dut-[line:342]- msg:ok- [status:True]
2019-05-02 16:40:18,812 - INFO: 2019-05-02 16:40:18.812000-filename:IQC.py-method:_collect_raw_count-[line:382]- msg:collect raw count ok- [status:True]
2019-05-02 16:40:18,815 - INFO: 2019-05-02 16:40:18.816000-filename:IQC.py-method:_Noise_capacitance-[line:409]- msg:Noise_capacitance <= 0.05- [status:True]
2019-05-02 16:40:18,815 - INFO: 2019-05-02 16:40:18.816000-filename:IQC.py-method:_Baseline-[line:440]- msg:0.75<baseline<0.925- [status:True]
2019-05-02 16:40:18,815 - INFO: 2019-05-02 16:40:18.816000-filename:IQC.py-method:_edr_Capacitance-[line:469]- msg:Effective_dynamic_range>=0.0- [status:True]
2019-05-02 16:40:44,927 - INFO: 2019-05-02 16:40:44.923000-filename:IQC.py-method:_mcu-[line:133]- msg:- [status:True]
2019-05-02 16:40:47,043 - INFO: 2019-05-02 16:40:47.044000-filename:IQC.py-method:_check_dut-[line:342]- msg:ok- [status:True]
2019-05-02 16:40:48,453 - INFO: 2019-05-02 16:40:48.453000-filename:IQC.py-method:_collect_raw_count-[line:382]- msg:collect raw count ok- [status:True]
2019-05-02 16:40:48,457 - INFO: 2019-05-02 16:40:48.457000-filename:IQC.py-method:_Noise_capacitance-[line:409]- msg:Noise_capacitance <= 0.05- [status:True]
2019-05-02 16:40:48,457 - INFO: 2019-05-02 16:40:48.457000-filename:IQC.py-method:_Baseline-[line:440]- msg:0.75<baseline<0.925- [status:True]
2019-05-02 16:40:48,457 - INFO: 2019-05-02 16:40:48.457000-filename:IQC.py-method:_edr_Capacitance-[line:469]- msg:Effective_dynamic_range>=0.0- [status:True]
2019-05-02 16:43:24,426 - INFO: 2019-05-02 16:43:24.425000-filename:IQC.py-method:_mcu-[line:133]- msg:- [status:True]
2019-05-02 16:43:26,565 - INFO: 2019-05-02 16:43:26.566000-filename:IQC.py-method:_check_dut-[line:342]- msg:ok- [status:True]
2019-05-02 16:43:27,957 - INFO: 2019-05-02 16:43:27.958000-filename:IQC.py-method:_collect_raw_count-[line:382]- msg:collect raw count ok- [status:True]
2019-05-02 16:43:27,959 - INFO: 2019-05-02 16:43:27.959000-filename:IQC.py-method:_Noise_capacitance-[line:409]- msg:Noise_capacitance <= 0.05- [status:True]
2019-05-02 16:43:27,960 - INFO: 2019-05-02 16:43:27.960000-filename:IQC.py-method:_Baseline-[line:440]- msg:0.75<baseline<0.925- [status:True]
2019-05-02 16:43:27,960 - INFO: 2019-05-02 16:43:27.961000-filename:IQC.py-method:_edr_Capacitance-[line:469]- msg:Effective_dynamic_range>=0.0- [status:True]
2019-05-02 16:44:19,454 - INFO: 2019-05-02 16:44:19.455000-filename:IQC.py-method:_mcu-[line:133]- msg:- [status:True]
2019-05-02 16:44:21,390 - INFO: 2019-05-02 16:44:21.389000-filename:IQC.py-method:_check_dut-[line:342]- msg:ok- [status:True]
2019-05-02 16:44:22,782 - INFO: 2019-05-02 16:44:22.783000-filename:IQC.py-method:_collect_raw_count-[line:382]- msg:collect raw count ok- [status:True]
2019-05-02 16:44:22,783 - INFO: 2019-05-02 16:44:22.784000-filename:IQC.py-method:_Noise_capacitance-[line:409]- msg:Noise_capacitance <= 0.05- [status:True]
2019-05-02 16:44:22,785 - INFO: 2019-05-02 16:44:22.785000-filename:IQC.py-method:_Baseline-[line:440]- msg:0.75<baseline<0.925- [status:True]
2019-05-02 16:44:22,786 - INFO: 2019-05-02 16:44:22.786000-filename:IQC.py-method:_edr_Capacitance-[line:469]- msg:Effective_dynamic_range>=0.0- [status:True]
2019-05-02 16:44:33,066 - INFO: 2019-05-02 16:44:33.067000-filename:IQC.py-method:_open_diff-[line:605]- msg:open difference command ok- [status:True]
2019-05-02 16:44:38,364 - ERROR: 2019-05-02 16:44:38.364000-filename:IQC.py-method:vibration_test-[line:205]- msg:test fail- [status:False]
2019-05-02 16:45:00,581 - INFO: 2019-05-02 16:45:00.580000-filename:IQC.py-method:_mcu-[line:133]- msg:- [status:True]
2019-05-02 16:45:02,381 - INFO: 2019-05-02 16:45:02.381000-filename:IQC.py-method:_check_dut-[line:342]- msg:ok- [status:True]
2019-05-02 16:45:03,799 - INFO: 2019-05-02 16:45:03.799000-filename:IQC.py-method:_collect_raw_count-[line:382]- msg:collect raw count ok- [status:True]
2019-05-02 16:45:03,799 - INFO: 2019-05-02 16:45:03.799000-filename:IQC.py-method:_Noise_capacitance-[line:409]- msg:Noise_capacitance <= 0.05- [status:True]
2019-05-02 16:45:03,799 - INFO: 2019-05-02 16:45:03.799000-filename:IQC.py-method:_Baseline-[line:440]- msg:0.75<baseline<0.925- [status:True]
2019-05-02 16:45:03,799 - INFO: 2019-05-02 16:45:03.799000-filename:IQC.py-method:_edr_Capacitance-[line:469]- msg:Effective_dynamic_range>=0.0- [status:True]
2019-05-02 16:45:14,092 - INFO: 2019-05-02 16:45:14.093000-filename:IQC.py-method:_open_diff-[line:605]- msg:open difference command ok- [status:True]
2019-05-02 16:45:20,233 - ERROR: 2019-05-02 16:45:20.233000-filename:IQC.py-method:vibration_test-[line:205]- msg:test fail- [status:False]
2019-05-02 16:48:38,101 - INFO: 2019-05-02 16:48:38.097000-filename:IQC.py-method:_mcu-[line:133]- msg:- [status:True]
2019-05-02 16:48:40,177 - INFO: 2019-05-02 16:48:40.177000-filename:IQC.py-method:_check_dut-[line:342]- msg:ok- [status:True]
2019-05-02 16:48:41,584 - INFO: 2019-05-02 16:48:41.584000-filename:IQC.py-method:_collect_raw_count-[line:382]- msg:collect raw count ok- [status:True]
2019-05-02 16:48:41,584 - ERROR: 2019-05-02 16:48:41.584000-filename:IQC.py-method:_Noise_capacitance-[line:409]- msg:Noise_capacitance <= 0.05- [status:False]
2019-05-02 16:48:41,588 - INFO: 2019-05-02 16:48:41.588000-filename:IQC.py-method:_Baseline-[line:440]- msg:0.75<baseline<0.925- [status:True]
2019-05-02 16:48:41,588 - INFO: 2019-05-02 16:48:41.588000-filename:IQC.py-method:_edr_Capacitance-[line:469]- msg:Effective_dynamic_range>=0.0- [status:True]
2019-05-02 16:48:41,697 - ERROR: 2019-05-02 16:48:41.697000-filename:IQC.py-method:vibration_test-[line:205]- msg:test fail- [status:False]
2019-05-02 16:48:58,970 - INFO: 2019-05-02 16:48:58.970000-filename:IQC.py-method:_check_dut-[line:342]- msg:ok- [status:True]
2019-05-02 16:49:00,351 - INFO: 2019-05-02 16:49:00.352000-filename:IQC.py-method:_collect_raw_count-[line:382]- msg:collect raw count ok- [status:True]
2019-05-02 16:49:00,355 - INFO: 2019-05-02 16:49:00.356000-filename:IQC.py-method:_Noise_capacitance-[line:409]- msg:Noise_capacitance <= 0.05- [status:True]
2019-05-02 16:49:00,355 - INFO: 2019-05-02 16:49:00.356000-filename:IQC.py-method:_Baseline-[line:440]- msg:0.75<baseline<0.925- [status:True]
2019-05-02 16:49:00,355 - INFO: 2019-05-02 16:49:00.356000-filename:IQC.py-method:_edr_Capacitance-[line:469]- msg:Effective_dynamic_range>=0.0- [status:True]
2019-05-02 16:49:28,447 - INFO: 2019-05-02 16:49:28.444000-filename:IQC.py-method:_mcu-[line:133]- msg:- [status:True]
2019-05-02 16:50:47,417 - ERROR: 2019-05-02 16:50:47.417000-filename:IQC.py-method:_check_dut-[line:342]- msg:- [status:False]
2019-05-02 16:50:47,522 - ERROR: 2019-05-02 16:50:47.522000-filename:IQC.py-method:vibration_test-[line:205]- msg:test fail- [status:False]
2019-05-02 16:50:49,680 - INFO: 2019-05-02 16:50:49.680000-filename:IQC.py-method:_check_dut-[line:342]- msg:ok- [status:True]
2019-05-02 16:50:51,069 - INFO: 2019-05-02 16:50:51.069000-filename:IQC.py-method:_collect_raw_count-[line:382]- msg:collect raw count ok- [status:True]
2019-05-02 16:50:51,069 - INFO: 2019-05-02 16:50:51.069000-filename:IQC.py-method:_Noise_capacitance-[line:409]- msg:Noise_capacitance <= 0.05- [status:True]
2019-05-02 16:50:51,069 - INFO: 2019-05-02 16:50:51.069000-filename:IQC.py-method:_Baseline-[line:440]- msg:0.75<baseline<0.925- [status:True]
2019-05-02 16:50:51,069 - INFO: 2019-05-02 16:50:51.069000-filename:IQC.py-method:_edr_Capacitance-[line:469]- msg:Effective_dynamic_range>=0.0- [status:True]
2019-05-02 16:51:01,342 - INFO: 2019-05-02 16:51:01.343000-filename:IQC.py-method:_open_diff-[line:606]- msg:open difference command ok- [status:True]
2019-05-02 16:51:07,470 - ERROR: 2019-05-02 16:51:07.471000-filename:IQC.py-method:vibration_test-[line:205]- msg:test fail- [status:False]
2019-05-02 16:57:12,319 - INFO: 2019-05-02 16:57:12.319000-filename:IQC.py-method:_mcu-[line:133]- msg:- [status:True]
2019-05-02 16:57:14,283 - INFO: 2019-05-02 16:57:14.284000-filename:IQC.py-method:_check_dut-[line:342]- msg:ok- [status:True]
2019-05-02 16:57:15,744 - INFO: 2019-05-02 16:57:15.745000-filename:IQC.py-method:_collect_raw_count-[line:382]- msg:collect raw count ok- [status:True]
2019-05-02 16:57:15,747 - INFO: 2019-05-02 16:57:15.748000-filename:IQC.py-method:_Noise_capacitance-[line:409]- msg:Noise_capacitance <= 0.05- [status:True]
2019-05-02 16:57:15,750 - INFO: 2019-05-02 16:57:15.750000-filename:IQC.py-method:_Baseline-[line:440]- msg:0.75<baseline<0.925- [status:True]
2019-05-02 16:57:15,753 - INFO: 2019-05-02 16:57:15.754000-filename:IQC.py-method:_edr_Capacitance-[line:469]- msg:Effective_dynamic_range>=0.0- [status:True]
2019-05-02 16:57:26,015 - INFO: 2019-05-02 16:57:26.014000-filename:IQC.py-method:_open_diff-[line:606]- msg:open difference command ok- [status:True]
2019-05-02 16:57:32,141 - ERROR: 2019-05-02 16:57:32.141000-filename:IQC.py-method:vibration_test-[line:205]- msg:test fail- [status:False]
2019-05-02 16:59:41,426 - INFO: 2019-05-02 16:59:41.426000-filename:IQC.py-method:_mcu-[line:133]- msg:- [status:True]
2019-05-02 16:59:43,244 - INFO: 2019-05-02 16:59:43.245000-filename:IQC.py-method:_check_dut-[line:342]- msg:ok- [status:True]
2019-05-02 16:59:44,635 - INFO: 2019-05-02 16:59:44.636000-filename:IQC.py-method:_collect_raw_count-[line:382]- msg:collect raw count ok- [status:True]
2019-05-02 16:59:44,635 - INFO: 2019-05-02 16:59:44.636000-filename:IQC.py-method:_Noise_capacitance-[line:409]- msg:Noise_capacitance <= 0.05- [status:True]
2019-05-02 16:59:44,637 - INFO: 2019-05-02 16:59:44.637000-filename:IQC.py-method:_Baseline-[line:440]- msg:0.75<baseline<0.925- [status:True]
2019-05-02 16:59:44,638 - INFO: 2019-05-02 16:59:44.638000-filename:IQC.py-method:_edr_Capacitance-[line:469]- msg:Effective_dynamic_range>=0.0- [status:True]
2019-05-02 17:05:52,602 - INFO: 2019-05-02 17:05:52.593000-filename:IQC.py-method:_mcu-[line:133]- msg:- [status:True]
2019-05-02 17:05:54,572 - INFO: 2019-05-02 17:05:54.573000-filename:IQC.py-method:_check_dut-[line:342]- msg:ok- [status:True]
2019-05-02 17:05:55,956 - INFO: 2019-05-02 17:05:55.956000-filename:IQC.py-method:_collect_raw_count-[line:382]- msg:collect raw count ok- [status:True]
2019-05-02 17:05:55,966 - INFO: 2019-05-02 17:05:55.966000-filename:IQC.py-method:_Noise_capacitance-[line:409]- msg:Noise_capacitance <= 0.05- [status:True]
2019-05-02 17:05:55,966 - INFO: 2019-05-02 17:05:55.966000-filename:IQC.py-method:_Baseline-[line:440]- msg:0.75<baseline<0.925- [status:True]
2019-05-02 17:05:55,966 - INFO: 2019-05-02 17:05:55.966000-filename:IQC.py-method:_edr_Capacitance-[line:469]- msg:Effective_dynamic_range>=0.0- [status:True]
2019-05-02 17:06:15,328 - INFO: 2019-05-02 17:06:15.329000-filename:IQC.py-method:_mcu-[line:133]- msg:- [status:True]
2019-05-02 17:06:17,119 - INFO: 2019-05-02 17:06:17.120000-filename:IQC.py-method:_check_dut-[line:342]- msg:ok- [status:True]
2019-05-02 17:06:18,515 - INFO: 2019-05-02 17:06:18.515000-filename:IQC.py-method:_collect_raw_count-[line:382]- msg:collect raw count ok- [status:True]
2019-05-02 17:06:18,515 - INFO: 2019-05-02 17:06:18.515000-filename:IQC.py-method:_Noise_capacitance-[line:409]- msg:Noise_capacitance <= 0.05- [status:True]
2019-05-02 17:06:18,515 - INFO: 2019-05-02 17:06:18.515000-filename:IQC.py-method:_Baseline-[line:440]- msg:0.75<baseline<0.925- [status:True]
2019-05-02 17:06:18,515 - INFO: 2019-05-02 17:06:18.515000-filename:IQC.py-method:_edr_Capacitance-[line:469]- msg:Effective_dynamic_range>=0.0- [status:True]
2019-05-02 17:08:30,855 - INFO: 2019-05-02 17:08:30.855000-filename:IQC.py-method:_mcu-[line:133]- msg:- [status:True]
2019-05-02 17:08:32,842 - INFO: 2019-05-02 17:08:32.842000-filename:IQC.py-method:_check_dut-[line:342]- msg:ok- [status:True]
2019-05-02 17:08:34,239 - INFO: 2019-05-02 17:08:34.239000-filename:IQC.py-method:_collect_raw_count-[line:382]- msg:collect raw count ok- [status:True]
2019-05-02 17:08:34,249 - INFO: 2019-05-02 17:08:34.249000-filename:IQC.py-method:_Noise_capacitance-[line:409]- msg:Noise_capacitance <= 0.05- [status:True]
2019-05-02 17:08:34,249 - INFO: 2019-05-02 17:08:34.249000-filename:IQC.py-method:_Baseline-[line:440]- msg:0.75<baseline<0.925- [status:True]
2019-05-02 17:08:34,249 - INFO: 2019-05-02 17:08:34.249000-filename:IQC.py-method:_edr_Capacitance-[line:469]- msg:Effective_dynamic_range>=0.0- [status:True]
2019-05-02 17:08:44,532 - INFO: 2019-05-02 17:08:44.533000-filename:IQC.py-method:_open_diff-[line:608]- msg:open difference command ok- [status:True]
2019-05-02 17:08:49,785 - ERROR: 2019-05-02 17:08:49.785000-filename:IQC.py-method:vibration_test-[line:205]- msg:test fail- [status:False]
2019-05-02 17:11:18,522 - INFO: 2019-05-02 17:11:18.522000-filename:IQC.py-method:_mcu-[line:133]- msg:- [status:True]
2019-05-02 17:11:20,405 - INFO: 2019-05-02 17:11:20.406000-filename:IQC.py-method:_check_dut-[line:342]- msg:ok- [status:True]
2019-05-02 17:11:21,809 - INFO: 2019-05-02 17:11:21.810000-filename:IQC.py-method:_collect_raw_count-[line:382]- msg:collect raw count ok- [status:True]
2019-05-02 17:11:21,819 - INFO: 2019-05-02 17:11:21.820000-filename:IQC.py-method:_Noise_capacitance-[line:409]- msg:Noise_capacitance <= 0.05- [status:True]
2019-05-02 17:11:21,819 - INFO: 2019-05-02 17:11:21.820000-filename:IQC.py-method:_Baseline-[line:440]- msg:0.75<baseline<0.925- [status:True]
2019-05-02 17:11:21,819 - INFO: 2019-05-02 17:11:21.820000-filename:IQC.py-method:_edr_Capacitance-[line:469]- msg:Effective_dynamic_range>=0.0- [status:True]
2019-05-02 17:11:32,119 - INFO: 2019-05-02 17:11:32.120000-filename:IQC.py-method:_open_diff-[line:608]- msg:open difference command ok- [status:True]
2019-05-02 17:11:37,390 - ERROR: 2019-05-02 17:11:37.390000-filename:IQC.py-method:vibration_test-[line:205]- msg:test fail- [status:False]
2019-05-02 17:14:26,901 - INFO: 2019-05-02 17:14:26.901000-filename:IQC.py-method:_mcu-[line:133]- msg:- [status:True]
2019-05-02 17:14:28,776 - INFO: 2019-05-02 17:14:28.776000-filename:IQC.py-method:_check_dut-[line:342]- msg:ok- [status:True]
2019-05-02 17:14:30,164 - INFO: 2019-05-02 17:14:30.165000-filename:IQC.py-method:_collect_raw_count-[line:382]- msg:collect raw count ok- [status:True]
2019-05-02 17:14:30,164 - INFO: 2019-05-02 17:14:30.165000-filename:IQC.py-method:_Noise_capacitance-[line:409]- msg:Noise_capacitance <= 0.05- [status:True]
2019-05-02 17:14:30,164 - INFO: 2019-05-02 17:14:30.165000-filename:IQC.py-method:_Baseline-[line:440]- msg:0.75<baseline<0.925- [status:True]
2019-05-02 17:14:30,164 - INFO: 2019-05-02 17:14:30.165000-filename:IQC.py-method:_edr_Capacitance-[line:469]- msg:Effective_dynamic_range>=0.0- [status:True]
2019-05-02 17:14:40,448 - INFO: 2019-05-02 17:14:40.449000-filename:IQC.py-method:_open_diff-[line:608]- msg:open difference command ok- [status:True]
2019-05-02 17:14:45,772 - ERROR: 2019-05-02 17:14:45.772000-filename:IQC.py-method:vibration_test-[line:205]- msg:test fail- [status:False]
2019-05-02 17:16:12,619 - INFO: 2019-05-02 17:16:12.618000-filename:IQC.py-method:_mcu-[line:133]- msg:- [status:True]
2019-05-02 17:16:14,515 - INFO: 2019-05-02 17:16:14.514000-filename:IQC.py-method:_check_dut-[line:342]- msg:ok- [status:True]
2019-05-02 17:16:15,907 - INFO: 2019-05-02 17:16:15.907000-filename:IQC.py-method:_collect_raw_count-[line:382]- msg:collect raw count ok- [status:True]
2019-05-02 17:16:15,917 - INFO: 2019-05-02 17:16:15.917000-filename:IQC.py-method:_Noise_capacitance-[line:409]- msg:Noise_capacitance <= 0.05- [status:True]
2019-05-02 17:16:15,917 - INFO: 2019-05-02 17:16:15.917000-filename:IQC.py-method:_Baseline-[line:440]- msg:0.75<baseline<0.925- [status:True]
2019-05-02 17:16:15,917 - INFO: 2019-05-02 17:16:15.917000-filename:IQC.py-method:_edr_Capacitance-[line:469]- msg:Effective_dynamic_range>=0.0- [status:True]
2019-05-02 17:16:26,209 - INFO: 2019-05-02 17:16:26.209000-filename:IQC.py-method:_open_diff-[line:610]- msg:open difference command ok- [status:True]
2019-05-02 17:16:31,546 - ERROR: 2019-05-02 17:16:31.547000-filename:IQC.py-method:vibration_test-[line:205]- msg:test fail- [status:False]
2019-05-02 17:22:31,953 - INFO: 2019-05-02 17:22:31.954000-filename:IQC.py-method:_mcu-[line:133]- msg:- [status:True]
2019-05-02 17:22:34,249 - INFO: 2019-05-02 17:22:34.249000-filename:IQC.py-method:_check_dut-[line:342]- msg:ok- [status:True]
2019-05-02 17:22:35,653 - INFO: 2019-05-02 17:22:35.643000-filename:IQC.py-method:_collect_raw_count-[line:382]- msg:collect raw count ok- [status:True]
2019-05-02 17:22:35,653 - INFO: 2019-05-02 17:22:35.653000-filename:IQC.py-method:_Noise_capacitance-[line:409]- msg:Noise_capacitance <= 0.05- [status:True]
2019-05-02 17:22:35,653 - INFO: 2019-05-02 17:22:35.653000-filename:IQC.py-method:_Baseline-[line:440]- msg:0.75<baseline<0.925- [status:True]
2019-05-02 17:22:35,653 - INFO: 2019-05-02 17:22:35.653000-filename:IQC.py-method:_edr_Capacitance-[line:469]- msg:Effective_dynamic_range>=0.0- [status:True]
2019-05-02 17:23:33,486 - INFO: 2019-05-02 17:23:33.486000-filename:IQC.py-method:_mcu-[line:133]- msg:- [status:True]
2019-05-02 17:23:36,540 - INFO: 2019-05-02 17:23:36.541000-filename:IQC.py-method:_check_dut-[line:342]- msg:ok- [status:True]
2019-05-02 17:23:37,920 - INFO: 2019-05-02 17:23:37.920000-filename:IQC.py-method:_collect_raw_count-[line:382]- msg:collect raw count ok- [status:True]
2019-05-02 17:23:37,920 - INFO: 2019-05-02 17:23:37.920000-filename:IQC.py-method:_Noise_capacitance-[line:409]- msg:Noise_capacitance <= 0.05- [status:True]
2019-05-02 17:23:37,920 - INFO: 2019-05-02 17:23:37.920000-filename:IQC.py-method:_Baseline-[line:440]- msg:0.75<baseline<0.925- [status:True]
2019-05-02 17:23:37,920 - INFO: 2019-05-02 17:23:37.920000-filename:IQC.py-method:_edr_Capacitance-[line:469]- msg:Effective_dynamic_range>=0.0- [status:True]
2019-05-02 17:25:50,263 - INFO: 2019-05-02 17:25:50.264000-filename:IQC.py-method:_mcu-[line:133]- msg:- [status:True]
2019-05-02 17:25:52,114 - INFO: 2019-05-02 17:25:52.114000-filename:IQC.py-method:_check_dut-[line:342]- msg:ok- [status:True]
2019-05-02 17:25:53,523 - INFO: 2019-05-02 17:25:53.523000-filename:IQC.py-method:_collect_raw_count-[line:382]- msg:collect raw count ok- [status:True]
2019-05-02 17:25:53,523 - INFO: 2019-05-02 17:25:53.524000-filename:IQC.py-method:_Noise_capacitance-[line:409]- msg:Noise_capacitance <= 0.05- [status:True]
2019-05-02 17:25:53,525 - INFO: 2019-05-02 17:25:53.525000-filename:IQC.py-method:_Baseline-[line:440]- msg:0.75<baseline<0.925- [status:True]
2019-05-02 17:25:53,526 - INFO: 2019-05-02 17:25:53.526000-filename:IQC.py-method:_edr_Capacitance-[line:469]- msg:Effective_dynamic_range>=0.0- [status:True]
2019-05-02 17:27:11,380 - INFO: 2019-05-02 17:27:11.380000-filename:IQC.py-method:_mcu-[line:133]- msg:- [status:True]
2019-05-02 17:27:12,986 - INFO: 2019-05-02 17:27:12.987000-filename:IQC.py-method:_check_dut-[line:342]- msg:ok- [status:True]
2019-05-02 17:27:14,400 - INFO: 2019-05-02 17:27:14.400000-filename:IQC.py-method:_collect_raw_count-[line:382]- msg:collect raw count ok- [status:True]
2019-05-02 17:27:14,400 - INFO: 2019-05-02 17:27:14.400000-filename:IQC.py-method:_Noise_capacitance-[line:409]- msg:Noise_capacitance <= 0.05- [status:True]
2019-05-02 17:27:14,400 - INFO: 2019-05-02 17:27:14.400000-filename:IQC.py-method:_Baseline-[line:440]- msg:0.75<baseline<0.925- [status:True]
2019-05-02 17:27:14,400 - INFO: 2019-05-02 17:27:14.400000-filename:IQC.py-method:_edr_Capacitance-[line:469]- msg:Effective_dynamic_range>=0.0- [status:True]
2019-05-02 17:31:41,815 - INFO: 2019-05-02 17:31:41.814000-filename:IQC.py-method:_mcu-[line:133]- msg:- [status:True]
2019-05-02 17:31:43,815 - INFO: 2019-05-02 17:31:43.815000-filename:IQC.py-method:_check_dut-[line:342]- msg:ok- [status:True]
2019-05-02 17:31:45,206 - INFO: 2019-05-02 17:31:45.206000-filename:IQC.py-method:_collect_raw_count-[line:382]- msg:collect raw count ok- [status:True]
2019-05-02 17:31:45,207 - INFO: 2019-05-02 17:31:45.207000-filename:IQC.py-method:_Noise_capacitance-[line:409]- msg:Noise_capacitance <= 0.05- [status:True]
2019-05-02 17:31:45,207 - INFO: 2019-05-02 17:31:45.207000-filename:IQC.py-method:_Baseline-[line:440]- msg:0.75<baseline<0.925- [status:True]
2019-05-02 17:31:45,209 - INFO: 2019-05-02 17:31:45.209000-filename:IQC.py-method:_edr_Capacitance-[line:469]- msg:Effective_dynamic_range>=0.0- [status:True]
2019-05-02 17:32:59,322 - INFO: 2019-05-02 17:32:59.321000-filename:IQC.py-method:_mcu-[line:133]- msg:- [status:True]
2019-05-02 17:33:05,418 - ERROR: 2019-05-02 17:33:05.419000-filename:IQC.py-method:_check_dut-[line:342]- msg:- [status:False]
2019-05-02 17:33:05,520 - ERROR: 2019-05-02 17:33:05.521000-filename:IQC.py-method:vibration_test-[line:205]- msg:test fail- [status:False]
2019-05-02 17:33:09,354 - INFO: 2019-05-02 17:33:09.353000-filename:IQC.py-method:_check_dut-[line:342]- msg:ok- [status:True]
2019-05-02 17:33:10,749 - INFO: 2019-05-02 17:33:10.749000-filename:IQC.py-method:_collect_raw_count-[line:382]- msg:collect raw count ok- [status:True]
2019-05-02 17:33:10,750 - INFO: 2019-05-02 17:33:10.750000-filename:IQC.py-method:_Noise_capacitance-[line:409]- msg:Noise_capacitance <= 0.05- [status:True]
2019-05-02 17:33:10,750 - INFO: 2019-05-02 17:33:10.750000-filename:IQC.py-method:_Baseline-[line:440]- msg:0.75<baseline<0.925- [status:True]
2019-05-02 17:33:10,750 - INFO: 2019-05-02 17:33:10.750000-filename:IQC.py-method:_edr_Capacitance-[line:469]- msg:Effective_dynamic_range>=0.0- [status:True]
2019-05-02 17:35:55,302 - INFO: 2019-05-02 17:35:55.302000-filename:IQC.py-method:_mcu-[line:133]- msg:- [status:True]
2019-05-02 17:35:57,066 - INFO: 2019-05-02 17:35:57.067000-filename:IQC.py-method:_check_dut-[line:342]- msg:ok- [status:True]
2019-05-02 17:35:58,460 - INFO: 2019-05-02 17:35:58.459000-filename:IQC.py-method:_collect_raw_count-[line:382]- msg:collect raw count ok- [status:True]
2019-05-02 17:35:58,460 - INFO: 2019-05-02 17:35:58.461000-filename:IQC.py-method:_Noise_capacitance-[line:409]- msg:Noise_capacitance <= 0.05- [status:True]
2019-05-02 17:35:58,464 - INFO: 2019-05-02 17:35:58.465000-filename:IQC.py-method:_Baseline-[line:440]- msg:0.75<baseline<0.925- [status:True]
2019-05-02 17:35:58,467 - INFO: 2019-05-02 17:35:58.467000-filename:IQC.py-method:_edr_Capacitance-[line:469]- msg:Effective_dynamic_range>=0.0- [status:True]
2019-05-02 17:37:09,456 - INFO: 2019-05-02 17:37:09.455000-filename:IQC.py-method:_mcu-[line:133]- msg:- [status:True]
2019-05-02 17:37:11,338 - INFO: 2019-05-02 17:37:11.337000-filename:IQC.py-method:_check_dut-[line:342]- msg:ok- [status:True]
2019-05-02 17:37:12,736 - INFO: 2019-05-02 17:37:12.736000-filename:IQC.py-method:_collect_raw_count-[line:382]- msg:collect raw count ok- [status:True]
2019-05-02 17:37:12,736 - INFO: 2019-05-02 17:37:12.737000-filename:IQC.py-method:_Noise_capacitance-[line:409]- msg:Noise_capacitance <= 0.05- [status:True]
2019-05-02 17:37:12,737 - INFO: 2019-05-02 17:37:12.738000-filename:IQC.py-method:_Baseline-[line:440]- msg:0.75<baseline<0.925- [status:True]
2019-05-02 17:37:12,739 - INFO: 2019-05-02 17:37:12.739000-filename:IQC.py-method:_edr_Capacitance-[line:469]- msg:Effective_dynamic_range>=0.0- [status:True]
2019-05-02 17:39:20,535 - INFO: 2019-05-02 17:39:20.534000-filename:IQC.py-method:_mcu-[line:133]- msg:- [status:True]
2019-05-02 17:39:23,104 - INFO: 2019-05-02 17:39:23.104000-filename:IQC.py-method:_check_dut-[line:342]- msg:ok- [status:True]
2019-05-02 17:39:24,503 - INFO: 2019-05-02 17:39:24.503000-filename:IQC.py-method:_collect_raw_count-[line:382]- msg:collect raw count ok- [status:True]
2019-05-02 17:39:24,507 - INFO: 2019-05-02 17:39:24.508000-filename:IQC.py-method:_Noise_capacitance-[line:409]- msg:Noise_capacitance <= 0.05- [status:True]
2019-05-02 17:39:24,510 - INFO: 2019-05-02 17:39:24.511000-filename:IQC.py-method:_Baseline-[line:440]- msg:0.75<baseline<0.925- [status:True]
2019-05-02 17:39:24,512 - INFO: 2019-05-02 17:39:24.512000-filename:IQC.py-method:_edr_Capacitance-[line:469]- msg:Effective_dynamic_range>=0.0- [status:True]
2019-05-02 17:41:07,000 - INFO: 2019-05-02 17:41:07-filename:IQC.py-method:_mcu-[line:133]- msg:- [status:True]
2019-05-02 17:41:09,171 - INFO: 2019-05-02 17:41:09.172000-filename:IQC.py-method:_check_dut-[line:342]- msg:ok- [status:True]
2019-05-02 17:41:10,578 - INFO: 2019-05-02 17:41:10.577000-filename:IQC.py-method:_collect_raw_count-[line:382]- msg:collect raw count ok- [status:True]
2019-05-02 17:41:10,578 - INFO: 2019-05-02 17:41:10.578000-filename:IQC.py-method:_Noise_capacitance-[line:409]- msg:Noise_capacitance <= 0.05- [status:True]
2019-05-02 17:41:10,579 - INFO: 2019-05-02 17:41:10.580000-filename:IQC.py-method:_Baseline-[line:440]- msg:0.75<baseline<0.925- [status:True]
2019-05-02 17:41:10,579 - INFO: 2019-05-02 17:41:10.580000-filename:IQC.py-method:_edr_Capacitance-[line:469]- msg:Effective_dynamic_range>=0.0- [status:True]
2019-05-02 17:41:55,723 - INFO: 2019-05-02 17:41:55.722000-filename:IQC.py-method:_mcu-[line:133]- msg:- [status:True]
2019-05-02 17:41:57,749 - INFO: 2019-05-02 17:41:57.749000-filename:IQC.py-method:_check_dut-[line:342]- msg:ok- [status:True]
2019-05-02 17:41:59,141 - INFO: 2019-05-02 17:41:59.141000-filename:IQC.py-method:_collect_raw_count-[line:382]- msg:collect raw count ok- [status:True]
2019-05-02 17:41:59,141 - INFO: 2019-05-02 17:41:59.142000-filename:IQC.py-method:_Noise_capacitance-[line:409]- msg:Noise_capacitance <= 0.05- [status:True]
2019-05-02 17:41:59,142 - INFO: 2019-05-02 17:41:59.143000-filename:IQC.py-method:_Baseline-[line:440]- msg:0.75<baseline<0.925- [status:True]
2019-05-02 17:41:59,144 - INFO: 2019-05-02 17:41:59.144000-filename:IQC.py-method:_edr_Capacitance-[line:469]- msg:Effective_dynamic_range>=0.0- [status:True]
2019-05-02 17:42:09,400 - INFO: 2019-05-02 17:42:09.400000-filename:IQC.py-method:_open_diff-[line:612]- msg:open difference command ok- [status:True]
2019-05-02 17:42:15,523 - ERROR: 2019-05-02 17:42:15.523000-filename:IQC.py-method:vibration_test-[line:205]- msg:test fail- [status:False]
2019-05-02 17:43:40,306 - INFO: 2019-05-02 17:43:40.306000-filename:IQC.py-method:_mcu-[line:133]- msg:- [status:True]
2019-05-02 17:43:42,292 - INFO: 2019-05-02 17:43:42.293000-filename:IQC.py-method:_check_dut-[line:342]- msg:ok- [status:True]
2019-05-02 17:43:43,677 - INFO: 2019-05-02 17:43:43.677000-filename:IQC.py-method:_collect_raw_count-[line:382]- msg:collect raw count ok- [status:True]
2019-05-02 17:43:43,677 - INFO: 2019-05-02 17:43:43.678000-filename:IQC.py-method:_Noise_capacitance-[line:409]- msg:Noise_capacitance <= 0.05- [status:True]
2019-05-02 17:43:43,678 - INFO: 2019-05-02 17:43:43.679000-filename:IQC.py-method:_Baseline-[line:440]- msg:0.75<baseline<0.925- [status:True]
2019-05-02 17:43:43,680 - INFO: 2019-05-02 17:43:43.680000-filename:IQC.py-method:_edr_Capacitance-[line:469]- msg:Effective_dynamic_range>=0.0- [status:True]
