2019-03-21 10:44:06,970 - INFO: 2019-03-21 10:44:06.971000-filename:KML_tester_base.py-method:_init_io-[line:960]- msg:IO COM4- [status:True]
2019-03-21 10:44:07,299 - INFO: 2019-03-21 10:44:07.299000-filename:KML_tester_base.py-method:_loadcell-[line:994]- msg:loadcell init OK- [status:True]
2019-03-21 10:44:07,486 - INFO: 2019-03-21 10:44:07.486000-filename:KML_tester_base.py-method:_haptics_probe-[line:1025]- msg:Acc init OK- [status:True]
2019-03-21 10:44:07,486 - INFO: 2019-03-21 10:44:07.486000-filename:KML_tester_base.py-method:_mcu-[line:1055]- msg:- [status:True]
2019-03-21 10:45:32,270 - INFO: 2019-03-21 10:45:32.271000-filename:KML_tester_base.py-method:_loadcell-[line:994]- msg:loadcell init OK- [status:True]
2019-03-21 10:45:50,164 - INFO: 2019-03-21 10:45:50.164000-filename:KML_tester_base.py-method:_init_io-[line:960]- msg:IO COM4- [status:True]
2019-03-21 10:45:50,506 - INFO: 2019-03-21 10:45:50.507000-filename:KML_tester_base.py-method:_loadcell-[line:994]- msg:loadcell init OK- [status:True]
2019-03-21 10:45:50,678 - INFO: 2019-03-21 10:45:50.679000-filename:KML_tester_base.py-method:_haptics_probe-[line:1025]- msg:Acc init OK- [status:True]
2019-03-21 10:46:46,073 - INFO: 2019-03-21 10:46:46.074000-filename:KML_tester_base.py-method:_init_io-[line:960]- msg:IO COM4- [status:True]
2019-03-21 10:46:46,417 - INFO: 2019-03-21 10:46:46.417000-filename:KML_tester_base.py-method:_loadcell-[line:994]- msg:loadcell init OK- [status:True]
2019-03-21 10:46:46,588 - INFO: 2019-03-21 10:46:46.589000-filename:KML_tester_base.py-method:_haptics_probe-[line:1025]- msg:Acc init OK- [status:True]
2019-03-21 10:47:12,375 - INFO: 2019-03-21 10:47:12.376000-filename:KML_tester_base.py-method:_mcu-[line:1055]- msg:COM11- [status:True]
2019-03-21 10:47:14,746 - INFO: 2019-03-21 10:47:14.747000-filename:KML_tester_base.py-method:_moon_motor-[line:1085]- msg:moon init OK- [status:True]
2019-03-21 10:47:18,740 - INFO: 2019-03-21 10:47:18.741000-filename:KML_tester_base.py-method:_test_finished_step1-[line:1147]- msg:- [status:True]
2019-03-21 10:47:29,628 - INFO: 2019-03-21 10:47:29.629000-filename:KML_garment_tester.py-method:__test_finished_step3-[line:399]- msg:__test_finished_step3 ok- [status:True]
2019-03-21 10:47:29,769 - INFO: 2019-03-21 10:47:29.770000-filename:KML_garment_tester.py-method:__test_finished_step4-[line:422]- msg:__test_finished_step4 ok- [status:True]
2019-03-21 10:47:41,532 - INFO: 2019-03-21 10:47:41.532000-filename:KML_garment_tester.py-method:_test_init-[line:113]- msg:_test_init ok- [status:True]
2019-03-21 10:47:42,328 - INFO: 2019-03-21 10:47:42.328000-filename:KML_tester_base.py-method:_check_dut-[line:422]- msg:ok- [status:True]
2019-03-21 10:47:49,301 - INFO: 2019-03-21 10:47:49.301000-filename:KML_tester_base.py-method:_collect_raw_count-[line:471]- msg:collect raw count ok- [status:True]
2019-03-21 10:47:49,301 - ERROR: 2019-03-21 10:47:49.301000-filename:KML_tester_base.py-method:_Noise_capacitance-[line:497]- msg:Noise_capacitance > 0.03- [status:False]
2019-03-21 10:47:49,301 - INFO: 2019-03-21 10:47:49.301000-filename:KML_tester_base.py-method:_Baseline-[line:525]- msg:0.75<baseline<0.9- [status:True]
2019-03-21 10:47:49,301 - INFO: 2019-03-21 10:47:49.301000-filename:KML_tester_base.py-method:_edr_Capacitance-[line:552]- msg:Effective_dynamic_range>=0.25- [status:True]
2019-03-21 10:47:49,301 - ERROR: 2019-03-21 10:47:49.301000-filename:KML_tester_base.py-method:start_test-[line:313]- msg:test fail, start reset- [status:False]
2019-03-21 10:47:49,551 - INFO: 2019-03-21 10:47:49.551000-filename:KML_tester_base.py-method:_test_finished_step1-[line:1147]- msg:- [status:True]
2019-03-21 10:47:49,660 - INFO: 2019-03-21 10:47:49.660000-filename:KML_garment_tester.py-method:reset-[line:58]- msg:down press motor reset OK- [status:True]
2019-03-21 10:47:49,815 - INFO: 2019-03-21 10:47:49.816000-filename:KML_garment_tester.py-method:reset-[line:63]- msg:roll motor reset OK- [status:True]
2019-03-21 10:47:51,016 - INFO: 2019-03-21 10:47:51.017000-filename:KML_garment_tester.py-method:__test_finished_step3-[line:399]- msg:__test_finished_step3 ok- [status:True]
2019-03-21 10:47:52,217 - INFO: 2019-03-21 10:47:52.218000-filename:KML_garment_tester.py-method:__test_finished_step4-[line:422]- msg:__test_finished_step4 ok- [status:True]
2019-03-21 10:48:09,940 - INFO: 2019-03-21 10:48:09.940000-filename:KML_garment_tester.py-method:_test_init-[line:113]- msg:_test_init ok- [status:True]
2019-03-21 10:48:10,734 - INFO: 2019-03-21 10:48:10.735000-filename:KML_tester_base.py-method:_check_dut-[line:422]- msg:ok- [status:True]
2019-03-21 10:48:12,092 - INFO: 2019-03-21 10:48:12.093000-filename:KML_tester_base.py-method:_collect_raw_count-[line:471]- msg:collect raw count ok- [status:True]
2019-03-21 10:48:12,092 - ERROR: 2019-03-21 10:48:12.093000-filename:KML_tester_base.py-method:_Noise_capacitance-[line:497]- msg:Noise_capacitance > 0.03- [status:False]
2019-03-21 10:48:12,092 - INFO: 2019-03-21 10:48:12.093000-filename:KML_tester_base.py-method:_Baseline-[line:525]- msg:0.75<baseline<0.9- [status:True]
2019-03-21 10:48:12,092 - INFO: 2019-03-21 10:48:12.093000-filename:KML_tester_base.py-method:_edr_Capacitance-[line:552]- msg:Effective_dynamic_range>=0.25- [status:True]
2019-03-21 10:48:12,092 - ERROR: 2019-03-21 10:48:12.093000-filename:KML_tester_base.py-method:start_test-[line:313]- msg:test fail, start reset- [status:False]
2019-03-21 10:48:12,342 - INFO: 2019-03-21 10:48:12.342000-filename:KML_tester_base.py-method:_test_finished_step1-[line:1147]- msg:- [status:True]
2019-03-21 10:48:12,450 - INFO: 2019-03-21 10:48:12.451000-filename:KML_garment_tester.py-method:reset-[line:58]- msg:down press motor reset OK- [status:True]
2019-03-21 10:48:12,575 - INFO: 2019-03-21 10:48:12.561000-filename:KML_garment_tester.py-method:reset-[line:63]- msg:roll motor reset OK- [status:True]
2019-03-21 10:48:13,762 - INFO: 2019-03-21 10:48:13.762000-filename:KML_garment_tester.py-method:__test_finished_step3-[line:399]- msg:__test_finished_step3 ok- [status:True]
2019-03-21 10:48:14,963 - INFO: 2019-03-21 10:48:14.963000-filename:KML_garment_tester.py-method:__test_finished_step4-[line:422]- msg:__test_finished_step4 ok- [status:True]
2019-03-21 10:48:36,927 - INFO: 2019-03-21 10:48:36.928000-filename:KML_garment_tester.py-method:_test_init-[line:113]- msg:_test_init ok- [status:True]
2019-03-21 10:48:37,723 - INFO: 2019-03-21 10:48:37.723000-filename:KML_tester_base.py-method:_check_dut-[line:422]- msg:ok- [status:True]
2019-03-21 10:48:39,095 - INFO: 2019-03-21 10:48:39.096000-filename:KML_tester_base.py-method:_collect_raw_count-[line:471]- msg:collect raw count ok- [status:True]
2019-03-21 10:48:39,095 - ERROR: 2019-03-21 10:48:39.096000-filename:KML_tester_base.py-method:_Noise_capacitance-[line:497]- msg:Noise_capacitance <= 0.03- [status:False]
2019-03-21 10:48:39,095 - INFO: 2019-03-21 10:48:39.096000-filename:KML_tester_base.py-method:_Baseline-[line:525]- msg:0.75<baseline<0.9- [status:True]
2019-03-21 10:48:39,095 - INFO: 2019-03-21 10:48:39.096000-filename:KML_tester_base.py-method:_edr_Capacitance-[line:552]- msg:Effective_dynamic_range>=0.25- [status:True]
2019-03-21 10:48:39,095 - ERROR: 2019-03-21 10:48:39.096000-filename:KML_tester_base.py-method:start_test-[line:313]- msg:test fail, start reset- [status:False]
2019-03-21 10:48:39,361 - INFO: 2019-03-21 10:48:39.361000-filename:KML_tester_base.py-method:_test_finished_step1-[line:1147]- msg:- [status:True]
2019-03-21 10:48:39,516 - INFO: 2019-03-21 10:48:39.517000-filename:KML_garment_tester.py-method:reset-[line:58]- msg:down press motor reset OK- [status:True]
2019-03-21 10:48:39,657 - INFO: 2019-03-21 10:48:39.658000-filename:KML_garment_tester.py-method:reset-[line:63]- msg:roll motor reset OK- [status:True]
2019-03-21 10:48:40,842 - INFO: 2019-03-21 10:48:40.843000-filename:KML_garment_tester.py-method:__test_finished_step3-[line:399]- msg:__test_finished_step3 ok- [status:True]
2019-03-21 10:48:42,029 - INFO: 2019-03-21 10:48:42.029000-filename:KML_garment_tester.py-method:__test_finished_step4-[line:422]- msg:__test_finished_step4 ok- [status:True]
2019-03-21 10:52:14,361 - INFO: 2019-03-21 10:52:14.361000-filename:KML_garment_tester.py-method:_test_init-[line:113]- msg:_test_init ok- [status:True]
2019-03-21 10:52:15,171 - INFO: 2019-03-21 10:52:15.172000-filename:KML_tester_base.py-method:_check_dut-[line:422]- msg:ok- [status:True]
2019-03-21 10:52:16,545 - INFO: 2019-03-21 10:52:16.545000-filename:KML_tester_base.py-method:_collect_raw_count-[line:471]- msg:collect raw count ok- [status:True]
2019-03-21 10:52:16,545 - ERROR: 2019-03-21 10:52:16.545000-filename:KML_tester_base.py-method:_Noise_capacitance-[line:497]- msg:Noise_capacitance > 0.03- [status:False]
2019-03-21 10:52:16,545 - INFO: 2019-03-21 10:52:16.545000-filename:KML_tester_base.py-method:_Baseline-[line:525]- msg:0.75<baseline<0.9- [status:True]
2019-03-21 10:52:16,545 - INFO: 2019-03-21 10:52:16.545000-filename:KML_tester_base.py-method:_edr_Capacitance-[line:552]- msg:Effective_dynamic_range>=0.25- [status:True]
2019-03-21 10:52:16,545 - ERROR: 2019-03-21 10:52:16.545000-filename:KML_tester_base.py-method:start_test-[line:313]- msg:test fail, start reset- [status:False]
2019-03-21 10:52:16,793 - INFO: 2019-03-21 10:52:16.794000-filename:KML_tester_base.py-method:_test_finished_step1-[line:1147]- msg:- [status:True]
2019-03-21 10:52:16,903 - INFO: 2019-03-21 10:52:16.903000-filename:KML_garment_tester.py-method:reset-[line:58]- msg:down press motor reset OK- [status:True]
2019-03-21 10:52:17,013 - INFO: 2019-03-21 10:52:17.013000-filename:KML_garment_tester.py-method:reset-[line:63]- msg:roll motor reset OK- [status:True]
2019-03-21 10:52:18,229 - INFO: 2019-03-21 10:52:18.229000-filename:KML_garment_tester.py-method:__test_finished_step3-[line:399]- msg:__test_finished_step3 ok- [status:True]
2019-03-21 10:52:19,430 - INFO: 2019-03-21 10:52:19.431000-filename:KML_garment_tester.py-method:__test_finished_step4-[line:422]- msg:__test_finished_step4 ok- [status:True]
2019-03-21 10:52:58,680 - INFO: 2019-03-21 10:52:58.680000-filename:KML_garment_tester.py-method:_test_init-[line:113]- msg:_test_init ok- [status:True]
2019-03-21 10:52:59,476 - INFO: 2019-03-21 10:52:59.476000-filename:KML_tester_base.py-method:_check_dut-[line:422]- msg:ok- [status:True]
2019-03-21 10:53:00,848 - INFO: 2019-03-21 10:53:00.849000-filename:KML_tester_base.py-method:_collect_raw_count-[line:471]- msg:collect raw count ok- [status:True]
2019-03-21 10:53:00,848 - ERROR: 2019-03-21 10:53:00.849000-filename:KML_tester_base.py-method:_Noise_capacitance-[line:497]- msg:Noise_capacitance > 0.03- [status:False]
2019-03-21 10:53:00,848 - INFO: 2019-03-21 10:53:00.849000-filename:KML_tester_base.py-method:_Baseline-[line:525]- msg:0.75<baseline<0.9- [status:True]
2019-03-21 10:53:00,848 - INFO: 2019-03-21 10:53:00.849000-filename:KML_tester_base.py-method:_edr_Capacitance-[line:552]- msg:Effective_dynamic_range>=0.25- [status:True]
2019-03-21 10:53:00,848 - ERROR: 2019-03-21 10:53:00.849000-filename:KML_tester_base.py-method:start_test-[line:313]- msg:test fail, start reset- [status:False]
2019-03-21 10:53:01,098 - INFO: 2019-03-21 10:53:01.098000-filename:KML_tester_base.py-method:_test_finished_step1-[line:1147]- msg:- [status:True]
2019-03-21 10:53:01,239 - INFO: 2019-03-21 10:53:01.239000-filename:KML_garment_tester.py-method:reset-[line:58]- msg:down press motor reset OK- [status:True]
2019-03-21 10:53:01,378 - INFO: 2019-03-21 10:53:01.379000-filename:KML_garment_tester.py-method:reset-[line:63]- msg:roll motor reset OK- [status:True]
2019-03-21 10:53:02,565 - INFO: 2019-03-21 10:53:02.565000-filename:KML_garment_tester.py-method:__test_finished_step3-[line:399]- msg:__test_finished_step3 ok- [status:True]
2019-03-21 10:53:03,766 - INFO: 2019-03-21 10:53:03.766000-filename:KML_garment_tester.py-method:__test_finished_step4-[line:422]- msg:__test_finished_step4 ok- [status:True]
2019-03-21 10:54:19,516 - INFO: 2019-03-21 10:54:19.517000-filename:KML_tester_base.py-method:_init_io-[line:960]- msg:IO COM4- [status:True]
2019-03-21 10:54:19,859 - INFO: 2019-03-21 10:54:19.860000-filename:KML_tester_base.py-method:_loadcell-[line:994]- msg:loadcell init OK- [status:True]
2019-03-21 10:54:20,032 - INFO: 2019-03-21 10:54:20.032000-filename:KML_tester_base.py-method:_haptics_probe-[line:1025]- msg:Acc init OK- [status:True]
2019-03-21 10:54:20,032 - INFO: 2019-03-21 10:54:20.032000-filename:KML_tester_base.py-method:_mcu-[line:1055]- msg:- [status:True]
2019-03-21 10:54:20,125 - INFO: 2019-03-21 10:54:20.125000-filename:KML_tester_base.py-method:_moon_motor-[line:1085]- msg:moon init OK- [status:True]
2019-03-21 10:54:20,375 - INFO: 2019-03-21 10:54:20.375000-filename:KML_tester_base.py-method:_test_finished_step1-[line:1147]- msg:- [status:True]
2019-03-21 10:54:31,154 - INFO: 2019-03-21 10:54:31.155000-filename:KML_garment_tester.py-method:__test_finished_step3-[line:399]- msg:__test_finished_step3 ok- [status:True]
2019-03-21 10:54:31,295 - INFO: 2019-03-21 10:54:31.295000-filename:KML_garment_tester.py-method:__test_finished_step4-[line:422]- msg:__test_finished_step4 ok- [status:True]
2019-03-21 10:54:39,048 - INFO: 2019-03-21 10:54:39.048000-filename:KML_garment_tester.py-method:_test_init-[line:113]- msg:_test_init ok- [status:True]
2019-03-21 10:54:39,484 - INFO: 2019-03-21 10:54:39.485000-filename:KML_tester_base.py-method:_check_dut-[line:422]- msg:ok- [status:True]
2019-03-21 10:54:40,811 - INFO: 2019-03-21 10:54:40.811000-filename:KML_tester_base.py-method:_collect_raw_count-[line:471]- msg:collect raw count ok- [status:True]
2019-03-21 10:54:40,811 - INFO: 2019-03-21 10:54:40.811000-filename:KML_tester_base.py-method:_Noise_capacitance-[line:497]- msg:Noise_capacitance <= 0.03- [status:True]
2019-03-21 10:54:40,826 - INFO: 2019-03-21 10:54:40.827000-filename:KML_tester_base.py-method:_Baseline-[line:525]- msg:0.75<baseline<0.9- [status:True]
2019-03-21 10:54:40,826 - INFO: 2019-03-21 10:54:40.827000-filename:KML_tester_base.py-method:_edr_Capacitance-[line:552]- msg:Effective_dynamic_range>=0.25- [status:True]
2019-03-21 10:54:40,858 - INFO: 2019-03-21 10:54:40.858000-filename:KML_tester_base.py-method:_check_accelerated_up-[line:145]- msg:accelerated_up- [status:True]
2019-03-21 10:54:42,792 - INFO: 2019-03-21 10:54:42.792000-filename:KML_garment_tester.py-method:__roll_test_step1-[line:169]- msg:__roll_test_step1 ok- [status:True]
2019-03-21 10:54:50,388 - INFO: 2019-03-21 10:54:50.389000-filename:KML_garment_tester.py-method:__roll_test_step2-[line:204]- msg:__roll_test_step2 ok- [status:True]
2019-03-21 10:54:53,586 - INFO: 2019-03-21 10:54:53.587000-filename:KML_tester_base.py-method:_roll_check_difference-[line:705]- msg:check difference step ok- [status:True]
2019-03-21 10:54:55,848 - INFO: 2019-03-21 10:54:55.849000-filename:KML_garment_tester.py-method:__vibration_move_step1-[line:301]- msg:move to  acc pos=156000 ok- [status:True]
2019-03-21 10:54:59,203 - INFO: 2019-03-21 10:54:59.203000-filename:KML_garment_tester.py-method:__vibration_test_step2-[line:328]- msg:__vibration_test_step2 ok- [status:True]
2019-03-21 10:55:05,520 - INFO: 2019-03-21 10:55:05.521000-filename:KML_tester_base.py-method:__vibration_check-[line:890]- msg:__vibration_check fail- [status:True]
2019-03-21 10:55:08,937 - INFO: 2019-03-21 10:55:08.938000-filename:KML_tester_base.py-method:_accelerated_up-[line:126]- msg:- [status:True]
2019-03-21 10:55:10,263 - INFO: 2019-03-21 10:55:10.264000-filename:KML_garment_tester.py-method:__test_finished_step2-[line:376]- msg:roll moon reset,slave=1 ok- [status:True]
2019-03-21 10:55:11,448 - INFO: 2019-03-21 10:55:11.449000-filename:KML_garment_tester.py-method:__test_finished_step3-[line:399]- msg:__test_finished_step3 ok- [status:True]
2019-03-21 10:55:12,651 - INFO: 2019-03-21 10:55:12.651000-filename:KML_garment_tester.py-method:__test_finished_step4-[line:422]- msg:__test_finished_step4 ok- [status:True]
2019-03-21 11:21:26,111 - INFO: 2019-03-21 11:21:26.112000-filename:KML_tester_base.py-method:_init_io-[line:960]- msg:IO COM4- [status:True]
2019-03-21 11:21:26,454 - INFO: 2019-03-21 11:21:26.455000-filename:KML_tester_base.py-method:_loadcell-[line:994]- msg:loadcell init OK- [status:True]
2019-03-21 11:21:26,611 - INFO: 2019-03-21 11:21:26.611000-filename:KML_tester_base.py-method:_haptics_probe-[line:1025]- msg:Acc init OK- [status:True]
2019-03-21 11:21:26,611 - INFO: 2019-03-21 11:21:26.611000-filename:KML_tester_base.py-method:_mcu-[line:1055]- msg:- [status:True]
2019-03-21 11:21:26,688 - INFO: 2019-03-21 11:21:26.689000-filename:KML_tester_base.py-method:_moon_motor-[line:1085]- msg:moon init OK- [status:True]
2019-03-21 11:21:26,938 - INFO: 2019-03-21 11:21:26.939000-filename:KML_tester_base.py-method:_test_finished_step1-[line:1147]- msg:- [status:True]
2019-03-21 11:21:37,671 - INFO: 2019-03-21 11:21:37.671000-filename:KML_garment_tester.py-method:__test_finished_step3-[line:399]- msg:__test_finished_step3 ok- [status:True]
2019-03-21 11:21:37,812 - INFO: 2019-03-21 11:21:37.812000-filename:KML_garment_tester.py-method:__test_finished_step4-[line:422]- msg:__test_finished_step4 ok- [status:True]
2019-03-21 11:22:32,851 - INFO: 2019-03-21 11:22:32.851000-filename:KML_tester_base.py-method:_init_io-[line:960]- msg:IO COM4- [status:True]
2019-03-21 11:22:33,178 - INFO: 2019-03-21 11:22:33.179000-filename:KML_tester_base.py-method:_loadcell-[line:994]- msg:loadcell init OK- [status:True]
2019-03-21 11:22:33,335 - INFO: 2019-03-21 11:22:33.335000-filename:KML_tester_base.py-method:_haptics_probe-[line:1025]- msg:Acc init OK- [status:True]
2019-03-21 11:22:33,506 - INFO: 2019-03-21 11:22:33.507000-filename:KML_tester_base.py-method:_mcu-[line:1055]- msg:MCU init ok- [status:True]
2019-03-21 11:22:33,599 - INFO: 2019-03-21 11:22:33.600000-filename:KML_tester_base.py-method:_moon_motor-[line:1085]- msg:moon init OK- [status:True]
2019-03-21 11:22:33,849 - INFO: 2019-03-21 11:22:33.850000-filename:KML_tester_base.py-method:_test_finished_step1-[line:1147]- msg:- [status:True]
2019-03-21 11:22:44,628 - INFO: 2019-03-21 11:22:44.629000-filename:KML_garment_tester.py-method:__test_finished_step3-[line:399]- msg:__test_finished_step3 ok- [status:True]
2019-03-21 11:22:44,769 - INFO: 2019-03-21 11:22:44.770000-filename:KML_garment_tester.py-method:__test_finished_step4-[line:422]- msg:__test_finished_step4 ok- [status:True]
2019-03-21 11:22:53,818 - INFO: 2019-03-21 11:22:53.818000-filename:KML_garment_tester.py-method:_test_init-[line:113]- msg:_test_init ok- [status:True]
2019-03-21 11:22:54,612 - INFO: 2019-03-21 11:22:54.613000-filename:KML_tester_base.py-method:_check_dut-[line:422]- msg:ok- [status:True]
2019-03-21 11:22:55,954 - INFO: 2019-03-21 11:22:55.955000-filename:KML_tester_base.py-method:_collect_raw_count-[line:471]- msg:collect raw count ok- [status:True]
2019-03-21 11:22:55,954 - ERROR: 2019-03-21 11:22:55.955000-filename:KML_tester_base.py-method:_Noise_capacitance-[line:497]- msg:Noise_capacitance > 0.03- [status:False]
2019-03-21 11:22:55,970 - INFO: 2019-03-21 11:22:55.971000-filename:KML_tester_base.py-method:_Baseline-[line:525]- msg:0.75<baseline<0.9- [status:True]
2019-03-21 11:22:55,970 - INFO: 2019-03-21 11:22:55.971000-filename:KML_tester_base.py-method:_edr_Capacitance-[line:552]- msg:Effective_dynamic_range>=0.25- [status:True]
2019-03-21 11:22:55,970 - ERROR: 2019-03-21 11:22:55.971000-filename:KML_tester_base.py-method:start_test-[line:313]- msg:test fail, start reset- [status:False]
2019-03-21 11:22:56,220 - INFO: 2019-03-21 11:22:56.220000-filename:KML_tester_base.py-method:_test_finished_step1-[line:1147]- msg:- [status:True]
2019-03-21 11:22:56,361 - INFO: 2019-03-21 11:22:56.361000-filename:KML_garment_tester.py-method:reset-[line:58]- msg:down press motor reset OK- [status:True]
2019-03-21 11:22:56,500 - INFO: 2019-03-21 11:22:56.501000-filename:KML_garment_tester.py-method:reset-[line:63]- msg:roll motor reset OK- [status:True]
2019-03-21 11:22:57,687 - INFO: 2019-03-21 11:22:57.687000-filename:KML_garment_tester.py-method:__test_finished_step3-[line:399]- msg:__test_finished_step3 ok- [status:True]
2019-03-21 11:22:58,871 - INFO: 2019-03-21 11:22:58.872000-filename:KML_garment_tester.py-method:__test_finished_step4-[line:422]- msg:__test_finished_step4 ok- [status:True]
2019-03-21 11:33:20,190 - INFO: 2019-03-21 11:33:20.190000-filename:KML_garment_tester.py-method:_test_init-[line:113]- msg:_test_init ok- [status:True]
2019-03-21 11:33:22,858 - ERROR: 2019-03-21 11:33:22.858000-filename:KML_tester_base.py-method:_check_dut-[line:422]- msg:toInterposerInfo Invalid Format- [status:False]
2019-03-21 11:33:22,858 - ERROR: 2019-03-21 11:33:22.858000-filename:KML_tester_base.py-method:start_test-[line:313]- msg:test fail, start reset- [status:False]
2019-03-21 11:33:23,107 - INFO: 2019-03-21 11:33:23.107000-filename:KML_tester_base.py-method:_test_finished_step1-[line:1147]- msg:- [status:True]
2019-03-21 11:33:23,247 - INFO: 2019-03-21 11:33:23.248000-filename:KML_garment_tester.py-method:reset-[line:58]- msg:down press motor reset OK- [status:True]
2019-03-21 11:33:23,372 - INFO: 2019-03-21 11:33:23.373000-filename:KML_garment_tester.py-method:reset-[line:63]- msg:roll motor reset OK- [status:True]
2019-03-21 11:33:24,573 - INFO: 2019-03-21 11:33:24.574000-filename:KML_garment_tester.py-method:__test_finished_step3-[line:399]- msg:__test_finished_step3 ok- [status:True]
2019-03-21 11:33:25,759 - INFO: 2019-03-21 11:33:25.759000-filename:KML_garment_tester.py-method:__test_finished_step4-[line:422]- msg:__test_finished_step4 ok- [status:True]
2019-03-21 11:33:47,256 - INFO: 2019-03-21 11:33:47.256000-filename:KML_garment_tester.py-method:_test_init-[line:113]- msg:_test_init ok- [status:True]
2019-03-21 11:33:49,924 - ERROR: 2019-03-21 11:33:49.924000-filename:KML_tester_base.py-method:_check_dut-[line:422]- msg:toInterposerInfo Invalid Format- [status:False]
2019-03-21 11:33:49,924 - ERROR: 2019-03-21 11:33:49.924000-filename:KML_tester_base.py-method:start_test-[line:313]- msg:test fail, start reset- [status:False]
2019-03-21 11:33:50,173 - INFO: 2019-03-21 11:33:50.173000-filename:KML_tester_base.py-method:_test_finished_step1-[line:1147]- msg:- [status:True]
2019-03-21 11:33:50,298 - INFO: 2019-03-21 11:33:50.298000-filename:KML_garment_tester.py-method:reset-[line:58]- msg:down press motor reset OK- [status:True]
2019-03-21 11:33:50,453 - INFO: 2019-03-21 11:33:50.454000-filename:KML_garment_tester.py-method:reset-[line:63]- msg:roll motor reset OK- [status:True]
2019-03-21 11:33:51,640 - INFO: 2019-03-21 11:33:51.640000-filename:KML_garment_tester.py-method:__test_finished_step3-[line:399]- msg:__test_finished_step3 ok- [status:True]
2019-03-21 11:33:52,841 - INFO: 2019-03-21 11:33:52.841000-filename:KML_garment_tester.py-method:__test_finished_step4-[line:422]- msg:__test_finished_step4 ok- [status:True]
2019-03-21 11:34:12,809 - INFO: 2019-03-21 11:34:12.809000-filename:KML_garment_tester.py-method:_test_init-[line:113]- msg:_test_init ok- [status:True]
2019-03-21 11:34:15,476 - ERROR: 2019-03-21 11:34:15.477000-filename:KML_tester_base.py-method:_check_dut-[line:422]- msg:toInterposerInfo Invalid Format- [status:False]
2019-03-21 11:34:15,476 - ERROR: 2019-03-21 11:34:15.477000-filename:KML_tester_base.py-method:start_test-[line:313]- msg:test fail, start reset- [status:False]
2019-03-21 11:34:15,726 - INFO: 2019-03-21 11:34:15.726000-filename:KML_tester_base.py-method:_test_finished_step1-[line:1147]- msg:- [status:True]
2019-03-21 11:34:15,881 - INFO: 2019-03-21 11:34:15.882000-filename:KML_garment_tester.py-method:reset-[line:58]- msg:down press motor reset OK- [status:True]
2019-03-21 11:34:16,023 - INFO: 2019-03-21 11:34:16.023000-filename:KML_garment_tester.py-method:reset-[line:63]- msg:roll motor reset OK- [status:True]
2019-03-21 11:34:17,223 - INFO: 2019-03-21 11:34:17.224000-filename:KML_garment_tester.py-method:__test_finished_step3-[line:399]- msg:__test_finished_step3 ok- [status:True]
2019-03-21 11:34:18,408 - INFO: 2019-03-21 11:34:18.409000-filename:KML_garment_tester.py-method:__test_finished_step4-[line:422]- msg:__test_finished_step4 ok- [status:True]
2019-03-21 11:34:33,822 - INFO: 2019-03-21 11:34:33.822000-filename:KML_garment_tester.py-method:_test_init-[line:113]- msg:_test_init ok- [status:True]
2019-03-21 11:34:36,490 - ERROR: 2019-03-21 11:34:36.490000-filename:KML_tester_base.py-method:_check_dut-[line:422]- msg:toInterposerInfo Invalid Format- [status:False]
2019-03-21 11:34:36,490 - ERROR: 2019-03-21 11:34:36.490000-filename:KML_tester_base.py-method:start_test-[line:313]- msg:test fail, start reset- [status:False]
2019-03-21 11:34:36,739 - INFO: 2019-03-21 11:34:36.739000-filename:KML_tester_base.py-method:_test_finished_step1-[line:1147]- msg:- [status:True]
2019-03-21 11:34:36,894 - INFO: 2019-03-21 11:34:36.895000-filename:KML_garment_tester.py-method:reset-[line:58]- msg:down press motor reset OK- [status:True]
2019-03-21 11:34:37,036 - INFO: 2019-03-21 11:34:37.036000-filename:KML_garment_tester.py-method:reset-[line:63]- msg:roll motor reset OK- [status:True]
2019-03-21 11:34:38,220 - INFO: 2019-03-21 11:34:38.221000-filename:KML_garment_tester.py-method:__test_finished_step3-[line:399]- msg:__test_finished_step3 ok- [status:True]
2019-03-21 11:34:39,423 - INFO: 2019-03-21 11:34:39.423000-filename:KML_garment_tester.py-method:__test_finished_step4-[line:422]- msg:__test_finished_step4 ok- [status:True]
2019-03-21 11:35:09,765 - INFO: 2019-03-21 11:35:09.765000-filename:KML_tester_base.py-method:_init_io-[line:960]- msg:IO COM4- [status:True]
2019-03-21 11:35:10,092 - INFO: 2019-03-21 11:35:10.092000-filename:KML_tester_base.py-method:_loadcell-[line:994]- msg:loadcell init OK- [status:True]
2019-03-21 11:35:10,263 - INFO: 2019-03-21 11:35:10.264000-filename:KML_tester_base.py-method:_haptics_probe-[line:1025]- msg:Acc init OK- [status:True]
2019-03-21 11:35:10,420 - INFO: 2019-03-21 11:35:10.420000-filename:KML_tester_base.py-method:_mcu-[line:1055]- msg:MCU init ok- [status:True]
2019-03-21 11:35:10,482 - INFO: 2019-03-21 11:35:10.482000-filename:KML_tester_base.py-method:_moon_motor-[line:1085]- msg:moon init OK- [status:True]
2019-03-21 11:35:10,746 - INFO: 2019-03-21 11:35:10.747000-filename:KML_tester_base.py-method:_test_finished_step1-[line:1147]- msg:- [status:True]
2019-03-21 11:35:21,496 - INFO: 2019-03-21 11:35:21.496000-filename:KML_garment_tester.py-method:__test_finished_step3-[line:399]- msg:__test_finished_step3 ok- [status:True]
2019-03-21 11:35:22,697 - INFO: 2019-03-21 11:35:22.697000-filename:KML_garment_tester.py-method:__test_finished_step4-[line:422]- msg:__test_finished_step4 ok- [status:True]
2019-03-21 11:35:31,854 - INFO: 2019-03-21 11:35:31.854000-filename:KML_garment_tester.py-method:_test_init-[line:113]- msg:_test_init ok- [status:True]
2019-03-21 11:35:34,522 - ERROR: 2019-03-21 11:35:34.522000-filename:KML_tester_base.py-method:_check_dut-[line:422]- msg:toInterposerInfo Invalid Format- [status:False]
2019-03-21 11:35:34,522 - ERROR: 2019-03-21 11:35:34.522000-filename:KML_tester_base.py-method:start_test-[line:313]- msg:test fail, start reset- [status:False]
2019-03-21 11:35:34,770 - INFO: 2019-03-21 11:35:34.771000-filename:KML_tester_base.py-method:_test_finished_step1-[line:1147]- msg:- [status:True]
2019-03-21 11:35:34,865 - INFO: 2019-03-21 11:35:34.865000-filename:KML_garment_tester.py-method:reset-[line:58]- msg:down press motor reset OK- [status:True]
2019-03-21 11:35:35,005 - INFO: 2019-03-21 11:35:35.005000-filename:KML_garment_tester.py-method:reset-[line:63]- msg:roll motor reset OK- [status:True]
2019-03-21 11:35:36,207 - INFO: 2019-03-21 11:35:36.207000-filename:KML_garment_tester.py-method:__test_finished_step3-[line:399]- msg:__test_finished_step3 ok- [status:True]
2019-03-21 11:35:37,391 - INFO: 2019-03-21 11:35:37.392000-filename:KML_garment_tester.py-method:__test_finished_step4-[line:422]- msg:__test_finished_step4 ok- [status:True]
2019-03-21 12:44:51,259 - INFO: 2019-03-21 12:44:51.259000-filename:KML_tester_base.py-method:_init_io-[line:960]- msg:IO COM4- [status:True]
2019-03-21 12:44:51,585 - INFO: 2019-03-21 12:44:51.586000-filename:KML_tester_base.py-method:_loadcell-[line:994]- msg:loadcell init OK- [status:True]
2019-03-21 12:45:21,194 - INFO: 2019-03-21 12:45:21.195000-filename:KML_tester_base.py-method:_init_io-[line:960]- msg:IO COM4- [status:True]
2019-03-21 12:45:21,523 - INFO: 2019-03-21 12:45:21.523000-filename:KML_tester_base.py-method:_loadcell-[line:994]- msg:loadcell init OK- [status:True]
2019-03-21 12:45:21,694 - INFO: 2019-03-21 12:45:21.694000-filename:KML_tester_base.py-method:_haptics_probe-[line:1025]- msg:Acc init OK- [status:True]
2019-03-21 12:45:21,849 - INFO: 2019-03-21 12:45:21.850000-filename:KML_tester_base.py-method:_mcu-[line:1055]- msg:MCU init ok- [status:True]
2019-03-21 12:45:21,913 - INFO: 2019-03-21 12:45:21.913000-filename:KML_tester_base.py-method:_moon_motor-[line:1085]- msg:moon init OK- [status:True]
2019-03-21 12:45:22,177 - INFO: 2019-03-21 12:45:22.178000-filename:KML_tester_base.py-method:_test_finished_step1-[line:1147]- msg:- [status:True]
2019-03-21 12:45:32,957 - INFO: 2019-03-21 12:45:32.957000-filename:KML_garment_tester.py-method:__test_finished_step3-[line:399]- msg:__test_finished_step3 ok- [status:True]
2019-03-21 12:45:33,098 - INFO: 2019-03-21 12:45:33.098000-filename:KML_garment_tester.py-method:__test_finished_step4-[line:422]- msg:__test_finished_step4 ok- [status:True]
2019-03-21 12:45:41,131 - INFO: 2019-03-21 12:45:41.132000-filename:KML_garment_tester.py-method:_test_init-[line:113]- msg:_test_init ok- [status:True]
2019-03-21 12:45:41,927 - INFO: 2019-03-21 12:45:41.927000-filename:KML_tester_base.py-method:_check_dut-[line:422]- msg:ok- [status:True]
2019-03-21 12:45:43,269 - INFO: 2019-03-21 12:45:43.269000-filename:KML_tester_base.py-method:_collect_raw_count-[line:471]- msg:collect raw count ok- [status:True]
2019-03-21 12:45:43,269 - INFO: 2019-03-21 12:45:43.269000-filename:KML_tester_base.py-method:_Noise_capacitance-[line:497]- msg:Noise_capacitance <= 0.03- [status:True]
2019-03-21 12:45:43,285 - INFO: 2019-03-21 12:45:43.285000-filename:KML_tester_base.py-method:_Baseline-[line:525]- msg:0.75<baseline<0.9- [status:True]
2019-03-21 12:45:43,285 - INFO: 2019-03-21 12:45:43.285000-filename:KML_tester_base.py-method:_edr_Capacitance-[line:552]- msg:Effective_dynamic_range>=0.25- [status:True]
2019-03-21 12:45:43,315 - INFO: 2019-03-21 12:45:43.316000-filename:KML_tester_base.py-method:_check_accelerated_up-[line:145]- msg:accelerated_up- [status:True]
2019-03-21 12:45:45,234 - INFO: 2019-03-21 12:45:45.235000-filename:KML_garment_tester.py-method:__roll_test_step1-[line:169]- msg:__roll_test_step1 ok- [status:True]
2019-03-21 12:45:53,096 - INFO: 2019-03-21 12:45:53.097000-filename:KML_garment_tester.py-method:__roll_test_step2-[line:204]- msg:__roll_test_step2 ok- [status:True]
2019-03-21 12:45:56,342 - INFO: 2019-03-21 12:45:56.342000-filename:KML_tester_base.py-method:_roll_check_difference-[line:705]- msg:check difference step ok- [status:True]
2019-03-21 12:45:58,604 - INFO: 2019-03-21 12:45:58.604000-filename:KML_garment_tester.py-method:__vibration_move_step1-[line:301]- msg:move to  acc pos=156000 ok- [status:True]
2019-03-21 12:46:01,973 - INFO: 2019-03-21 12:46:01.973000-filename:KML_garment_tester.py-method:__vibration_test_step2-[line:328]- msg:__vibration_test_step2 ok- [status:True]
2019-03-21 12:46:08,665 - ERROR: 2019-03-21 12:46:08.666000-filename:KML_tester_base.py-method:__vibration_check-[line:890]- msg:__vibration_check fail- [status:False]
2019-03-21 12:46:08,665 - ERROR: 2019-03-21 12:46:08.666000-filename:KML_tester_base.py-method:start_test-[line:313]- msg:test fail, start reset- [status:False]
2019-03-21 12:46:12,066 - INFO: 2019-03-21 12:46:12.067000-filename:KML_tester_base.py-method:_test_finished_step1-[line:1147]- msg:- [status:True]
2019-03-21 12:46:12,207 - INFO: 2019-03-21 12:46:12.207000-filename:KML_garment_tester.py-method:reset-[line:58]- msg:down press motor reset OK- [status:True]
2019-03-21 12:46:12,332 - INFO: 2019-03-21 12:46:12.332000-filename:KML_garment_tester.py-method:reset-[line:63]- msg:roll motor reset OK- [status:True]
2019-03-21 12:46:13,532 - INFO: 2019-03-21 12:46:13.533000-filename:KML_garment_tester.py-method:__test_finished_step3-[line:399]- msg:__test_finished_step3 ok- [status:True]
2019-03-21 12:46:14,719 - INFO: 2019-03-21 12:46:14.719000-filename:KML_garment_tester.py-method:__test_finished_step4-[line:422]- msg:__test_finished_step4 ok- [status:True]
2019-03-21 12:46:34,094 - INFO: 2019-03-21 12:46:34.094000-filename:KML_garment_tester.py-method:_test_init-[line:113]- msg:_test_init ok- [status:True]
2019-03-21 12:46:34,888 - INFO: 2019-03-21 12:46:34.889000-filename:KML_tester_base.py-method:_check_dut-[line:422]- msg:ok- [status:True]
2019-03-21 12:46:36,230 - INFO: 2019-03-21 12:46:36.231000-filename:KML_tester_base.py-method:_collect_raw_count-[line:471]- msg:collect raw count ok- [status:True]
2019-03-21 12:46:36,230 - INFO: 2019-03-21 12:46:36.231000-filename:KML_tester_base.py-method:_Noise_capacitance-[line:497]- msg:Noise_capacitance <= 0.03- [status:True]
2019-03-21 12:46:36,230 - INFO: 2019-03-21 12:46:36.231000-filename:KML_tester_base.py-method:_Baseline-[line:525]- msg:0.75<baseline<0.9- [status:True]
2019-03-21 12:46:36,230 - INFO: 2019-03-21 12:46:36.231000-filename:KML_tester_base.py-method:_edr_Capacitance-[line:552]- msg:Effective_dynamic_range>=0.25- [status:True]
2019-03-21 12:46:36,278 - INFO: 2019-03-21 12:46:36.278000-filename:KML_tester_base.py-method:_check_accelerated_up-[line:145]- msg:accelerated_up- [status:True]
2019-03-21 12:46:38,227 - INFO: 2019-03-21 12:46:38.228000-filename:KML_garment_tester.py-method:__roll_test_step1-[line:169]- msg:__roll_test_step1 ok- [status:True]
2019-03-21 12:46:46,387 - INFO: 2019-03-21 12:46:46.387000-filename:KML_garment_tester.py-method:__roll_test_step2-[line:204]- msg:__roll_test_step2 ok- [status:True]
2019-03-21 12:46:49,694 - INFO: 2019-03-21 12:46:49.694000-filename:KML_tester_base.py-method:_roll_check_difference-[line:705]- msg:check difference step ok- [status:True]
2019-03-21 12:46:51,986 - INFO: 2019-03-21 12:46:51.987000-filename:KML_garment_tester.py-method:__vibration_move_step1-[line:301]- msg:move to  acc pos=156000 ok- [status:True]
2019-03-21 12:46:55,357 - INFO: 2019-03-21 12:46:55.357000-filename:KML_garment_tester.py-method:__vibration_test_step2-[line:328]- msg:__vibration_test_step2 ok- [status:True]
2019-03-21 12:47:01,970 - ERROR: 2019-03-21 12:47:01.971000-filename:KML_tester_base.py-method:__vibration_check-[line:890]- msg:__vibration_check fail- [status:False]
2019-03-21 12:47:01,970 - ERROR: 2019-03-21 12:47:01.971000-filename:KML_tester_base.py-method:start_test-[line:313]- msg:test fail, start reset- [status:False]
2019-03-21 12:47:05,371 - INFO: 2019-03-21 12:47:05.372000-filename:KML_tester_base.py-method:_test_finished_step1-[line:1147]- msg:- [status:True]
2019-03-21 12:47:05,464 - INFO: 2019-03-21 12:47:05.465000-filename:KML_garment_tester.py-method:reset-[line:58]- msg:down press motor reset OK- [status:True]
2019-03-21 12:47:05,605 - INFO: 2019-03-21 12:47:05.606000-filename:KML_garment_tester.py-method:reset-[line:63]- msg:roll motor reset OK- [status:True]
2019-03-21 12:47:06,790 - INFO: 2019-03-21 12:47:06.791000-filename:KML_garment_tester.py-method:__test_finished_step3-[line:399]- msg:__test_finished_step3 ok- [status:True]
2019-03-21 12:47:07,976 - INFO: 2019-03-21 12:47:07.977000-filename:KML_garment_tester.py-method:__test_finished_step4-[line:422]- msg:__test_finished_step4 ok- [status:True]
2019-03-21 12:51:16,000 - INFO: 2019-03-21 12:51:16.001000-filename:KML_tester_base.py-method:_init_io-[line:961]- msg:IO COM4- [status:True]
2019-03-21 12:51:16,328 - INFO: 2019-03-21 12:51:16.329000-filename:KML_tester_base.py-method:_loadcell-[line:995]- msg:loadcell init OK- [status:True]
2019-03-21 12:51:16,484 - INFO: 2019-03-21 12:51:16.485000-filename:KML_tester_base.py-method:_haptics_probe-[line:1026]- msg:Acc init OK- [status:True]
2019-03-21 12:51:16,641 - INFO: 2019-03-21 12:51:16.641000-filename:KML_tester_base.py-method:_mcu-[line:1056]- msg:MCU init ok- [status:True]
2019-03-21 12:51:16,703 - INFO: 2019-03-21 12:51:16.703000-filename:KML_tester_base.py-method:_moon_motor-[line:1086]- msg:moon init OK- [status:True]
2019-03-21 12:51:16,969 - INFO: 2019-03-21 12:51:16.969000-filename:KML_tester_base.py-method:_test_finished_step1-[line:1148]- msg:- [status:True]
2019-03-21 12:51:27,763 - INFO: 2019-03-21 12:51:27.764000-filename:KML_garment_tester.py-method:__test_finished_step3-[line:399]- msg:__test_finished_step3 ok- [status:True]
2019-03-21 12:51:27,904 - INFO: 2019-03-21 12:51:27.904000-filename:KML_garment_tester.py-method:__test_finished_step4-[line:422]- msg:__test_finished_step4 ok- [status:True]
2019-03-21 12:51:39,151 - INFO: 2019-03-21 12:51:39.152000-filename:KML_garment_tester.py-method:_test_init-[line:113]- msg:_test_init ok- [status:True]
2019-03-21 12:51:39,947 - INFO: 2019-03-21 12:51:39.947000-filename:KML_tester_base.py-method:_check_dut-[line:422]- msg:ok- [status:True]
2019-03-21 12:51:41,289 - INFO: 2019-03-21 12:51:41.289000-filename:KML_tester_base.py-method:_collect_raw_count-[line:471]- msg:collect raw count ok- [status:True]
2019-03-21 12:51:41,289 - ERROR: 2019-03-21 12:51:41.289000-filename:KML_tester_base.py-method:_Noise_capacitance-[line:497]- msg:Noise_capacitance > 0.03- [status:False]
2019-03-21 12:51:41,305 - INFO: 2019-03-21 12:51:41.305000-filename:KML_tester_base.py-method:_Baseline-[line:525]- msg:0.75<baseline<0.9- [status:True]
2019-03-21 12:51:41,305 - INFO: 2019-03-21 12:51:41.305000-filename:KML_tester_base.py-method:_edr_Capacitance-[line:552]- msg:Effective_dynamic_range>=0.25- [status:True]
2019-03-21 12:51:41,305 - ERROR: 2019-03-21 12:51:41.305000-filename:KML_tester_base.py-method:start_test-[line:313]- msg:test fail, start reset- [status:False]
2019-03-21 12:51:41,553 - INFO: 2019-03-21 12:51:41.554000-filename:KML_tester_base.py-method:_test_finished_step1-[line:1148]- msg:- [status:True]
2019-03-21 12:51:41,694 - INFO: 2019-03-21 12:51:41.695000-filename:KML_garment_tester.py-method:reset-[line:58]- msg:down press motor reset OK- [status:True]
2019-03-21 12:51:41,835 - INFO: 2019-03-21 12:51:41.835000-filename:KML_garment_tester.py-method:reset-[line:63]- msg:roll motor reset OK- [status:True]
2019-03-21 12:51:43,036 - INFO: 2019-03-21 12:51:43.036000-filename:KML_garment_tester.py-method:__test_finished_step3-[line:399]- msg:__test_finished_step3 ok- [status:True]
2019-03-21 12:51:44,221 - INFO: 2019-03-21 12:51:44.222000-filename:KML_garment_tester.py-method:__test_finished_step4-[line:422]- msg:__test_finished_step4 ok- [status:True]
2019-03-21 12:51:55,766 - INFO: 2019-03-21 12:51:55.766000-filename:KML_garment_tester.py-method:_test_init-[line:113]- msg:_test_init ok- [status:True]
2019-03-21 12:51:56,561 - INFO: 2019-03-21 12:51:56.561000-filename:KML_tester_base.py-method:_check_dut-[line:422]- msg:ok- [status:True]
2019-03-21 12:51:57,903 - INFO: 2019-03-21 12:51:57.903000-filename:KML_tester_base.py-method:_collect_raw_count-[line:471]- msg:collect raw count ok- [status:True]
2019-03-21 12:51:57,903 - ERROR: 2019-03-21 12:51:57.903000-filename:KML_tester_base.py-method:_Noise_capacitance-[line:497]- msg:Noise_capacitance > 0.03- [status:False]
2019-03-21 12:51:57,903 - INFO: 2019-03-21 12:51:57.903000-filename:KML_tester_base.py-method:_Baseline-[line:525]- msg:0.75<baseline<0.9- [status:True]
2019-03-21 12:51:57,903 - INFO: 2019-03-21 12:51:57.903000-filename:KML_tester_base.py-method:_edr_Capacitance-[line:552]- msg:Effective_dynamic_range>=0.25- [status:True]
2019-03-21 12:51:57,903 - ERROR: 2019-03-21 12:51:57.903000-filename:KML_tester_base.py-method:start_test-[line:313]- msg:test fail, start reset- [status:False]
2019-03-21 12:51:58,153 - INFO: 2019-03-21 12:51:58.153000-filename:KML_tester_base.py-method:_test_finished_step1-[line:1148]- msg:- [status:True]
2019-03-21 12:51:58,309 - INFO: 2019-03-21 12:51:58.309000-filename:KML_garment_tester.py-method:reset-[line:58]- msg:down press motor reset OK- [status:True]
2019-03-21 12:51:58,448 - INFO: 2019-03-21 12:51:58.449000-filename:KML_garment_tester.py-method:reset-[line:63]- msg:roll motor reset OK- [status:True]
2019-03-21 12:51:59,634 - INFO: 2019-03-21 12:51:59.635000-filename:KML_garment_tester.py-method:__test_finished_step3-[line:399]- msg:__test_finished_step3 ok- [status:True]
2019-03-21 12:52:00,835 - INFO: 2019-03-21 12:52:00.836000-filename:KML_garment_tester.py-method:__test_finished_step4-[line:422]- msg:__test_finished_step4 ok- [status:True]
2019-03-21 12:52:23,907 - INFO: 2019-03-21 12:52:23.908000-filename:KML_garment_tester.py-method:_test_init-[line:113]- msg:_test_init ok- [status:True]
2019-03-21 12:52:24,719 - INFO: 2019-03-21 12:52:24.719000-filename:KML_tester_base.py-method:_check_dut-[line:422]- msg:ok- [status:True]
2019-03-21 12:52:26,076 - INFO: 2019-03-21 12:52:26.077000-filename:KML_tester_base.py-method:_collect_raw_count-[line:471]- msg:collect raw count ok- [status:True]
2019-03-21 12:52:26,076 - INFO: 2019-03-21 12:52:26.077000-filename:KML_tester_base.py-method:_Noise_capacitance-[line:497]- msg:Noise_capacitance <= 0.03- [status:True]
2019-03-21 12:52:26,076 - INFO: 2019-03-21 12:52:26.077000-filename:KML_tester_base.py-method:_Baseline-[line:525]- msg:0.75<baseline<0.9- [status:True]
2019-03-21 12:52:26,076 - INFO: 2019-03-21 12:52:26.077000-filename:KML_tester_base.py-method:_edr_Capacitance-[line:552]- msg:Effective_dynamic_range>=0.25- [status:True]
2019-03-21 12:52:26,122 - INFO: 2019-03-21 12:52:26.123000-filename:KML_tester_base.py-method:_check_accelerated_up-[line:145]- msg:accelerated_up- [status:True]
2019-03-21 12:52:28,072 - INFO: 2019-03-21 12:52:28.073000-filename:KML_garment_tester.py-method:__roll_test_step1-[line:169]- msg:__roll_test_step1 ok- [status:True]
2019-03-21 12:52:36,217 - INFO: 2019-03-21 12:52:36.217000-filename:KML_garment_tester.py-method:__roll_test_step2-[line:204]- msg:__roll_test_step2 ok- [status:True]
2019-03-21 12:52:39,273 - ERROR: 2019-03-21 12:52:39.274000-filename:KML_tester_base.py-method:_roll_check_difference-[line:706]- msg:exception:'InterposerBll' object has no attribute 'ClosePort'- [status:False]
2019-03-21 12:52:39,273 - ERROR: 2019-03-21 12:52:39.274000-filename:KML_tester_base.py-method:start_test-[line:313]- msg:test fail, start reset- [status:False]
2019-03-21 12:52:39,523 - INFO: 2019-03-21 12:52:39.524000-filename:KML_tester_base.py-method:_test_finished_step1-[line:1148]- msg:- [status:True]
2019-03-21 12:52:39,617 - INFO: 2019-03-21 12:52:39.617000-filename:KML_garment_tester.py-method:reset-[line:58]- msg:down press motor reset OK- [status:True]
2019-03-21 12:52:39,742 - INFO: 2019-03-21 12:52:39.742000-filename:KML_garment_tester.py-method:reset-[line:63]- msg:roll motor reset OK- [status:True]
2019-03-21 12:52:40,927 - INFO: 2019-03-21 12:52:40.928000-filename:KML_garment_tester.py-method:__test_finished_step3-[line:399]- msg:__test_finished_step3 ok- [status:True]
2019-03-21 12:52:42,128 - INFO: 2019-03-21 12:52:42.129000-filename:KML_garment_tester.py-method:__test_finished_step4-[line:422]- msg:__test_finished_step4 ok- [status:True]
2019-03-21 12:53:37,664 - INFO: 2019-03-21 12:53:37.665000-filename:KML_tester_base.py-method:_init_io-[line:961]- msg:IO COM4- [status:True]
2019-03-21 12:53:37,993 - INFO: 2019-03-21 12:53:37.993000-filename:KML_tester_base.py-method:_loadcell-[line:995]- msg:loadcell init OK- [status:True]
2019-03-21 12:53:38,148 - INFO: 2019-03-21 12:53:38.149000-filename:KML_tester_base.py-method:_haptics_probe-[line:1026]- msg:Acc init OK- [status:True]
2019-03-21 12:53:38,319 - INFO: 2019-03-21 12:53:38.320000-filename:KML_tester_base.py-method:_mcu-[line:1056]- msg:MCU init ok- [status:True]
2019-03-21 12:53:38,398 - INFO: 2019-03-21 12:53:38.398000-filename:KML_tester_base.py-method:_moon_motor-[line:1086]- msg:moon init OK- [status:True]
2019-03-21 12:53:38,648 - INFO: 2019-03-21 12:53:38.648000-filename:KML_tester_base.py-method:_test_finished_step1-[line:1148]- msg:- [status:True]
2019-03-21 12:53:49,459 - INFO: 2019-03-21 12:53:49.459000-filename:KML_garment_tester.py-method:__test_finished_step3-[line:399]- msg:__test_finished_step3 ok- [status:True]
2019-03-21 12:53:49,598 - INFO: 2019-03-21 12:53:49.599000-filename:KML_garment_tester.py-method:__test_finished_step4-[line:422]- msg:__test_finished_step4 ok- [status:True]
2019-03-21 12:53:56,822 - INFO: 2019-03-21 12:53:56.822000-filename:KML_garment_tester.py-method:_test_init-[line:113]- msg:_test_init ok- [status:True]
2019-03-21 12:53:57,617 - INFO: 2019-03-21 12:53:57.617000-filename:KML_tester_base.py-method:_check_dut-[line:422]- msg:ok- [status:True]
2019-03-21 12:53:58,959 - INFO: 2019-03-21 12:53:58.959000-filename:KML_tester_base.py-method:_collect_raw_count-[line:471]- msg:collect raw count ok- [status:True]
2019-03-21 12:53:58,974 - INFO: 2019-03-21 12:53:58.975000-filename:KML_tester_base.py-method:_Noise_capacitance-[line:497]- msg:Noise_capacitance <= 0.03- [status:True]
2019-03-21 12:53:58,974 - INFO: 2019-03-21 12:53:58.975000-filename:KML_tester_base.py-method:_Baseline-[line:525]- msg:0.75<baseline<0.9- [status:True]
2019-03-21 12:53:58,974 - INFO: 2019-03-21 12:53:58.975000-filename:KML_tester_base.py-method:_edr_Capacitance-[line:552]- msg:Effective_dynamic_range>=0.25- [status:True]
2019-03-21 12:53:59,020 - INFO: 2019-03-21 12:53:59.021000-filename:KML_tester_base.py-method:_check_accelerated_up-[line:145]- msg:accelerated_up- [status:True]
2019-03-21 12:54:00,940 - INFO: 2019-03-21 12:54:00.940000-filename:KML_garment_tester.py-method:__roll_test_step1-[line:169]- msg:__roll_test_step1 ok- [status:True]
2019-03-21 12:54:09,676 - INFO: 2019-03-21 12:54:09.676000-filename:KML_garment_tester.py-method:__roll_test_step2-[line:204]- msg:__roll_test_step2 ok- [status:True]
2019-03-21 12:54:12,904 - INFO: 2019-03-21 12:54:12.905000-filename:KML_tester_base.py-method:_roll_check_difference-[line:706]- msg:check difference step ok- [status:True]
2019-03-21 12:54:15,151 - INFO: 2019-03-21 12:54:15.152000-filename:KML_garment_tester.py-method:__vibration_move_step1-[line:301]- msg:move to  acc pos=156000 ok- [status:True]
2019-03-21 12:54:18,520 - INFO: 2019-03-21 12:54:18.521000-filename:KML_garment_tester.py-method:__vibration_test_step2-[line:328]- msg:__vibration_test_step2 ok- [status:True]
2019-03-21 12:54:25,183 - ERROR: 2019-03-21 12:54:25.183000-filename:KML_tester_base.py-method:__vibration_check-[line:891]- msg:__vibration_check fail- [status:False]
2019-03-21 12:54:25,183 - ERROR: 2019-03-21 12:54:25.183000-filename:KML_tester_base.py-method:start_test-[line:313]- msg:test fail, start reset- [status:False]
2019-03-21 12:54:28,582 - INFO: 2019-03-21 12:54:28.583000-filename:KML_tester_base.py-method:_test_finished_step1-[line:1148]- msg:- [status:True]
2019-03-21 12:54:28,693 - INFO: 2019-03-21 12:54:28.693000-filename:KML_garment_tester.py-method:reset-[line:58]- msg:down press motor reset OK- [status:True]
2019-03-21 12:54:28,802 - INFO: 2019-03-21 12:54:28.802000-filename:KML_garment_tester.py-method:reset-[line:63]- msg:roll motor reset OK- [status:True]
2019-03-21 12:54:30,003 - INFO: 2019-03-21 12:54:30.003000-filename:KML_garment_tester.py-method:__test_finished_step3-[line:399]- msg:__test_finished_step3 ok- [status:True]
2019-03-21 12:54:31,203 - INFO: 2019-03-21 12:54:31.204000-filename:KML_garment_tester.py-method:__test_finished_step4-[line:422]- msg:__test_finished_step4 ok- [status:True]
2019-03-21 12:55:27,707 - INFO: 2019-03-21 12:55:27.707000-filename:KML_tester_base.py-method:_init_io-[line:961]- msg:IO COM4- [status:True]
2019-03-21 12:55:28,035 - INFO: 2019-03-21 12:55:28.035000-filename:KML_tester_base.py-method:_loadcell-[line:995]- msg:loadcell init OK- [status:True]
2019-03-21 12:55:28,190 - INFO: 2019-03-21 12:55:28.191000-filename:KML_tester_base.py-method:_haptics_probe-[line:1026]- msg:Acc init OK- [status:True]
2019-03-21 12:55:32,341 - INFO: 2019-03-21 12:55:32.341000-filename:KML_tester_base.py-method:_mcu-[line:1056]- msg:MCU init ok- [status:True]
2019-03-21 12:55:32,403 - INFO: 2019-03-21 12:55:32.403000-filename:KML_tester_base.py-method:_moon_motor-[line:1086]- msg:moon init OK- [status:True]
2019-03-21 12:55:32,653 - INFO: 2019-03-21 12:55:32.653000-filename:KML_tester_base.py-method:_test_finished_step1-[line:1148]- msg:- [status:True]
2019-03-21 12:55:43,494 - INFO: 2019-03-21 12:55:43.495000-filename:KML_garment_tester.py-method:__test_finished_step3-[line:399]- msg:__test_finished_step3 ok- [status:True]
2019-03-21 12:55:43,634 - INFO: 2019-03-21 12:55:43.635000-filename:KML_garment_tester.py-method:__test_finished_step4-[line:422]- msg:__test_finished_step4 ok- [status:True]
2019-03-21 12:55:53,276 - INFO: 2019-03-21 12:55:53.276000-filename:KML_garment_tester.py-method:_test_init-[line:113]- msg:_test_init ok- [status:True]
2019-03-21 12:55:54,086 - INFO: 2019-03-21 12:55:54.087000-filename:KML_tester_base.py-method:_check_dut-[line:422]- msg:ok- [status:True]
2019-03-21 12:55:55,460 - INFO: 2019-03-21 12:55:55.460000-filename:KML_tester_base.py-method:_collect_raw_count-[line:471]- msg:collect raw count ok- [status:True]
2019-03-21 12:55:55,460 - INFO: 2019-03-21 12:55:55.460000-filename:KML_tester_base.py-method:_Noise_capacitance-[line:497]- msg:Noise_capacitance <= 0.03- [status:True]
2019-03-21 12:55:55,460 - INFO: 2019-03-21 12:55:55.460000-filename:KML_tester_base.py-method:_Baseline-[line:525]- msg:0.75<baseline<0.9- [status:True]
2019-03-21 12:55:55,460 - INFO: 2019-03-21 12:55:55.460000-filename:KML_tester_base.py-method:_edr_Capacitance-[line:552]- msg:Effective_dynamic_range>=0.25- [status:True]
2019-03-21 12:55:55,506 - INFO: 2019-03-21 12:55:55.507000-filename:KML_tester_base.py-method:_check_accelerated_up-[line:145]- msg:accelerated_up- [status:True]
2019-03-21 12:55:57,471 - INFO: 2019-03-21 12:55:57.457000-filename:KML_garment_tester.py-method:__roll_test_step1-[line:169]- msg:__roll_test_step1 ok- [status:True]
2019-03-21 12:56:05,990 - INFO: 2019-03-21 12:56:05.990000-filename:KML_garment_tester.py-method:__roll_test_step2-[line:204]- msg:__roll_test_step2 ok- [status:True]
2019-03-21 12:56:09,234 - INFO: 2019-03-21 12:56:09.235000-filename:KML_tester_base.py-method:_roll_check_difference-[line:706]- msg:check difference step ok- [status:True]
2019-03-21 12:56:17,503 - INFO: 2019-03-21 12:56:17.503000-filename:KML_garment_tester.py-method:__vibration_move_step1-[line:301]- msg:move to  acc pos=156000 ok- [status:True]
2019-03-21 12:56:25,864 - INFO: 2019-03-21 12:56:25.864000-filename:KML_garment_tester.py-method:__vibration_test_step2-[line:328]- msg:__vibration_test_step2 ok- [status:True]
2019-03-21 12:57:56,062 - ERROR: 2019-03-21 12:57:56.063000-filename:KML_tester_base.py-method:__vibration_check-[line:891]- msg:__vibration_check fail- [status:False]
2019-03-21 12:57:56,062 - ERROR: 2019-03-21 12:57:56.063000-filename:KML_tester_base.py-method:start_test-[line:313]- msg:test fail, start reset- [status:False]
2019-03-21 12:57:59,463 - INFO: 2019-03-21 12:57:59.464000-filename:KML_tester_base.py-method:_test_finished_step1-[line:1148]- msg:- [status:True]
2019-03-21 12:57:59,605 - INFO: 2019-03-21 12:57:59.605000-filename:KML_garment_tester.py-method:reset-[line:58]- msg:down press motor reset OK- [status:True]
2019-03-21 12:57:59,713 - INFO: 2019-03-21 12:57:59.714000-filename:KML_garment_tester.py-method:reset-[line:63]- msg:roll motor reset OK- [status:True]
2019-03-21 12:58:00,898 - INFO: 2019-03-21 12:58:00.899000-filename:KML_garment_tester.py-method:__test_finished_step3-[line:399]- msg:__test_finished_step3 ok- [status:True]
2019-03-21 12:58:02,085 - INFO: 2019-03-21 12:58:02.085000-filename:KML_garment_tester.py-method:__test_finished_step4-[line:422]- msg:__test_finished_step4 ok- [status:True]
2019-03-21 13:01:12,997 - INFO: 2019-03-21 13:01:12.998000-filename:KML_tester_base.py-method:_test_finished_step1-[line:1148]- msg:- [status:True]
2019-03-21 13:01:13,168 - INFO: 2019-03-21 13:01:13.169000-filename:KML_garment_tester.py-method:reset-[line:58]- msg:down press motor reset OK- [status:True]
2019-03-21 13:01:13,309 - INFO: 2019-03-21 13:01:13.310000-filename:KML_garment_tester.py-method:reset-[line:63]- msg:roll motor reset OK- [status:True]
2019-03-21 13:01:13,543 - INFO: 2019-03-21 13:01:13.544000-filename:KML_garment_tester.py-method:__test_finished_step3-[line:399]- msg:__test_finished_step3 ok- [status:True]
2019-03-21 13:01:13,746 - INFO: 2019-03-21 13:01:13.747000-filename:KML_garment_tester.py-method:__test_finished_step4-[line:422]- msg:__test_finished_step4 ok- [status:True]
2019-03-21 13:06:37,509 - INFO: 2019-03-21 13:06:37.509000-filename:KML_tester_base.py-method:_init_io-[line:961]- msg:IO COM4- [status:True]
2019-03-21 13:06:37,851 - INFO: 2019-03-21 13:06:37.852000-filename:KML_tester_base.py-method:_loadcell-[line:995]- msg:loadcell init OK- [status:True]
2019-03-21 13:06:38,007 - INFO: 2019-03-21 13:06:38.008000-filename:KML_tester_base.py-method:_haptics_probe-[line:1026]- msg:Acc init OK- [status:True]
2019-03-21 13:06:38,335 - INFO: 2019-03-21 13:06:38.336000-filename:KML_tester_base.py-method:_mcu-[line:1056]- msg:COM11- [status:True]
2019-03-21 13:06:38,398 - INFO: 2019-03-21 13:06:38.398000-filename:KML_tester_base.py-method:_moon_motor-[line:1086]- msg:moon init OK- [status:True]
2019-03-21 13:06:38,663 - INFO: 2019-03-21 13:06:38.663000-filename:KML_tester_base.py-method:_test_finished_step1-[line:1148]- msg:- [status:True]
2019-03-21 13:06:49,443 - INFO: 2019-03-21 13:06:49.443000-filename:KML_garment_tester.py-method:__test_finished_step3-[line:399]- msg:__test_finished_step3 ok- [status:True]
2019-03-21 13:06:49,582 - INFO: 2019-03-21 13:06:49.583000-filename:KML_garment_tester.py-method:__test_finished_step4-[line:422]- msg:__test_finished_step4 ok- [status:True]
2019-03-21 13:06:57,273 - INFO: 2019-03-21 13:06:57.274000-filename:KML_garment_tester.py-method:_test_init-[line:113]- msg:_test_init ok- [status:True]
2019-03-21 13:06:58,069 - INFO: 2019-03-21 13:06:58.070000-filename:KML_tester_base.py-method:_check_dut-[line:422]- msg:ok- [status:True]
2019-03-21 13:06:59,411 - INFO: 2019-03-21 13:06:59.411000-filename:KML_tester_base.py-method:_collect_raw_count-[line:471]- msg:collect raw count ok- [status:True]
2019-03-21 13:06:59,411 - INFO: 2019-03-21 13:06:59.411000-filename:KML_tester_base.py-method:_Noise_capacitance-[line:497]- msg:Noise_capacitance <= 0.03- [status:True]
2019-03-21 13:06:59,411 - INFO: 2019-03-21 13:06:59.411000-filename:KML_tester_base.py-method:_Baseline-[line:525]- msg:0.75<baseline<0.9- [status:True]
2019-03-21 13:06:59,427 - INFO: 2019-03-21 13:06:59.427000-filename:KML_tester_base.py-method:_edr_Capacitance-[line:552]- msg:Effective_dynamic_range>=0.25- [status:True]
2019-03-21 13:06:59,457 - INFO: 2019-03-21 13:06:59.458000-filename:KML_tester_base.py-method:_check_accelerated_up-[line:145]- msg:accelerated_up- [status:True]
2019-03-21 13:07:01,424 - INFO: 2019-03-21 13:07:01.424000-filename:KML_garment_tester.py-method:__roll_test_step1-[line:169]- msg:__roll_test_step1 ok- [status:True]
2019-03-21 13:07:09,598 - INFO: 2019-03-21 13:07:09.598000-filename:KML_garment_tester.py-method:__roll_test_step2-[line:204]- msg:__roll_test_step2 ok- [status:True]
2019-03-21 13:07:12,812 - INFO: 2019-03-21 13:07:12.812000-filename:KML_tester_base.py-method:_roll_check_difference-[line:706]- msg:check difference step ok- [status:True]
2019-03-21 13:07:15,073 - INFO: 2019-03-21 13:07:15.074000-filename:KML_garment_tester.py-method:__vibration_move_step1-[line:301]- msg:move to  acc pos=156000 ok- [status:True]
2019-03-21 13:07:18,427 - INFO: 2019-03-21 13:07:18.428000-filename:KML_garment_tester.py-method:__vibration_test_step2-[line:328]- msg:__vibration_test_step2 ok- [status:True]
2019-03-21 13:07:25,042 - INFO: 2019-03-21 13:07:25.042000-filename:KML_tester_base.py-method:__vibration_check-[line:891]- msg:__vibration_check fail- [status:True]
2019-03-21 13:07:28,443 - INFO: 2019-03-21 13:07:28.443000-filename:KML_tester_base.py-method:_accelerated_up-[line:126]- msg:- [status:True]
2019-03-21 13:07:29,799 - INFO: 2019-03-21 13:07:29.800000-filename:KML_garment_tester.py-method:__test_finished_step2-[line:376]- msg:roll moon reset,slave=1 ok- [status:True]
2019-03-21 13:07:30,986 - INFO: 2019-03-21 13:07:30.986000-filename:KML_garment_tester.py-method:__test_finished_step3-[line:399]- msg:__test_finished_step3 ok- [status:True]
2019-03-21 13:07:32,171 - INFO: 2019-03-21 13:07:32.171000-filename:KML_garment_tester.py-method:__test_finished_step4-[line:422]- msg:__test_finished_step4 ok- [status:True]
2019-03-21 13:07:38,786 - INFO: 2019-03-21 13:07:38.786000-filename:KML_garment_tester.py-method:_test_init-[line:113]- msg:_test_init ok- [status:True]
2019-03-21 13:07:39,581 - INFO: 2019-03-21 13:07:39.581000-filename:KML_tester_base.py-method:_check_dut-[line:422]- msg:ok- [status:True]
2019-03-21 13:07:40,923 - INFO: 2019-03-21 13:07:40.923000-filename:KML_tester_base.py-method:_collect_raw_count-[line:471]- msg:collect raw count ok- [status:True]
2019-03-21 13:07:40,923 - INFO: 2019-03-21 13:07:40.923000-filename:KML_tester_base.py-method:_Noise_capacitance-[line:497]- msg:Noise_capacitance <= 0.03- [status:True]
2019-03-21 13:07:40,923 - INFO: 2019-03-21 13:07:40.923000-filename:KML_tester_base.py-method:_Baseline-[line:525]- msg:0.75<baseline<0.9- [status:True]
2019-03-21 13:07:40,923 - INFO: 2019-03-21 13:07:40.923000-filename:KML_tester_base.py-method:_edr_Capacitance-[line:552]- msg:Effective_dynamic_range>=0.25- [status:True]
2019-03-21 13:07:40,970 - INFO: 2019-03-21 13:07:40.970000-filename:KML_tester_base.py-method:_check_accelerated_up-[line:145]- msg:accelerated_up- [status:True]
2019-03-21 13:07:42,872 - INFO: 2019-03-21 13:07:42.873000-filename:KML_garment_tester.py-method:__roll_test_step1-[line:169]- msg:__roll_test_step1 ok- [status:True]
2019-03-21 13:07:51,234 - INFO: 2019-03-21 13:07:51.235000-filename:KML_garment_tester.py-method:__roll_test_step2-[line:204]- msg:__roll_test_step2 ok- [status:True]
2019-03-21 13:07:54,433 - INFO: 2019-03-21 13:07:54.433000-filename:KML_tester_base.py-method:_roll_check_difference-[line:706]- msg:check difference step ok- [status:True]
2019-03-21 13:07:56,694 - INFO: 2019-03-21 13:07:56.695000-filename:KML_garment_tester.py-method:__vibration_move_step1-[line:301]- msg:move to  acc pos=156000 ok- [status:True]
2019-03-21 13:08:00,063 - INFO: 2019-03-21 13:08:00.064000-filename:KML_garment_tester.py-method:__vibration_test_step2-[line:328]- msg:__vibration_test_step2 ok- [status:True]
2019-03-21 13:08:06,694 - INFO: 2019-03-21 13:08:06.694000-filename:KML_tester_base.py-method:__vibration_check-[line:891]- msg:__vibration_check fail- [status:True]
2019-03-21 13:08:10,078 - INFO: 2019-03-21 13:08:10.079000-filename:KML_tester_base.py-method:_accelerated_up-[line:126]- msg:- [status:True]
2019-03-21 13:08:11,437 - INFO: 2019-03-21 13:08:11.437000-filename:KML_garment_tester.py-method:__test_finished_step2-[line:376]- msg:roll moon reset,slave=1 ok- [status:True]
2019-03-21 13:08:12,638 - INFO: 2019-03-21 13:08:12.638000-filename:KML_garment_tester.py-method:__test_finished_step3-[line:399]- msg:__test_finished_step3 ok- [status:True]
2019-03-21 13:08:13,838 - INFO: 2019-03-21 13:08:13.839000-filename:KML_garment_tester.py-method:__test_finished_step4-[line:422]- msg:__test_finished_step4 ok- [status:True]
2019-03-21 13:08:38,283 - INFO: 2019-03-21 13:08:38.284000-filename:KML_garment_tester.py-method:_test_init-[line:113]- msg:_test_init ok- [status:True]
2019-03-21 13:08:39,079 - INFO: 2019-03-21 13:08:39.080000-filename:KML_tester_base.py-method:_check_dut-[line:422]- msg:ok- [status:True]
2019-03-21 13:08:40,437 - INFO: 2019-03-21 13:08:40.437000-filename:KML_tester_base.py-method:_collect_raw_count-[line:471]- msg:collect raw count ok- [status:True]
2019-03-21 13:08:40,437 - INFO: 2019-03-21 13:08:40.437000-filename:KML_tester_base.py-method:_Noise_capacitance-[line:497]- msg:Noise_capacitance <= 0.03- [status:True]
2019-03-21 13:08:40,437 - ERROR: 2019-03-21 13:08:40.437000-filename:KML_tester_base.py-method:_Baseline-[line:525]- msg:0.75<baseline<0.9- [status:False]
2019-03-21 13:08:40,437 - INFO: 2019-03-21 13:08:40.437000-filename:KML_tester_base.py-method:_edr_Capacitance-[line:552]- msg:Effective_dynamic_range>=0.25- [status:True]
2019-03-21 13:08:40,437 - ERROR: 2019-03-21 13:08:40.437000-filename:KML_tester_base.py-method:start_test-[line:313]- msg:test fail, start reset- [status:False]
2019-03-21 13:08:40,687 - INFO: 2019-03-21 13:08:40.687000-filename:KML_tester_base.py-method:_test_finished_step1-[line:1148]- msg:- [status:True]
2019-03-21 13:08:40,826 - INFO: 2019-03-21 13:08:40.827000-filename:KML_garment_tester.py-method:reset-[line:58]- msg:down press motor reset OK- [status:True]
2019-03-21 13:08:40,951 - INFO: 2019-03-21 13:08:40.952000-filename:KML_garment_tester.py-method:reset-[line:63]- msg:roll motor reset OK- [status:True]
2019-03-21 13:08:42,153 - INFO: 2019-03-21 13:08:42.153000-filename:KML_garment_tester.py-method:__test_finished_step3-[line:399]- msg:__test_finished_step3 ok- [status:True]
2019-03-21 13:08:43,354 - INFO: 2019-03-21 13:08:43.354000-filename:KML_garment_tester.py-method:__test_finished_step4-[line:422]- msg:__test_finished_step4 ok- [status:True]
2019-03-21 13:08:53,259 - INFO: 2019-03-21 13:08:53.260000-filename:KML_garment_tester.py-method:_test_init-[line:113]- msg:_test_init ok- [status:True]
2019-03-21 13:08:54,055 - INFO: 2019-03-21 13:08:54.056000-filename:KML_tester_base.py-method:_check_dut-[line:422]- msg:ok- [status:True]
2019-03-21 13:08:55,428 - INFO: 2019-03-21 13:08:55.429000-filename:KML_tester_base.py-method:_collect_raw_count-[line:471]- msg:collect raw count ok- [status:True]
2019-03-21 13:08:55,428 - INFO: 2019-03-21 13:08:55.429000-filename:KML_tester_base.py-method:_Noise_capacitance-[line:497]- msg:Noise_capacitance <= 0.03- [status:True]
2019-03-21 13:08:55,428 - ERROR: 2019-03-21 13:08:55.429000-filename:KML_tester_base.py-method:_Baseline-[line:525]- msg:0.75<baseline<0.9- [status:False]
2019-03-21 13:08:55,428 - INFO: 2019-03-21 13:08:55.429000-filename:KML_tester_base.py-method:_edr_Capacitance-[line:552]- msg:Effective_dynamic_range>=0.25- [status:True]
2019-03-21 13:08:55,428 - ERROR: 2019-03-21 13:08:55.429000-filename:KML_tester_base.py-method:start_test-[line:313]- msg:test fail, start reset- [status:False]
2019-03-21 13:08:55,677 - INFO: 2019-03-21 13:08:55.678000-filename:KML_tester_base.py-method:_test_finished_step1-[line:1148]- msg:- [status:True]
2019-03-21 13:08:55,772 - INFO: 2019-03-21 13:08:55.772000-filename:KML_garment_tester.py-method:reset-[line:58]- msg:down press motor reset OK- [status:True]
2019-03-21 13:08:55,911 - INFO: 2019-03-21 13:08:55.912000-filename:KML_garment_tester.py-method:reset-[line:63]- msg:roll motor reset OK- [status:True]
2019-03-21 13:08:57,098 - INFO: 2019-03-21 13:08:57.098000-filename:KML_garment_tester.py-method:__test_finished_step3-[line:399]- msg:__test_finished_step3 ok- [status:True]
2019-03-21 13:08:58,282 - INFO: 2019-03-21 13:08:58.283000-filename:KML_garment_tester.py-method:__test_finished_step4-[line:422]- msg:__test_finished_step4 ok- [status:True]
2019-03-21 13:09:27,877 - INFO: 2019-03-21 13:09:27.877000-filename:KML_garment_tester.py-method:_test_init-[line:113]- msg:_test_init ok- [status:True]
2019-03-21 13:09:28,671 - INFO: 2019-03-21 13:09:28.672000-filename:KML_tester_base.py-method:_check_dut-[line:422]- msg:ok- [status:True]
2019-03-21 13:09:30,013 - INFO: 2019-03-21 13:09:30.014000-filename:KML_tester_base.py-method:_collect_raw_count-[line:471]- msg:collect raw count ok- [status:True]
2019-03-21 13:09:30,013 - INFO: 2019-03-21 13:09:30.014000-filename:KML_tester_base.py-method:_Noise_capacitance-[line:497]- msg:Noise_capacitance <= 0.03- [status:True]
2019-03-21 13:09:30,013 - INFO: 2019-03-21 13:09:30.014000-filename:KML_tester_base.py-method:_Baseline-[line:525]- msg:0.75<baseline<0.9- [status:True]
2019-03-21 13:09:30,013 - INFO: 2019-03-21 13:09:30.014000-filename:KML_tester_base.py-method:_edr_Capacitance-[line:552]- msg:Effective_dynamic_range>=0.25- [status:True]
2019-03-21 13:09:30,061 - INFO: 2019-03-21 13:09:30.061000-filename:KML_tester_base.py-method:_check_accelerated_up-[line:145]- msg:accelerated_up- [status:True]
2019-03-21 13:09:31,979 - INFO: 2019-03-21 13:09:31.979000-filename:KML_garment_tester.py-method:__roll_test_step1-[line:169]- msg:__roll_test_step1 ok- [status:True]
2019-03-21 13:09:41,542 - INFO: 2019-03-21 13:09:41.542000-filename:KML_garment_tester.py-method:__roll_test_step2-[line:204]- msg:__roll_test_step2 ok- [status:True]
2019-03-21 13:09:44,786 - INFO: 2019-03-21 13:09:44.787000-filename:KML_tester_base.py-method:_roll_check_difference-[line:706]- msg:check difference step ok- [status:True]
2019-03-21 13:09:47,049 - INFO: 2019-03-21 13:09:47.049000-filename:KML_garment_tester.py-method:__vibration_move_step1-[line:301]- msg:move to  acc pos=156000 ok- [status:True]
2019-03-21 13:09:50,418 - INFO: 2019-03-21 13:09:50.419000-filename:KML_garment_tester.py-method:__vibration_test_step2-[line:328]- msg:__vibration_test_step2 ok- [status:True]
2019-03-21 13:09:56,954 - INFO: 2019-03-21 13:09:56.955000-filename:KML_tester_base.py-method:__vibration_check-[line:891]- msg:__vibration_check fail- [status:True]
2019-03-21 13:10:00,355 - INFO: 2019-03-21 13:10:00.356000-filename:KML_tester_base.py-method:_accelerated_up-[line:126]- msg:- [status:True]
2019-03-21 13:10:01,588 - INFO: 2019-03-21 13:10:01.588000-filename:KML_garment_tester.py-method:__test_finished_step2-[line:376]- msg:roll moon reset,slave=1 ok- [status:True]
2019-03-21 13:10:02,789 - INFO: 2019-03-21 13:10:02.789000-filename:KML_garment_tester.py-method:__test_finished_step3-[line:399]- msg:__test_finished_step3 ok- [status:True]
2019-03-21 13:10:03,974 - INFO: 2019-03-21 13:10:03.975000-filename:KML_garment_tester.py-method:__test_finished_step4-[line:422]- msg:__test_finished_step4 ok- [status:True]
2019-03-21 13:10:29,091 - INFO: 2019-03-21 13:10:29.091000-filename:KML_garment_tester.py-method:_test_init-[line:113]- msg:_test_init ok- [status:True]
2019-03-21 13:10:29,887 - INFO: 2019-03-21 13:10:29.887000-filename:KML_tester_base.py-method:_check_dut-[line:422]- msg:ok- [status:True]
2019-03-21 13:10:31,227 - INFO: 2019-03-21 13:10:31.228000-filename:KML_tester_base.py-method:_collect_raw_count-[line:471]- msg:collect raw count ok- [status:True]
2019-03-21 13:10:31,227 - INFO: 2019-03-21 13:10:31.228000-filename:KML_tester_base.py-method:_Noise_capacitance-[line:497]- msg:Noise_capacitance <= 0.03- [status:True]
2019-03-21 13:10:31,227 - INFO: 2019-03-21 13:10:31.228000-filename:KML_tester_base.py-method:_Baseline-[line:525]- msg:0.75<baseline<0.9- [status:True]
2019-03-21 13:10:31,227 - INFO: 2019-03-21 13:10:31.228000-filename:KML_tester_base.py-method:_edr_Capacitance-[line:552]- msg:Effective_dynamic_range>=0.25- [status:True]
2019-03-21 13:10:31,259 - INFO: 2019-03-21 13:10:31.259000-filename:KML_tester_base.py-method:_check_accelerated_up-[line:145]- msg:accelerated_up- [status:True]
2019-03-21 13:10:33,163 - INFO: 2019-03-21 13:10:33.163000-filename:KML_garment_tester.py-method:__roll_test_step1-[line:169]- msg:__roll_test_step1 ok- [status:True]
2019-03-21 13:10:39,823 - INFO: 2019-03-21 13:10:39.824000-filename:KML_garment_tester.py-method:__roll_test_step2-[line:204]- msg:__roll_test_step2 ok- [status:True]
2019-03-21 13:10:43,022 - INFO: 2019-03-21 13:10:43.022000-filename:KML_tester_base.py-method:_roll_check_difference-[line:706]- msg:check difference step ok- [status:True]
2019-03-21 13:10:45,236 - INFO: 2019-03-21 13:10:45.237000-filename:KML_garment_tester.py-method:__vibration_move_step1-[line:301]- msg:move to  acc pos=156000 ok- [status:True]
2019-03-21 13:10:48,607 - INFO: 2019-03-21 13:10:48.607000-filename:KML_garment_tester.py-method:__vibration_test_step2-[line:328]- msg:__vibration_test_step2 ok- [status:True]
2019-03-21 13:10:55,282 - INFO: 2019-03-21 13:10:55.283000-filename:KML_tester_base.py-method:__vibration_check-[line:891]- msg:__vibration_check fail- [status:True]
2019-03-21 13:10:58,684 - INFO: 2019-03-21 13:10:58.684000-filename:KML_tester_base.py-method:_accelerated_up-[line:126]- msg:- [status:True]
2019-03-21 13:11:00,040 - INFO: 2019-03-21 13:11:00.041000-filename:KML_garment_tester.py-method:__test_finished_step2-[line:376]- msg:roll moon reset,slave=1 ok- [status:True]
2019-03-21 13:11:01,226 - INFO: 2019-03-21 13:11:01.227000-filename:KML_garment_tester.py-method:__test_finished_step3-[line:399]- msg:__test_finished_step3 ok- [status:True]
2019-03-21 13:11:02,413 - INFO: 2019-03-21 13:11:02.413000-filename:KML_garment_tester.py-method:__test_finished_step4-[line:422]- msg:__test_finished_step4 ok- [status:True]
2019-03-21 13:46:25,757 - ERROR: 2019-03-21 13:46:25.755000-filename:KML_tester_base.py-method:_init_io-[line:961]- msg:IO init fail:checkConnect Exceptioncould not open port 'COM4': WindowsError(2, '\xcf\xb5\xcd\xb3\xd5\xd2\xb2\xbb\xb5\xbd\xd6\xb8\xb6\xa8\xb5\xc4\xce\xc4\xbc\xfe\xa1\xa3')- [status:False]
2019-03-21 13:46:25,759 - ERROR: 2019-03-21 13:46:25.758000-filename:KML_tester_base.py-method:_loadcell-[line:995]- msg:loadcell init fail: do not ports- [status:False]
2019-03-21 13:46:25,759 - ERROR: 2019-03-21 13:46:25.759000-filename:KML_tester_base.py-method:_haptics_probe-[line:1026]- msg:Acc init fail- [status:False]
2019-03-21 13:46:25,759 - ERROR: 2019-03-21 13:46:25.760000-filename:KML_tester_base.py-method:_mcu-[line:1056]- msg:do not ports- [status:False]
2019-03-21 13:46:25,760 - ERROR: 2019-03-21 13:46:25.760000-filename:KML_tester_base.py-method:_moon_motor-[line:1086]- msg:moon init fail- [status:False]
2019-03-21 13:46:25,766 - ERROR: 2019-03-21 13:46:25.766000-filename:KML_tester_base.py-method:_test_finished_step1-[line:1148]- msg:set_accelerated_up fail- [status:False]
2019-03-21 13:48:01,615 - ERROR: 2019-03-21 13:48:01.613000-filename:KML_tester_base.py-method:_init_io-[line:961]- msg:IO init fail:checkConnect Exceptioncould not open port 'COM4': WindowsError(2, '\xcf\xb5\xcd\xb3\xd5\xd2\xb2\xbb\xb5\xbd\xd6\xb8\xb6\xa8\xb5\xc4\xce\xc4\xbc\xfe\xa1\xa3')- [status:False]
2019-03-21 13:48:01,615 - ERROR: 2019-03-21 13:48:01.615000-filename:KML_tester_base.py-method:_loadcell-[line:995]- msg:loadcell init fail: do not ports- [status:False]
2019-03-21 13:48:01,615 - ERROR: 2019-03-21 13:48:01.616000-filename:KML_tester_base.py-method:_haptics_probe-[line:1026]- msg:Acc init fail- [status:False]
2019-03-21 13:48:01,617 - ERROR: 2019-03-21 13:48:01.617000-filename:KML_tester_base.py-method:_mcu-[line:1056]- msg:do not ports- [status:False]
2019-03-21 13:48:01,618 - ERROR: 2019-03-21 13:48:01.618000-filename:KML_tester_base.py-method:_moon_motor-[line:1086]- msg:moon init fail- [status:False]
2019-03-21 13:48:01,619 - ERROR: 2019-03-21 13:48:01.620000-filename:KML_tester_base.py-method:_test_finished_step1-[line:1148]- msg:set_accelerated_up fail- [status:False]
2019-03-21 13:48:39,795 - ERROR: 2019-03-21 13:48:39.794000-filename:KML_tester_base.py-method:_init_io-[line:961]- msg:IO init fail:checkConnect Exceptioncould not open port 'COM4': WindowsError(2, '\xcf\xb5\xcd\xb3\xd5\xd2\xb2\xbb\xb5\xbd\xd6\xb8\xb6\xa8\xb5\xc4\xce\xc4\xbc\xfe\xa1\xa3')- [status:False]
2019-03-21 13:48:39,795 - ERROR: 2019-03-21 13:48:39.795000-filename:KML_tester_base.py-method:_loadcell-[line:995]- msg:loadcell init fail: do not ports- [status:False]
2019-03-21 13:48:39,796 - ERROR: 2019-03-21 13:48:39.795000-filename:KML_tester_base.py-method:_haptics_probe-[line:1026]- msg:Acc init fail- [status:False]
2019-03-21 13:48:39,796 - ERROR: 2019-03-21 13:48:39.796000-filename:KML_tester_base.py-method:_mcu-[line:1056]- msg:do not ports- [status:False]
2019-03-21 13:48:39,796 - ERROR: 2019-03-21 13:48:39.796000-filename:KML_tester_base.py-method:_moon_motor-[line:1086]- msg:moon init fail- [status:False]
2019-03-21 13:48:39,799 - ERROR: 2019-03-21 13:48:39.799000-filename:KML_tester_base.py-method:_test_finished_step1-[line:1148]- msg:set_accelerated_up fail- [status:False]
