2019-05-06 16:21:04,276 - INFO: 2019-05-06 16:21:04.274000-filename:IQC.py-method:_mcu-[line:133]- msg:- [status:True]
2019-05-06 16:21:06,642 - INFO: 2019-05-06 16:21:06.642000-filename:IQC.py-method:_check_dut-[line:350]- msg:ok- [status:True]
2019-05-06 16:21:08,036 - INFO: 2019-05-06 16:21:08.036000-filename:IQC.py-method:_collect_raw_count-[line:390]- msg:collect raw count ok- [status:True]
2019-05-06 16:21:08,038 - INFO: 2019-05-06 16:21:08.038000-filename:IQC.py-method:_Noise_capacitance-[line:417]- msg:Noise_capacitance <= 0.05- [status:True]
2019-05-06 16:21:08,038 - INFO: 2019-05-06 16:21:08.038000-filename:IQC.py-method:_Baseline-[line:448]- msg:0.75<baseline<0.925- [status:True]
2019-05-06 16:21:08,039 - INFO: 2019-05-06 16:21:08.039000-filename:IQC.py-method:_edr_Capacitance-[line:477]- msg:Effective_dynamic_range>=0.0- [status:True]
2019-05-06 16:21:08,040 - ERROR: 2019-05-06 16:21:08.041000-filename:IQC.py-method:Baseline_raw_count-[line:575]- msg:1=<Baseline_raw_count=<11- [status:False]
2019-05-06 16:21:08,151 - ERROR: 2019-05-06 16:21:08.152000-filename:IQC.py-method:vibration_test-[line:214]- msg:test fail- [status:False]
2019-05-06 16:23:39,217 - INFO: 2019-05-06 16:23:39.218000-filename:IQC.py-method:_mcu-[line:133]- msg:- [status:True]
2019-05-06 16:23:41,157 - INFO: 2019-05-06 16:23:41.158000-filename:IQC.py-method:_check_dut-[line:350]- msg:ok- [status:True]
2019-05-06 16:23:42,542 - INFO: 2019-05-06 16:23:42.543000-filename:IQC.py-method:_collect_raw_count-[line:390]- msg:collect raw count ok- [status:True]
2019-05-06 16:23:42,543 - INFO: 2019-05-06 16:23:42.544000-filename:IQC.py-method:_Noise_capacitance-[line:417]- msg:Noise_capacitance <= 0.05- [status:True]
2019-05-06 16:23:42,545 - INFO: 2019-05-06 16:23:42.545000-filename:IQC.py-method:_Baseline-[line:448]- msg:0.75<baseline<0.925- [status:True]
2019-05-06 16:23:42,546 - INFO: 2019-05-06 16:23:42.547000-filename:IQC.py-method:_edr_Capacitance-[line:477]- msg:Effective_dynamic_range>=0.0- [status:True]
2019-05-06 16:23:42,548 - INFO: 2019-05-06 16:23:42.548000-filename:IQC.py-method:Baseline_raw_count-[line:575]- msg:1=<Baseline_raw_count=<11- [status:True]
2019-05-06 16:23:42,828 - INFO: 2019-05-06 16:23:42.829000-filename:IQC.py-method:_open_diff-[line:636]- msg:open difference command ok- [status:True]
2019-05-06 16:23:48,957 - ERROR: 2019-05-06 16:23:48.958000-filename:IQC.py-method:vibration_test-[line:214]- msg:test fail- [status:False]
2019-05-06 16:23:51,384 - INFO: 2019-05-06 16:23:51.384000-filename:IQC.py-method:_check_dut-[line:350]- msg:ok- [status:True]
2019-05-06 16:23:52,773 - INFO: 2019-05-06 16:23:52.774000-filename:IQC.py-method:_collect_raw_count-[line:390]- msg:collect raw count ok- [status:True]
2019-05-06 16:23:52,773 - INFO: 2019-05-06 16:23:52.774000-filename:IQC.py-method:_Noise_capacitance-[line:417]- msg:Noise_capacitance <= 0.05- [status:True]
2019-05-06 16:23:52,776 - INFO: 2019-05-06 16:23:52.776000-filename:IQC.py-method:_Baseline-[line:448]- msg:0.75<baseline<0.925- [status:True]
2019-05-06 16:23:52,778 - INFO: 2019-05-06 16:23:52.778000-filename:IQC.py-method:_edr_Capacitance-[line:477]- msg:Effective_dynamic_range>=0.0- [status:True]
2019-05-06 16:23:52,779 - INFO: 2019-05-06 16:23:52.779000-filename:IQC.py-method:Baseline_raw_count-[line:575]- msg:1=<Baseline_raw_count=<11- [status:True]
2019-05-06 16:23:53,059 - INFO: 2019-05-06 16:23:53.060000-filename:IQC.py-method:_open_diff-[line:636]- msg:open difference command ok- [status:True]
2019-05-06 16:24:00,193 - ERROR: 2019-05-06 16:24:00.193000-filename:IQC.py-method:vibration_test-[line:214]- msg:test fail- [status:False]
2019-05-06 16:24:03,167 - INFO: 2019-05-06 16:24:03.167000-filename:IQC.py-method:_check_dut-[line:350]- msg:ok- [status:True]
2019-05-06 16:24:04,562 - INFO: 2019-05-06 16:24:04.563000-filename:IQC.py-method:_collect_raw_count-[line:390]- msg:collect raw count ok- [status:True]
2019-05-06 16:24:04,565 - ERROR: 2019-05-06 16:24:04.565000-filename:IQC.py-method:_Noise_capacitance-[line:417]- msg:Noise_capacitance > 0.05- [status:False]
2019-05-06 16:24:04,565 - INFO: 2019-05-06 16:24:04.566000-filename:IQC.py-method:_Baseline-[line:448]- msg:0.75<baseline<0.925- [status:True]
2019-05-06 16:24:04,566 - INFO: 2019-05-06 16:24:04.566000-filename:IQC.py-method:_edr_Capacitance-[line:477]- msg:Effective_dynamic_range>=0.0- [status:True]
2019-05-06 16:24:04,568 - INFO: 2019-05-06 16:24:04.568000-filename:IQC.py-method:Baseline_raw_count-[line:575]- msg:1=<Baseline_raw_count=<11- [status:True]
2019-05-06 16:24:04,838 - INFO: 2019-05-06 16:24:04.838000-filename:IQC.py-method:_open_diff-[line:636]- msg:open difference command ok- [status:True]
2019-05-06 16:24:10,986 - ERROR: 2019-05-06 16:24:10.986000-filename:IQC.py-method:vibration_test-[line:214]- msg:test fail- [status:False]
2019-05-06 16:24:16,421 - INFO: 2019-05-06 16:24:16.422000-filename:IQC.py-method:_check_dut-[line:350]- msg:ok- [status:True]
2019-05-06 16:24:17,809 - INFO: 2019-05-06 16:24:17.809000-filename:IQC.py-method:_collect_raw_count-[line:390]- msg:collect raw count ok- [status:True]
2019-05-06 16:24:17,809 - INFO: 2019-05-06 16:24:17.810000-filename:IQC.py-method:_Noise_capacitance-[line:417]- msg:Noise_capacitance <= 0.05- [status:True]
2019-05-06 16:24:17,811 - INFO: 2019-05-06 16:24:17.811000-filename:IQC.py-method:_Baseline-[line:448]- msg:0.75<baseline<0.925- [status:True]
2019-05-06 16:24:17,811 - INFO: 2019-05-06 16:24:17.811000-filename:IQC.py-method:_edr_Capacitance-[line:477]- msg:Effective_dynamic_range>=0.0- [status:True]
2019-05-06 16:24:17,812 - INFO: 2019-05-06 16:24:17.812000-filename:IQC.py-method:Baseline_raw_count-[line:575]- msg:1=<Baseline_raw_count=<11- [status:True]
2019-05-06 16:24:18,084 - INFO: 2019-05-06 16:24:18.084000-filename:IQC.py-method:_open_diff-[line:636]- msg:open difference command ok- [status:True]
2019-05-06 16:24:24,213 - ERROR: 2019-05-06 16:24:24.213000-filename:IQC.py-method:vibration_test-[line:214]- msg:test fail- [status:False]
2019-05-06 16:24:27,025 - INFO: 2019-05-06 16:24:27.025000-filename:IQC.py-method:_check_dut-[line:350]- msg:ok- [status:True]
2019-05-06 16:24:28,423 - INFO: 2019-05-06 16:24:28.423000-filename:IQC.py-method:_collect_raw_count-[line:390]- msg:collect raw count ok- [status:True]
2019-05-06 16:24:28,426 - INFO: 2019-05-06 16:24:28.426000-filename:IQC.py-method:_Noise_capacitance-[line:417]- msg:Noise_capacitance <= 0.05- [status:True]
2019-05-06 16:24:28,427 - INFO: 2019-05-06 16:24:28.427000-filename:IQC.py-method:_Baseline-[line:448]- msg:0.75<baseline<0.925- [status:True]
2019-05-06 16:24:28,427 - INFO: 2019-05-06 16:24:28.427000-filename:IQC.py-method:_edr_Capacitance-[line:477]- msg:Effective_dynamic_range>=0.0- [status:True]
2019-05-06 16:24:28,427 - INFO: 2019-05-06 16:24:28.428000-filename:IQC.py-method:Baseline_raw_count-[line:575]- msg:1=<Baseline_raw_count=<11- [status:True]
2019-05-06 16:24:28,709 - INFO: 2019-05-06 16:24:28.709000-filename:IQC.py-method:_open_diff-[line:636]- msg:open difference command ok- [status:True]
2019-05-06 16:24:35,841 - ERROR: 2019-05-06 16:24:35.841000-filename:IQC.py-method:vibration_test-[line:214]- msg:test fail- [status:False]
2019-05-06 16:24:42,351 - INFO: 2019-05-06 16:24:42.352000-filename:IQC.py-method:_check_dut-[line:350]- msg:ok- [status:True]
2019-05-06 16:24:43,740 - INFO: 2019-05-06 16:24:43.740000-filename:IQC.py-method:_collect_raw_count-[line:390]- msg:collect raw count ok- [status:True]
2019-05-06 16:24:43,740 - ERROR: 2019-05-06 16:24:43.741000-filename:IQC.py-method:_Noise_capacitance-[line:417]- msg:Noise_capacitance > 0.05- [status:False]
2019-05-06 16:24:43,743 - INFO: 2019-05-06 16:24:43.743000-filename:IQC.py-method:_Baseline-[line:448]- msg:0.75<baseline<0.925- [status:True]
2019-05-06 16:24:43,744 - INFO: 2019-05-06 16:24:43.745000-filename:IQC.py-method:_edr_Capacitance-[line:477]- msg:Effective_dynamic_range>=0.0- [status:True]
2019-05-06 16:24:43,746 - INFO: 2019-05-06 16:24:43.746000-filename:IQC.py-method:Baseline_raw_count-[line:575]- msg:1=<Baseline_raw_count=<11- [status:True]
2019-05-06 16:24:44,023 - INFO: 2019-05-06 16:24:44.023000-filename:IQC.py-method:_open_diff-[line:636]- msg:open difference command ok- [status:True]
2019-05-06 16:24:51,154 - ERROR: 2019-05-06 16:24:51.155000-filename:IQC.py-method:vibration_test-[line:214]- msg:test fail- [status:False]
2019-05-06 16:24:54,983 - INFO: 2019-05-06 16:24:54.983000-filename:IQC.py-method:_check_dut-[line:350]- msg:ok- [status:True]
2019-05-06 16:24:56,380 - INFO: 2019-05-06 16:24:56.380000-filename:IQC.py-method:_collect_raw_count-[line:390]- msg:collect raw count ok- [status:True]
2019-05-06 16:24:56,381 - ERROR: 2019-05-06 16:24:56.381000-filename:IQC.py-method:_Noise_capacitance-[line:417]- msg:Noise_capacitance <= 0.05- [status:False]
2019-05-06 16:24:56,382 - INFO: 2019-05-06 16:24:56.383000-filename:IQC.py-method:_Baseline-[line:448]- msg:0.75<baseline<0.925- [status:True]
2019-05-06 16:24:56,384 - INFO: 2019-05-06 16:24:56.383000-filename:IQC.py-method:_edr_Capacitance-[line:477]- msg:Effective_dynamic_range>=0.0- [status:True]
2019-05-06 16:24:56,384 - INFO: 2019-05-06 16:24:56.385000-filename:IQC.py-method:Baseline_raw_count-[line:575]- msg:1=<Baseline_raw_count=<11- [status:True]
2019-05-06 16:24:56,655 - INFO: 2019-05-06 16:24:56.655000-filename:IQC.py-method:_open_diff-[line:636]- msg:open difference command ok- [status:True]
2019-05-06 16:25:02,782 - ERROR: 2019-05-06 16:25:02.783000-filename:IQC.py-method:vibration_test-[line:214]- msg:test fail- [status:False]
2019-05-06 16:25:06,658 - INFO: 2019-05-06 16:25:06.658000-filename:IQC.py-method:_check_dut-[line:350]- msg:ok- [status:True]
2019-05-06 16:25:08,049 - INFO: 2019-05-06 16:25:08.050000-filename:IQC.py-method:_collect_raw_count-[line:390]- msg:collect raw count ok- [status:True]
2019-05-06 16:25:08,051 - ERROR: 2019-05-06 16:25:08.051000-filename:IQC.py-method:_Noise_capacitance-[line:417]- msg:Noise_capacitance <= 0.05- [status:False]
2019-05-06 16:25:08,051 - INFO: 2019-05-06 16:25:08.051000-filename:IQC.py-method:_Baseline-[line:448]- msg:0.75<baseline<0.925- [status:True]
2019-05-06 16:25:08,052 - INFO: 2019-05-06 16:25:08.052000-filename:IQC.py-method:_edr_Capacitance-[line:477]- msg:Effective_dynamic_range>=0.0- [status:True]
2019-05-06 16:25:08,052 - INFO: 2019-05-06 16:25:08.053000-filename:IQC.py-method:Baseline_raw_count-[line:575]- msg:1=<Baseline_raw_count=<11- [status:True]
2019-05-06 16:25:08,328 - INFO: 2019-05-06 16:25:08.328000-filename:IQC.py-method:_open_diff-[line:636]- msg:open difference command ok- [status:True]
2019-05-06 16:25:19,410 - INFO: 2019-05-06 16:25:19.410000-filename:IQC.py-method:vibration_test-[line:289]- msg:vibration test ok- [status:1]
2019-05-06 16:25:19,512 - ERROR: 2019-05-06 16:25:19.512000-filename:IQC.py-method:vibration_test-[line:214]- msg:test fail- [status:False]
2019-05-06 16:25:40,165 - ERROR: 2019-05-06 16:25:40.166000-filename:IQC.py-method:_check_dut-[line:350]- msg:- [status:False]
2019-05-06 16:25:40,280 - ERROR: 2019-05-06 16:25:40.281000-filename:IQC.py-method:vibration_test-[line:214]- msg:test fail- [status:False]
2019-05-06 16:25:55,061 - ERROR: 2019-05-06 16:25:55.061000-filename:IQC.py-method:_check_dut-[line:350]- msg:- [status:False]
2019-05-06 16:25:55,176 - ERROR: 2019-05-06 16:25:55.176000-filename:IQC.py-method:vibration_test-[line:214]- msg:test fail- [status:False]
