2019-03-07 20:27:22,625 - INFO: 2019-03-07 20:27:22.625000-filename:KML_tester_base.py-method:_init_io-[line:488]- msg:IO COM4- [status:True]
2019-03-07 20:27:22,967 - INFO: 2019-03-07 20:27:22.968000-filename:KML_tester_base.py-method:_loadcell-[line:522]- msg:loadcell init OK- [status:True]
2019-03-07 20:27:23,217 - INFO: 2019-03-07 20:27:23.218000-filename:KML_tester_base.py-method:_haptics_probe-[line:553]- msg:Acc init OK- [status:True]
2019-03-07 20:27:23,217 - ERROR: 2019-03-07 20:27:23.218000-filename:KML_tester_base.py-method:_mcu-[line:577]- msg:mcu fail- [status:False]
2019-03-07 20:27:23,279 - INFO: 2019-03-07 20:27:23.280000-filename:KML_tester_base.py-method:_moon_motor-[line:607]- msg:moon init OK- [status:True]
2019-03-07 20:27:23,545 - INFO: 2019-03-07 20:27:23.545000-filename:KML_garment_tester.py-method:__test_finished_step1-[line:413]- msg:- [status:True]
2019-03-07 20:27:23,608 - INFO: 2019-03-07 20:27:23.608000-filename:KML_garment_tester.py-method:reset-[line:20]- msg:down press motor reset OK- [status:True]
2019-03-07 20:27:23,670 - INFO: 2019-03-07 20:27:23.670000-filename:KML_garment_tester.py-method:reset-[line:25]- msg:roll motor reset OK- [status:True]
2019-03-07 20:27:23,809 - INFO: 2019-03-07 20:27:23.810000-filename:KML_garment_tester.py-method:__test_finished_step3-[line:450]- msg:__test_finished_step3 ok- [status:True]
2019-03-07 20:27:23,950 - INFO: 2019-03-07 20:27:23.951000-filename:KML_garment_tester.py-method:__test_finished_step4-[line:473]- msg:__test_finished_step4 ok- [status:True]
2019-03-07 20:28:21,826 - INFO: 2019-03-07 20:28:21.827000-filename:KML_garment_tester.py-method:_test_init-[line:75]- msg:_test_init ok- [status:True]
2019-03-07 20:28:21,951 - INFO: 2019-03-07 20:28:21.952000-filename:KML_tester_base.py-method:_read_dut_info-[line:318]- msg:ok- [status:True]
2019-03-07 20:28:23,355 - INFO: 2019-03-07 20:28:23.356000-filename:KML_tester_base.py-method:_collect_raw_count-[line:351]- msg:collect raw count ok- [status:True]
2019-03-07 20:28:28,191 - INFO: 2019-03-07 20:28:28.192000-filename:KML_garment_tester.py-method:__roll_test_step1-[line:123]- msg:__roll_test_step1 ok- [status:True]
2019-03-07 20:28:42,091 - INFO: 2019-03-07 20:28:42.091000-filename:KML_garment_tester.py-method:__roll_test_step2-[line:158]- msg:__roll_test_step2 ok- [status:True]
2019-03-07 20:28:42,216 - INFO: 2019-03-07 20:28:42.216000-filename:KML_tester_base.py-method:_open_diff-[line:405]- msg:open difference command ok- [status:True]
2019-03-07 20:28:44,696 - INFO: 2019-03-07 20:28:44.696000-filename:KML_tester_base.py-method:_collect_diff_asy-[line:376]- msg:collect difference data ok- [status:True]
2019-03-07 20:28:44,759 - INFO: 2019-03-07 20:28:44.759000-filename:KML_tester_base.py-method:_stop_collect_diff-[line:436]- msg:collect stop- [status:True]
2019-03-07 20:28:45,803 - INFO: 2019-03-07 20:28:45.804000-filename:KML_garment_tester.py-method:__roll_test_step3-[line:197]- msg:__roll_test_step3 ok - [status:True]
2019-03-07 20:28:51,013 - INFO: 2019-03-07 20:28:51.014000-filename:KML_garment_tester.py-method:__roll_test_step4-[line:236]- msg:press moon slave=2 reset ok- [status:True]
2019-03-07 20:28:54,322 - INFO: 2019-03-07 20:28:54.322000-filename:KML_garment_tester.py-method:__vibration_move_step1-[line:267]- msg:move to  acc pos=160000 ok- [status:True]
2019-03-07 20:28:58,704 - INFO: 2019-03-07 20:28:58.705000-filename:KML_garment_tester.py-method:__vibration_test_step2-[line:294]- msg:__vibration_test_step2 ok- [status:True]
2019-03-07 20:29:00,811 - INFO: 2019-03-07 20:29:00.811000-filename:KML_garment_tester.py-method:__vibration_test_step3-[line:356]- msg:__vibration_test_step3 fail- [status:True]
2019-03-07 20:29:11,543 - INFO: 2019-03-07 20:29:11.544000-filename:KML_garment_tester.py-method:__test_finished_step1-[line:413]- msg:- [status:True]
2019-03-07 20:29:14,243 - INFO: 2019-03-07 20:29:14.243000-filename:KML_garment_tester.py-method:__test_finished_step2-[line:427]- msg:roll moon reset,slave=1 ok- [status:True]
2019-03-07 20:29:15,427 - INFO: 2019-03-07 20:29:15.428000-filename:KML_garment_tester.py-method:__test_finished_step3-[line:450]- msg:__test_finished_step3 ok- [status:True]
2019-03-07 20:29:16,630 - INFO: 2019-03-07 20:29:16.630000-filename:KML_garment_tester.py-method:__test_finished_step4-[line:473]- msg:__test_finished_step4 ok- [status:True]
2019-03-07 20:30:57,913 - INFO: 2019-03-07 20:30:57.913000-filename:KML_tester_base.py-method:_init_io-[line:488]- msg:IO COM4- [status:True]
2019-03-07 20:30:58,256 - INFO: 2019-03-07 20:30:58.256000-filename:KML_tester_base.py-method:_loadcell-[line:522]- msg:loadcell init OK- [status:True]
2019-03-07 20:30:58,459 - INFO: 2019-03-07 20:30:58.459000-filename:KML_tester_base.py-method:_haptics_probe-[line:553]- msg:Acc init OK- [status:True]
2019-03-07 20:30:58,459 - ERROR: 2019-03-07 20:30:58.459000-filename:KML_tester_base.py-method:_mcu-[line:577]- msg:mcu fail- [status:False]
2019-03-07 20:30:58,520 - INFO: 2019-03-07 20:30:58.521000-filename:KML_tester_base.py-method:_moon_motor-[line:607]- msg:moon init OK- [status:True]
2019-03-07 20:30:58,770 - INFO: 2019-03-07 20:30:58.771000-filename:KML_garment_tester.py-method:__test_finished_step1-[line:413]- msg:- [status:True]
2019-03-07 20:30:58,818 - INFO: 2019-03-07 20:30:58.818000-filename:KML_garment_tester.py-method:reset-[line:20]- msg:down press motor reset OK- [status:True]
2019-03-07 20:30:58,880 - INFO: 2019-03-07 20:30:58.880000-filename:KML_garment_tester.py-method:reset-[line:25]- msg:roll motor reset OK- [status:True]
2019-03-07 20:30:59,036 - INFO: 2019-03-07 20:30:59.036000-filename:KML_garment_tester.py-method:__test_finished_step3-[line:450]- msg:__test_finished_step3 ok- [status:True]
2019-03-07 20:30:59,176 - INFO: 2019-03-07 20:30:59.176000-filename:KML_garment_tester.py-method:__test_finished_step4-[line:473]- msg:__test_finished_step4 ok- [status:True]
2019-03-07 20:31:22,497 - INFO: 2019-03-07 20:31:22.498000-filename:KML_garment_tester.py-method:_test_init-[line:75]- msg:_test_init ok- [status:True]
2019-03-07 20:31:22,622 - INFO: 2019-03-07 20:31:22.623000-filename:KML_tester_base.py-method:_read_dut_info-[line:318]- msg:ok- [status:True]
2019-03-07 20:31:24,058 - INFO: 2019-03-07 20:31:24.058000-filename:KML_tester_base.py-method:_collect_raw_count-[line:351]- msg:collect raw count ok- [status:True]
2019-03-07 20:31:28,785 - INFO: 2019-03-07 20:31:28.785000-filename:KML_garment_tester.py-method:__roll_test_step1-[line:123]- msg:__roll_test_step1 ok- [status:True]
2019-03-07 20:31:42,621 - INFO: 2019-03-07 20:31:42.622000-filename:KML_garment_tester.py-method:__roll_test_step2-[line:158]- msg:__roll_test_step2 ok- [status:True]
2019-03-07 20:31:42,746 - INFO: 2019-03-07 20:31:42.747000-filename:KML_tester_base.py-method:_open_diff-[line:405]- msg:open difference command ok- [status:True]
2019-03-07 20:31:45,243 - INFO: 2019-03-07 20:31:45.243000-filename:KML_tester_base.py-method:_collect_diff_asy-[line:376]- msg:collect difference data ok- [status:True]
2019-03-07 20:31:45,289 - INFO: 2019-03-07 20:31:45.290000-filename:KML_tester_base.py-method:_stop_collect_diff-[line:436]- msg:collect stop- [status:True]
2019-03-07 20:31:46,335 - INFO: 2019-03-07 20:31:46.335000-filename:KML_garment_tester.py-method:__roll_test_step3-[line:197]- msg:__roll_test_step3 ok - [status:True]
2019-03-07 20:31:51,529 - INFO: 2019-03-07 20:31:51.530000-filename:KML_garment_tester.py-method:__roll_test_step4-[line:236]- msg:press moon slave=2 reset ok- [status:True]
2019-03-07 20:31:54,805 - INFO: 2019-03-07 20:31:54.806000-filename:KML_garment_tester.py-method:__vibration_move_step1-[line:267]- msg:move to  acc pos=160000 ok- [status:True]
2019-03-07 20:31:58,176 - INFO: 2019-03-07 20:31:58.176000-filename:KML_garment_tester.py-method:__vibration_test_step2-[line:294]- msg:__vibration_test_step2 ok- [status:True]
2019-03-07 20:32:00,359 - INFO: 2019-03-07 20:32:00.344000-filename:KML_garment_tester.py-method:__vibration_test_step3-[line:356]- msg:__vibration_test_step3 fail- [status:True]
2019-03-07 20:32:03,759 - INFO: 2019-03-07 20:32:03.760000-filename:KML_garment_tester.py-method:__test_finished_step1-[line:413]- msg:- [status:True]
2019-03-07 20:32:06,444 - INFO: 2019-03-07 20:32:06.444000-filename:KML_garment_tester.py-method:__test_finished_step2-[line:427]- msg:roll moon reset,slave=1 ok- [status:True]
2019-03-07 20:32:07,644 - INFO: 2019-03-07 20:32:07.645000-filename:KML_garment_tester.py-method:__test_finished_step3-[line:450]- msg:__test_finished_step3 ok- [status:True]
2019-03-07 20:32:08,845 - INFO: 2019-03-07 20:32:08.846000-filename:KML_garment_tester.py-method:__test_finished_step4-[line:473]- msg:__test_finished_step4 ok- [status:True]
2019-03-07 21:35:31,279 - INFO: 2019-03-07 21:35:31.280000-filename:KML_tester_base.py-method:_init_io-[line:488]- msg:IO COM4- [status:True]
2019-03-07 21:35:31,608 - INFO: 2019-03-07 21:35:31.608000-filename:KML_tester_base.py-method:_loadcell-[line:522]- msg:loadcell init OK- [status:True]
2019-03-07 21:35:31,763 - INFO: 2019-03-07 21:35:31.764000-filename:KML_tester_base.py-method:_haptics_probe-[line:553]- msg:Acc init OK- [status:True]
2019-03-07 21:35:31,763 - ERROR: 2019-03-07 21:35:31.764000-filename:KML_tester_base.py-method:_mcu-[line:577]- msg:mcu fail- [status:False]
2019-03-07 21:35:31,811 - INFO: 2019-03-07 21:35:31.811000-filename:KML_tester_base.py-method:_moon_motor-[line:607]- msg:moon init OK- [status:True]
2019-03-07 21:35:32,059 - INFO: 2019-03-07 21:35:32.060000-filename:KML_garment_tester.py-method:__test_finished_step1-[line:413]- msg:- [status:True]
2019-03-07 21:35:32,122 - INFO: 2019-03-07 21:35:32.123000-filename:KML_garment_tester.py-method:reset-[line:20]- msg:down press motor reset OK- [status:True]
2019-03-07 21:35:32,184 - INFO: 2019-03-07 21:35:32.185000-filename:KML_garment_tester.py-method:reset-[line:25]- msg:roll motor reset OK- [status:True]
2019-03-07 21:35:32,341 - INFO: 2019-03-07 21:35:32.341000-filename:KML_garment_tester.py-method:__test_finished_step3-[line:450]- msg:__test_finished_step3 ok- [status:True]
2019-03-07 21:35:32,482 - INFO: 2019-03-07 21:35:32.482000-filename:KML_garment_tester.py-method:__test_finished_step4-[line:473]- msg:__test_finished_step4 ok- [status:True]
2019-03-07 21:35:57,690 - INFO: 2019-03-07 21:35:57.691000-filename:KML_garment_tester.py-method:_test_init-[line:75]- msg:_test_init ok- [status:True]
2019-03-07 21:35:57,815 - INFO: 2019-03-07 21:35:57.816000-filename:KML_tester_base.py-method:_read_dut_info-[line:318]- msg:ok- [status:True]
2019-03-07 21:35:59,203 - ERROR: 2019-03-07 21:35:59.204000-filename:KML_tester_base.py-method:_collect_raw_count-[line:351]- msg:no ran count data- [status:False]
2019-03-07 21:35:59,203 - ERROR: 2019-03-07 21:35:59.204000-filename:KML_tester_base.py-method:start_test-[line:234]- msg:test fail, start reset- [status:False]
2019-03-07 21:35:59,453 - INFO: 2019-03-07 21:35:59.454000-filename:KML_garment_tester.py-method:__test_finished_step1-[line:413]- msg:- [status:True]
2019-03-07 21:35:59,516 - INFO: 2019-03-07 21:35:59.516000-filename:KML_garment_tester.py-method:reset-[line:20]- msg:down press motor reset OK- [status:True]
2019-03-07 21:35:59,578 - INFO: 2019-03-07 21:35:59.579000-filename:KML_garment_tester.py-method:reset-[line:25]- msg:roll motor reset OK- [status:True]
2019-03-07 21:36:00,763 - INFO: 2019-03-07 21:36:00.764000-filename:KML_garment_tester.py-method:__test_finished_step3-[line:450]- msg:__test_finished_step3 ok- [status:True]
2019-03-07 21:36:01,950 - INFO: 2019-03-07 21:36:01.950000-filename:KML_garment_tester.py-method:__test_finished_step4-[line:473]- msg:__test_finished_step4 ok- [status:True]
2019-03-07 21:36:40,934 - INFO: 2019-03-07 21:36:40.934000-filename:KML_garment_tester.py-method:_test_init-[line:75]- msg:_test_init ok- [status:True]
2019-03-07 21:36:41,059 - INFO: 2019-03-07 21:36:41.059000-filename:KML_tester_base.py-method:_read_dut_info-[line:318]- msg:ok- [status:True]
2019-03-07 21:36:42,447 - ERROR: 2019-03-07 21:36:42.448000-filename:KML_tester_base.py-method:_collect_raw_count-[line:351]- msg:no ran count data- [status:False]
2019-03-07 21:36:42,447 - ERROR: 2019-03-07 21:36:42.448000-filename:KML_tester_base.py-method:start_test-[line:234]- msg:test fail, start reset- [status:False]
2019-03-07 21:36:42,697 - INFO: 2019-03-07 21:36:42.697000-filename:KML_garment_tester.py-method:__test_finished_step1-[line:413]- msg:- [status:True]
2019-03-07 21:36:42,759 - INFO: 2019-03-07 21:36:42.760000-filename:KML_garment_tester.py-method:reset-[line:20]- msg:down press motor reset OK- [status:True]
2019-03-07 21:36:42,822 - INFO: 2019-03-07 21:36:42.822000-filename:KML_garment_tester.py-method:reset-[line:25]- msg:roll motor reset OK- [status:True]
2019-03-07 21:36:44,023 - INFO: 2019-03-07 21:36:44.023000-filename:KML_garment_tester.py-method:__test_finished_step3-[line:450]- msg:__test_finished_step3 ok- [status:True]
2019-03-07 21:36:45,209 - INFO: 2019-03-07 21:36:45.209000-filename:KML_garment_tester.py-method:__test_finished_step4-[line:473]- msg:__test_finished_step4 ok- [status:True]
2019-03-07 21:38:51,026 - INFO: 2019-03-07 21:38:51.027000-filename:KML_tester_base.py-method:_init_io-[line:488]- msg:IO COM4- [status:True]
2019-03-07 21:38:51,354 - INFO: 2019-03-07 21:38:51.354000-filename:KML_tester_base.py-method:_loadcell-[line:522]- msg:loadcell init OK- [status:True]
2019-03-07 21:38:51,526 - INFO: 2019-03-07 21:38:51.526000-filename:KML_tester_base.py-method:_haptics_probe-[line:553]- msg:Acc init OK- [status:True]
2019-03-07 21:38:51,526 - ERROR: 2019-03-07 21:38:51.526000-filename:KML_tester_base.py-method:_mcu-[line:577]- msg:mcu fail- [status:False]
2019-03-07 21:38:51,604 - INFO: 2019-03-07 21:38:51.604000-filename:KML_tester_base.py-method:_moon_motor-[line:607]- msg:moon init OK- [status:True]
2019-03-07 21:38:51,854 - INFO: 2019-03-07 21:38:51.854000-filename:KML_garment_tester.py-method:__test_finished_step1-[line:413]- msg:- [status:True]
2019-03-07 21:38:51,915 - INFO: 2019-03-07 21:38:51.916000-filename:KML_garment_tester.py-method:reset-[line:20]- msg:down press motor reset OK- [status:True]
2019-03-07 21:38:51,977 - INFO: 2019-03-07 21:38:51.978000-filename:KML_garment_tester.py-method:reset-[line:25]- msg:roll motor reset OK- [status:True]
2019-03-07 21:38:52,118 - INFO: 2019-03-07 21:38:52.119000-filename:KML_garment_tester.py-method:__test_finished_step3-[line:450]- msg:__test_finished_step3 ok- [status:True]
2019-03-07 21:38:52,259 - INFO: 2019-03-07 21:38:52.259000-filename:KML_garment_tester.py-method:__test_finished_step4-[line:473]- msg:__test_finished_step4 ok- [status:True]
2019-03-07 21:39:12,523 - INFO: 2019-03-07 21:39:12.524000-filename:KML_garment_tester.py-method:_test_init-[line:75]- msg:_test_init ok- [status:True]
2019-03-07 21:39:12,648 - INFO: 2019-03-07 21:39:12.648000-filename:KML_tester_base.py-method:_read_dut_info-[line:318]- msg:ok- [status:True]
2019-03-07 21:40:16,749 - ERROR: 2019-03-07 21:40:16.749000-filename:KML_tester_base.py-method:_collect_raw_count-[line:351]- msg:no ran count data- [status:False]
2019-03-07 21:40:16,749 - ERROR: 2019-03-07 21:40:16.749000-filename:KML_tester_base.py-method:start_test-[line:234]- msg:test fail, start reset- [status:False]
2019-03-07 21:40:16,997 - INFO: 2019-03-07 21:40:16.998000-filename:KML_garment_tester.py-method:__test_finished_step1-[line:413]- msg:- [status:True]
2019-03-07 21:40:17,045 - INFO: 2019-03-07 21:40:17.045000-filename:KML_garment_tester.py-method:reset-[line:20]- msg:down press motor reset OK- [status:True]
2019-03-07 21:40:17,122 - INFO: 2019-03-07 21:40:17.123000-filename:KML_garment_tester.py-method:reset-[line:25]- msg:roll motor reset OK- [status:True]
2019-03-07 21:40:18,309 - INFO: 2019-03-07 21:40:18.309000-filename:KML_garment_tester.py-method:__test_finished_step3-[line:450]- msg:__test_finished_step3 ok- [status:True]
2019-03-07 21:40:19,493 - INFO: 2019-03-07 21:40:19.494000-filename:KML_garment_tester.py-method:__test_finished_step4-[line:473]- msg:__test_finished_step4 ok- [status:True]
2019-03-07 21:43:01,562 - INFO: 2019-03-07 21:43:01.563000-filename:KML_tester_base.py-method:_init_io-[line:488]- msg:IO COM4- [status:True]
2019-03-07 21:43:01,905 - INFO: 2019-03-07 21:43:01.906000-filename:KML_tester_base.py-method:_loadcell-[line:522]- msg:loadcell init OK- [status:True]
2019-03-07 21:43:02,092 - INFO: 2019-03-07 21:43:02.093000-filename:KML_tester_base.py-method:_haptics_probe-[line:553]- msg:Acc init OK- [status:True]
2019-03-07 21:43:02,092 - ERROR: 2019-03-07 21:43:02.093000-filename:KML_tester_base.py-method:_mcu-[line:577]- msg:mcu fail- [status:False]
2019-03-07 21:43:02,140 - INFO: 2019-03-07 21:43:02.140000-filename:KML_tester_base.py-method:_moon_motor-[line:607]- msg:moon init OK- [status:True]
2019-03-07 21:43:02,404 - INFO: 2019-03-07 21:43:02.405000-filename:KML_garment_tester.py-method:__test_finished_step1-[line:413]- msg:- [status:True]
2019-03-07 21:43:02,467 - INFO: 2019-03-07 21:43:02.468000-filename:KML_garment_tester.py-method:reset-[line:20]- msg:down press motor reset OK- [status:True]
2019-03-07 21:43:02,529 - INFO: 2019-03-07 21:43:02.530000-filename:KML_garment_tester.py-method:reset-[line:25]- msg:roll motor reset OK- [status:True]
2019-03-07 21:43:02,670 - INFO: 2019-03-07 21:43:02.670000-filename:KML_garment_tester.py-method:__test_finished_step3-[line:450]- msg:__test_finished_step3 ok- [status:True]
2019-03-07 21:43:02,811 - INFO: 2019-03-07 21:43:02.811000-filename:KML_garment_tester.py-method:__test_finished_step4-[line:473]- msg:__test_finished_step4 ok- [status:True]
2019-03-07 21:43:31,717 - INFO: 2019-03-07 21:43:31.718000-filename:KML_garment_tester.py-method:_test_init-[line:75]- msg:_test_init ok- [status:True]
2019-03-07 21:43:31,842 - INFO: 2019-03-07 21:43:31.842000-filename:KML_tester_base.py-method:_read_dut_info-[line:318]- msg:ok- [status:True]
2019-03-07 21:43:33,230 - ERROR: 2019-03-07 21:43:33.231000-filename:KML_tester_base.py-method:_collect_raw_count-[line:351]- msg:'RcmdInfo' object has no attribute 'HFCLK_Frequency'- [status:False]
2019-03-07 21:43:33,230 - ERROR: 2019-03-07 21:43:33.231000-filename:KML_tester_base.py-method:start_test-[line:234]- msg:test fail, start reset- [status:False]
2019-03-07 21:43:33,480 - INFO: 2019-03-07 21:43:33.480000-filename:KML_garment_tester.py-method:__test_finished_step1-[line:413]- msg:- [status:True]
2019-03-07 21:43:33,526 - INFO: 2019-03-07 21:43:33.527000-filename:KML_garment_tester.py-method:reset-[line:20]- msg:down press motor reset OK- [status:True]
2019-03-07 21:43:33,605 - INFO: 2019-03-07 21:43:33.590000-filename:KML_garment_tester.py-method:reset-[line:25]- msg:roll motor reset OK- [status:True]
2019-03-07 21:43:34,805 - INFO: 2019-03-07 21:43:34.806000-filename:KML_garment_tester.py-method:__test_finished_step3-[line:450]- msg:__test_finished_step3 ok- [status:True]
2019-03-07 21:43:35,992 - INFO: 2019-03-07 21:43:35.992000-filename:KML_garment_tester.py-method:__test_finished_step4-[line:473]- msg:__test_finished_step4 ok- [status:True]
2019-03-07 21:45:01,184 - INFO: 2019-03-07 21:45:01.184000-filename:KML_tester_base.py-method:_init_io-[line:488]- msg:IO COM4- [status:True]
2019-03-07 21:45:01,526 - INFO: 2019-03-07 21:45:01.527000-filename:KML_tester_base.py-method:_loadcell-[line:522]- msg:loadcell init OK- [status:True]
2019-03-07 21:45:01,713 - INFO: 2019-03-07 21:45:01.714000-filename:KML_tester_base.py-method:_haptics_probe-[line:553]- msg:Acc init OK- [status:True]
2019-03-07 21:45:01,713 - ERROR: 2019-03-07 21:45:01.714000-filename:KML_tester_base.py-method:_mcu-[line:577]- msg:mcu fail- [status:False]
2019-03-07 21:45:01,776 - INFO: 2019-03-07 21:45:01.776000-filename:KML_tester_base.py-method:_moon_motor-[line:607]- msg:moon init OK- [status:True]
2019-03-07 21:45:02,042 - INFO: 2019-03-07 21:45:02.042000-filename:KML_garment_tester.py-method:__test_finished_step1-[line:413]- msg:- [status:True]
2019-03-07 21:45:02,104 - INFO: 2019-03-07 21:45:02.104000-filename:KML_garment_tester.py-method:reset-[line:20]- msg:down press motor reset OK- [status:True]
2019-03-07 21:45:02,165 - INFO: 2019-03-07 21:45:02.166000-filename:KML_garment_tester.py-method:reset-[line:25]- msg:roll motor reset OK- [status:True]
2019-03-07 21:45:02,306 - INFO: 2019-03-07 21:45:02.307000-filename:KML_garment_tester.py-method:__test_finished_step3-[line:450]- msg:__test_finished_step3 ok- [status:True]
2019-03-07 21:45:02,447 - INFO: 2019-03-07 21:45:02.447000-filename:KML_garment_tester.py-method:__test_finished_step4-[line:473]- msg:__test_finished_step4 ok- [status:True]
2019-03-07 21:45:23,242 - INFO: 2019-03-07 21:45:23.242000-filename:KML_garment_tester.py-method:_test_init-[line:75]- msg:_test_init ok- [status:True]
2019-03-07 21:45:23,367 - INFO: 2019-03-07 21:45:23.367000-filename:KML_tester_base.py-method:_read_dut_info-[line:318]- msg:ok- [status:True]
2019-03-07 21:46:15,677 - ERROR: 2019-03-07 21:46:15.678000-filename:KML_tester_base.py-method:_collect_raw_count-[line:351]- msg:'RcmdInfo' object has no attribute 'HFCLK_Frequency'- [status:False]
2019-03-07 21:46:30,295 - ERROR: 2019-03-07 21:46:30.295000-filename:KML_tester_base.py-method:start_test-[line:234]- msg:test fail, start reset- [status:False]
2019-03-07 21:46:30,545 - INFO: 2019-03-07 21:46:30.545000-filename:KML_garment_tester.py-method:__test_finished_step1-[line:413]- msg:- [status:True]
2019-03-07 21:46:30,592 - INFO: 2019-03-07 21:46:30.592000-filename:KML_garment_tester.py-method:reset-[line:20]- msg:down press motor reset OK- [status:True]
2019-03-07 21:46:30,654 - INFO: 2019-03-07 21:46:30.654000-filename:KML_garment_tester.py-method:reset-[line:25]- msg:roll motor reset OK- [status:True]
2019-03-07 21:46:31,855 - INFO: 2019-03-07 21:46:31.855000-filename:KML_garment_tester.py-method:__test_finished_step3-[line:450]- msg:__test_finished_step3 ok- [status:True]
2019-03-07 21:46:33,040 - INFO: 2019-03-07 21:46:33.041000-filename:KML_garment_tester.py-method:__test_finished_step4-[line:473]- msg:__test_finished_step4 ok- [status:True]
2019-03-07 21:46:44,740 - INFO: 2019-03-07 21:46:44.741000-filename:KML_garment_tester.py-method:_test_init-[line:75]- msg:_test_init ok- [status:True]
2019-03-07 21:46:44,865 - INFO: 2019-03-07 21:46:44.866000-filename:KML_tester_base.py-method:_read_dut_info-[line:318]- msg:ok- [status:True]
2019-03-07 21:58:03,964 - INFO: 2019-03-07 21:58:03.965000-filename:KML_tester_base.py-method:_init_io-[line:488]- msg:IO COM4- [status:True]
2019-03-07 21:58:04,308 - INFO: 2019-03-07 21:58:04.308000-filename:KML_tester_base.py-method:_loadcell-[line:522]- msg:loadcell init OK- [status:True]
2019-03-07 21:58:04,480 - INFO: 2019-03-07 21:58:04.480000-filename:KML_tester_base.py-method:_haptics_probe-[line:553]- msg:Acc init OK- [status:True]
2019-03-07 21:58:04,480 - ERROR: 2019-03-07 21:58:04.480000-filename:KML_tester_base.py-method:_mcu-[line:577]- msg:mcu fail- [status:False]
2019-03-07 21:58:04,526 - INFO: 2019-03-07 21:58:04.527000-filename:KML_tester_base.py-method:_moon_motor-[line:607]- msg:moon init OK- [status:True]
2019-03-07 21:58:04,792 - INFO: 2019-03-07 21:58:04.792000-filename:KML_garment_tester.py-method:__test_finished_step1-[line:413]- msg:- [status:True]
2019-03-07 21:58:04,854 - INFO: 2019-03-07 21:58:04.854000-filename:KML_garment_tester.py-method:reset-[line:20]- msg:down press motor reset OK- [status:True]
2019-03-07 21:58:04,917 - INFO: 2019-03-07 21:58:04.917000-filename:KML_garment_tester.py-method:reset-[line:25]- msg:roll motor reset OK- [status:True]
2019-03-07 21:58:07,163 - INFO: 2019-03-07 21:58:07.163000-filename:KML_garment_tester.py-method:__test_finished_step3-[line:450]- msg:__test_finished_step3 ok- [status:True]
2019-03-07 21:58:08,348 - INFO: 2019-03-07 21:58:08.349000-filename:KML_garment_tester.py-method:__test_finished_step4-[line:473]- msg:__test_finished_step4 ok- [status:True]
2019-03-07 21:58:28,161 - INFO: 2019-03-07 21:58:28.161000-filename:KML_garment_tester.py-method:_test_init-[line:75]- msg:_test_init ok- [status:True]
2019-03-07 21:58:28,286 - INFO: 2019-03-07 21:58:28.286000-filename:KML_tester_base.py-method:_read_dut_info-[line:318]- msg:ok- [status:True]
2019-03-07 21:58:29,720 - INFO: 2019-03-07 21:58:29.721000-filename:KML_tester_base.py-method:_collect_raw_count-[line:351]- msg:collect raw count ok- [status:True]
2019-03-07 21:58:34,556 - INFO: 2019-03-07 21:58:34.557000-filename:KML_garment_tester.py-method:__roll_test_step1-[line:123]- msg:__roll_test_step1 ok- [status:True]
2019-03-07 21:58:48,628 - INFO: 2019-03-07 21:58:48.628000-filename:KML_garment_tester.py-method:__roll_test_step2-[line:158]- msg:__roll_test_step2 ok- [status:True]
2019-03-07 21:58:48,753 - INFO: 2019-03-07 21:58:48.753000-filename:KML_tester_base.py-method:_open_diff-[line:405]- msg:open difference command ok- [status:True]
2019-03-07 21:58:51,233 - INFO: 2019-03-07 21:58:51.233000-filename:KML_tester_base.py-method:_collect_diff_asy-[line:376]- msg:collect difference data ok- [status:True]
2019-03-07 21:58:51,279 - INFO: 2019-03-07 21:58:51.280000-filename:KML_tester_base.py-method:_stop_collect_diff-[line:436]- msg:collect stop- [status:True]
2019-03-07 21:58:52,293 - ERROR: 2019-03-07 21:58:52.294000-filename:KML_garment_tester.py-method:__roll_test_step3-[line:197]- msg:'TcmdInfo' object has no attribute 'Modulation_IDAC_Value'- [status:False]
2019-03-07 21:58:52,293 - ERROR: 2019-03-07 21:58:52.294000-filename:KML_tester_base.py-method:start_test-[line:234]- msg:test fail, start reset- [status:False]
2019-03-07 21:58:52,543 - INFO: 2019-03-07 21:58:52.544000-filename:KML_garment_tester.py-method:__test_finished_step1-[line:413]- msg:- [status:True]
2019-03-07 21:58:52,589 - INFO: 2019-03-07 21:58:52.590000-filename:KML_garment_tester.py-method:reset-[line:20]- msg:down press motor reset OK- [status:True]
2019-03-07 21:58:52,653 - INFO: 2019-03-07 21:58:52.653000-filename:KML_garment_tester.py-method:reset-[line:25]- msg:roll motor reset OK- [status:True]
2019-03-07 21:58:53,854 - INFO: 2019-03-07 21:58:53.854000-filename:KML_garment_tester.py-method:__test_finished_step3-[line:450]- msg:__test_finished_step3 ok- [status:True]
2019-03-07 21:58:55,039 - INFO: 2019-03-07 21:58:55.040000-filename:KML_garment_tester.py-method:__test_finished_step4-[line:473]- msg:__test_finished_step4 ok- [status:True]
2019-03-07 22:02:41,342 - INFO: 2019-03-07 22:02:41.343000-filename:KML_tester_base.py-method:_init_io-[line:488]- msg:IO COM4- [status:True]
2019-03-07 22:02:41,671 - INFO: 2019-03-07 22:02:41.671000-filename:KML_tester_base.py-method:_loadcell-[line:522]- msg:loadcell init OK- [status:True]
2019-03-07 22:02:41,888 - INFO: 2019-03-07 22:02:41.889000-filename:KML_tester_base.py-method:_haptics_probe-[line:553]- msg:Acc init OK- [status:True]
2019-03-07 22:02:41,888 - ERROR: 2019-03-07 22:02:41.889000-filename:KML_tester_base.py-method:_mcu-[line:577]- msg:mcu fail- [status:False]
2019-03-07 22:02:41,950 - INFO: 2019-03-07 22:02:41.951000-filename:KML_tester_base.py-method:_moon_motor-[line:607]- msg:moon init OK- [status:True]
2019-03-07 22:02:42,217 - INFO: 2019-03-07 22:02:42.217000-filename:KML_garment_tester.py-method:__test_finished_step1-[line:413]- msg:- [status:True]
2019-03-07 22:02:42,263 - INFO: 2019-03-07 22:02:42.263000-filename:KML_garment_tester.py-method:reset-[line:20]- msg:down press motor reset OK- [status:True]
2019-03-07 22:02:42,341 - INFO: 2019-03-07 22:02:42.341000-filename:KML_garment_tester.py-method:reset-[line:25]- msg:roll motor reset OK- [status:True]
2019-03-07 22:02:42,482 - INFO: 2019-03-07 22:02:42.482000-filename:KML_garment_tester.py-method:__test_finished_step3-[line:450]- msg:__test_finished_step3 ok- [status:True]
2019-03-07 22:02:42,621 - INFO: 2019-03-07 22:02:42.622000-filename:KML_garment_tester.py-method:__test_finished_step4-[line:473]- msg:__test_finished_step4 ok- [status:True]
2019-03-07 22:03:02,153 - INFO: 2019-03-07 22:03:02.153000-filename:KML_garment_tester.py-method:_test_init-[line:75]- msg:_test_init ok- [status:True]
2019-03-07 22:03:02,278 - INFO: 2019-03-07 22:03:02.278000-filename:KML_tester_base.py-method:_read_dut_info-[line:318]- msg:ok- [status:True]
2019-03-07 22:03:03,713 - INFO: 2019-03-07 22:03:03.713000-filename:KML_tester_base.py-method:_collect_raw_count-[line:351]- msg:collect raw count ok- [status:True]
2019-03-07 22:03:08,440 - INFO: 2019-03-07 22:03:08.440000-filename:KML_garment_tester.py-method:__roll_test_step1-[line:123]- msg:__roll_test_step1 ok- [status:True]
2019-03-07 22:03:22,417 - INFO: 2019-03-07 22:03:22.418000-filename:KML_garment_tester.py-method:__roll_test_step2-[line:158]- msg:__roll_test_step2 ok- [status:True]
2019-03-07 22:03:22,542 - INFO: 2019-03-07 22:03:22.543000-filename:KML_tester_base.py-method:_open_diff-[line:405]- msg:open difference command ok- [status:True]
2019-03-07 22:03:25,023 - INFO: 2019-03-07 22:03:25.023000-filename:KML_tester_base.py-method:_collect_diff_asy-[line:376]- msg:collect difference data ok- [status:True]
2019-03-07 22:03:25,085 - INFO: 2019-03-07 22:03:25.085000-filename:KML_tester_base.py-method:_stop_collect_diff-[line:436]- msg:collect stop- [status:True]
2019-03-07 22:03:26,131 - INFO: 2019-03-07 22:03:26.131000-filename:KML_garment_tester.py-method:__roll_test_step3-[line:197]- msg:__roll_test_step3 ok - [status:True]
2019-03-07 22:03:31,309 - INFO: 2019-03-07 22:03:31.310000-filename:KML_garment_tester.py-method:__roll_test_step4-[line:236]- msg:press moon slave=2 reset ok- [status:True]
2019-03-07 22:03:34,601 - INFO: 2019-03-07 22:03:34.601000-filename:KML_garment_tester.py-method:__vibration_move_step1-[line:267]- msg:move to  acc pos=160000 ok- [status:True]
2019-03-07 22:03:46,332 - ERROR: 2019-03-07 22:03:46.333000-filename:KML_garment_tester.py-method:__vibration_test_step2-[line:294]- msg:get_accelerated_down fail- [status:False]
2019-03-07 22:03:46,582 - INFO: 2019-03-07 22:03:46.582000-filename:KML_garment_tester.py-method:__test_finished_step1-[line:413]- msg:- [status:True]
2019-03-07 22:03:49,265 - INFO: 2019-03-07 22:03:49.265000-filename:KML_garment_tester.py-method:__test_finished_step2-[line:427]- msg:roll moon reset,slave=1 ok- [status:True]
2019-03-07 22:03:50,450 - INFO: 2019-03-07 22:03:50.451000-filename:KML_garment_tester.py-method:__test_finished_step3-[line:450]- msg:__test_finished_step3 ok- [status:True]
2019-03-07 22:03:51,637 - INFO: 2019-03-07 22:03:51.637000-filename:KML_garment_tester.py-method:__test_finished_step4-[line:473]- msg:__test_finished_step4 ok- [status:True]
