2019-05-03 08:38:09,933 - INFO: 2019-05-03 08:38:09.923000-filename:IQC.py-method:_mcu-[line:133]- msg:- [status:True]
2019-05-03 08:38:11,293 - ERROR: 2019-05-03 08:38:11.294000-filename:IQC.py-method:_check_dut->mcu_com.init()-[line:315]- msg:port open fail: could not open port 'COM9': WindowsError(2, '\xcf\xb5\xcd\xb3\xd5\xd2\xb2\xbb\xb5\xbd\xd6\xb8\xb6\xa8\xb5\xc4\xce\xc4\xbc\xfe\xa1\xa3')- [status:False]
2019-05-03 08:38:11,293 - ERROR: 2019-05-03 08:38:11.294000-filename:IQC.py-method:_check_dut-[line:342]- msg:port open fail: could not open port 'COM9': WindowsError(2, '\xcf\xb5\xcd\xb3\xd5\xd2\xb2\xbb\xb5\xbd\xd6\xb8\xb6\xa8\xb5\xc4\xce\xc4\xbc\xfe\xa1\xa3')- [status:False]
2019-05-03 08:38:11,293 - ERROR: 2019-05-03 08:38:11.294000-filename:IQC.py-method:vibration_test-[line:205]- msg:test fail- [status:False]
2019-05-03 08:38:23,010 - INFO: 2019-05-03 08:38:23.011000-filename:IQC.py-method:_check_dut-[line:342]- msg:ok- [status:True]
2019-05-03 08:38:24,424 - INFO: 2019-05-03 08:38:24.424000-filename:IQC.py-method:_collect_raw_count-[line:382]- msg:collect raw count ok- [status:True]
2019-05-03 08:38:24,424 - INFO: 2019-05-03 08:38:24.424000-filename:IQC.py-method:_Noise_capacitance-[line:409]- msg:Noise_capacitance <= 0.05- [status:True]
2019-05-03 08:38:24,424 - INFO: 2019-05-03 08:38:24.424000-filename:IQC.py-method:_Baseline-[line:440]- msg:0.75<baseline<0.925- [status:True]
2019-05-03 08:38:24,424 - INFO: 2019-05-03 08:38:24.424000-filename:IQC.py-method:_edr_Capacitance-[line:469]- msg:Effective_dynamic_range>=0.0- [status:True]
2019-05-03 08:38:24,723 - INFO: 2019-05-03 08:38:24.723000-filename:IQC.py-method:_open_diff-[line:608]- msg:open difference command ok- [status:True]
2019-05-03 08:38:30,891 - ERROR: 2019-05-03 08:38:30.891000-filename:IQC.py-method:vibration_test-[line:205]- msg:test fail- [status:False]
2019-05-03 08:38:55,108 - INFO: 2019-05-03 08:38:55.108000-filename:IQC.py-method:_mcu-[line:133]- msg:- [status:True]
2019-05-03 08:38:57,131 - INFO: 2019-05-03 08:38:57.132000-filename:IQC.py-method:_check_dut-[line:342]- msg:ok- [status:True]
2019-05-03 08:38:58,543 - INFO: 2019-05-03 08:38:58.543000-filename:IQC.py-method:_collect_raw_count-[line:382]- msg:collect raw count ok- [status:True]
2019-05-03 08:38:58,543 - INFO: 2019-05-03 08:38:58.544000-filename:IQC.py-method:_Noise_capacitance-[line:409]- msg:Noise_capacitance <= 0.05- [status:True]
2019-05-03 08:38:58,545 - INFO: 2019-05-03 08:38:58.545000-filename:IQC.py-method:_Baseline-[line:440]- msg:0.75<baseline<0.925- [status:True]
2019-05-03 08:38:58,546 - INFO: 2019-05-03 08:38:58.546000-filename:IQC.py-method:_edr_Capacitance-[line:469]- msg:Effective_dynamic_range>=0.0- [status:True]
2019-05-03 08:39:08,851 - INFO: 2019-05-03 08:39:08.851000-filename:IQC.py-method:_open_diff-[line:609]- msg:open difference command ok- [status:True]
2019-05-03 08:45:42,717 - INFO: 2019-05-03 08:45:42.717000-filename:IQC.py-method:_mcu-[line:133]- msg:- [status:True]
2019-05-03 08:45:45,105 - INFO: 2019-05-03 08:45:45.106000-filename:IQC.py-method:_check_dut-[line:342]- msg:ok- [status:True]
2019-05-03 08:45:46,487 - INFO: 2019-05-03 08:45:46.488000-filename:IQC.py-method:_collect_raw_count-[line:382]- msg:collect raw count ok- [status:True]
2019-05-03 08:45:46,489 - INFO: 2019-05-03 08:45:46.489000-filename:IQC.py-method:_Noise_capacitance-[line:409]- msg:Noise_capacitance <= 0.05- [status:True]
2019-05-03 08:45:46,490 - INFO: 2019-05-03 08:45:46.490000-filename:IQC.py-method:_Baseline-[line:440]- msg:0.75<baseline<0.925- [status:True]
2019-05-03 08:45:46,490 - INFO: 2019-05-03 08:45:46.491000-filename:IQC.py-method:_edr_Capacitance-[line:469]- msg:Effective_dynamic_range>=0.0- [status:True]
2019-05-03 08:45:56,766 - INFO: 2019-05-03 08:45:56.766000-filename:IQC.py-method:_open_diff-[line:609]- msg:open difference command ok- [status:True]
2019-05-03 08:46:02,910 - ERROR: 2019-05-03 08:46:02.910000-filename:IQC.py-method:vibration_test-[line:205]- msg:test fail- [status:False]
2019-05-03 09:21:32,203 - INFO: 2019-05-03 09:21:32.203000-filename:IQC.py-method:_mcu-[line:133]- msg:- [status:True]
2019-05-03 09:21:34,200 - INFO: 2019-05-03 09:21:34.200000-filename:IQC.py-method:_check_dut-[line:342]- msg:ok- [status:True]
2019-05-03 09:21:35,627 - INFO: 2019-05-03 09:21:35.626000-filename:IQC.py-method:_collect_raw_count-[line:382]- msg:collect raw count ok- [status:True]
2019-05-03 09:21:35,628 - INFO: 2019-05-03 09:21:35.628000-filename:IQC.py-method:_Noise_capacitance-[line:409]- msg:Noise_capacitance <= 0.05- [status:True]
2019-05-03 09:21:35,630 - INFO: 2019-05-03 09:21:35.629000-filename:IQC.py-method:_Baseline-[line:440]- msg:0.75<baseline<0.925- [status:True]
2019-05-03 09:21:35,631 - INFO: 2019-05-03 09:21:35.632000-filename:IQC.py-method:_edr_Capacitance-[line:469]- msg:Effective_dynamic_range>=0.0- [status:True]
2019-05-03 09:22:30,063 - INFO: 2019-05-03 09:22:30.064000-filename:IQC.py-method:_mcu-[line:133]- msg:- [status:True]
2019-05-03 09:22:32,236 - INFO: 2019-05-03 09:22:32.236000-filename:IQC.py-method:_check_dut-[line:342]- msg:ok- [status:True]
2019-05-03 09:22:33,733 - INFO: 2019-05-03 09:22:33.732000-filename:IQC.py-method:_collect_raw_count-[line:382]- msg:collect raw count ok- [status:True]
2019-05-03 09:22:33,736 - INFO: 2019-05-03 09:22:33.735000-filename:IQC.py-method:_Noise_capacitance-[line:409]- msg:Noise_capacitance <= 0.05- [status:True]
2019-05-03 09:22:33,736 - INFO: 2019-05-03 09:22:33.737000-filename:IQC.py-method:_Baseline-[line:440]- msg:0.75<baseline<0.925- [status:True]
2019-05-03 09:22:33,739 - INFO: 2019-05-03 09:22:33.739000-filename:IQC.py-method:_edr_Capacitance-[line:469]- msg:Effective_dynamic_range>=0.0- [status:True]
2019-05-03 09:22:43,750 - ERROR: 2019-05-03 09:22:43.751000-filename:IQC.py-method:Baseline_raw_count-[line:568]- msg:Baseline_raw_count not in the range- [status:False]
2019-05-03 09:22:44,040 - INFO: 2019-05-03 09:22:44.041000-filename:IQC.py-method:_open_diff-[line:629]- msg:open difference command ok- [status:True]
2019-05-03 09:22:50,190 - ERROR: 2019-05-03 09:22:50.190000-filename:IQC.py-method:vibration_test-[line:205]- msg:test fail- [status:False]
2019-05-03 09:24:02,934 - INFO: 2019-05-03 09:24:02.934000-filename:IQC.py-method:_mcu-[line:133]- msg:- [status:True]
2019-05-03 09:24:04,789 - INFO: 2019-05-03 09:24:04.790000-filename:IQC.py-method:_check_dut-[line:342]- msg:ok- [status:True]
2019-05-03 09:24:06,180 - INFO: 2019-05-03 09:24:06.180000-filename:IQC.py-method:_collect_raw_count-[line:382]- msg:collect raw count ok- [status:True]
2019-05-03 09:24:06,181 - INFO: 2019-05-03 09:24:06.182000-filename:IQC.py-method:_Noise_capacitance-[line:409]- msg:Noise_capacitance <= 0.05- [status:True]
2019-05-03 09:24:06,184 - INFO: 2019-05-03 09:24:06.185000-filename:IQC.py-method:_Baseline-[line:440]- msg:0.75<baseline<0.925- [status:True]
2019-05-03 09:24:06,186 - INFO: 2019-05-03 09:24:06.186000-filename:IQC.py-method:_edr_Capacitance-[line:469]- msg:Effective_dynamic_range>=0.0- [status:True]
2019-05-03 09:24:16,188 - ERROR: 2019-05-03 09:24:16.188000-filename:IQC.py-method:Baseline_raw_count-[line:568]- msg:Baseline_raw_count not in the range- [status:False]
2019-05-03 09:24:16,473 - INFO: 2019-05-03 09:24:16.474000-filename:IQC.py-method:_open_diff-[line:629]- msg:open difference command ok- [status:True]
2019-05-03 09:24:22,602 - ERROR: 2019-05-03 09:24:22.603000-filename:IQC.py-method:vibration_test-[line:205]- msg:test fail- [status:False]
2019-05-03 09:26:11,733 - INFO: 2019-05-03 09:26:11.733000-filename:IQC.py-method:_mcu-[line:133]- msg:- [status:True]
2019-05-03 09:26:14,066 - INFO: 2019-05-03 09:26:14.067000-filename:IQC.py-method:_check_dut-[line:342]- msg:ok- [status:True]
2019-05-03 09:26:15,451 - INFO: 2019-05-03 09:26:15.452000-filename:IQC.py-method:_collect_raw_count-[line:382]- msg:collect raw count ok- [status:True]
2019-05-03 09:26:15,453 - INFO: 2019-05-03 09:26:15.453000-filename:IQC.py-method:_Noise_capacitance-[line:409]- msg:Noise_capacitance <= 0.05- [status:True]
2019-05-03 09:26:15,453 - INFO: 2019-05-03 09:26:15.454000-filename:IQC.py-method:_Baseline-[line:440]- msg:0.75<baseline<0.925- [status:True]
2019-05-03 09:26:15,454 - INFO: 2019-05-03 09:26:15.455000-filename:IQC.py-method:_edr_Capacitance-[line:469]- msg:Effective_dynamic_range>=0.0- [status:True]
2019-05-03 09:26:25,459 - ERROR: 2019-05-03 09:26:25.459000-filename:IQC.py-method:Baseline_raw_count-[line:568]- msg:Baseline_raw_count not in the range- [status:False]
2019-05-03 09:26:25,753 - INFO: 2019-05-03 09:26:25.753000-filename:IQC.py-method:_open_diff-[line:629]- msg:open difference command ok- [status:True]
2019-05-03 09:26:33,851 - INFO: 2019-05-03 09:26:33.850000-filename:IQC.py-method:vibration_test-[line:281]- msg:vibration test ok- [status:1]
2019-05-03 09:28:09,924 - INFO: 2019-05-03 09:28:09.924000-filename:IQC.py-method:_mcu-[line:133]- msg:- [status:True]
2019-05-03 09:28:11,907 - INFO: 2019-05-03 09:28:11.907000-filename:IQC.py-method:_check_dut-[line:342]- msg:ok- [status:True]
2019-05-03 09:28:13,302 - INFO: 2019-05-03 09:28:13.302000-filename:IQC.py-method:_collect_raw_count-[line:382]- msg:collect raw count ok- [status:True]
2019-05-03 09:28:13,303 - INFO: 2019-05-03 09:28:13.304000-filename:IQC.py-method:_Noise_capacitance-[line:409]- msg:Noise_capacitance <= 0.05- [status:True]
2019-05-03 09:28:13,306 - INFO: 2019-05-03 09:28:13.307000-filename:IQC.py-method:_Baseline-[line:440]- msg:0.75<baseline<0.925- [status:True]
2019-05-03 09:28:13,308 - INFO: 2019-05-03 09:28:13.308000-filename:IQC.py-method:_edr_Capacitance-[line:469]- msg:Effective_dynamic_range>=0.0- [status:True]
2019-05-03 09:28:13,309 - ERROR: 2019-05-03 09:28:13.310000-filename:IQC.py-method:Baseline_raw_count-[line:568]- msg:Baseline_raw_count not in the range- [status:False]
2019-05-03 09:28:13,573 - INFO: 2019-05-03 09:28:13.574000-filename:IQC.py-method:_open_diff-[line:629]- msg:open difference command ok- [status:True]
2019-05-03 09:28:20,789 - INFO: 2019-05-03 09:28:20.790000-filename:IQC.py-method:vibration_test-[line:281]- msg:vibration test ok- [status:1]
2019-05-03 09:28:42,604 - INFO: 2019-05-03 09:28:42.604000-filename:IQC.py-method:_mcu-[line:133]- msg:- [status:True]
2019-05-03 09:28:44,319 - INFO: 2019-05-03 09:28:44.320000-filename:IQC.py-method:_check_dut-[line:342]- msg:ok- [status:True]
2019-05-03 09:28:45,711 - INFO: 2019-05-03 09:28:45.712000-filename:IQC.py-method:_collect_raw_count-[line:382]- msg:collect raw count ok- [status:True]
2019-05-03 09:28:45,711 - INFO: 2019-05-03 09:28:45.712000-filename:IQC.py-method:_Noise_capacitance-[line:409]- msg:Noise_capacitance <= 0.05- [status:True]
2019-05-03 09:28:45,711 - INFO: 2019-05-03 09:28:45.712000-filename:IQC.py-method:_Baseline-[line:440]- msg:0.75<baseline<0.925- [status:True]
2019-05-03 09:28:45,711 - INFO: 2019-05-03 09:28:45.712000-filename:IQC.py-method:_edr_Capacitance-[line:469]- msg:Effective_dynamic_range>=0.0- [status:True]
2019-05-03 09:28:45,711 - ERROR: 2019-05-03 09:28:45.712000-filename:IQC.py-method:Baseline_raw_count-[line:568]- msg:Baseline_raw_count not in the range- [status:False]
2019-05-03 09:28:45,996 - INFO: 2019-05-03 09:28:45.996000-filename:IQC.py-method:_open_diff-[line:629]- msg:open difference command ok- [status:True]
2019-05-03 09:28:52,148 - ERROR: 2019-05-03 09:28:52.149000-filename:IQC.py-method:vibration_test-[line:205]- msg:test fail- [status:False]
2019-05-03 09:41:45,213 - INFO: 2019-05-03 09:41:45.213000-filename:IQC.py-method:_mcu-[line:133]- msg:- [status:True]
2019-05-03 09:41:47,134 - INFO: 2019-05-03 09:41:47.135000-filename:IQC.py-method:_check_dut-[line:342]- msg:ok- [status:True]
2019-05-03 09:41:48,513 - INFO: 2019-05-03 09:41:48.514000-filename:IQC.py-method:_collect_raw_count-[line:382]- msg:collect raw count ok- [status:True]
2019-05-03 09:41:48,523 - INFO: 2019-05-03 09:41:48.524000-filename:IQC.py-method:_Noise_capacitance-[line:409]- msg:Noise_capacitance <= 0.05- [status:True]
2019-05-03 09:41:48,523 - INFO: 2019-05-03 09:41:48.524000-filename:IQC.py-method:_Baseline-[line:440]- msg:0.75<baseline<0.925- [status:True]
2019-05-03 09:41:48,523 - INFO: 2019-05-03 09:41:48.524000-filename:IQC.py-method:_edr_Capacitance-[line:469]- msg:Effective_dynamic_range>=0.0- [status:True]
2019-05-03 09:45:14,551 - INFO: 2019-05-03 09:45:14.551000-filename:IQC.py-method:_mcu-[line:133]- msg:- [status:True]
2019-05-03 09:45:16,390 - INFO: 2019-05-03 09:45:16.390000-filename:IQC.py-method:_check_dut-[line:342]- msg:ok- [status:True]
2019-05-03 09:45:17,790 - INFO: 2019-05-03 09:45:17.791000-filename:IQC.py-method:_collect_raw_count-[line:382]- msg:collect raw count ok- [status:True]
2019-05-03 09:45:17,790 - INFO: 2019-05-03 09:45:17.791000-filename:IQC.py-method:_Noise_capacitance-[line:409]- msg:Noise_capacitance <= 0.05- [status:True]
2019-05-03 09:45:17,790 - INFO: 2019-05-03 09:45:17.791000-filename:IQC.py-method:_Baseline-[line:440]- msg:0.75<baseline<0.925- [status:True]
2019-05-03 09:45:17,790 - INFO: 2019-05-03 09:45:17.791000-filename:IQC.py-method:_edr_Capacitance-[line:469]- msg:Effective_dynamic_range>=0.0- [status:True]
2019-05-03 09:45:28,099 - INFO: 2019-05-03 09:45:28.100000-filename:IQC.py-method:_open_diff-[line:635]- msg:open difference command ok- [status:True]
2019-05-03 09:45:33,398 - ERROR: 2019-05-03 09:45:33.399000-filename:IQC.py-method:vibration_test-[line:205]- msg:test fail- [status:False]
2019-05-03 09:46:57,914 - INFO: 2019-05-03 09:46:57.905000-filename:IQC.py-method:_mcu-[line:133]- msg:- [status:True]
2019-05-03 09:46:59,546 - INFO: 2019-05-03 09:46:59.546000-filename:IQC.py-method:_check_dut-[line:342]- msg:ok- [status:True]
2019-05-03 09:47:00,944 - INFO: 2019-05-03 09:47:00.945000-filename:IQC.py-method:_collect_raw_count-[line:382]- msg:collect raw count ok- [status:True]
2019-05-03 09:47:00,944 - INFO: 2019-05-03 09:47:00.945000-filename:IQC.py-method:_Noise_capacitance-[line:409]- msg:Noise_capacitance <= 0.05- [status:True]
2019-05-03 09:47:00,944 - INFO: 2019-05-03 09:47:00.945000-filename:IQC.py-method:_Baseline-[line:440]- msg:0.75<baseline<0.925- [status:True]
2019-05-03 09:47:00,944 - INFO: 2019-05-03 09:47:00.945000-filename:IQC.py-method:_edr_Capacitance-[line:469]- msg:Effective_dynamic_range>=0.0- [status:True]
2019-05-03 09:47:11,256 - INFO: 2019-05-03 09:47:11.256000-filename:IQC.py-method:_open_diff-[line:635]- msg:open difference command ok- [status:True]
2019-05-03 09:47:16,595 - ERROR: 2019-05-03 09:47:16.596000-filename:IQC.py-method:vibration_test-[line:205]- msg:test fail- [status:False]
2019-05-03 09:47:26,773 - INFO: 2019-05-03 09:47:26.773000-filename:IQC.py-method:_mcu-[line:133]- msg:- [status:True]
2019-05-03 09:47:28,704 - INFO: 2019-05-03 09:47:28.705000-filename:IQC.py-method:_check_dut-[line:342]- msg:ok- [status:True]
2019-05-03 09:47:30,104 - INFO: 2019-05-03 09:47:30.104000-filename:IQC.py-method:_collect_raw_count-[line:382]- msg:collect raw count ok- [status:True]
2019-05-03 09:47:30,104 - INFO: 2019-05-03 09:47:30.104000-filename:IQC.py-method:_Noise_capacitance-[line:409]- msg:Noise_capacitance <= 0.05- [status:True]
2019-05-03 09:47:30,104 - INFO: 2019-05-03 09:47:30.104000-filename:IQC.py-method:_Baseline-[line:440]- msg:0.75<baseline<0.925- [status:True]
2019-05-03 09:47:30,104 - INFO: 2019-05-03 09:47:30.104000-filename:IQC.py-method:_edr_Capacitance-[line:469]- msg:Effective_dynamic_range>=0.0- [status:True]
2019-05-03 09:47:40,413 - INFO: 2019-05-03 09:47:40.413000-filename:IQC.py-method:_open_diff-[line:635]- msg:open difference command ok- [status:True]
2019-05-03 09:47:45,773 - ERROR: 2019-05-03 09:47:45.773000-filename:IQC.py-method:vibration_test-[line:205]- msg:test fail- [status:False]
2019-05-03 09:47:59,012 - INFO: 2019-05-03 09:47:59.002000-filename:IQC.py-method:_mcu-[line:133]- msg:- [status:True]
2019-05-03 09:48:01,082 - INFO: 2019-05-03 09:48:01.083000-filename:IQC.py-method:_check_dut-[line:342]- msg:ok- [status:True]
2019-05-03 09:48:02,471 - INFO: 2019-05-03 09:48:02.472000-filename:IQC.py-method:_collect_raw_count-[line:382]- msg:collect raw count ok- [status:True]
2019-05-03 09:48:02,482 - INFO: 2019-05-03 09:48:02.482000-filename:IQC.py-method:_Noise_capacitance-[line:409]- msg:Noise_capacitance <= 0.05- [status:True]
2019-05-03 09:48:02,482 - INFO: 2019-05-03 09:48:02.482000-filename:IQC.py-method:_Baseline-[line:440]- msg:0.75<baseline<0.925- [status:True]
2019-05-03 09:48:02,482 - INFO: 2019-05-03 09:48:02.482000-filename:IQC.py-method:_edr_Capacitance-[line:469]- msg:Effective_dynamic_range>=0.0- [status:True]
2019-05-03 09:48:12,793 - INFO: 2019-05-03 09:48:12.794000-filename:IQC.py-method:_open_diff-[line:635]- msg:open difference command ok- [status:True]
2019-05-03 09:48:18,176 - ERROR: 2019-05-03 09:48:18.176000-filename:IQC.py-method:vibration_test-[line:205]- msg:test fail- [status:False]
2019-05-03 09:48:31,232 - INFO: 2019-05-03 09:48:31.232000-filename:IQC.py-method:_mcu-[line:133]- msg:- [status:True]
2019-05-03 09:48:33,078 - INFO: 2019-05-03 09:48:33.078000-filename:IQC.py-method:_check_dut-[line:342]- msg:ok- [status:True]
2019-05-03 09:48:34,486 - INFO: 2019-05-03 09:48:34.487000-filename:IQC.py-method:_collect_raw_count-[line:382]- msg:collect raw count ok- [status:True]
2019-05-03 09:48:34,486 - INFO: 2019-05-03 09:48:34.487000-filename:IQC.py-method:_Noise_capacitance-[line:409]- msg:Noise_capacitance <= 0.05- [status:True]
2019-05-03 09:48:34,496 - INFO: 2019-05-03 09:48:34.497000-filename:IQC.py-method:_Baseline-[line:440]- msg:0.75<baseline<0.925- [status:True]
2019-05-03 09:48:34,496 - INFO: 2019-05-03 09:48:34.497000-filename:IQC.py-method:_edr_Capacitance-[line:469]- msg:Effective_dynamic_range>=0.0- [status:True]
2019-05-03 09:48:44,782 - INFO: 2019-05-03 09:48:44.782000-filename:IQC.py-method:_open_diff-[line:635]- msg:open difference command ok- [status:True]
2019-05-03 09:48:50,071 - ERROR: 2019-05-03 09:48:50.071000-filename:IQC.py-method:vibration_test-[line:205]- msg:test fail- [status:False]
2019-05-03 09:50:13,530 - INFO: 2019-05-03 09:50:13.531000-filename:IQC.py-method:_mcu-[line:133]- msg:- [status:True]
2019-05-03 09:50:15,319 - INFO: 2019-05-03 09:50:15.320000-filename:IQC.py-method:_check_dut-[line:342]- msg:ok- [status:True]
2019-05-03 09:50:16,720 - INFO: 2019-05-03 09:50:16.721000-filename:IQC.py-method:_collect_raw_count-[line:382]- msg:collect raw count ok- [status:True]
2019-05-03 09:50:16,720 - INFO: 2019-05-03 09:50:16.721000-filename:IQC.py-method:_Noise_capacitance-[line:409]- msg:Noise_capacitance <= 0.05- [status:True]
2019-05-03 09:50:16,730 - INFO: 2019-05-03 09:50:16.731000-filename:IQC.py-method:_Baseline-[line:440]- msg:0.75<baseline<0.925- [status:True]
2019-05-03 09:50:16,730 - INFO: 2019-05-03 09:50:16.731000-filename:IQC.py-method:_edr_Capacitance-[line:469]- msg:Effective_dynamic_range>=0.0- [status:True]
2019-05-03 09:50:31,897 - INFO: 2019-05-03 09:50:31.897000-filename:IQC.py-method:_mcu-[line:133]- msg:- [status:True]
2019-05-03 09:50:34,088 - INFO: 2019-05-03 09:50:34.088000-filename:IQC.py-method:_check_dut-[line:342]- msg:ok- [status:True]
2019-05-03 09:50:35,479 - INFO: 2019-05-03 09:50:35.479000-filename:IQC.py-method:_collect_raw_count-[line:382]- msg:collect raw count ok- [status:True]
2019-05-03 09:50:35,479 - INFO: 2019-05-03 09:50:35.479000-filename:IQC.py-method:_Noise_capacitance-[line:409]- msg:Noise_capacitance <= 0.05- [status:True]
2019-05-03 09:50:35,479 - INFO: 2019-05-03 09:50:35.479000-filename:IQC.py-method:_Baseline-[line:440]- msg:0.75<baseline<0.925- [status:True]
2019-05-03 09:50:35,479 - INFO: 2019-05-03 09:50:35.479000-filename:IQC.py-method:_edr_Capacitance-[line:469]- msg:Effective_dynamic_range>=0.0- [status:True]
2019-05-03 09:50:45,767 - INFO: 2019-05-03 09:50:45.768000-filename:IQC.py-method:_open_diff-[line:635]- msg:open difference command ok- [status:True]
2019-05-03 09:50:51,036 - ERROR: 2019-05-03 09:50:51.036000-filename:IQC.py-method:vibration_test-[line:205]- msg:test fail- [status:False]
2019-05-03 09:54:48,026 - INFO: 2019-05-03 09:54:48.027000-filename:IQC.py-method:_mcu-[line:133]- msg:- [status:True]
2019-05-03 09:54:49,918 - INFO: 2019-05-03 09:54:49.919000-filename:IQC.py-method:_check_dut-[line:342]- msg:ok- [status:True]
2019-05-03 09:54:51,318 - INFO: 2019-05-03 09:54:51.318000-filename:IQC.py-method:_collect_raw_count-[line:382]- msg:collect raw count ok- [status:True]
2019-05-03 09:54:51,319 - INFO: 2019-05-03 09:54:51.319000-filename:IQC.py-method:_Noise_capacitance-[line:409]- msg:Noise_capacitance <= 0.05- [status:True]
2019-05-03 09:54:51,319 - INFO: 2019-05-03 09:54:51.319000-filename:IQC.py-method:_Baseline-[line:440]- msg:0.75<baseline<0.925- [status:True]
2019-05-03 09:54:51,319 - INFO: 2019-05-03 09:54:51.320000-filename:IQC.py-method:_edr_Capacitance-[line:469]- msg:Effective_dynamic_range>=0.0- [status:True]
2019-05-03 09:55:01,604 - INFO: 2019-05-03 09:55:01.604000-filename:IQC.py-method:_open_diff-[line:636]- msg:open difference command ok- [status:True]
2019-05-03 09:55:07,759 - ERROR: 2019-05-03 09:55:07.760000-filename:IQC.py-method:vibration_test-[line:205]- msg:test fail- [status:False]
2019-05-03 10:00:45,619 - INFO: 2019-05-03 10:00:45.620000-filename:IQC.py-method:_mcu-[line:133]- msg:- [status:True]
2019-05-03 10:00:47,430 - INFO: 2019-05-03 10:00:47.430000-filename:IQC.py-method:_check_dut-[line:342]- msg:ok- [status:True]
2019-05-03 10:00:48,809 - INFO: 2019-05-03 10:00:48.810000-filename:IQC.py-method:_collect_raw_count-[line:382]- msg:collect raw count ok- [status:True]
2019-05-03 10:00:48,809 - INFO: 2019-05-03 10:00:48.810000-filename:IQC.py-method:_Noise_capacitance-[line:409]- msg:Noise_capacitance <= 0.05- [status:True]
2019-05-03 10:00:48,809 - INFO: 2019-05-03 10:00:48.810000-filename:IQC.py-method:_Baseline-[line:440]- msg:0.75<baseline<0.925- [status:True]
2019-05-03 10:00:48,809 - INFO: 2019-05-03 10:00:48.810000-filename:IQC.py-method:_edr_Capacitance-[line:469]- msg:Effective_dynamic_range>=0.0- [status:True]
2019-05-03 10:00:48,809 - ERROR: 2019-05-03 10:00:48.810000-filename:IQC.py-method:Baseline_raw_count-[line:568]- msg:Baseline_raw_count not in the range- [status:False]
2019-05-03 10:00:49,099 - INFO: 2019-05-03 10:00:49.100000-filename:IQC.py-method:_open_diff-[line:629]- msg:open difference command ok- [status:True]
2019-05-03 10:00:54,460 - ERROR: 2019-05-03 10:00:54.461000-filename:IQC.py-method:vibration_test-[line:205]- msg:test fail- [status:False]
2019-05-03 10:02:24,407 - INFO: 2019-05-03 10:02:24.408000-filename:IQC.py-method:_mcu-[line:133]- msg:- [status:True]
2019-05-03 10:02:26,227 - INFO: 2019-05-03 10:02:26.228000-filename:IQC.py-method:_check_dut-[line:342]- msg:ok- [status:True]
2019-05-03 10:02:27,638 - INFO: 2019-05-03 10:02:27.638000-filename:IQC.py-method:_collect_raw_count-[line:382]- msg:collect raw count ok- [status:True]
2019-05-03 10:02:27,638 - INFO: 2019-05-03 10:02:27.638000-filename:IQC.py-method:_Noise_capacitance-[line:409]- msg:Noise_capacitance <= 0.05- [status:True]
2019-05-03 10:02:27,638 - INFO: 2019-05-03 10:02:27.638000-filename:IQC.py-method:_Baseline-[line:440]- msg:0.75<baseline<0.925- [status:True]
2019-05-03 10:02:27,638 - INFO: 2019-05-03 10:02:27.638000-filename:IQC.py-method:_edr_Capacitance-[line:469]- msg:Effective_dynamic_range>=0.0- [status:True]
2019-05-03 10:02:27,638 - ERROR: 2019-05-03 10:02:27.638000-filename:IQC.py-method:Baseline_raw_count-[line:568]- msg:1=<Baseline_raw_count=<12- [status:False]
2019-05-03 10:02:27,927 - INFO: 2019-05-03 10:02:27.928000-filename:IQC.py-method:_open_diff-[line:629]- msg:open difference command ok- [status:True]
2019-05-03 10:02:33,219 - ERROR: 2019-05-03 10:02:33.219000-filename:IQC.py-method:vibration_test-[line:205]- msg:test fail- [status:False]
2019-05-03 10:03:58,115 - INFO: 2019-05-03 10:03:58.116000-filename:IQC.py-method:_mcu-[line:133]- msg:- [status:True]
2019-05-03 10:04:00,766 - INFO: 2019-05-03 10:04:00.766000-filename:IQC.py-method:_check_dut-[line:342]- msg:ok- [status:True]
2019-05-03 10:04:02,164 - INFO: 2019-05-03 10:04:02.165000-filename:IQC.py-method:_collect_raw_count-[line:382]- msg:collect raw count ok- [status:True]
2019-05-03 10:04:02,164 - INFO: 2019-05-03 10:04:02.165000-filename:IQC.py-method:_Noise_capacitance-[line:409]- msg:Noise_capacitance <= 0.05- [status:True]
2019-05-03 10:04:02,164 - INFO: 2019-05-03 10:04:02.165000-filename:IQC.py-method:_Baseline-[line:440]- msg:0.75<baseline<0.925- [status:True]
2019-05-03 10:04:02,164 - INFO: 2019-05-03 10:04:02.165000-filename:IQC.py-method:_edr_Capacitance-[line:469]- msg:Effective_dynamic_range>=0.0- [status:True]
2019-05-03 10:04:02,164 - ERROR: 2019-05-03 10:04:02.165000-filename:IQC.py-method:Baseline_raw_count-[line:568]- msg:1=<Baseline_raw_count=<12- [status:False]
2019-05-03 10:04:02,436 - INFO: 2019-05-03 10:04:02.436000-filename:IQC.py-method:_open_diff-[line:629]- msg:open difference command ok- [status:True]
2019-05-03 10:04:07,706 - ERROR: 2019-05-03 10:04:07.706000-filename:IQC.py-method:vibration_test-[line:205]- msg:test fail- [status:False]
2019-05-03 10:06:37,956 - INFO: 2019-05-03 10:06:37.955000-filename:IQC.py-method:_mcu-[line:133]- msg:- [status:True]
2019-05-03 10:08:41,480 - INFO: 2019-05-03 10:08:41.479000-filename:IQC.py-method:_mcu-[line:133]- msg:- [status:True]
2019-05-03 10:08:43,591 - INFO: 2019-05-03 10:08:43.591000-filename:IQC.py-method:_check_dut-[line:342]- msg:ok- [status:True]
2019-05-03 10:08:45,007 - INFO: 2019-05-03 10:08:45.007000-filename:IQC.py-method:_collect_raw_count-[line:382]- msg:collect raw count ok- [status:True]
2019-05-03 10:08:45,009 - INFO: 2019-05-03 10:08:45.009000-filename:IQC.py-method:_Noise_capacitance-[line:409]- msg:Noise_capacitance <= 0.05- [status:True]
2019-05-03 10:08:45,010 - INFO: 2019-05-03 10:08:45.011000-filename:IQC.py-method:_Baseline-[line:440]- msg:0.75<baseline<0.925- [status:True]
2019-05-03 10:08:45,012 - INFO: 2019-05-03 10:08:45.012000-filename:IQC.py-method:_edr_Capacitance-[line:469]- msg:Effective_dynamic_range>=0.0- [status:True]
2019-05-03 10:08:45,013 - ERROR: 2019-05-03 10:08:45.014000-filename:IQC.py-method:Baseline_raw_count-[line:568]- msg:1=<Baseline_raw_count=<11- [status:False]
2019-05-03 10:08:45,285 - INFO: 2019-05-03 10:08:45.285000-filename:IQC.py-method:_open_diff-[line:629]- msg:open difference command ok- [status:True]
2019-05-03 10:08:51,418 - ERROR: 2019-05-03 10:08:51.419000-filename:IQC.py-method:vibration_test-[line:205]- msg:test fail- [status:False]
2019-05-03 13:10:18,915 - INFO: 2019-05-03 13:10:18.916000-filename:IQC.py-method:_mcu-[line:133]- msg:- [status:True]
2019-05-03 13:10:21,075 - INFO: 2019-05-03 13:10:21.076000-filename:IQC.py-method:_check_dut-[line:349]- msg:ok- [status:True]
2019-05-03 13:10:22,546 - INFO: 2019-05-03 13:10:22.546000-filename:IQC.py-method:_collect_raw_count-[line:389]- msg:collect raw count ok- [status:True]
2019-05-03 13:10:22,546 - INFO: 2019-05-03 13:10:22.546000-filename:IQC.py-method:_Noise_capacitance-[line:416]- msg:Noise_capacitance <= 0.05- [status:True]
2019-05-03 13:10:22,546 - INFO: 2019-05-03 13:10:22.546000-filename:IQC.py-method:_Baseline-[line:447]- msg:0.75<baseline<0.925- [status:True]
2019-05-03 13:10:22,546 - INFO: 2019-05-03 13:10:22.546000-filename:IQC.py-method:_edr_Capacitance-[line:476]- msg:Effective_dynamic_range>=0.0- [status:True]
2019-05-03 13:10:22,546 - ERROR: 2019-05-03 13:10:22.546000-filename:IQC.py-method:Baseline_raw_count-[line:575]- msg:1=<Baseline_raw_count=<11- [status:False]
2019-05-03 13:10:22,667 - ERROR: 2019-05-03 13:10:22.667000-filename:IQC.py-method:vibration_test-[line:212]- msg:test fail- [status:False]
2019-05-03 13:11:51,463 - INFO: 2019-05-03 13:11:51.464000-filename:IQC.py-method:_mcu-[line:133]- msg:- [status:True]
2019-05-03 13:12:44,098 - INFO: 2019-05-03 13:12:44.099000-filename:IQC.py-method:_mcu-[line:133]- msg:- [status:True]
2019-05-03 13:39:20,489 - INFO: 2019-05-03 13:39:20.489000-filename:IQC.py-method:_mcu-[line:133]- msg:- [status:True]
2019-05-03 13:39:22,990 - INFO: 2019-05-03 13:39:22.990000-filename:IQC.py-method:_check_dut-[line:349]- msg:ok- [status:True]
2019-05-03 13:39:24,390 - INFO: 2019-05-03 13:39:24.390000-filename:IQC.py-method:_collect_raw_count-[line:389]- msg:collect raw count ok- [status:True]
2019-05-03 13:39:24,390 - INFO: 2019-05-03 13:39:24.390000-filename:IQC.py-method:_Noise_capacitance-[line:416]- msg:Noise_capacitance <= 0.05- [status:True]
2019-05-03 13:39:24,390 - INFO: 2019-05-03 13:39:24.390000-filename:IQC.py-method:_Baseline-[line:447]- msg:0.75<baseline<0.925- [status:True]
2019-05-03 13:39:24,390 - INFO: 2019-05-03 13:39:24.390000-filename:IQC.py-method:_edr_Capacitance-[line:476]- msg:Effective_dynamic_range>=0.0- [status:True]
2019-05-03 13:39:24,694 - INFO: 2019-05-03 13:39:24.695000-filename:IQC.py-method:_open_diff-[line:636]- msg:open difference command ok- [status:True]
2019-05-03 13:39:29,992 - ERROR: 2019-05-03 13:39:29.992000-filename:IQC.py-method:vibration_test-[line:212]- msg:test fail- [status:False]
