2019-03-26 11:44:49,930 - ERROR: 2019-03-26 11:44:49.930000-filename:KML_tester_base.py-method:_init_io-[line:971]- msg:IO init fail:readDI data error - [status:False]
2019-03-26 11:45:00,615 - INFO: 2019-03-26 11:45:00.616000-filename:KML_tester_base.py-method:_loadcell-[line:1005]- msg:loadcell init OK- [status:True]
2019-03-26 11:45:00,772 - INFO: 2019-03-26 11:45:00.772000-filename:KML_tester_base.py-method:_haptics_probe-[line:1036]- msg:Acc init OK- [status:True]
2019-03-26 11:45:00,927 - INFO: 2019-03-26 11:45:00.928000-filename:KML_tester_base.py-method:_mcu-[line:1066]- msg:MCU init ok- [status:True]
2019-03-26 11:45:00,990 - INFO: 2019-03-26 11:45:00.991000-filename:KML_tester_base.py-method:_moon_motor-[line:1096]- msg:moon init OK- [status:True]
2019-03-26 11:45:01,006 - ERROR: 2019-03-26 11:45:00.991000-filename:KML_tester_base.py-method:_test_finished_step1-[line:1158]- msg:set_accelerated_up fail- [status:False]
2019-03-26 11:46:17,809 - INFO: 2019-03-26 11:46:17.809000-filename:KML_tester_base.py-method:_init_io-[line:971]- msg:IO COM8- [status:True]
2019-03-26 11:46:18,151 - INFO: 2019-03-26 11:46:18.152000-filename:KML_tester_base.py-method:_loadcell-[line:1005]- msg:loadcell init OK- [status:True]
2019-03-26 11:46:18,308 - INFO: 2019-03-26 11:46:18.308000-filename:KML_tester_base.py-method:_haptics_probe-[line:1036]- msg:Acc init OK- [status:True]
2019-03-26 11:46:18,558 - ERROR: 2019-03-26 11:46:18.558000-filename:KML_tester_base.py-method:_mcu-[line:1066]- msg:io port connect fail- [status:False]
2019-03-26 11:46:18,651 - INFO: 2019-03-26 11:46:18.651000-filename:KML_tester_base.py-method:_moon_motor-[line:1096]- msg:moon init OK- [status:True]
2019-03-26 11:46:23,128 - INFO: 2019-03-26 11:46:23.129000-filename:KML_tester_base.py-method:_test_finished_step1-[line:1158]- msg:- [status:True]
2019-03-26 12:04:27,313 - INFO: 2019-03-26 12:04:27.314000-filename:KML_tester_base.py-method:_init_io-[line:971]- msg:IO COM8- [status:True]
2019-03-26 12:04:27,657 - INFO: 2019-03-26 12:04:27.657000-filename:KML_tester_base.py-method:_loadcell-[line:1005]- msg:loadcell init OK- [status:True]
2019-03-26 12:04:27,844 - INFO: 2019-03-26 12:04:27.844000-filename:KML_tester_base.py-method:_haptics_probe-[line:1036]- msg:Acc init OK- [status:True]
2019-03-26 12:04:28,000 - INFO: 2019-03-26 12:04:28-filename:KML_tester_base.py-method:_mcu-[line:1066]- msg:MCU init ok- [status:True]
2019-03-26 12:04:28,062 - INFO: 2019-03-26 12:04:28.063000-filename:KML_tester_base.py-method:_moon_motor-[line:1096]- msg:moon init OK- [status:True]
2019-03-26 12:04:28,328 - INFO: 2019-03-26 12:04:28.328000-filename:KML_tester_base.py-method:_test_finished_step1-[line:1158]- msg:- [status:True]
2019-03-26 12:04:37,298 - INFO: 2019-03-26 12:04:37.298000-filename:KML_garment_tester.py-method:__test_finished_step3-[line:399]- msg:__test_finished_step3 ok- [status:True]
2019-03-26 12:04:38,483 - INFO: 2019-03-26 12:04:38.483000-filename:KML_garment_tester.py-method:__test_finished_step4-[line:422]- msg:__test_finished_step4 ok- [status:True]
