2019-03-16 12:31:04,006 - INFO: 2019-03-16 12:31:04.007000-filename:KML_tester_base.py-method:_init_io-[line:882]- msg:IO COM4- [status:True]
2019-03-16 12:31:45,503 - INFO: 2019-03-16 12:31:45.503000-filename:KML_tester_base.py-method:_loadcell-[line:916]- msg:loadcell init OK- [status:True]
2019-03-16 12:31:49,762 - INFO: 2019-03-16 12:31:49.762000-filename:KML_tester_base.py-method:_haptics_probe-[line:947]- msg:Acc init OK- [status:True]
2019-03-16 12:31:49,762 - ERROR: 2019-03-16 12:31:49.762000-filename:KML_tester_base.py-method:_mcu-[line:971]- msg:mcu fail- [status:False]
2019-03-16 12:31:49,839 - INFO: 2019-03-16 12:31:49.840000-filename:KML_tester_base.py-method:_moon_motor-[line:1001]- msg:moon init OK- [status:True]
2019-03-16 12:31:50,105 - INFO: 2019-03-16 12:31:50.105000-filename:KML_tester_base.py-method:_test_finished_step1-[line:1063]- msg:- [status:True]
2019-03-16 12:32:41,506 - INFO: 2019-03-16 12:32:41.507000-filename:KML_tester_base.py-method:_init_io-[line:882]- msg:IO COM4- [status:True]
2019-03-16 12:32:41,835 - INFO: 2019-03-16 12:32:41.835000-filename:KML_tester_base.py-method:_loadcell-[line:916]- msg:loadcell init OK- [status:True]
2019-03-16 12:32:42,022 - INFO: 2019-03-16 12:32:42.022000-filename:KML_tester_base.py-method:_haptics_probe-[line:947]- msg:Acc init OK- [status:True]
2019-03-16 12:32:42,022 - ERROR: 2019-03-16 12:32:42.022000-filename:KML_tester_base.py-method:_mcu-[line:971]- msg:mcu fail- [status:False]
2019-03-16 12:32:42,099 - INFO: 2019-03-16 12:32:42.100000-filename:KML_tester_base.py-method:_moon_motor-[line:1001]- msg:moon init OK- [status:True]
2019-03-16 12:32:42,349 - INFO: 2019-03-16 12:32:42.350000-filename:KML_tester_base.py-method:_test_finished_step1-[line:1063]- msg:- [status:True]
2019-03-16 12:34:00,615 - INFO: 2019-03-16 12:34:00.615000-filename:KML_tester_base.py-method:_init_io-[line:882]- msg:IO COM4- [status:True]
2019-03-16 12:34:00,943 - INFO: 2019-03-16 12:34:00.943000-filename:KML_tester_base.py-method:_loadcell-[line:916]- msg:loadcell init OK- [status:True]
2019-03-16 12:34:01,130 - INFO: 2019-03-16 12:34:01.130000-filename:KML_tester_base.py-method:_haptics_probe-[line:947]- msg:Acc init OK- [status:True]
2019-03-16 12:34:01,130 - ERROR: 2019-03-16 12:34:01.130000-filename:KML_tester_base.py-method:_mcu-[line:971]- msg:mcu fail- [status:False]
2019-03-16 12:34:01,191 - INFO: 2019-03-16 12:34:01.192000-filename:KML_tester_base.py-method:_moon_motor-[line:1001]- msg:moon init OK- [status:True]
2019-03-16 12:34:01,441 - INFO: 2019-03-16 12:34:01.442000-filename:KML_tester_base.py-method:_test_finished_step1-[line:1063]- msg:- [status:True]
2019-03-16 12:34:43,701 - INFO: 2019-03-16 12:34:43.702000-filename:KML_tester_base.py-method:_init_io-[line:882]- msg:IO COM4- [status:True]
2019-03-16 12:34:44,045 - INFO: 2019-03-16 12:34:44.045000-filename:KML_tester_base.py-method:_loadcell-[line:916]- msg:loadcell init OK- [status:True]
2019-03-16 12:34:44,217 - INFO: 2019-03-16 12:34:44.217000-filename:KML_tester_base.py-method:_haptics_probe-[line:947]- msg:Acc init OK- [status:True]
2019-03-16 12:34:44,217 - ERROR: 2019-03-16 12:34:44.217000-filename:KML_tester_base.py-method:_mcu-[line:971]- msg:mcu fail- [status:False]
2019-03-16 12:34:44,295 - INFO: 2019-03-16 12:34:44.279000-filename:KML_tester_base.py-method:_moon_motor-[line:1001]- msg:moon init OK- [status:True]
2019-03-16 12:34:44,545 - INFO: 2019-03-16 12:34:44.545000-filename:KML_tester_base.py-method:_test_finished_step1-[line:1063]- msg:- [status:True]
2019-03-16 23:38:49,654 - INFO: 2019-03-16 23:38:49.654000-filename:KML_tester_base.py-method:_init_io-[line:882]- msg:IO COM4- [status:True]
2019-03-16 23:38:49,997 - INFO: 2019-03-16 23:38:49.998000-filename:KML_tester_base.py-method:_loadcell-[line:916]- msg:loadcell init OK- [status:True]
2019-03-16 23:38:50,200 - INFO: 2019-03-16 23:38:50.200000-filename:KML_tester_base.py-method:_haptics_probe-[line:947]- msg:Acc init OK- [status:True]
2019-03-16 23:38:50,200 - ERROR: 2019-03-16 23:38:50.200000-filename:KML_tester_base.py-method:_mcu-[line:971]- msg:mcu fail- [status:False]
2019-03-16 23:38:50,263 - INFO: 2019-03-16 23:38:50.263000-filename:KML_tester_base.py-method:_moon_motor-[line:1001]- msg:moon init OK- [status:True]
2019-03-16 23:38:50,512 - INFO: 2019-03-16 23:38:50.512000-filename:KML_tester_base.py-method:_test_finished_step1-[line:1063]- msg:- [status:True]
2019-03-16 23:39:00,885 - INFO: 2019-03-16 23:39:00.886000-filename:KML_garment_tester.py-method:__test_finished_step3-[line:397]- msg:__test_finished_step3 ok- [status:True]
2019-03-16 23:39:12,523 - ERROR: 2019-03-16 23:39:12.524000-filename:KML_garment_tester.py-method:__test_finished_step4-[line:420]- msg:get_claw_loosen  fail, value=0, data=0xFDEEE- [status:False]
2019-03-16 23:50:20,690 - INFO: 2019-03-16 23:50:20.690000-filename:KML_tester_base.py-method:_init_io-[line:882]- msg:IO COM4- [status:True]
2019-03-16 23:50:21,032 - INFO: 2019-03-16 23:50:21.033000-filename:KML_tester_base.py-method:_loadcell-[line:916]- msg:loadcell init OK- [status:True]
2019-03-16 23:50:21,203 - INFO: 2019-03-16 23:50:21.204000-filename:KML_tester_base.py-method:_haptics_probe-[line:947]- msg:Acc init OK- [status:True]
2019-03-16 23:50:21,203 - ERROR: 2019-03-16 23:50:21.204000-filename:KML_tester_base.py-method:_mcu-[line:971]- msg:mcu fail- [status:False]
2019-03-16 23:50:21,328 - INFO: 2019-03-16 23:50:21.329000-filename:KML_tester_base.py-method:_moon_motor-[line:1001]- msg:moon init OK- [status:True]
2019-03-16 23:50:21,578 - INFO: 2019-03-16 23:50:21.579000-filename:KML_tester_base.py-method:_test_finished_step1-[line:1063]- msg:- [status:True]
2019-03-16 23:50:34,167 - INFO: 2019-03-16 23:50:34.168000-filename:KML_garment_tester.py-method:__test_finished_step3-[line:397]- msg:__test_finished_step3 ok- [status:True]
2019-03-16 23:50:45,821 - ERROR: 2019-03-16 23:50:45.821000-filename:KML_garment_tester.py-method:__test_finished_step4-[line:420]- msg:get_claw_loosen  fail, value=0, data=0xFDEEE- [status:False]
2019-03-16 23:51:19,454 - INFO: 2019-03-16 23:51:19.455000-filename:KML_tester_base.py-method:_test_finished_step1-[line:1063]- msg:- [status:True]
2019-03-16 23:51:19,548 - INFO: 2019-03-16 23:51:19.548000-filename:KML_garment_tester.py-method:reset-[line:57]- msg:down press motor reset OK- [status:True]
2019-03-16 23:51:19,641 - INFO: 2019-03-16 23:51:19.642000-filename:KML_garment_tester.py-method:reset-[line:62]- msg:roll motor reset OK- [status:True]
2019-03-16 23:51:19,782 - INFO: 2019-03-16 23:51:19.782000-filename:KML_garment_tester.py-method:__test_finished_step3-[line:397]- msg:__test_finished_step3 ok- [status:True]
2019-03-16 23:51:31,467 - ERROR: 2019-03-16 23:51:31.467000-filename:KML_garment_tester.py-method:__test_finished_step4-[line:420]- msg:get_claw_loosen  fail, value=0, data=0xFFEEE- [status:False]
2019-03-17 00:10:28,137 - INFO: 2019-03-17 00:10:28.137000-filename:KML_tester_base.py-method:_test_finished_step1-[line:1063]- msg:- [status:True]
2019-03-17 00:10:28,230 - INFO: 2019-03-17 00:10:28.230000-filename:KML_garment_tester.py-method:reset-[line:57]- msg:down press motor reset OK- [status:True]
2019-03-17 00:10:28,323 - INFO: 2019-03-17 00:10:28.324000-filename:KML_garment_tester.py-method:reset-[line:62]- msg:roll motor reset OK- [status:True]
2019-03-17 00:10:28,463 - INFO: 2019-03-17 00:10:28.464000-filename:KML_garment_tester.py-method:__test_finished_step3-[line:397]- msg:__test_finished_step3 ok- [status:True]
2019-03-17 00:10:40,118 - ERROR: 2019-03-17 00:10:40.118000-filename:KML_garment_tester.py-method:__test_finished_step4-[line:420]- msg:get_claw_loosen  fail, value=0, data=0xFDEEE- [status:False]
2019-03-17 00:12:41,470 - INFO: 2019-03-17 00:12:41.470000-filename:KML_tester_base.py-method:_test_finished_step1-[line:1063]- msg:- [status:True]
2019-03-17 00:12:41,563 - INFO: 2019-03-17 00:12:41.564000-filename:KML_garment_tester.py-method:reset-[line:57]- msg:down press motor reset OK- [status:True]
2019-03-17 00:12:41,657 - INFO: 2019-03-17 00:12:41.657000-filename:KML_garment_tester.py-method:reset-[line:62]- msg:roll motor reset OK- [status:True]
2019-03-17 00:12:41,798 - INFO: 2019-03-17 00:12:41.798000-filename:KML_garment_tester.py-method:__test_finished_step3-[line:397]- msg:__test_finished_step3 ok- [status:True]
2019-03-17 00:12:53,482 - ERROR: 2019-03-17 00:12:53.482000-filename:KML_garment_tester.py-method:__test_finished_step4-[line:420]- msg:get_claw_loosen  fail, value=0, data=0xFDEEE- [status:False]
