2019-03-08 09:53:22,779 - INFO: 2019-03-08 09:53:22.779000-filename:KML_tester_base.py-method:_init_io-[line:488]- msg:IO COM4- [status:True]
2019-03-08 09:53:23,107 - INFO: 2019-03-08 09:53:23.107000-filename:KML_tester_base.py-method:_loadcell-[line:522]- msg:loadcell init OK- [status:True]
2019-03-08 09:53:23,309 - INFO: 2019-03-08 09:53:23.309000-filename:KML_tester_base.py-method:_haptics_probe-[line:553]- msg:Acc init OK- [status:True]
2019-03-08 09:53:23,309 - ERROR: 2019-03-08 09:53:23.309000-filename:KML_tester_base.py-method:_mcu-[line:577]- msg:mcu fail- [status:False]
2019-03-08 09:53:23,387 - INFO: 2019-03-08 09:53:23.387000-filename:KML_tester_base.py-method:_moon_motor-[line:607]- msg:moon init OK- [status:True]
2019-03-08 09:53:23,637 - INFO: 2019-03-08 09:53:23.637000-filename:KML_garment_tester.py-method:__test_finished_step1-[line:413]- msg:- [status:True]
2019-03-08 09:53:23,698 - INFO: 2019-03-08 09:53:23.699000-filename:KML_garment_tester.py-method:reset-[line:20]- msg:down press motor reset OK- [status:True]
2019-03-08 09:53:23,762 - INFO: 2019-03-08 09:53:23.762000-filename:KML_garment_tester.py-method:reset-[line:25]- msg:roll motor reset OK- [status:True]
2019-03-08 09:53:23,901 - INFO: 2019-03-08 09:53:23.902000-filename:KML_garment_tester.py-method:__test_finished_step3-[line:450]- msg:__test_finished_step3 ok- [status:True]
2019-03-08 09:53:24,042 - INFO: 2019-03-08 09:53:24.043000-filename:KML_garment_tester.py-method:__test_finished_step4-[line:473]- msg:__test_finished_step4 ok- [status:True]
2019-03-08 09:55:00,496 - INFO: 2019-03-08 09:55:00.497000-filename:KML_garment_tester.py-method:_test_init-[line:75]- msg:_test_init ok- [status:True]
2019-03-08 09:55:02,509 - ERROR: 2019-03-08 09:55:02.510000-filename:KML_tester_base.py-method:_read_dut_info-[line:318]- msg:list index out of range- [status:False]
2019-03-08 09:55:02,509 - ERROR: 2019-03-08 09:55:02.510000-filename:KML_tester_base.py-method:start_test-[line:234]- msg:test fail, start reset- [status:False]
2019-03-08 09:55:02,759 - INFO: 2019-03-08 09:55:02.759000-filename:KML_garment_tester.py-method:__test_finished_step1-[line:413]- msg:- [status:True]
2019-03-08 09:55:02,822 - INFO: 2019-03-08 09:55:02.822000-filename:KML_garment_tester.py-method:reset-[line:20]- msg:down press motor reset OK- [status:True]
2019-03-08 09:55:02,884 - INFO: 2019-03-08 09:55:02.884000-filename:KML_garment_tester.py-method:reset-[line:25]- msg:roll motor reset OK- [status:True]
2019-03-08 09:55:04,069 - INFO: 2019-03-08 09:55:04.070000-filename:KML_garment_tester.py-method:__test_finished_step3-[line:450]- msg:__test_finished_step3 ok- [status:True]
2019-03-08 09:55:04,226 - INFO: 2019-03-08 09:55:04.226000-filename:KML_garment_tester.py-method:__test_finished_step4-[line:473]- msg:__test_finished_step4 ok- [status:True]
2019-03-08 10:05:01,160 - INFO: 2019-03-08 10:05:01.160000-filename:KML_tester_base.py-method:_init_io-[line:488]- msg:IO COM4- [status:True]
2019-03-08 10:05:01,486 - INFO: 2019-03-08 10:05:01.487000-filename:KML_tester_base.py-method:_loadcell-[line:522]- msg:loadcell init OK- [status:True]
2019-03-08 10:05:01,690 - INFO: 2019-03-08 10:05:01.690000-filename:KML_tester_base.py-method:_haptics_probe-[line:553]- msg:Acc init OK- [status:True]
2019-03-08 10:05:01,690 - ERROR: 2019-03-08 10:05:01.690000-filename:KML_tester_base.py-method:_mcu-[line:577]- msg:mcu fail- [status:False]
2019-03-08 10:05:01,752 - INFO: 2019-03-08 10:05:01.752000-filename:KML_tester_base.py-method:_moon_motor-[line:607]- msg:moon init OK- [status:True]
2019-03-08 10:05:02,002 - INFO: 2019-03-08 10:05:02.002000-filename:KML_garment_tester.py-method:__test_finished_step1-[line:413]- msg:- [status:True]
2019-03-08 10:05:02,063 - INFO: 2019-03-08 10:05:02.064000-filename:KML_garment_tester.py-method:reset-[line:20]- msg:down press motor reset OK- [status:True]
2019-03-08 10:05:02,127 - INFO: 2019-03-08 10:05:02.127000-filename:KML_garment_tester.py-method:reset-[line:25]- msg:roll motor reset OK- [status:True]
2019-03-08 10:05:02,266 - INFO: 2019-03-08 10:05:02.267000-filename:KML_garment_tester.py-method:__test_finished_step3-[line:450]- msg:__test_finished_step3 ok- [status:True]
2019-03-08 10:05:02,407 - INFO: 2019-03-08 10:05:02.408000-filename:KML_garment_tester.py-method:__test_finished_step4-[line:473]- msg:__test_finished_step4 ok- [status:True]
2019-03-08 10:06:08,401 - INFO: 2019-03-08 10:06:08.402000-filename:KML_garment_tester.py-method:_test_init-[line:75]- msg:_test_init ok- [status:True]
2019-03-08 10:06:08,526 - INFO: 2019-03-08 10:06:08.526000-filename:KML_tester_base.py-method:_read_dut_info-[line:318]- msg:ok- [status:True]
2019-03-08 10:06:09,946 - INFO: 2019-03-08 10:06:09.946000-filename:KML_tester_base.py-method:_collect_raw_count-[line:351]- msg:collect raw count ok- [status:True]
2019-03-08 10:06:14,687 - INFO: 2019-03-08 10:06:14.688000-filename:KML_garment_tester.py-method:__roll_test_step1-[line:123]- msg:__roll_test_step1 ok- [status:True]
2019-03-08 10:06:28,759 - INFO: 2019-03-08 10:06:28.760000-filename:KML_garment_tester.py-method:__roll_test_step2-[line:158]- msg:__roll_test_step2 ok- [status:True]
2019-03-08 10:06:28,884 - INFO: 2019-03-08 10:06:28.884000-filename:KML_tester_base.py-method:_open_diff-[line:405]- msg:open difference command ok- [status:True]
2019-03-08 10:06:31,365 - INFO: 2019-03-08 10:06:31.365000-filename:KML_tester_base.py-method:_collect_diff_asy-[line:376]- msg:collect difference data ok- [status:True]
2019-03-08 10:06:31,427 - INFO: 2019-03-08 10:06:31.427000-filename:KML_tester_base.py-method:_stop_collect_diff-[line:436]- msg:collect stop- [status:True]
2019-03-08 10:06:32,471 - INFO: 2019-03-08 10:06:32.472000-filename:KML_garment_tester.py-method:__roll_test_step3-[line:197]- msg:__roll_test_step3 ok - [status:True]
2019-03-08 10:06:37,683 - INFO: 2019-03-08 10:06:37.683000-filename:KML_garment_tester.py-method:__roll_test_step4-[line:236]- msg:press moon slave=2 reset ok- [status:True]
2019-03-08 10:06:40,973 - INFO: 2019-03-08 10:06:40.974000-filename:KML_garment_tester.py-method:__vibration_move_step1-[line:267]- msg:move to  acc pos=160000 ok- [status:True]
2019-03-08 10:06:44,328 - INFO: 2019-03-08 10:06:44.328000-filename:KML_garment_tester.py-method:__vibration_test_step2-[line:294]- msg:__vibration_test_step2 ok- [status:True]
2019-03-08 10:06:46,480 - INFO: 2019-03-08 10:06:46.481000-filename:KML_garment_tester.py-method:__vibration_test_step3-[line:356]- msg:__vibration_test_step3 fail- [status:True]
2019-03-08 10:06:49,865 - INFO: 2019-03-08 10:06:49.866000-filename:KML_garment_tester.py-method:__test_finished_step1-[line:413]- msg:- [status:True]
2019-03-08 10:06:52,549 - INFO: 2019-03-08 10:06:52.550000-filename:KML_garment_tester.py-method:__test_finished_step2-[line:427]- msg:roll moon reset,slave=1 ok- [status:True]
2019-03-08 10:06:53,734 - INFO: 2019-03-08 10:06:53.735000-filename:KML_garment_tester.py-method:__test_finished_step3-[line:450]- msg:__test_finished_step3 ok- [status:True]
2019-03-08 10:06:53,875 - INFO: 2019-03-08 10:06:53.876000-filename:KML_garment_tester.py-method:__test_finished_step4-[line:473]- msg:__test_finished_step4 ok- [status:True]
2019-03-08 10:13:31,135 - INFO: 2019-03-08 10:13:31.136000-filename:KML_tester_base.py-method:_init_io-[line:488]- msg:IO COM4- [status:True]
2019-03-08 10:13:31,479 - INFO: 2019-03-08 10:13:31.479000-filename:KML_tester_base.py-method:_loadcell-[line:522]- msg:loadcell init OK- [status:True]
2019-03-08 10:13:31,651 - INFO: 2019-03-08 10:13:31.651000-filename:KML_tester_base.py-method:_haptics_probe-[line:553]- msg:Acc init OK- [status:True]
2019-03-08 10:13:31,651 - ERROR: 2019-03-08 10:13:31.651000-filename:KML_tester_base.py-method:_mcu-[line:577]- msg:mcu fail- [status:False]
2019-03-08 10:13:31,713 - INFO: 2019-03-08 10:13:31.713000-filename:KML_tester_base.py-method:_moon_motor-[line:607]- msg:moon init OK- [status:True]
2019-03-08 10:13:31,963 - INFO: 2019-03-08 10:13:31.963000-filename:KML_garment_tester.py-method:__test_finished_step1-[line:413]- msg:- [status:True]
2019-03-08 10:13:32,025 - INFO: 2019-03-08 10:13:32.025000-filename:KML_garment_tester.py-method:reset-[line:20]- msg:down press motor reset OK- [status:True]
2019-03-08 10:13:32,088 - INFO: 2019-03-08 10:13:32.088000-filename:KML_garment_tester.py-method:reset-[line:25]- msg:roll motor reset OK- [status:True]
2019-03-08 10:13:32,227 - INFO: 2019-03-08 10:13:32.228000-filename:KML_garment_tester.py-method:__test_finished_step3-[line:450]- msg:__test_finished_step3 ok- [status:True]
2019-03-08 10:13:32,368 - INFO: 2019-03-08 10:13:32.368000-filename:KML_garment_tester.py-method:__test_finished_step4-[line:473]- msg:__test_finished_step4 ok- [status:True]
2019-03-08 10:14:23,318 - INFO: 2019-03-08 10:14:23.318000-filename:KML_garment_tester.py-method:_test_init-[line:75]- msg:_test_init ok- [status:True]
2019-03-08 10:14:25,003 - ERROR: 2019-03-08 10:14:25.003000-filename:KML_tester_base.py-method:_collect_raw_count-[line:351]- msg:exeption- [status:False]
2019-03-08 10:14:25,253 - INFO: 2019-03-08 10:14:25.253000-filename:KML_garment_tester.py-method:__test_finished_step1-[line:413]- msg:- [status:True]
2019-03-08 10:14:25,315 - INFO: 2019-03-08 10:14:25.315000-filename:KML_garment_tester.py-method:reset-[line:20]- msg:down press motor reset OK- [status:True]
2019-03-08 10:14:25,378 - INFO: 2019-03-08 10:14:25.378000-filename:KML_garment_tester.py-method:reset-[line:25]- msg:roll motor reset OK- [status:True]
2019-03-08 10:14:26,562 - INFO: 2019-03-08 10:14:26.563000-filename:KML_garment_tester.py-method:__test_finished_step3-[line:450]- msg:__test_finished_step3 ok- [status:True]
2019-03-08 10:14:26,719 - INFO: 2019-03-08 10:14:26.719000-filename:KML_garment_tester.py-method:__test_finished_step4-[line:473]- msg:__test_finished_step4 ok- [status:True]
2019-03-08 10:14:51,164 - INFO: 2019-03-08 10:14:51.164000-filename:KML_garment_tester.py-method:_test_init-[line:75]- msg:_test_init ok- [status:True]
2019-03-08 10:14:52,834 - ERROR: 2019-03-08 10:14:52.834000-filename:KML_tester_base.py-method:_collect_raw_count-[line:351]- msg:exeption- [status:False]
2019-03-08 10:14:53,082 - INFO: 2019-03-08 10:14:53.083000-filename:KML_garment_tester.py-method:__test_finished_step1-[line:413]- msg:- [status:True]
2019-03-08 10:14:53,145 - INFO: 2019-03-08 10:14:53.146000-filename:KML_garment_tester.py-method:reset-[line:20]- msg:down press motor reset OK- [status:True]
2019-03-08 10:14:53,207 - INFO: 2019-03-08 10:14:53.208000-filename:KML_garment_tester.py-method:reset-[line:25]- msg:roll motor reset OK- [status:True]
2019-03-08 10:14:54,394 - INFO: 2019-03-08 10:14:54.394000-filename:KML_garment_tester.py-method:__test_finished_step3-[line:450]- msg:__test_finished_step3 ok- [status:True]
2019-03-08 10:14:54,533 - INFO: 2019-03-08 10:14:54.534000-filename:KML_garment_tester.py-method:__test_finished_step4-[line:473]- msg:__test_finished_step4 ok- [status:True]
2019-03-08 10:25:07,638 - INFO: 2019-03-08 10:25:07.638000-filename:KML_tester_base.py-method:_init_io-[line:488]- msg:IO COM4- [status:True]
2019-03-08 10:25:07,966 - INFO: 2019-03-08 10:25:07.966000-filename:KML_tester_base.py-method:_loadcell-[line:522]- msg:loadcell init OK- [status:True]
2019-03-08 10:25:08,138 - INFO: 2019-03-08 10:25:08.138000-filename:KML_tester_base.py-method:_haptics_probe-[line:553]- msg:Acc init OK- [status:True]
2019-03-08 10:25:08,138 - ERROR: 2019-03-08 10:25:08.138000-filename:KML_tester_base.py-method:_mcu-[line:577]- msg:mcu fail- [status:False]
2019-03-08 10:25:08,200 - INFO: 2019-03-08 10:25:08.200000-filename:KML_tester_base.py-method:_moon_motor-[line:607]- msg:moon init OK- [status:True]
2019-03-08 10:25:08,450 - INFO: 2019-03-08 10:25:08.450000-filename:KML_garment_tester.py-method:__test_finished_step1-[line:413]- msg:- [status:True]
2019-03-08 10:25:08,496 - INFO: 2019-03-08 10:25:08.496000-filename:KML_garment_tester.py-method:reset-[line:20]- msg:down press motor reset OK- [status:True]
2019-03-08 10:25:08,573 - INFO: 2019-03-08 10:25:08.574000-filename:KML_garment_tester.py-method:reset-[line:25]- msg:roll motor reset OK- [status:True]
2019-03-08 10:25:08,714 - INFO: 2019-03-08 10:25:08.715000-filename:KML_garment_tester.py-method:__test_finished_step3-[line:450]- msg:__test_finished_step3 ok- [status:True]
2019-03-08 10:25:08,855 - INFO: 2019-03-08 10:25:08.855000-filename:KML_garment_tester.py-method:__test_finished_step4-[line:473]- msg:__test_finished_step4 ok- [status:True]
2019-03-08 10:26:17,369 - INFO: 2019-03-08 10:26:17.370000-filename:KML_garment_tester.py-method:_test_init-[line:75]- msg:_test_init ok- [status:True]
2019-03-08 10:26:17,494 - INFO: 2019-03-08 10:26:17.495000-filename:KML_tester_base.py-method:_read_dut_info-[line:318]- msg:ok- [status:True]
2019-03-08 10:26:18,914 - INFO: 2019-03-08 10:26:18.915000-filename:KML_tester_base.py-method:_collect_raw_count-[line:351]- msg:collect raw count ok- [status:True]
2019-03-08 10:26:23,657 - INFO: 2019-03-08 10:26:23.657000-filename:KML_garment_tester.py-method:__roll_test_step1-[line:123]- msg:__roll_test_step1 ok- [status:True]
2019-03-08 10:26:37,665 - INFO: 2019-03-08 10:26:37.666000-filename:KML_garment_tester.py-method:__roll_test_step2-[line:158]- msg:__roll_test_step2 ok- [status:True]
2019-03-08 10:26:37,790 - INFO: 2019-03-08 10:26:37.791000-filename:KML_tester_base.py-method:_open_diff-[line:405]- msg:open difference command ok- [status:True]
2019-03-08 10:26:40,270 - INFO: 2019-03-08 10:26:40.271000-filename:KML_tester_base.py-method:_collect_diff_asy-[line:376]- msg:collect difference data ok- [status:True]
2019-03-08 10:26:40,334 - INFO: 2019-03-08 10:26:40.334000-filename:KML_tester_base.py-method:_stop_collect_diff-[line:436]- msg:collect stop- [status:True]
2019-03-08 10:26:41,378 - INFO: 2019-03-08 10:26:41.363000-filename:KML_garment_tester.py-method:__roll_test_step3-[line:197]- msg:__roll_test_step3 ok - [status:True]
2019-03-08 10:26:46,573 - INFO: 2019-03-08 10:26:46.574000-filename:KML_garment_tester.py-method:__roll_test_step4-[line:236]- msg:press moon slave=2 reset ok- [status:True]
2019-03-08 10:26:49,881 - INFO: 2019-03-08 10:26:49.881000-filename:KML_garment_tester.py-method:__vibration_move_step1-[line:267]- msg:move to  acc pos=160000 ok- [status:True]
2019-03-08 10:26:53,250 - INFO: 2019-03-08 10:26:53.250000-filename:KML_garment_tester.py-method:__vibration_test_step2-[line:294]- msg:__vibration_test_step2 ok- [status:True]
2019-03-08 10:26:55,418 - INFO: 2019-03-08 10:26:55.419000-filename:KML_garment_tester.py-method:__vibration_test_step3-[line:356]- msg:__vibration_test_step3 fail- [status:True]
2019-03-08 10:26:58,819 - INFO: 2019-03-08 10:26:58.820000-filename:KML_garment_tester.py-method:__test_finished_step1-[line:413]- msg:- [status:True]
2019-03-08 10:27:01,503 - INFO: 2019-03-08 10:27:01.503000-filename:KML_garment_tester.py-method:__test_finished_step2-[line:427]- msg:roll moon reset,slave=1 ok- [status:True]
2019-03-08 10:27:02,703 - INFO: 2019-03-08 10:27:02.704000-filename:KML_garment_tester.py-method:__test_finished_step3-[line:450]- msg:__test_finished_step3 ok- [status:True]
2019-03-08 10:27:03,890 - INFO: 2019-03-08 10:27:03.890000-filename:KML_garment_tester.py-method:__test_finished_step4-[line:473]- msg:__test_finished_step4 ok- [status:True]
2019-03-08 10:27:13,094 - INFO: 2019-03-08 10:27:13.094000-filename:KML_garment_tester.py-method:_test_init-[line:75]- msg:_test_init ok- [status:True]
2019-03-08 10:27:13,217 - INFO: 2019-03-08 10:27:13.218000-filename:KML_tester_base.py-method:_read_dut_info-[line:318]- msg:ok- [status:True]
2019-03-08 10:27:14,638 - INFO: 2019-03-08 10:27:14.638000-filename:KML_tester_base.py-method:_collect_raw_count-[line:351]- msg:collect raw count ok- [status:True]
2019-03-08 10:27:19,365 - INFO: 2019-03-08 10:27:19.365000-filename:KML_garment_tester.py-method:__roll_test_step1-[line:123]- msg:__roll_test_step1 ok- [status:True]
2019-03-08 10:27:33,293 - INFO: 2019-03-08 10:27:33.294000-filename:KML_garment_tester.py-method:__roll_test_step2-[line:158]- msg:__roll_test_step2 ok- [status:True]
2019-03-08 10:27:33,403 - INFO: 2019-03-08 10:27:33.403000-filename:KML_tester_base.py-method:_open_diff-[line:405]- msg:open difference command ok- [status:True]
2019-03-08 10:27:35,884 - INFO: 2019-03-08 10:27:35.884000-filename:KML_tester_base.py-method:_collect_diff_asy-[line:376]- msg:collect difference data ok- [status:True]
2019-03-08 10:27:35,930 - INFO: 2019-03-08 10:27:35.930000-filename:KML_tester_base.py-method:_stop_collect_diff-[line:436]- msg:collect stop- [status:True]
2019-03-08 10:27:36,976 - INFO: 2019-03-08 10:27:36.976000-filename:KML_garment_tester.py-method:__roll_test_step3-[line:197]- msg:__roll_test_step3 ok - [status:True]
2019-03-08 10:27:42,154 - INFO: 2019-03-08 10:27:42.155000-filename:KML_garment_tester.py-method:__roll_test_step4-[line:236]- msg:press moon slave=2 reset ok- [status:True]
2019-03-08 10:27:45,446 - INFO: 2019-03-08 10:27:45.446000-filename:KML_garment_tester.py-method:__vibration_move_step1-[line:267]- msg:move to  acc pos=160000 ok- [status:True]
2019-03-08 10:27:48,799 - INFO: 2019-03-08 10:27:48.800000-filename:KML_garment_tester.py-method:__vibration_test_step2-[line:294]- msg:__vibration_test_step2 ok- [status:True]
2019-03-08 10:27:50,937 - INFO: 2019-03-08 10:27:50.938000-filename:KML_garment_tester.py-method:__vibration_test_step3-[line:356]- msg:__vibration_test_step3 fail- [status:True]
2019-03-08 10:27:54,338 - INFO: 2019-03-08 10:27:54.338000-filename:KML_garment_tester.py-method:__test_finished_step1-[line:413]- msg:- [status:True]
2019-03-08 10:27:57,036 - INFO: 2019-03-08 10:27:57.037000-filename:KML_garment_tester.py-method:__test_finished_step2-[line:427]- msg:roll moon reset,slave=1 ok- [status:True]
2019-03-08 10:27:58,223 - INFO: 2019-03-08 10:27:58.223000-filename:KML_garment_tester.py-method:__test_finished_step3-[line:450]- msg:__test_finished_step3 ok- [status:True]
2019-03-08 10:27:59,424 - INFO: 2019-03-08 10:27:59.424000-filename:KML_garment_tester.py-method:__test_finished_step4-[line:473]- msg:__test_finished_step4 ok- [status:True]
2019-03-08 15:30:49,012 - INFO: 2019-03-08 15:30:49.012000-filename:KML_tester_base.py-method:_init_io-[line:488]- msg:IO COM4- [status:True]
2019-03-08 15:30:49,339 - INFO: 2019-03-08 15:30:49.340000-filename:KML_tester_base.py-method:_loadcell-[line:522]- msg:loadcell init OK- [status:True]
2019-03-08 15:30:49,510 - INFO: 2019-03-08 15:30:49.511000-filename:KML_tester_base.py-method:_haptics_probe-[line:553]- msg:Acc init OK- [status:True]
2019-03-08 15:30:49,510 - ERROR: 2019-03-08 15:30:49.511000-filename:KML_tester_base.py-method:_mcu-[line:577]- msg:mcu fail- [status:False]
2019-03-08 15:30:49,573 - INFO: 2019-03-08 15:30:49.574000-filename:KML_tester_base.py-method:_moon_motor-[line:607]- msg:moon init OK- [status:True]
2019-03-08 15:30:49,838 - INFO: 2019-03-08 15:30:49.839000-filename:KML_garment_tester.py-method:__test_finished_step1-[line:413]- msg:- [status:True]
2019-03-08 15:30:49,885 - INFO: 2019-03-08 15:30:49.886000-filename:KML_garment_tester.py-method:reset-[line:20]- msg:down press motor reset OK- [status:True]
2019-03-08 15:30:49,947 - INFO: 2019-03-08 15:30:49.948000-filename:KML_garment_tester.py-method:reset-[line:25]- msg:roll motor reset OK- [status:True]
2019-03-08 15:30:51,134 - INFO: 2019-03-08 15:30:51.134000-filename:KML_garment_tester.py-method:__test_finished_step3-[line:450]- msg:__test_finished_step3 ok- [status:True]
2019-03-08 15:30:52,319 - INFO: 2019-03-08 15:30:52.319000-filename:KML_garment_tester.py-method:__test_finished_step4-[line:473]- msg:__test_finished_step4 ok- [status:True]
2019-03-08 15:31:30,867 - INFO: 2019-03-08 15:31:30.867000-filename:KML_tester_base.py-method:_init_io-[line:488]- msg:IO COM4- [status:True]
2019-03-08 15:31:31,194 - INFO: 2019-03-08 15:31:31.194000-filename:KML_tester_base.py-method:_loadcell-[line:522]- msg:loadcell init OK- [status:True]
2019-03-08 15:31:31,397 - INFO: 2019-03-08 15:31:31.397000-filename:KML_tester_base.py-method:_haptics_probe-[line:553]- msg:Acc init OK- [status:True]
2019-03-08 15:31:31,397 - ERROR: 2019-03-08 15:31:31.397000-filename:KML_tester_base.py-method:_mcu-[line:577]- msg:mcu fail- [status:False]
2019-03-08 15:31:31,460 - INFO: 2019-03-08 15:31:31.460000-filename:KML_tester_base.py-method:_moon_motor-[line:607]- msg:moon init OK- [status:True]
2019-03-08 15:31:31,709 - INFO: 2019-03-08 15:31:31.709000-filename:KML_garment_tester.py-method:__test_finished_step1-[line:413]- msg:- [status:True]
2019-03-08 15:31:31,772 - INFO: 2019-03-08 15:31:31.772000-filename:KML_garment_tester.py-method:reset-[line:20]- msg:down press motor reset OK- [status:True]
2019-03-08 15:31:31,834 - INFO: 2019-03-08 15:31:31.834000-filename:KML_garment_tester.py-method:reset-[line:25]- msg:roll motor reset OK- [status:True]
2019-03-08 15:31:31,973 - INFO: 2019-03-08 15:31:31.974000-filename:KML_garment_tester.py-method:__test_finished_step3-[line:450]- msg:__test_finished_step3 ok- [status:True]
2019-03-08 15:31:32,115 - INFO: 2019-03-08 15:31:32.115000-filename:KML_garment_tester.py-method:__test_finished_step4-[line:473]- msg:__test_finished_step4 ok- [status:True]
2019-03-08 15:31:55,467 - INFO: 2019-03-08 15:31:55.468000-filename:KML_garment_tester.py-method:_test_init-[line:75]- msg:_test_init ok- [status:True]
2019-03-08 15:31:55,592 - INFO: 2019-03-08 15:31:55.593000-filename:KML_tester_base.py-method:_read_dut_info-[line:318]- msg:ok- [status:True]
2019-03-08 15:31:57,012 - INFO: 2019-03-08 15:31:57.012000-filename:KML_tester_base.py-method:_collect_raw_count-[line:351]- msg:collect raw count ok- [status:True]
2019-03-08 15:32:01,864 - INFO: 2019-03-08 15:32:01.864000-filename:KML_garment_tester.py-method:__roll_test_step1-[line:123]- msg:__roll_test_step1 ok- [status:True]
2019-03-08 15:32:16,948 - INFO: 2019-03-08 15:32:16.949000-filename:KML_garment_tester.py-method:__roll_test_step2-[line:158]- msg:__roll_test_step2 ok- [status:True]
2019-03-08 15:32:17,073 - INFO: 2019-03-08 15:32:17.074000-filename:KML_tester_base.py-method:_open_diff-[line:405]- msg:open difference command ok- [status:True]
2019-03-08 15:32:19,569 - INFO: 2019-03-08 15:32:19.570000-filename:KML_tester_base.py-method:_collect_diff_asy-[line:376]- msg:collect difference data ok- [status:True]
2019-03-08 15:32:19,617 - INFO: 2019-03-08 15:32:19.617000-filename:KML_tester_base.py-method:_stop_collect_diff-[line:436]- msg:collect stop- [status:True]
2019-03-08 15:32:20,645 - INFO: 2019-03-08 15:32:20.646000-filename:KML_garment_tester.py-method:__roll_test_step3-[line:197]- msg:__roll_test_step3 ok - [status:True]
2019-03-08 15:32:25,871 - INFO: 2019-03-08 15:32:25.872000-filename:KML_garment_tester.py-method:__roll_test_step4-[line:236]- msg:press moon slave=2 reset ok- [status:True]
2019-03-08 15:32:29,180 - INFO: 2019-03-08 15:32:29.180000-filename:KML_garment_tester.py-method:__vibration_move_step1-[line:267]- msg:move to  acc pos=160000 ok- [status:True]
2019-03-08 15:32:32,549 - INFO: 2019-03-08 15:32:32.549000-filename:KML_garment_tester.py-method:__vibration_test_step2-[line:294]- msg:__vibration_test_step2 ok- [status:True]
2019-03-08 15:32:34,733 - INFO: 2019-03-08 15:32:34.733000-filename:KML_garment_tester.py-method:__vibration_test_step3-[line:356]- msg:__vibration_test_step3 fail- [status:True]
2019-03-08 15:32:38,134 - INFO: 2019-03-08 15:32:38.134000-filename:KML_garment_tester.py-method:__test_finished_step1-[line:413]- msg:- [status:True]
2019-03-08 15:32:40,816 - INFO: 2019-03-08 15:32:40.817000-filename:KML_garment_tester.py-method:__test_finished_step2-[line:427]- msg:roll moon reset,slave=1 ok- [status:True]
2019-03-08 15:32:42,003 - INFO: 2019-03-08 15:32:42.003000-filename:KML_garment_tester.py-method:__test_finished_step3-[line:450]- msg:__test_finished_step3 ok- [status:True]
2019-03-08 15:32:43,203 - INFO: 2019-03-08 15:32:43.204000-filename:KML_garment_tester.py-method:__test_finished_step4-[line:473]- msg:__test_finished_step4 ok- [status:True]
2019-03-08 15:33:37,585 - INFO: 2019-03-08 15:33:37.586000-filename:KML_garment_tester.py-method:_test_init-[line:75]- msg:_test_init ok- [status:True]
2019-03-08 15:33:37,710 - INFO: 2019-03-08 15:33:37.710000-filename:KML_tester_base.py-method:_read_dut_info-[line:318]- msg:ok- [status:True]
2019-03-08 15:33:39,130 - INFO: 2019-03-08 15:33:39.130000-filename:KML_tester_base.py-method:_collect_raw_count-[line:351]- msg:collect raw count ok- [status:True]
2019-03-08 15:33:43,982 - INFO: 2019-03-08 15:33:43.982000-filename:KML_garment_tester.py-method:__roll_test_step1-[line:123]- msg:__roll_test_step1 ok- [status:True]
2019-03-08 15:33:58,505 - INFO: 2019-03-08 15:33:58.505000-filename:KML_garment_tester.py-method:__roll_test_step2-[line:158]- msg:__roll_test_step2 ok- [status:True]
2019-03-08 15:33:58,630 - INFO: 2019-03-08 15:33:58.630000-filename:KML_tester_base.py-method:_open_diff-[line:405]- msg:open difference command ok- [status:True]
2019-03-08 15:34:01,125 - INFO: 2019-03-08 15:34:01.126000-filename:KML_tester_base.py-method:_collect_diff_asy-[line:376]- msg:collect difference data ok- [status:True]
2019-03-08 15:34:01,173 - INFO: 2019-03-08 15:34:01.173000-filename:KML_tester_base.py-method:_stop_collect_diff-[line:436]- msg:collect stop- [status:True]
2019-03-08 15:34:02,201 - INFO: 2019-03-08 15:34:02.202000-filename:KML_garment_tester.py-method:__roll_test_step3-[line:197]- msg:__roll_test_step3 ok - [status:True]
2019-03-08 15:34:07,413 - INFO: 2019-03-08 15:34:07.413000-filename:KML_garment_tester.py-method:__roll_test_step4-[line:236]- msg:press moon slave=2 reset ok- [status:True]
2019-03-08 15:34:10,703 - INFO: 2019-03-08 15:34:10.704000-filename:KML_garment_tester.py-method:__vibration_move_step1-[line:267]- msg:move to  acc pos=160000 ok- [status:True]
2019-03-08 15:34:14,058 - INFO: 2019-03-08 15:34:14.058000-filename:KML_garment_tester.py-method:__vibration_test_step2-[line:294]- msg:__vibration_test_step2 ok- [status:True]
2019-03-08 15:34:16,180 - INFO: 2019-03-08 15:34:16.180000-filename:KML_garment_tester.py-method:__vibration_test_step3-[line:356]- msg:__vibration_test_step3 fail- [status:True]
2019-03-08 15:34:19,581 - INFO: 2019-03-08 15:34:19.581000-filename:KML_garment_tester.py-method:__test_finished_step1-[line:413]- msg:- [status:True]
2019-03-08 15:34:22,279 - INFO: 2019-03-08 15:34:22.280000-filename:KML_garment_tester.py-method:__test_finished_step2-[line:427]- msg:roll moon reset,slave=1 ok- [status:True]
2019-03-08 15:34:23,464 - INFO: 2019-03-08 15:34:23.465000-filename:KML_garment_tester.py-method:__test_finished_step3-[line:450]- msg:__test_finished_step3 ok- [status:True]
2019-03-08 15:34:23,621 - INFO: 2019-03-08 15:34:23.621000-filename:KML_garment_tester.py-method:__test_finished_step4-[line:473]- msg:__test_finished_step4 ok- [status:True]
