2019-05-23 11:43:52,131 - INFO: 2019-05-23 11:43:52.128000-filename:IQC.py-method:_mcu-[line:133]- msg:- [status:True]
2019-05-23 11:43:54,239 - INFO: 2019-05-23 11:43:54.239000-filename:IQC.py-method:_check_dut-[line:350]- msg:ok- [status:True]
2019-05-23 11:43:55,611 - INFO: 2019-05-23 11:43:55.612000-filename:IQC.py-method:_collect_raw_count-[line:390]- msg:collect raw count ok- [status:True]
2019-05-23 11:43:55,612 - INFO: 2019-05-23 11:43:55.613000-filename:IQC.py-method:_Noise_capacitance-[line:417]- msg:Noise_capacitance <= 0.05- [status:True]
2019-05-23 11:43:55,614 - INFO: 2019-05-23 11:43:55.614000-filename:IQC.py-method:_Baseline-[line:448]- msg:0.75<baseline<0.925- [status:True]
2019-05-23 11:43:55,614 - INFO: 2019-05-23 11:43:55.614000-filename:IQC.py-method:_edr_Capacitance-[line:477]- msg:Effective_dynamic_range>=0.0- [status:True]
2019-05-23 11:43:55,618 - INFO: 2019-05-23 11:43:55.618000-filename:IQC.py-method:Baseline_raw_count-[line:575]- msg:1=<Baseline_raw_count=<11- [status:True]
2019-05-23 11:43:55,750 - INFO: 2019-05-23 11:43:55.751000-filename:IQC.py-method:_open_diff-[line:636]- msg:open difference command ok- [status:True]
2019-05-23 11:44:03,822 - INFO: 2019-05-23 11:44:03.823000-filename:IQC.py-method:vibration_test-[line:289]- msg:vibration test ok- [status:1]
2019-05-23 13:34:02,766 - INFO: 2019-05-23 13:34:02.764000-filename:IQC.py-method:_mcu-[line:133]- msg:- [status:True]
2019-05-23 13:34:03,917 - ERROR: 2019-05-23 13:34:03.917000-filename:IQC.py-method:_check_dut->mcu_com.init()-[line:323]- msg:port open fail: could not open port 'COM6': WindowsError(2, '\xcf\xb5\xcd\xb3\xd5\xd2\xb2\xbb\xb5\xbd\xd6\xb8\xb6\xa8\xb5\xc4\xce\xc4\xbc\xfe\xa1\xa3')- [status:False]
2019-05-23 13:34:03,917 - ERROR: 2019-05-23 13:34:03.918000-filename:IQC.py-method:_check_dut-[line:350]- msg:port open fail: could not open port 'COM6': WindowsError(2, '\xcf\xb5\xcd\xb3\xd5\xd2\xb2\xbb\xb5\xbd\xd6\xb8\xb6\xa8\xb5\xc4\xce\xc4\xbc\xfe\xa1\xa3')- [status:False]
2019-05-23 13:34:03,918 - ERROR: 2019-05-23 13:34:03.919000-filename:IQC.py-method:vibration_test-[line:214]- msg:test fail- [status:False]
2019-05-23 13:34:44,022 - INFO: 2019-05-23 13:34:44.021000-filename:IQC.py-method:_check_dut-[line:350]- msg:ok- [status:True]
2019-05-23 13:34:45,394 - INFO: 2019-05-23 13:34:45.395000-filename:IQC.py-method:_collect_raw_count-[line:390]- msg:collect raw count ok- [status:True]
2019-05-23 13:40:05,411 - INFO: 2019-05-23 13:40:05.407000-filename:IQC.py-method:_mcu-[line:133]- msg:- [status:True]
2019-05-23 13:40:07,664 - INFO: 2019-05-23 13:40:07.665000-filename:IQC.py-method:_check_dut-[line:350]- msg:ok- [status:True]
2019-05-23 13:40:09,042 - INFO: 2019-05-23 13:40:09.043000-filename:IQC.py-method:_collect_raw_count-[line:390]- msg:collect raw count ok- [status:True]
2019-05-23 13:42:45,450 - INFO: 2019-05-23 13:42:45.448000-filename:IQC.py-method:_mcu-[line:133]- msg:- [status:True]
2019-05-23 13:42:47,263 - INFO: 2019-05-23 13:42:47.264000-filename:IQC.py-method:_check_dut-[line:350]- msg:ok- [status:True]
2019-05-23 13:42:49,618 - INFO: 2019-05-23 13:42:49.619000-filename:IQC.py-method:_collect_raw_count-[line:390]- msg:collect raw count ok- [status:True]
2019-05-23 13:42:49,624 - INFO: 2019-05-23 13:42:49.624000-filename:IQC.py-method:_Noise_capacitance-[line:417]- msg:Noise_capacitance <= 0.05- [status:True]
2019-05-23 13:42:49,625 - INFO: 2019-05-23 13:42:49.626000-filename:IQC.py-method:_Baseline-[line:448]- msg:0.75<baseline<0.925- [status:True]
2019-05-23 13:42:49,628 - INFO: 2019-05-23 13:42:49.628000-filename:IQC.py-method:_edr_Capacitance-[line:477]- msg:Effective_dynamic_range>=0.0- [status:True]
2019-05-23 13:42:49,631 - INFO: 2019-05-23 13:42:49.632000-filename:IQC.py-method:Baseline_raw_count-[line:575]- msg:1=<Baseline_raw_count=<11- [status:True]
2019-05-23 13:42:49,766 - INFO: 2019-05-23 13:42:49.767000-filename:IQC.py-method:_open_diff-[line:636]- msg:open difference command ok- [status:True]
2019-05-23 13:42:55,776 - ERROR: 2019-05-23 13:42:55.776000-filename:IQC.py-method:vibration_test-[line:214]- msg:test fail- [status:False]
2019-05-23 13:43:05,917 - INFO: 2019-05-23 13:43:05.917000-filename:IQC.py-method:_check_dut-[line:350]- msg:ok- [status:True]
2019-05-23 13:43:07,252 - INFO: 2019-05-23 13:43:07.252000-filename:IQC.py-method:_collect_raw_count-[line:390]- msg:collect raw count ok- [status:True]
2019-05-23 13:43:07,253 - INFO: 2019-05-23 13:43:07.253000-filename:IQC.py-method:_Noise_capacitance-[line:417]- msg:Noise_capacitance <= 0.05- [status:True]
2019-05-23 13:43:07,253 - INFO: 2019-05-23 13:43:07.254000-filename:IQC.py-method:_Baseline-[line:448]- msg:0.75<baseline<0.925- [status:True]
2019-05-23 13:43:07,255 - INFO: 2019-05-23 13:43:07.255000-filename:IQC.py-method:_edr_Capacitance-[line:477]- msg:Effective_dynamic_range>=0.0- [status:True]
2019-05-23 13:43:07,255 - INFO: 2019-05-23 13:43:07.255000-filename:IQC.py-method:Baseline_raw_count-[line:575]- msg:1=<Baseline_raw_count=<11- [status:True]
2019-05-23 13:43:07,388 - INFO: 2019-05-23 13:43:07.388000-filename:IQC.py-method:_open_diff-[line:636]- msg:open difference command ok- [status:True]
2019-05-23 13:43:15,460 - INFO: 2019-05-23 13:43:15.460000-filename:IQC.py-method:vibration_test-[line:289]- msg:vibration test ok- [status:1]
2019-05-23 13:44:04,013 - INFO: 2019-05-23 13:44:04.010000-filename:IQC.py-method:_mcu-[line:133]- msg:- [status:True]
2019-05-23 13:44:05,927 - INFO: 2019-05-23 13:44:05.927000-filename:IQC.py-method:_check_dut-[line:350]- msg:ok- [status:True]
2019-05-23 13:44:08,122 - INFO: 2019-05-23 13:44:08.123000-filename:IQC.py-method:_collect_raw_count-[line:390]- msg:collect raw count ok- [status:True]
2019-05-23 13:44:08,128 - INFO: 2019-05-23 13:44:08.128000-filename:IQC.py-method:_Noise_capacitance-[line:417]- msg:Noise_capacitance <= 0.05- [status:True]
2019-05-23 13:44:08,130 - INFO: 2019-05-23 13:44:08.129000-filename:IQC.py-method:_Baseline-[line:448]- msg:0.75<baseline<0.925- [status:True]
2019-05-23 13:44:08,132 - INFO: 2019-05-23 13:44:08.132000-filename:IQC.py-method:_edr_Capacitance-[line:477]- msg:Effective_dynamic_range>=0.0- [status:True]
2019-05-23 13:44:08,137 - ERROR: 2019-05-23 13:44:08.136000-filename:IQC.py-method:Baseline_raw_count-[line:575]- msg:1=<Baseline_raw_count=<11- [status:False]
2019-05-23 13:44:08,138 - ERROR: 2019-05-23 13:44:08.139000-filename:IQC.py-method:vibration_test-[line:214]- msg:test fail- [status:False]
2019-05-23 13:46:22,473 - INFO: 2019-05-23 13:46:22.470000-filename:IQC.py-method:_mcu-[line:133]- msg:- [status:True]
2019-05-23 13:46:24,232 - INFO: 2019-05-23 13:46:24.232000-filename:IQC.py-method:_check_dut-[line:350]- msg:ok- [status:True]
2019-05-23 13:46:25,611 - INFO: 2019-05-23 13:46:25.611000-filename:IQC.py-method:_collect_raw_count-[line:390]- msg:collect raw count ok- [status:True]
2019-05-23 13:46:25,612 - INFO: 2019-05-23 13:46:25.613000-filename:IQC.py-method:_Noise_capacitance-[line:417]- msg:Noise_capacitance <= 0.05- [status:True]
2019-05-23 13:46:25,614 - INFO: 2019-05-23 13:46:25.614000-filename:IQC.py-method:_Baseline-[line:448]- msg:0.75<baseline<0.925- [status:True]
2019-05-23 13:46:25,615 - INFO: 2019-05-23 13:46:25.615000-filename:IQC.py-method:_edr_Capacitance-[line:477]- msg:Effective_dynamic_range>=0.0- [status:True]
2019-05-23 13:46:25,615 - INFO: 2019-05-23 13:46:25.615000-filename:IQC.py-method:Baseline_raw_count-[line:575]- msg:1=<Baseline_raw_count=<11- [status:True]
2019-05-23 13:46:27,680 - INFO: 2019-05-23 13:46:27.681000-filename:IQC.py-method:_open_diff-[line:636]- msg:open difference command ok- [status:True]
2019-05-23 13:46:33,693 - ERROR: 2019-05-23 13:46:33.693000-filename:IQC.py-method:vibration_test-[line:214]- msg:test fail- [status:False]
2019-05-23 13:46:59,216 - INFO: 2019-05-23 13:46:59.213000-filename:IQC.py-method:_mcu-[line:133]- msg:- [status:True]
2019-05-23 13:47:01,558 - INFO: 2019-05-23 13:47:01.558000-filename:IQC.py-method:_check_dut-[line:350]- msg:ok- [status:True]
2019-05-23 13:47:02,934 - INFO: 2019-05-23 13:47:02.934000-filename:IQC.py-method:_collect_raw_count-[line:390]- msg:collect raw count ok- [status:True]
2019-05-23 13:47:02,936 - ERROR: 2019-05-23 13:47:02.936000-filename:IQC.py-method:_Noise_capacitance-[line:417]- msg:Noise_capacitance > 0.05- [status:False]
2019-05-23 13:47:02,937 - ERROR: 2019-05-23 13:47:02.937000-filename:IQC.py-method:_Baseline-[line:448]- msg:0.75<baseline<0.925- [status:False]
2019-05-23 13:47:02,937 - INFO: 2019-05-23 13:47:02.937000-filename:IQC.py-method:_edr_Capacitance-[line:477]- msg:Effective_dynamic_range>=0.0- [status:True]
2019-05-23 13:47:02,937 - INFO: 2019-05-23 13:47:02.938000-filename:IQC.py-method:Baseline_raw_count-[line:575]- msg:1=<Baseline_raw_count=<11- [status:True]
2019-05-23 13:47:03,072 - INFO: 2019-05-23 13:47:03.072000-filename:IQC.py-method:_open_diff-[line:636]- msg:open difference command ok- [status:True]
2019-05-23 13:47:09,081 - ERROR: 2019-05-23 13:47:09.081000-filename:IQC.py-method:vibration_test-[line:214]- msg:test fail- [status:False]
2019-05-23 13:48:43,082 - INFO: 2019-05-23 13:48:43.078000-filename:IQC.py-method:_mcu-[line:133]- msg:- [status:True]
2019-05-23 13:48:44,880 - INFO: 2019-05-23 13:48:44.880000-filename:IQC.py-method:_check_dut-[line:350]- msg:ok- [status:True]
2019-05-23 13:48:46,256 - INFO: 2019-05-23 13:48:46.256000-filename:IQC.py-method:_collect_raw_count-[line:390]- msg:collect raw count ok- [status:True]
2019-05-23 13:48:46,257 - INFO: 2019-05-23 13:48:46.257000-filename:IQC.py-method:_Noise_capacitance-[line:417]- msg:Noise_capacitance <= 0.05- [status:True]
2019-05-23 13:48:46,257 - INFO: 2019-05-23 13:48:46.258000-filename:IQC.py-method:_Baseline-[line:448]- msg:0.75<baseline<0.925- [status:True]
2019-05-23 13:48:46,259 - INFO: 2019-05-23 13:48:46.259000-filename:IQC.py-method:_edr_Capacitance-[line:477]- msg:Effective_dynamic_range>=0.0- [status:True]
2019-05-23 13:48:46,259 - INFO: 2019-05-23 13:48:46.259000-filename:IQC.py-method:Baseline_raw_count-[line:575]- msg:1=<Baseline_raw_count=<11- [status:True]
2019-05-23 13:48:46,392 - INFO: 2019-05-23 13:48:46.393000-filename:IQC.py-method:_open_diff-[line:636]- msg:open difference command ok- [status:True]
2019-05-23 13:48:54,463 - INFO: 2019-05-23 13:48:54.463000-filename:IQC.py-method:vibration_test-[line:289]- msg:vibration test ok- [status:1]
2019-05-23 13:48:58,709 - INFO: 2019-05-23 13:48:58.709000-filename:IQC.py-method:_check_dut-[line:350]- msg:ok- [status:True]
2019-05-23 13:49:00,052 - INFO: 2019-05-23 13:49:00.052000-filename:IQC.py-method:_collect_raw_count-[line:390]- msg:collect raw count ok- [status:True]
2019-05-23 13:49:00,052 - ERROR: 2019-05-23 13:49:00.053000-filename:IQC.py-method:_Noise_capacitance-[line:417]- msg:Noise_capacitance > 0.05- [status:False]
2019-05-23 13:49:00,053 - ERROR: 2019-05-23 13:49:00.054000-filename:IQC.py-method:_Baseline-[line:448]- msg:baseline not in the range- [status:False]
2019-05-23 13:49:00,053 - INFO: 2019-05-23 13:49:00.054000-filename:IQC.py-method:_edr_Capacitance-[line:477]- msg:Effective_dynamic_range>=0.0- [status:True]
2019-05-23 13:49:00,055 - INFO: 2019-05-23 13:49:00.055000-filename:IQC.py-method:Baseline_raw_count-[line:575]- msg:1=<Baseline_raw_count=<11- [status:True]
2019-05-23 13:49:00,187 - INFO: 2019-05-23 13:49:00.187000-filename:IQC.py-method:_open_diff-[line:636]- msg:open difference command ok- [status:True]
2019-05-23 13:49:06,197 - ERROR: 2019-05-23 13:49:06.198000-filename:IQC.py-method:vibration_test-[line:214]- msg:test fail- [status:False]
2019-05-23 13:54:45,022 - INFO: 2019-05-23 13:54:45.019000-filename:IQC.py-method:_mcu-[line:133]- msg:- [status:True]
2019-05-23 13:54:48,062 - INFO: 2019-05-23 13:54:48.063000-filename:IQC.py-method:_check_dut-[line:351]- msg:ok- [status:True]
2019-05-23 13:54:49,506 - INFO: 2019-05-23 13:54:49.506000-filename:IQC.py-method:_collect_raw_count-[line:391]- msg:collect raw count ok- [status:True]
2019-05-23 13:54:49,506 - ERROR: 2019-05-23 13:54:49.506000-filename:IQC.py-method:_Noise_capacitance-[line:418]- msg:Noise_capacitance > 0.05- [status:False]
2019-05-23 13:54:49,507 - ERROR: 2019-05-23 13:54:49.508000-filename:IQC.py-method:_Baseline-[line:449]- msg:baseline not in the range- [status:False]
2019-05-23 13:54:49,507 - ERROR: 2019-05-23 13:54:49.508000-filename:IQC.py-method:_edr_Capacitance-[line:478]- msg:Effective_dynamic_range<0.0- [status:False]
2019-05-23 13:54:49,509 - ERROR: 2019-05-23 13:54:49.509000-filename:IQC.py-method:Baseline_raw_count-[line:576]- msg:1=<Baseline_raw_count=<11- [status:False]
2019-05-23 13:54:49,509 - ERROR: 2019-05-23 13:54:49.510000-filename:IQC.py-method:vibration_test-[line:214]- msg:test fail- [status:False]
2019-05-23 13:55:15,726 - INFO: 2019-05-23 13:55:15.726000-filename:IQC.py-method:_check_dut-[line:351]- msg:ok- [status:True]
2019-05-23 13:55:17,069 - INFO: 2019-05-23 13:55:17.070000-filename:IQC.py-method:_collect_raw_count-[line:391]- msg:collect raw count ok- [status:True]
2019-05-23 13:55:17,069 - ERROR: 2019-05-23 13:55:17.070000-filename:IQC.py-method:_Noise_capacitance-[line:418]- msg:Noise_capacitance > 0.05- [status:False]
2019-05-23 13:55:17,071 - INFO: 2019-05-23 13:55:17.071000-filename:IQC.py-method:_Baseline-[line:449]- msg:0.75<baseline<0.925- [status:True]
2019-05-23 13:55:17,072 - INFO: 2019-05-23 13:55:17.072000-filename:IQC.py-method:_edr_Capacitance-[line:478]- msg:Effective_dynamic_range>=0.0- [status:True]
2019-05-23 13:55:17,072 - INFO: 2019-05-23 13:55:17.072000-filename:IQC.py-method:Baseline_raw_count-[line:576]- msg:1=<Baseline_raw_count=<11- [status:True]
2019-05-23 13:55:17,204 - INFO: 2019-05-23 13:55:17.205000-filename:IQC.py-method:_open_diff-[line:637]- msg:open difference command ok- [status:True]
2019-05-23 13:55:23,213 - ERROR: 2019-05-23 13:55:23.214000-filename:IQC.py-method:vibration_test-[line:214]- msg:test fail- [status:False]
2019-05-23 13:56:31,905 - INFO: 2019-05-23 13:56:31.903000-filename:IQC.py-method:_mcu-[line:133]- msg:- [status:True]
2019-05-23 13:56:34,085 - INFO: 2019-05-23 13:56:34.086000-filename:IQC.py-method:_check_dut-[line:351]- msg:ok- [status:True]
2019-05-23 13:56:37,427 - INFO: 2019-05-23 13:56:37.426000-filename:IQC.py-method:_collect_raw_count-[line:391]- msg:collect raw count ok- [status:True]
2019-05-23 13:56:37,433 - ERROR: 2019-05-23 13:56:37.432000-filename:IQC.py-method:_Noise_capacitance-[line:418]- msg:Noise_capacitance > 0.05- [status:False]
2019-05-23 13:56:37,434 - ERROR: 2019-05-23 13:56:37.434000-filename:IQC.py-method:_Baseline-[line:449]- msg:baseline not in the range- [status:False]
2019-05-23 13:56:37,437 - INFO: 2019-05-23 13:56:37.437000-filename:IQC.py-method:_edr_Capacitance-[line:478]- msg:Effective_dynamic_range>=0.0- [status:True]
2019-05-23 13:56:37,441 - ERROR: 2019-05-23 13:56:37.442000-filename:IQC.py-method:Baseline_raw_count-[line:576]- msg:1=<Baseline_raw_count=<11- [status:False]
2019-05-23 13:56:37,444 - ERROR: 2019-05-23 13:56:37.444000-filename:IQC.py-method:vibration_test-[line:214]- msg:test fail- [status:False]
2019-05-23 13:56:54,630 - INFO: 2019-05-23 13:56:54.630000-filename:IQC.py-method:_check_dut-[line:351]- msg:ok- [status:True]
2019-05-23 13:56:55,966 - INFO: 2019-05-23 13:56:55.966000-filename:IQC.py-method:_collect_raw_count-[line:391]- msg:collect raw count ok- [status:True]
2019-05-23 13:56:55,967 - ERROR: 2019-05-23 13:56:55.967000-filename:IQC.py-method:_Noise_capacitance-[line:418]- msg:Noise_capacitance <= 0.05- [status:False]
2019-05-23 13:56:55,967 - INFO: 2019-05-23 13:56:55.968000-filename:IQC.py-method:_Baseline-[line:449]- msg:0.75<baseline<0.925- [status:True]
2019-05-23 13:56:55,967 - INFO: 2019-05-23 13:56:55.968000-filename:IQC.py-method:_edr_Capacitance-[line:478]- msg:Effective_dynamic_range>=0.0- [status:True]
2019-05-23 13:56:55,969 - INFO: 2019-05-23 13:56:55.969000-filename:IQC.py-method:Baseline_raw_count-[line:576]- msg:1=<Baseline_raw_count=<11- [status:True]
2019-05-23 13:56:56,101 - INFO: 2019-05-23 13:56:56.101000-filename:IQC.py-method:_open_diff-[line:637]- msg:open difference command ok- [status:True]
2019-05-23 13:57:04,174 - ERROR: 2019-05-23 13:57:04.173000-filename:IQC.py-method:vibration_test-[line:290]- msg:vibration test fail- [status:0]
2019-05-23 13:57:04,178 - ERROR: 2019-05-23 13:57:04.178000-filename:IQC.py-method:vibration_test-[line:214]- msg:test fail- [status:False]
2019-05-23 13:57:07,599 - INFO: 2019-05-23 13:57:07.600000-filename:IQC.py-method:_check_dut-[line:351]- msg:ok- [status:True]
2019-05-23 13:57:08,933 - INFO: 2019-05-23 13:57:08.933000-filename:IQC.py-method:_collect_raw_count-[line:391]- msg:collect raw count ok- [status:True]
2019-05-23 13:57:08,934 - ERROR: 2019-05-23 13:57:08.935000-filename:IQC.py-method:_Noise_capacitance-[line:418]- msg:Noise_capacitance > 0.05- [status:False]
2019-05-23 13:57:08,934 - INFO: 2019-05-23 13:57:08.935000-filename:IQC.py-method:_Baseline-[line:449]- msg:0.75<baseline<0.925- [status:True]
2019-05-23 13:57:08,936 - INFO: 2019-05-23 13:57:08.936000-filename:IQC.py-method:_edr_Capacitance-[line:478]- msg:Effective_dynamic_range>=0.0- [status:True]
2019-05-23 13:57:08,937 - INFO: 2019-05-23 13:57:08.937000-filename:IQC.py-method:Baseline_raw_count-[line:576]- msg:1=<Baseline_raw_count=<11- [status:True]
2019-05-23 13:57:09,069 - INFO: 2019-05-23 13:57:09.070000-filename:IQC.py-method:_open_diff-[line:637]- msg:open difference command ok- [status:True]
2019-05-23 13:57:15,081 - ERROR: 2019-05-23 13:57:15.081000-filename:IQC.py-method:vibration_test-[line:214]- msg:test fail- [status:False]
2019-05-23 13:58:13,836 - INFO: 2019-05-23 13:58:13.837000-filename:IQC.py-method:_check_dut-[line:351]- msg:ok- [status:True]
2019-05-23 13:58:15,183 - INFO: 2019-05-23 13:58:15.183000-filename:IQC.py-method:_collect_raw_count-[line:391]- msg:collect raw count ok- [status:True]
2019-05-23 13:58:15,184 - INFO: 2019-05-23 13:58:15.184000-filename:IQC.py-method:_Noise_capacitance-[line:418]- msg:Noise_capacitance <= 0.05- [status:True]
2019-05-23 13:58:15,184 - INFO: 2019-05-23 13:58:15.185000-filename:IQC.py-method:_Baseline-[line:449]- msg:0.75<baseline<0.925- [status:True]
2019-05-23 13:58:15,186 - INFO: 2019-05-23 13:58:15.186000-filename:IQC.py-method:_edr_Capacitance-[line:478]- msg:Effective_dynamic_range>=0.0- [status:True]
2019-05-23 13:58:15,187 - INFO: 2019-05-23 13:58:15.187000-filename:IQC.py-method:Baseline_raw_count-[line:576]- msg:1=<Baseline_raw_count=<11- [status:True]
2019-05-23 13:58:15,315 - INFO: 2019-05-23 13:58:15.315000-filename:IQC.py-method:_open_diff-[line:637]- msg:open difference command ok- [status:True]
2019-05-23 13:58:21,323 - ERROR: 2019-05-23 13:58:21.324000-filename:IQC.py-method:vibration_test-[line:214]- msg:test fail- [status:False]
2019-05-23 13:58:34,051 - INFO: 2019-05-23 13:58:34.051000-filename:IQC.py-method:_check_dut-[line:351]- msg:ok- [status:True]
2019-05-23 13:58:35,388 - INFO: 2019-05-23 13:58:35.388000-filename:IQC.py-method:_collect_raw_count-[line:391]- msg:collect raw count ok- [status:True]
2019-05-23 13:58:35,390 - INFO: 2019-05-23 13:58:35.390000-filename:IQC.py-method:_Noise_capacitance-[line:418]- msg:Noise_capacitance <= 0.05- [status:True]
2019-05-23 13:58:35,390 - INFO: 2019-05-23 13:58:35.390000-filename:IQC.py-method:_Baseline-[line:449]- msg:0.75<baseline<0.925- [status:True]
2019-05-23 13:58:35,391 - INFO: 2019-05-23 13:58:35.391000-filename:IQC.py-method:_edr_Capacitance-[line:478]- msg:Effective_dynamic_range>=0.0- [status:True]
2019-05-23 13:58:35,391 - INFO: 2019-05-23 13:58:35.391000-filename:IQC.py-method:Baseline_raw_count-[line:576]- msg:1=<Baseline_raw_count=<11- [status:True]
2019-05-23 13:58:35,525 - INFO: 2019-05-23 13:58:35.525000-filename:IQC.py-method:_open_diff-[line:637]- msg:open difference command ok- [status:True]
2019-05-23 13:58:41,535 - ERROR: 2019-05-23 13:58:41.534000-filename:IQC.py-method:vibration_test-[line:214]- msg:test fail- [status:False]
2019-05-23 13:58:47,595 - INFO: 2019-05-23 13:58:47.596000-filename:IQC.py-method:_check_dut-[line:351]- msg:ok- [status:True]
2019-05-23 13:58:48,940 - INFO: 2019-05-23 13:58:48.940000-filename:IQC.py-method:_collect_raw_count-[line:391]- msg:collect raw count ok- [status:True]
2019-05-23 13:58:48,940 - ERROR: 2019-05-23 13:58:48.941000-filename:IQC.py-method:_Noise_capacitance-[line:418]- msg:Noise_capacitance > 0.05- [status:False]
2019-05-23 13:58:48,940 - ERROR: 2019-05-23 13:58:48.941000-filename:IQC.py-method:_Baseline-[line:449]- msg:0.75<baseline<0.925- [status:False]
2019-05-23 13:58:48,941 - INFO: 2019-05-23 13:58:48.942000-filename:IQC.py-method:_edr_Capacitance-[line:478]- msg:Effective_dynamic_range>=0.0- [status:True]
2019-05-23 13:58:48,943 - INFO: 2019-05-23 13:58:48.943000-filename:IQC.py-method:Baseline_raw_count-[line:576]- msg:1=<Baseline_raw_count=<11- [status:True]
2019-05-23 13:58:49,075 - INFO: 2019-05-23 13:58:49.076000-filename:IQC.py-method:_open_diff-[line:637]- msg:open difference command ok- [status:True]
2019-05-23 13:58:55,085 - ERROR: 2019-05-23 13:58:55.086000-filename:IQC.py-method:vibration_test-[line:214]- msg:test fail- [status:False]
2019-05-23 13:59:03,803 - INFO: 2019-05-23 13:59:03.804000-filename:IQC.py-method:_check_dut-[line:351]- msg:ok- [status:True]
2019-05-23 13:59:05,207 - INFO: 2019-05-23 13:59:05.208000-filename:IQC.py-method:_collect_raw_count-[line:391]- msg:collect raw count ok- [status:True]
2019-05-23 13:59:05,209 - ERROR: 2019-05-23 13:59:05.209000-filename:IQC.py-method:_Noise_capacitance-[line:418]- msg:Noise_capacitance > 0.05- [status:False]
2019-05-23 13:59:05,210 - ERROR: 2019-05-23 13:59:05.210000-filename:IQC.py-method:_Baseline-[line:449]- msg:baseline not in the range- [status:False]
2019-05-23 13:59:05,210 - ERROR: 2019-05-23 13:59:05.210000-filename:IQC.py-method:_edr_Capacitance-[line:478]- msg:Effective_dynamic_range<0.0- [status:False]
2019-05-23 13:59:05,210 - ERROR: 2019-05-23 13:59:05.211000-filename:IQC.py-method:Baseline_raw_count-[line:576]- msg:1=<Baseline_raw_count=<11- [status:False]
2019-05-23 13:59:05,211 - ERROR: 2019-05-23 13:59:05.212000-filename:IQC.py-method:vibration_test-[line:214]- msg:test fail- [status:False]
2019-05-23 14:07:15,140 - INFO: 2019-05-23 14:07:15.138000-filename:IQC.py-method:_mcu-[line:133]- msg:- [status:True]
2019-05-23 14:07:19,645 - INFO: 2019-05-23 14:07:19.646000-filename:IQC.py-method:_check_dut-[line:351]- msg:ok- [status:True]
2019-05-23 14:07:21,016 - INFO: 2019-05-23 14:07:21.017000-filename:IQC.py-method:_collect_raw_count-[line:391]- msg:collect raw count ok- [status:True]
2019-05-23 14:07:21,017 - ERROR: 2019-05-23 14:07:21.018000-filename:IQC.py-method:_Noise_capacitance-[line:418]- msg:Noise_capacitance > 0.05- [status:False]
2019-05-23 14:07:21,019 - ERROR: 2019-05-23 14:07:21.019000-filename:IQC.py-method:_Baseline-[line:449]- msg:0.75<baseline<0.925- [status:False]
2019-05-23 14:07:21,019 - INFO: 2019-05-23 14:07:21.020000-filename:IQC.py-method:_edr_Capacitance-[line:478]- msg:Effective_dynamic_range>=0.0- [status:True]
2019-05-23 14:07:21,019 - ERROR: 2019-05-23 14:07:21.020000-filename:IQC.py-method:vibration_test-[line:214]- msg:test fail- [status:False]
2019-05-23 14:07:24,994 - INFO: 2019-05-23 14:07:24.995000-filename:IQC.py-method:_check_dut-[line:351]- msg:ok- [status:True]
2019-05-23 14:07:26,338 - INFO: 2019-05-23 14:07:26.339000-filename:IQC.py-method:_collect_raw_count-[line:391]- msg:collect raw count ok- [status:True]
2019-05-23 14:07:26,339 - ERROR: 2019-05-23 14:07:26.340000-filename:IQC.py-method:_Noise_capacitance-[line:418]- msg:Noise_capacitance > 0.05- [status:False]
2019-05-23 14:07:26,339 - INFO: 2019-05-23 14:07:26.340000-filename:IQC.py-method:_Baseline-[line:449]- msg:0.75<baseline<0.925- [status:True]
2019-05-23 14:07:26,341 - INFO: 2019-05-23 14:07:26.341000-filename:IQC.py-method:_edr_Capacitance-[line:478]- msg:Effective_dynamic_range>=0.0- [status:True]
2019-05-23 14:07:26,342 - ERROR: 2019-05-23 14:07:26.342000-filename:IQC.py-method:vibration_test-[line:214]- msg:test fail- [status:False]
2019-05-23 14:07:29,075 - INFO: 2019-05-23 14:07:29.076000-filename:IQC.py-method:_check_dut-[line:351]- msg:ok- [status:True]
2019-05-23 14:07:30,407 - INFO: 2019-05-23 14:07:30.408000-filename:IQC.py-method:_collect_raw_count-[line:391]- msg:collect raw count ok- [status:True]
2019-05-23 14:07:30,408 - ERROR: 2019-05-23 14:07:30.409000-filename:IQC.py-method:_Noise_capacitance-[line:418]- msg:Noise_capacitance > 0.05- [status:False]
2019-05-23 14:07:30,408 - ERROR: 2019-05-23 14:07:30.409000-filename:IQC.py-method:_Baseline-[line:449]- msg:0.75<baseline<0.925- [status:False]
2019-05-23 14:07:30,410 - INFO: 2019-05-23 14:07:30.410000-filename:IQC.py-method:_edr_Capacitance-[line:478]- msg:Effective_dynamic_range>=0.0- [status:True]
2019-05-23 14:07:30,411 - ERROR: 2019-05-23 14:07:30.411000-filename:IQC.py-method:vibration_test-[line:214]- msg:test fail- [status:False]
2019-05-23 14:07:32,971 - INFO: 2019-05-23 14:07:32.972000-filename:IQC.py-method:_check_dut-[line:351]- msg:ok- [status:True]
2019-05-23 14:07:34,306 - INFO: 2019-05-23 14:07:34.307000-filename:IQC.py-method:_collect_raw_count-[line:391]- msg:collect raw count ok- [status:True]
2019-05-23 14:07:34,308 - ERROR: 2019-05-23 14:07:34.308000-filename:IQC.py-method:_Noise_capacitance-[line:418]- msg:Noise_capacitance > 0.05- [status:False]
2019-05-23 14:07:34,309 - INFO: 2019-05-23 14:07:34.309000-filename:IQC.py-method:_Baseline-[line:449]- msg:0.75<baseline<0.925- [status:True]
2019-05-23 14:07:34,309 - INFO: 2019-05-23 14:07:34.310000-filename:IQC.py-method:_edr_Capacitance-[line:478]- msg:Effective_dynamic_range>=0.0- [status:True]
2019-05-23 14:07:34,309 - ERROR: 2019-05-23 14:07:34.310000-filename:IQC.py-method:vibration_test-[line:214]- msg:test fail- [status:False]
2019-05-23 14:07:36,723 - INFO: 2019-05-23 14:07:36.723000-filename:IQC.py-method:_check_dut-[line:351]- msg:ok- [status:True]
2019-05-23 14:07:38,059 - INFO: 2019-05-23 14:07:38.060000-filename:IQC.py-method:_collect_raw_count-[line:391]- msg:collect raw count ok- [status:True]
2019-05-23 14:07:38,061 - INFO: 2019-05-23 14:07:38.060000-filename:IQC.py-method:_Noise_capacitance-[line:418]- msg:Noise_capacitance <= 0.05- [status:True]
2019-05-23 14:07:38,061 - INFO: 2019-05-23 14:07:38.061000-filename:IQC.py-method:_Baseline-[line:449]- msg:0.75<baseline<0.925- [status:True]
2019-05-23 14:07:38,062 - INFO: 2019-05-23 14:07:38.062000-filename:IQC.py-method:_edr_Capacitance-[line:478]- msg:Effective_dynamic_range>=0.0- [status:True]
2019-05-23 14:07:38,062 - INFO: 2019-05-23 14:07:38.063000-filename:IQC.py-method:Baseline_raw_count-[line:576]- msg:1=<Baseline_raw_count=<11- [status:True]
2019-05-23 14:07:38,197 - INFO: 2019-05-23 14:07:38.197000-filename:IQC.py-method:_open_diff-[line:637]- msg:open difference command ok- [status:True]
2019-05-23 14:07:44,206 - ERROR: 2019-05-23 14:07:44.206000-filename:IQC.py-method:vibration_test-[line:214]- msg:test fail- [status:False]
2019-05-23 14:07:46,220 - INFO: 2019-05-23 14:07:46.220000-filename:IQC.py-method:_check_dut-[line:351]- msg:ok- [status:True]
2019-05-23 14:07:47,542 - INFO: 2019-05-23 14:07:47.543000-filename:IQC.py-method:_collect_raw_count-[line:391]- msg:collect raw count ok- [status:True]
2019-05-23 14:07:47,542 - ERROR: 2019-05-23 14:07:47.543000-filename:IQC.py-method:_Noise_capacitance-[line:418]- msg:Noise_capacitance > 0.05- [status:False]
2019-05-23 14:07:47,543 - ERROR: 2019-05-23 14:07:47.544000-filename:IQC.py-method:_Baseline-[line:449]- msg:baseline not in the range- [status:False]
2019-05-23 14:07:47,545 - INFO: 2019-05-23 14:07:47.545000-filename:IQC.py-method:_edr_Capacitance-[line:478]- msg:Effective_dynamic_range>=0.0- [status:True]
2019-05-23 14:07:47,546 - ERROR: 2019-05-23 14:07:47.545000-filename:IQC.py-method:vibration_test-[line:214]- msg:test fail- [status:False]
2019-05-23 14:07:51,875 - INFO: 2019-05-23 14:07:51.875000-filename:IQC.py-method:_check_dut-[line:351]- msg:ok- [status:True]
2019-05-23 14:07:53,217 - INFO: 2019-05-23 14:07:53.218000-filename:IQC.py-method:_collect_raw_count-[line:391]- msg:collect raw count ok- [status:True]
2019-05-23 14:07:53,219 - ERROR: 2019-05-23 14:07:53.219000-filename:IQC.py-method:_Noise_capacitance-[line:418]- msg:Noise_capacitance > 0.05- [status:False]
2019-05-23 14:07:53,219 - INFO: 2019-05-23 14:07:53.219000-filename:IQC.py-method:_Baseline-[line:449]- msg:0.75<baseline<0.925- [status:True]
2019-05-23 14:07:53,220 - INFO: 2019-05-23 14:07:53.220000-filename:IQC.py-method:_edr_Capacitance-[line:478]- msg:Effective_dynamic_range>=0.0- [status:True]
2019-05-23 14:07:53,220 - ERROR: 2019-05-23 14:07:53.221000-filename:IQC.py-method:vibration_test-[line:214]- msg:test fail- [status:False]
2019-05-23 14:07:56,246 - INFO: 2019-05-23 14:07:56.245000-filename:IQC.py-method:_check_dut-[line:351]- msg:ok- [status:True]
2019-05-23 14:07:57,589 - INFO: 2019-05-23 14:07:57.590000-filename:IQC.py-method:_collect_raw_count-[line:391]- msg:collect raw count ok- [status:True]
2019-05-23 14:07:57,592 - ERROR: 2019-05-23 14:07:57.592000-filename:IQC.py-method:_Noise_capacitance-[line:418]- msg:Noise_capacitance > 0.05- [status:False]
2019-05-23 14:07:57,592 - ERROR: 2019-05-23 14:07:57.592000-filename:IQC.py-method:_Baseline-[line:449]- msg:0.75<baseline<0.925- [status:False]
2019-05-23 14:07:57,592 - INFO: 2019-05-23 14:07:57.593000-filename:IQC.py-method:_edr_Capacitance-[line:478]- msg:Effective_dynamic_range>=0.0- [status:True]
2019-05-23 14:07:57,594 - ERROR: 2019-05-23 14:07:57.594000-filename:IQC.py-method:vibration_test-[line:214]- msg:test fail- [status:False]
2019-05-23 14:53:38,095 - INFO: 2019-05-23 14:53:38.092000-filename:IQC.py-method:_mcu-[line:133]- msg:- [status:True]
2019-05-23 14:53:42,637 - INFO: 2019-05-23 14:53:42.637000-filename:IQC.py-method:_check_dut-[line:351]- msg:ok- [status:True]
2019-05-23 14:53:44,012 - INFO: 2019-05-23 14:53:44.012000-filename:IQC.py-method:_collect_raw_count-[line:391]- msg:collect raw count ok- [status:True]
2019-05-23 14:53:44,012 - INFO: 2019-05-23 14:53:44.012000-filename:IQC.py-method:_Noise_capacitance-[line:418]- msg:Noise_capacitance <= 0.05- [status:True]
2019-05-23 14:53:44,013 - INFO: 2019-05-23 14:53:44.014000-filename:IQC.py-method:_Baseline-[line:449]- msg:0.75<baseline<0.925- [status:True]
2019-05-23 14:53:44,013 - INFO: 2019-05-23 14:53:44.014000-filename:IQC.py-method:_edr_Capacitance-[line:478]- msg:Effective_dynamic_range>=0.0- [status:True]
2019-05-23 14:53:44,016 - INFO: 2019-05-23 14:53:44.016000-filename:IQC.py-method:Baseline_raw_count-[line:576]- msg:1=<Baseline_raw_count=<11- [status:True]
2019-05-23 14:53:44,151 - INFO: 2019-05-23 14:53:44.151000-filename:IQC.py-method:_open_diff-[line:637]- msg:open difference command ok- [status:True]
2019-05-23 14:53:52,224 - INFO: 2019-05-23 14:53:52.225000-filename:IQC.py-method:vibration_test-[line:290]- msg:vibration test ok- [status:1]
2019-05-23 14:55:09,414 - INFO: 2019-05-23 14:55:09.411000-filename:IQC.py-method:_mcu-[line:133]- msg:- [status:True]
2019-05-23 14:55:10,651 - ERROR: 2019-05-23 14:55:10.651000-filename:IQC.py-method:_check_dut->mcu_com.init()-[line:324]- msg:port open fail: could not open port 'COM9': WindowsError(2, '\xcf\xb5\xcd\xb3\xd5\xd2\xb2\xbb\xb5\xbd\xd6\xb8\xb6\xa8\xb5\xc4\xce\xc4\xbc\xfe\xa1\xa3')- [status:False]
2019-05-23 14:55:10,653 - ERROR: 2019-05-23 14:55:10.653000-filename:IQC.py-method:_check_dut-[line:351]- msg:port open fail: could not open port 'COM9': WindowsError(2, '\xcf\xb5\xcd\xb3\xd5\xd2\xb2\xbb\xb5\xbd\xd6\xb8\xb6\xa8\xb5\xc4\xce\xc4\xbc\xfe\xa1\xa3')- [status:False]
2019-05-23 14:55:10,654 - ERROR: 2019-05-23 14:55:10.654000-filename:IQC.py-method:vibration_test-[line:214]- msg:test fail- [status:False]
2019-05-23 14:55:51,119 - INFO: 2019-05-23 14:55:51.117000-filename:IQC.py-method:_mcu-[line:133]- msg:- [status:True]
2019-05-23 14:55:52,868 - INFO: 2019-05-23 14:55:52.869000-filename:IQC.py-method:_check_dut-[line:351]- msg:ok- [status:True]
2019-05-23 14:55:54,246 - INFO: 2019-05-23 14:55:54.245000-filename:IQC.py-method:_collect_raw_count-[line:391]- msg:collect raw count ok- [status:True]
2019-05-23 14:55:54,246 - INFO: 2019-05-23 14:55:54.247000-filename:IQC.py-method:_Noise_capacitance-[line:418]- msg:Noise_capacitance <= 0.05- [status:True]
2019-05-23 14:55:54,246 - INFO: 2019-05-23 14:55:54.247000-filename:IQC.py-method:_Baseline-[line:449]- msg:0.75<baseline<0.925- [status:True]
2019-05-23 14:55:54,247 - INFO: 2019-05-23 14:55:54.248000-filename:IQC.py-method:_edr_Capacitance-[line:478]- msg:Effective_dynamic_range>=0.0- [status:True]
2019-05-23 14:55:54,250 - INFO: 2019-05-23 14:55:54.250000-filename:IQC.py-method:Baseline_raw_count-[line:576]- msg:1=<Baseline_raw_count=<11- [status:True]
2019-05-23 14:55:54,384 - INFO: 2019-05-23 14:55:54.384000-filename:IQC.py-method:_open_diff-[line:637]- msg:open difference command ok- [status:True]
2019-05-23 14:56:02,460 - INFO: 2019-05-23 14:56:02.460000-filename:IQC.py-method:vibration_test-[line:290]- msg:vibration test ok- [status:1]
2019-05-23 14:56:48,976 - INFO: 2019-05-23 14:56:48.973000-filename:IQC.py-method:_mcu-[line:133]- msg:- [status:True]
2019-05-23 14:56:50,803 - INFO: 2019-05-23 14:56:50.804000-filename:IQC.py-method:_check_dut-[line:351]- msg:ok- [status:True]
2019-05-23 14:56:52,177 - INFO: 2019-05-23 14:56:52.177000-filename:IQC.py-method:_collect_raw_count-[line:391]- msg:collect raw count ok- [status:True]
2019-05-23 14:56:52,178 - ERROR: 2019-05-23 14:56:52.179000-filename:IQC.py-method:_Noise_capacitance-[line:418]- msg:Noise_capacitance <= 0.05- [status:False]
2019-05-23 14:56:52,178 - INFO: 2019-05-23 14:56:52.179000-filename:IQC.py-method:_Baseline-[line:449]- msg:0.75<baseline<0.925- [status:True]
2019-05-23 14:56:52,180 - INFO: 2019-05-23 14:56:52.180000-filename:IQC.py-method:_edr_Capacitance-[line:478]- msg:Effective_dynamic_range>=0.0- [status:True]
2019-05-23 14:56:52,180 - ERROR: 2019-05-23 14:56:52.181000-filename:IQC.py-method:vibration_test-[line:214]- msg:test fail- [status:False]
2019-05-23 14:57:01,394 - INFO: 2019-05-23 14:57:01.395000-filename:IQC.py-method:_check_dut-[line:351]- msg:ok- [status:True]
2019-05-23 14:57:02,732 - INFO: 2019-05-23 14:57:02.732000-filename:IQC.py-method:_collect_raw_count-[line:391]- msg:collect raw count ok- [status:True]
2019-05-23 14:57:02,732 - ERROR: 2019-05-23 14:57:02.732000-filename:IQC.py-method:_Noise_capacitance-[line:418]- msg:Noise_capacitance > 0.05- [status:False]
2019-05-23 14:57:02,733 - INFO: 2019-05-23 14:57:02.734000-filename:IQC.py-method:_Baseline-[line:449]- msg:0.75<baseline<0.925- [status:True]
2019-05-23 14:57:02,733 - INFO: 2019-05-23 14:57:02.734000-filename:IQC.py-method:_edr_Capacitance-[line:478]- msg:Effective_dynamic_range>=0.0- [status:True]
2019-05-23 14:57:02,734 - ERROR: 2019-05-23 14:57:02.735000-filename:IQC.py-method:vibration_test-[line:214]- msg:test fail- [status:False]
2019-05-23 14:57:06,059 - INFO: 2019-05-23 14:57:06.060000-filename:IQC.py-method:_check_dut-[line:351]- msg:ok- [status:True]
2019-05-23 14:57:07,398 - INFO: 2019-05-23 14:57:07.398000-filename:IQC.py-method:_collect_raw_count-[line:391]- msg:collect raw count ok- [status:True]
2019-05-23 14:57:07,398 - INFO: 2019-05-23 14:57:07.399000-filename:IQC.py-method:_Noise_capacitance-[line:418]- msg:Noise_capacitance <= 0.05- [status:True]
2019-05-23 14:57:07,400 - INFO: 2019-05-23 14:57:07.400000-filename:IQC.py-method:_Baseline-[line:449]- msg:0.75<baseline<0.925- [status:True]
2019-05-23 14:57:07,400 - INFO: 2019-05-23 14:57:07.400000-filename:IQC.py-method:_edr_Capacitance-[line:478]- msg:Effective_dynamic_range>=0.0- [status:True]
2019-05-23 14:57:07,401 - INFO: 2019-05-23 14:57:07.401000-filename:IQC.py-method:Baseline_raw_count-[line:576]- msg:1=<Baseline_raw_count=<11- [status:True]
2019-05-23 14:57:07,535 - INFO: 2019-05-23 14:57:07.535000-filename:IQC.py-method:_open_diff-[line:637]- msg:open difference command ok- [status:True]
2019-05-23 14:57:15,611 - INFO: 2019-05-23 14:57:15.612000-filename:IQC.py-method:vibration_test-[line:290]- msg:vibration test ok- [status:1]
2019-05-23 14:58:07,499 - INFO: 2019-05-23 14:58:07.496000-filename:IQC.py-method:_mcu-[line:133]- msg:- [status:True]
2019-05-23 14:58:09,180 - INFO: 2019-05-23 14:58:09.181000-filename:IQC.py-method:_check_dut-[line:351]- msg:ok- [status:True]
2019-05-23 14:58:10,556 - INFO: 2019-05-23 14:58:10.557000-filename:IQC.py-method:_collect_raw_count-[line:391]- msg:collect raw count ok- [status:True]
2019-05-23 14:58:10,559 - INFO: 2019-05-23 14:58:10.559000-filename:IQC.py-method:_Noise_capacitance-[line:418]- msg:Noise_capacitance <= 0.05- [status:True]
2019-05-23 14:58:10,559 - INFO: 2019-05-23 14:58:10.559000-filename:IQC.py-method:_Baseline-[line:449]- msg:0.75<baseline<0.925- [status:True]
2019-05-23 14:58:10,559 - INFO: 2019-05-23 14:58:10.560000-filename:IQC.py-method:_edr_Capacitance-[line:478]- msg:Effective_dynamic_range>=0.0- [status:True]
2019-05-23 14:58:10,561 - INFO: 2019-05-23 14:58:10.561000-filename:IQC.py-method:Baseline_raw_count-[line:576]- msg:1=<Baseline_raw_count=<11- [status:True]
2019-05-23 14:58:10,696 - INFO: 2019-05-23 14:58:10.696000-filename:IQC.py-method:_open_diff-[line:637]- msg:open difference command ok- [status:True]
2019-05-23 14:58:17,769 - INFO: 2019-05-23 14:58:17.769000-filename:IQC.py-method:vibration_test-[line:290]- msg:vibration test ok- [status:1]
2019-05-23 15:31:46,559 - INFO: 2019-05-23 15:31:46.556000-filename:IQC.py-method:_mcu-[line:133]- msg:- [status:True]
2019-05-23 15:32:22,042 - INFO: 2019-05-23 15:32:22.039000-filename:IQC.py-method:_mcu-[line:133]- msg:- [status:True]
2019-05-23 15:33:07,473 - INFO: 2019-05-23 15:33:07.471000-filename:IQC.py-method:_mcu-[line:133]- msg:- [status:True]
2019-05-23 15:33:09,170 - INFO: 2019-05-23 15:33:09.170000-filename:IQC.py-method:_check_dut-[line:351]- msg:ok- [status:True]
2019-05-23 15:33:10,543 - INFO: 2019-05-23 15:33:10.544000-filename:IQC.py-method:_collect_raw_count-[line:391]- msg:collect raw count ok- [status:True]
2019-05-23 15:33:10,546 - INFO: 2019-05-23 15:33:10.546000-filename:IQC.py-method:_Noise_capacitance-[line:418]- msg:Noise_capacitance <= 0.05- [status:True]
2019-05-23 15:33:10,546 - INFO: 2019-05-23 15:33:10.547000-filename:IQC.py-method:_Baseline-[line:449]- msg:0.75<baseline<0.925- [status:True]
2019-05-23 15:33:10,546 - INFO: 2019-05-23 15:33:10.547000-filename:IQC.py-method:_edr_Capacitance-[line:478]- msg:Effective_dynamic_range>=0.0- [status:True]
2019-05-23 15:33:10,549 - INFO: 2019-05-23 15:33:10.549000-filename:IQC.py-method:Baseline_raw_count-[line:576]- msg:1=<Baseline_raw_count=<11- [status:True]
2019-05-23 15:33:10,684 - INFO: 2019-05-23 15:33:10.684000-filename:IQC.py-method:_open_diff-[line:637]- msg:open difference command ok- [status:True]
2019-05-23 15:33:16,696 - ERROR: 2019-05-23 15:33:16.695000-filename:IQC.py-method:vibration_test-[line:214]- msg:test fail- [status:False]
2019-05-23 15:33:46,793 - INFO: 2019-05-23 15:33:46.792000-filename:IQC.py-method:_mcu-[line:133]- msg:- [status:True]
2019-05-23 15:33:48,459 - INFO: 2019-05-23 15:33:48.459000-filename:IQC.py-method:_check_dut-[line:351]- msg:ok- [status:True]
2019-05-23 15:33:49,835 - INFO: 2019-05-23 15:33:49.836000-filename:IQC.py-method:_collect_raw_count-[line:391]- msg:collect raw count ok- [status:True]
2019-05-23 15:33:49,838 - INFO: 2019-05-23 15:33:49.838000-filename:IQC.py-method:_Noise_capacitance-[line:418]- msg:Noise_capacitance <= 0.05- [status:True]
2019-05-23 15:33:49,838 - INFO: 2019-05-23 15:33:49.839000-filename:IQC.py-method:_Baseline-[line:449]- msg:0.75<baseline<0.925- [status:True]
2019-05-23 15:33:49,838 - INFO: 2019-05-23 15:33:49.839000-filename:IQC.py-method:_edr_Capacitance-[line:478]- msg:Effective_dynamic_range>=0.0- [status:True]
2019-05-23 15:33:49,839 - INFO: 2019-05-23 15:33:49.840000-filename:IQC.py-method:Baseline_raw_count-[line:576]- msg:1=<Baseline_raw_count=<11- [status:True]
2019-05-23 15:33:49,973 - INFO: 2019-05-23 15:33:49.974000-filename:IQC.py-method:_open_diff-[line:637]- msg:open difference command ok- [status:True]
2019-05-23 15:33:55,984 - ERROR: 2019-05-23 15:33:55.985000-filename:IQC.py-method:vibration_test-[line:214]- msg:test fail- [status:False]
2019-05-23 17:23:29,480 - INFO: 2019-05-23 17:23:29.478000-filename:IQC.py-method:_mcu-[line:133]- msg:- [status:True]
2019-05-23 17:23:33,374 - ERROR: 2019-05-23 17:23:33.373000-filename:IQC.py-method:_check_dut->mcu_com.init()-[line:324]- msg:port open fail: could not open port 'COM6': WindowsError(2, '\xcf\xb5\xcd\xb3\xd5\xd2\xb2\xbb\xb5\xbd\xd6\xb8\xb6\xa8\xb5\xc4\xce\xc4\xbc\xfe\xa1\xa3')- [status:False]
2019-05-23 17:23:33,374 - ERROR: 2019-05-23 17:23:33.374000-filename:IQC.py-method:_check_dut-[line:351]- msg:port open fail: could not open port 'COM6': WindowsError(2, '\xcf\xb5\xcd\xb3\xd5\xd2\xb2\xbb\xb5\xbd\xd6\xb8\xb6\xa8\xb5\xc4\xce\xc4\xbc\xfe\xa1\xa3')- [status:False]
2019-05-23 17:23:33,375 - ERROR: 2019-05-23 17:23:33.375000-filename:IQC.py-method:vibration_test-[line:214]- msg:test fail- [status:False]
2019-05-23 17:24:52,717 - INFO: 2019-05-23 17:24:52.715000-filename:IQC.py-method:_mcu-[line:133]- msg:- [status:True]
2019-05-23 17:25:10,845 - INFO: 2019-05-23 17:25:10.846000-filename:IQC.py-method:_check_dut-[line:351]- msg:ok- [status:True]
2019-05-23 17:25:12,219 - INFO: 2019-05-23 17:25:12.219000-filename:IQC.py-method:_collect_raw_count-[line:391]- msg:collect raw count ok- [status:True]
2019-05-23 17:25:12,220 - INFO: 2019-05-23 17:25:12.220000-filename:IQC.py-method:_Noise_capacitance-[line:418]- msg:Noise_capacitance <= 0.05- [status:True]
2019-05-23 17:25:12,220 - INFO: 2019-05-23 17:25:12.221000-filename:IQC.py-method:_Baseline-[line:449]- msg:0.75<baseline<0.925- [status:True]
2019-05-23 17:25:12,220 - INFO: 2019-05-23 17:25:12.221000-filename:IQC.py-method:_edr_Capacitance-[line:478]- msg:Effective_dynamic_range>=0.0- [status:True]
2019-05-23 17:25:12,221 - INFO: 2019-05-23 17:25:12.222000-filename:IQC.py-method:Baseline_raw_count-[line:576]- msg:1=<Baseline_raw_count=<11- [status:True]
2019-05-23 17:25:12,355 - INFO: 2019-05-23 17:25:12.356000-filename:IQC.py-method:_open_diff-[line:637]- msg:open difference command ok- [status:True]
2019-05-23 17:25:20,427 - INFO: 2019-05-23 17:25:20.426000-filename:IQC.py-method:vibration_test-[line:290]- msg:vibration test ok- [status:1]
2019-05-23 17:26:39,596 - INFO: 2019-05-23 17:26:39.595000-filename:IQC.py-method:_mcu-[line:133]- msg:- [status:True]
2019-05-23 17:26:41,647 - INFO: 2019-05-23 17:26:41.647000-filename:IQC.py-method:_check_dut-[line:351]- msg:ok- [status:True]
2019-05-23 17:26:43,019 - INFO: 2019-05-23 17:26:43.019000-filename:IQC.py-method:_collect_raw_count-[line:391]- msg:collect raw count ok- [status:True]
2019-05-23 17:26:43,019 - INFO: 2019-05-23 17:26:43.019000-filename:IQC.py-method:_Noise_capacitance-[line:418]- msg:Noise_capacitance <= 0.05- [status:True]
2019-05-23 17:26:43,019 - INFO: 2019-05-23 17:26:43.020000-filename:IQC.py-method:_Baseline-[line:449]- msg:0.75<baseline<0.925- [status:True]
2019-05-23 17:26:43,020 - INFO: 2019-05-23 17:26:43.021000-filename:IQC.py-method:_edr_Capacitance-[line:478]- msg:Effective_dynamic_range>=0.0- [status:True]
2019-05-23 17:26:43,022 - INFO: 2019-05-23 17:26:43.022000-filename:IQC.py-method:Baseline_raw_count-[line:576]- msg:1=<Baseline_raw_count=<11- [status:True]
2019-05-23 17:26:43,154 - INFO: 2019-05-23 17:26:43.155000-filename:IQC.py-method:_open_diff-[line:637]- msg:open difference command ok- [status:True]
2019-05-23 17:26:49,164 - ERROR: 2019-05-23 17:26:49.165000-filename:IQC.py-method:vibration_test-[line:214]- msg:test fail- [status:False]
2019-05-23 17:29:09,115 - INFO: 2019-05-23 17:29:09.113000-filename:IQC.py-method:_mcu-[line:133]- msg:- [status:True]
2019-05-23 17:29:12,805 - INFO: 2019-05-23 17:29:12.806000-filename:IQC.py-method:_check_dut-[line:351]- msg:ok- [status:True]
2019-05-23 17:29:14,184 - INFO: 2019-05-23 17:29:14.185000-filename:IQC.py-method:_collect_raw_count-[line:391]- msg:collect raw count ok- [status:True]
2019-05-23 17:29:14,187 - INFO: 2019-05-23 17:29:14.187000-filename:IQC.py-method:_Noise_capacitance-[line:418]- msg:Noise_capacitance <= 0.05- [status:True]
2019-05-23 17:29:14,187 - INFO: 2019-05-23 17:29:14.188000-filename:IQC.py-method:_Baseline-[line:449]- msg:0.75<baseline<0.925- [status:True]
2019-05-23 17:29:14,187 - INFO: 2019-05-23 17:29:14.188000-filename:IQC.py-method:_edr_Capacitance-[line:478]- msg:Effective_dynamic_range>=0.0- [status:True]
2019-05-23 17:29:14,188 - INFO: 2019-05-23 17:29:14.189000-filename:IQC.py-method:Baseline_raw_count-[line:576]- msg:1=<Baseline_raw_count=<11- [status:True]
2019-05-23 17:29:14,321 - INFO: 2019-05-23 17:29:14.321000-filename:IQC.py-method:_open_diff-[line:637]- msg:open difference command ok- [status:True]
2019-05-23 17:29:22,394 - INFO: 2019-05-23 17:29:22.394000-filename:IQC.py-method:vibration_test-[line:290]- msg:vibration test ok- [status:1]
2019-05-23 17:39:43,904 - INFO: 2019-05-23 17:39:43.902000-filename:IQC.py-method:_mcu-[line:133]- msg:- [status:True]
2019-05-23 17:39:47,368 - INFO: 2019-05-23 17:39:47.368000-filename:IQC.py-method:_check_dut-[line:351]- msg:ok- [status:True]
2019-05-23 17:39:48,746 - INFO: 2019-05-23 17:39:48.746000-filename:IQC.py-method:_collect_raw_count-[line:391]- msg:collect raw count ok- [status:True]
2019-05-23 17:39:48,747 - INFO: 2019-05-23 17:39:48.748000-filename:IQC.py-method:_Noise_capacitance-[line:418]- msg:Noise_capacitance <= 0.05- [status:True]
2019-05-23 17:39:48,747 - INFO: 2019-05-23 17:39:48.748000-filename:IQC.py-method:_Baseline-[line:449]- msg:0.75<baseline<0.925- [status:True]
2019-05-23 17:39:48,749 - INFO: 2019-05-23 17:39:48.749000-filename:IQC.py-method:_edr_Capacitance-[line:478]- msg:Effective_dynamic_range>=0.0- [status:True]
2019-05-23 17:39:48,750 - INFO: 2019-05-23 17:39:48.750000-filename:IQC.py-method:Baseline_raw_count-[line:576]- msg:1=<Baseline_raw_count=<11- [status:True]
2019-05-23 17:39:48,881 - INFO: 2019-05-23 17:39:48.881000-filename:IQC.py-method:_open_diff-[line:637]- msg:open difference command ok- [status:True]
2019-05-23 17:39:54,891 - ERROR: 2019-05-23 17:39:54.891000-filename:IQC.py-method:vibration_test-[line:214]- msg:test fail- [status:False]
2019-05-23 17:50:57,049 - INFO: 2019-05-23 17:50:57.048000-filename:IQC.py-method:_mcu-[line:133]- msg:- [status:True]
2019-05-23 17:50:59,023 - INFO: 2019-05-23 17:50:59.023000-filename:IQC.py-method:_check_dut-[line:351]- msg:ok- [status:True]
2019-05-23 17:51:00,423 - INFO: 2019-05-23 17:51:00.423000-filename:IQC.py-method:_collect_raw_count-[line:391]- msg:collect raw count ok- [status:True]
2019-05-23 17:51:00,424 - INFO: 2019-05-23 17:51:00.424000-filename:IQC.py-method:_Noise_capacitance-[line:418]- msg:Noise_capacitance <= 0.05- [status:True]
2019-05-23 17:51:00,426 - INFO: 2019-05-23 17:51:00.426000-filename:IQC.py-method:_Baseline-[line:449]- msg:0.75<baseline<0.925- [status:True]
2019-05-23 17:51:00,427 - INFO: 2019-05-23 17:51:00.427000-filename:IQC.py-method:_edr_Capacitance-[line:478]- msg:Effective_dynamic_range>=0.0- [status:True]
2019-05-23 17:51:00,427 - INFO: 2019-05-23 17:51:00.428000-filename:IQC.py-method:Baseline_raw_count-[line:576]- msg:1=<Baseline_raw_count=<11- [status:True]
2019-05-23 17:51:00,562 - INFO: 2019-05-23 17:51:00.562000-filename:IQC.py-method:_open_diff-[line:637]- msg:open difference command ok- [status:True]
2019-05-23 17:51:06,569 - ERROR: 2019-05-23 17:51:06.570000-filename:IQC.py-method:vibration_test-[line:214]- msg:test fail- [status:False]
2019-05-23 17:52:45,891 - INFO: 2019-05-23 17:52:45.890000-filename:IQC.py-method:_mcu-[line:133]- msg:- [status:True]
2019-05-23 17:52:52,398 - INFO: 2019-05-23 17:52:52.398000-filename:IQC.py-method:_check_dut-[line:351]- msg:ok- [status:True]
2019-05-23 17:52:53,795 - INFO: 2019-05-23 17:52:53.795000-filename:IQC.py-method:_collect_raw_count-[line:391]- msg:collect raw count ok- [status:True]
2019-05-23 17:52:53,796 - INFO: 2019-05-23 17:52:53.797000-filename:IQC.py-method:_Noise_capacitance-[line:418]- msg:Noise_capacitance <= 0.05- [status:True]
2019-05-23 17:52:53,799 - INFO: 2019-05-23 17:52:53.799000-filename:IQC.py-method:_Baseline-[line:449]- msg:0.75<baseline<0.925- [status:True]
2019-05-23 17:52:53,799 - INFO: 2019-05-23 17:52:53.799000-filename:IQC.py-method:_edr_Capacitance-[line:478]- msg:Effective_dynamic_range>=0.0- [status:True]
2019-05-23 17:52:53,799 - INFO: 2019-05-23 17:52:53.800000-filename:IQC.py-method:Baseline_raw_count-[line:576]- msg:1=<Baseline_raw_count=<11- [status:True]
2019-05-23 17:52:53,933 - INFO: 2019-05-23 17:52:53.933000-filename:IQC.py-method:_open_diff-[line:637]- msg:open difference command ok- [status:True]
2019-05-23 17:52:59,944 - ERROR: 2019-05-23 17:52:59.944000-filename:IQC.py-method:vibration_test-[line:214]- msg:test fail- [status:False]
2019-05-23 17:53:47,891 - INFO: 2019-05-23 17:53:47.889000-filename:IQC.py-method:_mcu-[line:133]- msg:- [status:True]
2019-05-23 17:53:51,325 - INFO: 2019-05-23 17:53:51.326000-filename:IQC.py-method:_check_dut-[line:351]- msg:ok- [status:True]
2019-05-23 17:53:52,724 - INFO: 2019-05-23 17:53:52.725000-filename:IQC.py-method:_collect_raw_count-[line:391]- msg:collect raw count ok- [status:True]
2019-05-23 17:53:52,727 - INFO: 2019-05-23 17:53:52.728000-filename:IQC.py-method:_Noise_capacitance-[line:418]- msg:Noise_capacitance <= 0.05- [status:True]
2019-05-23 17:53:52,729 - INFO: 2019-05-23 17:53:52.729000-filename:IQC.py-method:_Baseline-[line:449]- msg:0.75<baseline<0.925- [status:True]
2019-05-23 17:53:52,729 - INFO: 2019-05-23 17:53:52.729000-filename:IQC.py-method:_edr_Capacitance-[line:478]- msg:Effective_dynamic_range>=0.0- [status:True]
2019-05-23 17:53:52,730 - INFO: 2019-05-23 17:53:52.731000-filename:IQC.py-method:Baseline_raw_count-[line:576]- msg:1=<Baseline_raw_count=<11- [status:True]
2019-05-23 17:53:52,864 - INFO: 2019-05-23 17:53:52.864000-filename:IQC.py-method:_open_diff-[line:637]- msg:open difference command ok- [status:True]
2019-05-23 17:54:45,769 - INFO: 2019-05-23 17:54:45.766000-filename:IQC.py-method:_mcu-[line:133]- msg:- [status:True]
2019-05-23 17:55:34,601 - INFO: 2019-05-23 17:55:34.599000-filename:IQC.py-method:_mcu-[line:133]- msg:- [status:True]
2019-05-23 17:56:26,976 - INFO: 2019-05-23 17:56:26.975000-filename:IQC.py-method:_mcu-[line:133]- msg:- [status:True]
2019-05-23 17:57:02,125 - INFO: 2019-05-23 17:57:02.122000-filename:IQC.py-method:_mcu-[line:133]- msg:- [status:True]
2019-05-23 17:57:15,930 - ERROR: 2019-05-23 17:57:15.931000-filename:IQC.py-method:_check_dut-[line:351]- msg:port open fail: Cannot configure port, something went wrong. Original message: WindowsError(2, '\xcf\xb5\xcd\xb3\xd5\xd2\xb2\xbb\xb5\xbd\xd6\xb8\xb6\xa8\xb5\xc4\xce\xc4\xbc\xfe\xa1\xa3')- [status:False]
2019-05-23 17:57:15,934 - ERROR: 2019-05-23 17:57:15.934000-filename:IQC.py-method:vibration_test-[line:214]- msg:test fail- [status:False]
2019-05-23 17:57:53,773 - INFO: 2019-05-23 17:57:53.770000-filename:IQC.py-method:_mcu-[line:133]- msg:- [status:True]
2019-05-23 17:59:08,849 - INFO: 2019-05-23 17:59:08.847000-filename:IQC.py-method:_mcu-[line:133]- msg:- [status:True]
2019-05-23 17:59:36,766 - INFO: 2019-05-23 17:59:36.764000-filename:IQC.py-method:_mcu-[line:133]- msg:- [status:True]
2019-05-23 18:02:23,408 - INFO: 2019-05-23 18:02:23.407000-filename:IQC.py-method:_mcu-[line:133]- msg:- [status:True]
2019-05-23 18:02:31,881 - INFO: 2019-05-23 18:02:31.882000-filename:IQC.py-method:_check_dut-[line:351]- msg:ok- [status:True]
2019-05-23 18:02:34,322 - INFO: 2019-05-23 18:02:34.322000-filename:IQC.py-method:_collect_raw_count-[line:391]- msg:collect raw count ok- [status:True]
2019-05-23 18:02:34,326 - INFO: 2019-05-23 18:02:34.327000-filename:IQC.py-method:_Noise_capacitance-[line:418]- msg:Noise_capacitance <= 0.05- [status:True]
2019-05-23 18:02:34,328 - INFO: 2019-05-23 18:02:34.328000-filename:IQC.py-method:_Baseline-[line:449]- msg:0.75<baseline<0.925- [status:True]
2019-05-23 18:02:34,329 - INFO: 2019-05-23 18:02:34.330000-filename:IQC.py-method:_edr_Capacitance-[line:478]- msg:Effective_dynamic_range>=0.0- [status:True]
2019-05-23 18:02:34,331 - INFO: 2019-05-23 18:02:34.331000-filename:IQC.py-method:Baseline_raw_count-[line:576]- msg:1=<Baseline_raw_count=<11- [status:True]
2019-05-23 18:02:34,611 - INFO: 2019-05-23 18:02:34.612000-filename:IQC.py-method:_open_diff-[line:637]- msg:open difference command ok- [status:True]
2019-05-23 18:02:39,894 - ERROR: 2019-05-23 18:02:39.895000-filename:IQC.py-method:vibration_test-[line:214]- msg:test fail- [status:False]
2019-05-23 18:02:59,641 - INFO: 2019-05-23 18:02:59.638000-filename:IQC.py-method:_mcu-[line:133]- msg:- [status:True]
2019-05-23 18:05:25,463 - INFO: 2019-05-23 18:05:25.460000-filename:IQC.py-method:_mcu-[line:133]- msg:- [status:True]
2019-05-23 18:07:32,855 - INFO: 2019-05-23 18:07:32.853000-filename:IQC.py-method:_mcu-[line:133]- msg:- [status:True]
2019-05-23 18:07:41,091 - INFO: 2019-05-23 18:07:41.091000-filename:IQC.py-method:_check_dut-[line:351]- msg:ok- [status:True]
2019-05-23 18:07:42,500 - INFO: 2019-05-23 18:07:42.500000-filename:IQC.py-method:_collect_raw_count-[line:391]- msg:collect raw count ok- [status:True]
2019-05-23 18:07:42,503 - INFO: 2019-05-23 18:07:42.502000-filename:IQC.py-method:_Noise_capacitance-[line:418]- msg:Noise_capacitance <= 0.05- [status:True]
2019-05-23 18:07:42,503 - INFO: 2019-05-23 18:07:42.504000-filename:IQC.py-method:_Baseline-[line:449]- msg:0.75<baseline<0.925- [status:True]
2019-05-23 18:07:42,505 - INFO: 2019-05-23 18:07:42.505000-filename:IQC.py-method:_edr_Capacitance-[line:478]- msg:Effective_dynamic_range>=0.0- [status:True]
2019-05-23 18:07:42,506 - INFO: 2019-05-23 18:07:42.506000-filename:IQC.py-method:Baseline_raw_count-[line:576]- msg:1=<Baseline_raw_count=<11- [status:True]
2019-05-23 18:07:42,759 - INFO: 2019-05-23 18:07:42.759000-filename:IQC.py-method:_open_diff-[line:637]- msg:open difference command ok- [status:True]
2019-05-23 18:07:48,904 - ERROR: 2019-05-23 18:07:48.904000-filename:IQC.py-method:vibration_test-[line:214]- msg:test fail- [status:False]
2019-05-23 18:07:51,209 - INFO: 2019-05-23 18:07:51.208000-filename:IQC.py-method:_check_dut-[line:351]- msg:ok- [status:True]
2019-05-23 18:07:52,572 - INFO: 2019-05-23 18:07:52.572000-filename:IQC.py-method:_collect_raw_count-[line:391]- msg:collect raw count ok- [status:True]
2019-05-23 18:07:52,572 - INFO: 2019-05-23 18:07:52.573000-filename:IQC.py-method:_Noise_capacitance-[line:418]- msg:Noise_capacitance <= 0.05- [status:True]
2019-05-23 18:07:52,575 - INFO: 2019-05-23 18:07:52.575000-filename:IQC.py-method:_Baseline-[line:449]- msg:0.75<baseline<0.925- [status:True]
2019-05-23 18:07:52,575 - INFO: 2019-05-23 18:07:52.576000-filename:IQC.py-method:_edr_Capacitance-[line:478]- msg:Effective_dynamic_range>=0.0- [status:True]
2019-05-23 18:07:52,575 - INFO: 2019-05-23 18:07:52.576000-filename:IQC.py-method:Baseline_raw_count-[line:576]- msg:1=<Baseline_raw_count=<11- [status:True]
2019-05-23 18:07:52,836 - INFO: 2019-05-23 18:07:52.837000-filename:IQC.py-method:_open_diff-[line:637]- msg:open difference command ok- [status:True]
2019-05-23 18:07:58,982 - ERROR: 2019-05-23 18:07:58.982000-filename:IQC.py-method:vibration_test-[line:214]- msg:test fail- [status:False]
2019-05-23 18:08:01,127 - INFO: 2019-05-23 18:08:01.126000-filename:IQC.py-method:_check_dut-[line:351]- msg:ok- [status:True]
2019-05-23 18:08:02,493 - INFO: 2019-05-23 18:08:02.494000-filename:IQC.py-method:_collect_raw_count-[line:391]- msg:collect raw count ok- [status:True]
2019-05-23 18:08:02,496 - INFO: 2019-05-23 18:08:02.496000-filename:IQC.py-method:_Noise_capacitance-[line:418]- msg:Noise_capacitance <= 0.05- [status:True]
2019-05-23 18:08:02,496 - INFO: 2019-05-23 18:08:02.497000-filename:IQC.py-method:_Baseline-[line:449]- msg:0.75<baseline<0.925- [status:True]
2019-05-23 18:08:02,497 - INFO: 2019-05-23 18:08:02.498000-filename:IQC.py-method:_edr_Capacitance-[line:478]- msg:Effective_dynamic_range>=0.0- [status:True]
2019-05-23 18:08:02,499 - INFO: 2019-05-23 18:08:02.499000-filename:IQC.py-method:Baseline_raw_count-[line:576]- msg:1=<Baseline_raw_count=<11- [status:True]
2019-05-23 18:08:02,756 - INFO: 2019-05-23 18:08:02.755000-filename:IQC.py-method:_open_diff-[line:637]- msg:open difference command ok- [status:True]
2019-05-23 18:08:08,900 - ERROR: 2019-05-23 18:08:08.900000-filename:IQC.py-method:vibration_test-[line:214]- msg:test fail- [status:False]
2019-05-23 18:08:54,723 - INFO: 2019-05-23 18:08:54.721000-filename:IQC.py-method:_mcu-[line:133]- msg:- [status:True]
2019-05-23 18:08:57,941 - INFO: 2019-05-23 18:08:57.942000-filename:IQC.py-method:_check_dut-[line:351]- msg:ok- [status:True]
2019-05-23 18:08:59,336 - INFO: 2019-05-23 18:08:59.337000-filename:IQC.py-method:_collect_raw_count-[line:391]- msg:collect raw count ok- [status:True]
2019-05-23 18:08:59,338 - INFO: 2019-05-23 18:08:59.338000-filename:IQC.py-method:_Noise_capacitance-[line:418]- msg:Noise_capacitance <= 0.05- [status:True]
2019-05-23 18:08:59,338 - INFO: 2019-05-23 18:08:59.339000-filename:IQC.py-method:_Baseline-[line:449]- msg:0.75<baseline<0.925- [status:True]
2019-05-23 18:08:59,338 - INFO: 2019-05-23 18:08:59.339000-filename:IQC.py-method:_edr_Capacitance-[line:478]- msg:Effective_dynamic_range>=0.0- [status:True]
2019-05-23 18:08:59,339 - INFO: 2019-05-23 18:08:59.340000-filename:IQC.py-method:Baseline_raw_count-[line:576]- msg:1=<Baseline_raw_count=<11- [status:True]
2019-05-23 18:08:59,604 - INFO: 2019-05-23 18:08:59.604000-filename:IQC.py-method:_open_diff-[line:637]- msg:open difference command ok- [status:True]
2019-05-23 18:09:05,747 - ERROR: 2019-05-23 18:09:05.748000-filename:IQC.py-method:vibration_test-[line:214]- msg:test fail- [status:False]
2019-05-23 18:10:17,312 - INFO: 2019-05-23 18:10:17.311000-filename:IQC.py-method:_mcu-[line:133]- msg:- [status:True]
2019-05-23 18:10:20,601 - INFO: 2019-05-23 18:10:20.601000-filename:IQC.py-method:_check_dut-[line:351]- msg:ok- [status:True]
2019-05-23 18:10:21,990 - INFO: 2019-05-23 18:10:21.990000-filename:IQC.py-method:_collect_raw_count-[line:391]- msg:collect raw count ok- [status:True]
2019-05-23 18:10:21,992 - INFO: 2019-05-23 18:10:21.992000-filename:IQC.py-method:_Noise_capacitance-[line:418]- msg:Noise_capacitance <= 0.05- [status:True]
2019-05-23 18:10:21,992 - INFO: 2019-05-23 18:10:21.992000-filename:IQC.py-method:_Baseline-[line:449]- msg:0.75<baseline<0.925- [status:True]
2019-05-23 18:10:21,993 - INFO: 2019-05-23 18:10:21.993000-filename:IQC.py-method:_edr_Capacitance-[line:478]- msg:Effective_dynamic_range>=0.0- [status:True]
2019-05-23 18:10:21,993 - INFO: 2019-05-23 18:10:21.993000-filename:IQC.py-method:Baseline_raw_count-[line:576]- msg:1=<Baseline_raw_count=<11- [status:True]
2019-05-23 18:10:22,266 - INFO: 2019-05-23 18:10:22.267000-filename:IQC.py-method:_open_diff-[line:637]- msg:open difference command ok- [status:True]
2019-05-23 18:10:28,410 - ERROR: 2019-05-23 18:10:28.410000-filename:IQC.py-method:vibration_test-[line:214]- msg:test fail- [status:False]
2019-05-23 18:11:09,569 - INFO: 2019-05-23 18:11:09.566000-filename:IQC.py-method:_mcu-[line:133]- msg:- [status:True]
2019-05-23 18:11:17,497 - ERROR: 2019-05-23 18:11:17.497000-filename:IQC.py-method:_check_dut-[line:351]- msg:- [status:False]
2019-05-23 18:11:17,612 - ERROR: 2019-05-23 18:11:17.613000-filename:IQC.py-method:vibration_test-[line:214]- msg:test fail- [status:False]
2019-05-23 18:11:25,973 - ERROR: 2019-05-23 18:11:25.974000-filename:IQC.py-method:_check_dut-[line:351]- msg:- [status:False]
2019-05-23 18:11:26,091 - ERROR: 2019-05-23 18:11:26.091000-filename:IQC.py-method:vibration_test-[line:214]- msg:test fail- [status:False]
2019-05-23 18:11:46,980 - INFO: 2019-05-23 18:11:46.979000-filename:IQC.py-method:_mcu-[line:133]- msg:- [status:True]
2019-05-23 18:11:55,726 - ERROR: 2019-05-23 18:11:55.725000-filename:IQC.py-method:_check_dut-[line:351]- msg:- [status:False]
2019-05-23 18:11:55,842 - ERROR: 2019-05-23 18:11:55.842000-filename:IQC.py-method:vibration_test-[line:214]- msg:test fail- [status:False]
2019-05-23 18:14:12,900 - INFO: 2019-05-23 18:14:12.898000-filename:IQC.py-method:_mcu-[line:133]- msg:- [status:True]
2019-05-23 18:14:19,684 - ERROR: 2019-05-23 18:14:19.684000-filename:IQC.py-method:_check_dut-[line:351]- msg:- [status:False]
2019-05-23 18:14:19,799 - ERROR: 2019-05-23 18:14:19.800000-filename:IQC.py-method:vibration_test-[line:214]- msg:test fail- [status:False]
2019-05-23 18:14:32,348 - ERROR: 2019-05-23 18:14:32.348000-filename:IQC.py-method:_check_dut-[line:351]- msg:- [status:False]
2019-05-23 18:14:32,463 - ERROR: 2019-05-23 18:14:32.464000-filename:IQC.py-method:vibration_test-[line:214]- msg:test fail- [status:False]
2019-05-23 18:15:33,869 - INFO: 2019-05-23 18:15:33.868000-filename:IQC.py-method:_mcu-[line:133]- msg:- [status:True]
2019-05-23 18:15:46,302 - INFO: 2019-05-23 18:15:46.303000-filename:IQC.py-method:_check_dut-[line:351]- msg:ok- [status:True]
2019-05-23 18:15:47,674 - INFO: 2019-05-23 18:15:47.675000-filename:IQC.py-method:_collect_raw_count-[line:391]- msg:collect raw count ok- [status:True]
2019-05-23 18:15:47,677 - ERROR: 2019-05-23 18:15:47.677000-filename:IQC.py-method:_Noise_capacitance-[line:418]- msg:Noise_capacitance <= 0.05- [status:False]
2019-05-23 18:15:47,677 - INFO: 2019-05-23 18:15:47.677000-filename:IQC.py-method:_Baseline-[line:449]- msg:0.75<baseline<0.925- [status:True]
2019-05-23 18:15:47,677 - INFO: 2019-05-23 18:15:47.678000-filename:IQC.py-method:_edr_Capacitance-[line:478]- msg:Effective_dynamic_range>=0.0- [status:True]
2019-05-23 18:15:47,678 - ERROR: 2019-05-23 18:15:47.679000-filename:IQC.py-method:vibration_test-[line:214]- msg:test fail- [status:False]
2019-05-23 18:17:01,256 - INFO: 2019-05-23 18:17:01.254000-filename:IQC.py-method:_mcu-[line:133]- msg:- [status:True]
2019-05-23 18:22:37,993 - INFO: 2019-05-23 18:22:37.991000-filename:IQC.py-method:_mcu-[line:133]- msg:- [status:True]
2019-05-23 18:22:47,892 - INFO: 2019-05-23 18:22:47.893000-filename:IQC.py-method:_check_dut-[line:351]- msg:ok- [status:True]
2019-05-23 18:22:50,216 - INFO: 2019-05-23 18:22:50.216000-filename:IQC.py-method:_collect_raw_count-[line:391]- msg:collect raw count ok- [status:True]
2019-05-23 18:22:50,220 - INFO: 2019-05-23 18:22:50.221000-filename:IQC.py-method:_Noise_capacitance-[line:418]- msg:Noise_capacitance <= 0.05- [status:True]
2019-05-23 18:22:50,223 - INFO: 2019-05-23 18:22:50.223000-filename:IQC.py-method:_Baseline-[line:449]- msg:0.75<baseline<0.925- [status:True]
2019-05-23 18:22:50,226 - INFO: 2019-05-23 18:22:50.226000-filename:IQC.py-method:_edr_Capacitance-[line:478]- msg:Effective_dynamic_range>=0.0- [status:True]
2019-05-23 18:22:50,226 - INFO: 2019-05-23 18:22:50.227000-filename:IQC.py-method:Baseline_raw_count-[line:576]- msg:1=<Baseline_raw_count=<11- [status:True]
2019-05-23 18:22:50,361 - INFO: 2019-05-23 18:22:50.362000-filename:IQC.py-method:_open_diff-[line:637]- msg:open difference command ok- [status:True]
2019-05-23 18:24:36,180 - INFO: 2019-05-23 18:24:36.179000-filename:IQC.py-method:_mcu-[line:133]- msg:- [status:True]
2019-05-23 18:24:42,966 - INFO: 2019-05-23 18:24:42.966000-filename:IQC.py-method:_check_dut-[line:351]- msg:ok- [status:True]
2019-05-23 18:24:44,346 - INFO: 2019-05-23 18:24:44.347000-filename:IQC.py-method:_collect_raw_count-[line:391]- msg:collect raw count ok- [status:True]
2019-05-23 18:24:44,348 - INFO: 2019-05-23 18:24:44.348000-filename:IQC.py-method:_Noise_capacitance-[line:418]- msg:Noise_capacitance <= 0.05- [status:True]
2019-05-23 18:24:44,348 - INFO: 2019-05-23 18:24:44.349000-filename:IQC.py-method:_Baseline-[line:449]- msg:0.75<baseline<0.925- [status:True]
2019-05-23 18:24:44,349 - INFO: 2019-05-23 18:24:44.350000-filename:IQC.py-method:_edr_Capacitance-[line:478]- msg:Effective_dynamic_range>=0.0- [status:True]
2019-05-23 18:24:44,351 - INFO: 2019-05-23 18:24:44.351000-filename:IQC.py-method:Baseline_raw_count-[line:576]- msg:1=<Baseline_raw_count=<11- [status:True]
2019-05-23 18:24:46,329 - INFO: 2019-05-23 18:24:46.330000-filename:IQC.py-method:_open_diff-[line:637]- msg:open difference command ok- [status:True]
2019-05-23 18:24:52,339 - ERROR: 2019-05-23 18:24:52.340000-filename:IQC.py-method:vibration_test-[line:214]- msg:test fail- [status:False]
2019-05-23 18:25:08,805 - INFO: 2019-05-23 18:25:08.804000-filename:IQC.py-method:_mcu-[line:133]- msg:- [status:True]
2019-05-23 18:25:10,756 - INFO: 2019-05-23 18:25:10.757000-filename:IQC.py-method:_check_dut-[line:351]- msg:ok- [status:True]
2019-05-23 18:25:12,138 - INFO: 2019-05-23 18:25:12.138000-filename:IQC.py-method:_collect_raw_count-[line:391]- msg:collect raw count ok- [status:True]
2019-05-23 18:25:12,138 - INFO: 2019-05-23 18:25:12.139000-filename:IQC.py-method:_Noise_capacitance-[line:418]- msg:Noise_capacitance <= 0.05- [status:True]
2019-05-23 18:25:12,140 - INFO: 2019-05-23 18:25:12.140000-filename:IQC.py-method:_Baseline-[line:449]- msg:0.75<baseline<0.925- [status:True]
2019-05-23 18:25:12,141 - INFO: 2019-05-23 18:25:12.141000-filename:IQC.py-method:_edr_Capacitance-[line:478]- msg:Effective_dynamic_range>=0.0- [status:True]
2019-05-23 18:25:12,141 - INFO: 2019-05-23 18:25:12.142000-filename:IQC.py-method:Baseline_raw_count-[line:576]- msg:1=<Baseline_raw_count=<11- [status:True]
2019-05-23 18:25:12,273 - INFO: 2019-05-23 18:25:12.274000-filename:IQC.py-method:_open_diff-[line:637]- msg:open difference command ok- [status:True]
2019-05-23 18:25:18,282 - ERROR: 2019-05-23 18:25:18.282000-filename:IQC.py-method:vibration_test-[line:214]- msg:test fail- [status:False]
2019-05-23 18:25:29,000 - INFO: 2019-05-23 18:25:28.997000-filename:IQC.py-method:_mcu-[line:133]- msg:- [status:True]
2019-05-23 18:25:31,381 - INFO: 2019-05-23 18:25:31.381000-filename:IQC.py-method:_check_dut-[line:351]- msg:ok- [status:True]
2019-05-23 18:25:32,750 - INFO: 2019-05-23 18:25:32.751000-filename:IQC.py-method:_collect_raw_count-[line:391]- msg:collect raw count ok- [status:True]
2019-05-23 18:25:32,752 - INFO: 2019-05-23 18:25:32.752000-filename:IQC.py-method:_Noise_capacitance-[line:418]- msg:Noise_capacitance <= 0.05- [status:True]
2019-05-23 18:25:32,753 - INFO: 2019-05-23 18:25:32.753000-filename:IQC.py-method:_Baseline-[line:449]- msg:0.75<baseline<0.925- [status:True]
2019-05-23 18:25:32,753 - INFO: 2019-05-23 18:25:32.754000-filename:IQC.py-method:_edr_Capacitance-[line:478]- msg:Effective_dynamic_range>=0.0- [status:True]
2019-05-23 18:25:32,755 - INFO: 2019-05-23 18:25:32.755000-filename:IQC.py-method:Baseline_raw_count-[line:576]- msg:1=<Baseline_raw_count=<11- [status:True]
2019-05-23 18:25:32,885 - INFO: 2019-05-23 18:25:32.886000-filename:IQC.py-method:_open_diff-[line:637]- msg:open difference command ok- [status:True]
2019-05-23 18:25:38,895 - ERROR: 2019-05-23 18:25:38.896000-filename:IQC.py-method:vibration_test-[line:214]- msg:test fail- [status:False]
2019-05-23 19:11:09,173 - INFO: 2019-05-23 19:11:09.168000-filename:IQC.py-method:_mcu-[line:133]- msg:- [status:True]
2019-05-23 19:11:31,651 - INFO: 2019-05-23 19:11:31.651000-filename:IQC.py-method:_check_dut-[line:351]- msg:ok- [status:True]
2019-05-23 19:11:33,051 - INFO: 2019-05-23 19:11:33.051000-filename:IQC.py-method:_collect_raw_count-[line:391]- msg:collect raw count ok- [status:True]
2019-05-23 19:11:33,053 - INFO: 2019-05-23 19:11:33.054000-filename:IQC.py-method:_Noise_capacitance-[line:418]- msg:Noise_capacitance <= 0.05- [status:True]
2019-05-23 19:11:33,055 - INFO: 2019-05-23 19:11:33.056000-filename:IQC.py-method:_Baseline-[line:449]- msg:0.75<baseline<0.925- [status:True]
2019-05-23 19:11:33,056 - INFO: 2019-05-23 19:11:33.057000-filename:IQC.py-method:_edr_Capacitance-[line:478]- msg:Effective_dynamic_range>=0.0- [status:True]
2019-05-23 19:11:33,059 - INFO: 2019-05-23 19:11:33.059000-filename:IQC.py-method:Baseline_raw_count-[line:582]- msg:1=<Baseline_raw_count=<11- [status:True]
2019-05-23 19:11:33,193 - INFO: 2019-05-23 19:11:33.193000-filename:IQC.py-method:_open_diff-[line:643]- msg:open difference command ok- [status:True]
2019-05-23 19:11:41,911 - INFO: 2019-05-23 19:11:41.911000-filename:IQC.py-method:vibration_test-[line:290]- msg:vibration test ok- [status:1]
2019-05-23 19:11:45,058 - INFO: 2019-05-23 19:11:45.058000-filename:IQC.py-method:_check_dut-[line:351]- msg:ok- [status:True]
2019-05-23 19:11:46,417 - INFO: 2019-05-23 19:11:46.418000-filename:IQC.py-method:_collect_raw_count-[line:391]- msg:collect raw count ok- [status:True]
2019-05-23 19:11:46,421 - INFO: 2019-05-23 19:11:46.421000-filename:IQC.py-method:_Noise_capacitance-[line:418]- msg:Noise_capacitance <= 0.05- [status:True]
2019-05-23 19:11:46,421 - INFO: 2019-05-23 19:11:46.422000-filename:IQC.py-method:_Baseline-[line:449]- msg:0.75<baseline<0.925- [status:True]
2019-05-23 19:11:46,424 - INFO: 2019-05-23 19:11:46.424000-filename:IQC.py-method:_edr_Capacitance-[line:478]- msg:Effective_dynamic_range>=0.0- [status:True]
2019-05-23 19:11:46,426 - INFO: 2019-05-23 19:11:46.426000-filename:IQC.py-method:Baseline_raw_count-[line:582]- msg:1=<Baseline_raw_count=<11- [status:True]
2019-05-23 19:11:46,559 - INFO: 2019-05-23 19:11:46.560000-filename:IQC.py-method:_open_diff-[line:643]- msg:open difference command ok- [status:True]
2019-05-23 19:11:54,630 - INFO: 2019-05-23 19:11:54.630000-filename:IQC.py-method:vibration_test-[line:290]- msg:vibration test ok- [status:1]
2019-05-23 19:12:21,836 - INFO: 2019-05-23 19:12:21.833000-filename:IQC.py-method:_mcu-[line:133]- msg:- [status:True]
2019-05-23 19:12:24,483 - INFO: 2019-05-23 19:12:24.484000-filename:IQC.py-method:_check_dut-[line:351]- msg:ok- [status:True]
2019-05-23 19:12:25,881 - INFO: 2019-05-23 19:12:25.881000-filename:IQC.py-method:_collect_raw_count-[line:391]- msg:collect raw count ok- [status:True]
2019-05-23 19:12:25,884 - INFO: 2019-05-23 19:12:25.884000-filename:IQC.py-method:_Noise_capacitance-[line:418]- msg:Noise_capacitance <= 0.05- [status:True]
2019-05-23 19:12:25,884 - INFO: 2019-05-23 19:12:25.885000-filename:IQC.py-method:_Baseline-[line:449]- msg:0.75<baseline<0.925- [status:True]
2019-05-23 19:12:25,885 - INFO: 2019-05-23 19:12:25.886000-filename:IQC.py-method:_edr_Capacitance-[line:478]- msg:Effective_dynamic_range>=0.0- [status:True]
2019-05-23 19:12:25,888 - INFO: 2019-05-23 19:12:25.888000-filename:IQC.py-method:Baseline_raw_count-[line:582]- msg:1=<Baseline_raw_count=<11- [status:True]
2019-05-23 19:12:26,022 - INFO: 2019-05-23 19:12:26.022000-filename:IQC.py-method:_open_diff-[line:643]- msg:open difference command ok- [status:True]
2019-05-23 19:12:40,095 - INFO: 2019-05-23 19:12:40.096000-filename:IQC.py-method:vibration_test-[line:290]- msg:vibration test ok- [status:1]
2019-05-23 19:15:40,134 - INFO: 2019-05-23 19:15:40.131000-filename:IQC.py-method:_mcu-[line:133]- msg:- [status:True]
2019-05-23 19:15:42,907 - INFO: 2019-05-23 19:15:42.907000-filename:IQC.py-method:_check_dut-[line:351]- msg:ok- [status:True]
2019-05-23 19:15:44,303 - INFO: 2019-05-23 19:15:44.304000-filename:IQC.py-method:_collect_raw_count-[line:391]- msg:collect raw count ok- [status:True]
2019-05-23 19:15:44,305 - INFO: 2019-05-23 19:15:44.306000-filename:IQC.py-method:_Noise_capacitance-[line:418]- msg:Noise_capacitance <= 0.05- [status:True]
2019-05-23 19:15:44,308 - INFO: 2019-05-23 19:15:44.308000-filename:IQC.py-method:_Baseline-[line:449]- msg:0.75<baseline<0.925- [status:True]
2019-05-23 19:15:44,309 - INFO: 2019-05-23 19:15:44.309000-filename:IQC.py-method:_edr_Capacitance-[line:478]- msg:Effective_dynamic_range>=0.0- [status:True]
2019-05-23 19:15:44,311 - INFO: 2019-05-23 19:15:44.311000-filename:IQC.py-method:Baseline_raw_count-[line:582]- msg:1=<Baseline_raw_count=<11- [status:True]
2019-05-23 19:15:44,443 - INFO: 2019-05-23 19:15:44.443000-filename:IQC.py-method:_open_diff-[line:643]- msg:open difference command ok- [status:True]
2019-05-23 19:15:59,516 - INFO: 2019-05-23 19:15:59.517000-filename:IQC.py-method:vibration_test-[line:290]- msg:vibration test ok- [status:1]
2019-05-23 19:16:36,526 - INFO: 2019-05-23 19:16:36.524000-filename:IQC.py-method:_mcu-[line:133]- msg:- [status:True]
2019-05-23 19:16:38,460 - INFO: 2019-05-23 19:16:38.459000-filename:IQC.py-method:_check_dut-[line:351]- msg:ok- [status:True]
2019-05-23 19:16:39,858 - INFO: 2019-05-23 19:16:39.858000-filename:IQC.py-method:_collect_raw_count-[line:391]- msg:collect raw count ok- [status:True]
2019-05-23 19:16:39,859 - INFO: 2019-05-23 19:16:39.860000-filename:IQC.py-method:_Noise_capacitance-[line:418]- msg:Noise_capacitance <= 0.05- [status:True]
2019-05-23 19:16:39,861 - INFO: 2019-05-23 19:16:39.862000-filename:IQC.py-method:_Baseline-[line:449]- msg:0.75<baseline<0.925- [status:True]
2019-05-23 19:16:39,862 - INFO: 2019-05-23 19:16:39.863000-filename:IQC.py-method:_edr_Capacitance-[line:478]- msg:Effective_dynamic_range>=0.0- [status:True]
2019-05-23 19:16:39,865 - INFO: 2019-05-23 19:16:39.864000-filename:IQC.py-method:Baseline_raw_count-[line:582]- msg:1=<Baseline_raw_count=<11- [status:True]
2019-05-23 19:16:39,999 - INFO: 2019-05-23 19:16:39.999000-filename:IQC.py-method:_open_diff-[line:643]- msg:open difference command ok- [status:True]
2019-05-23 19:16:54,073 - INFO: 2019-05-23 19:16:54.074000-filename:IQC.py-method:vibration_test-[line:290]- msg:vibration test ok- [status:1]
2019-05-23 19:17:24,049 - INFO: 2019-05-23 19:17:24.046000-filename:IQC.py-method:_mcu-[line:133]- msg:- [status:True]
2019-05-23 19:17:25,970 - INFO: 2019-05-23 19:17:25.971000-filename:IQC.py-method:_check_dut-[line:351]- msg:ok- [status:True]
2019-05-23 19:17:27,374 - INFO: 2019-05-23 19:17:27.374000-filename:IQC.py-method:_collect_raw_count-[line:391]- msg:collect raw count ok- [status:True]
2019-05-23 19:17:27,375 - INFO: 2019-05-23 19:17:27.376000-filename:IQC.py-method:_Noise_capacitance-[line:418]- msg:Noise_capacitance <= 0.05- [status:True]
2019-05-23 19:17:27,378 - INFO: 2019-05-23 19:17:27.378000-filename:IQC.py-method:_Baseline-[line:449]- msg:0.75<baseline<0.925- [status:True]
2019-05-23 19:17:27,378 - INFO: 2019-05-23 19:17:27.379000-filename:IQC.py-method:_edr_Capacitance-[line:478]- msg:Effective_dynamic_range>=0.0- [status:True]
2019-05-23 19:17:27,381 - INFO: 2019-05-23 19:17:27.380000-filename:IQC.py-method:Baseline_raw_count-[line:582]- msg:1=<Baseline_raw_count=<11- [status:True]
2019-05-23 19:17:27,515 - INFO: 2019-05-23 19:17:27.515000-filename:IQC.py-method:_open_diff-[line:643]- msg:open difference command ok- [status:True]
2019-05-23 19:17:40,589 - INFO: 2019-05-23 19:17:40.590000-filename:IQC.py-method:vibration_test-[line:290]- msg:vibration test ok- [status:1]
2019-05-23 19:17:51,661 - INFO: 2019-05-23 19:17:51.655000-filename:IQC.py-method:_mcu-[line:133]- msg:- [status:True]
2019-05-23 19:17:53,467 - INFO: 2019-05-23 19:17:53.468000-filename:IQC.py-method:_check_dut-[line:351]- msg:ok- [status:True]
2019-05-23 19:17:54,868 - INFO: 2019-05-23 19:17:54.868000-filename:IQC.py-method:_collect_raw_count-[line:391]- msg:collect raw count ok- [status:True]
2019-05-23 19:17:54,871 - INFO: 2019-05-23 19:17:54.871000-filename:IQC.py-method:_Noise_capacitance-[line:418]- msg:Noise_capacitance <= 0.05- [status:True]
2019-05-23 19:17:54,872 - INFO: 2019-05-23 19:17:54.873000-filename:IQC.py-method:_Baseline-[line:449]- msg:0.75<baseline<0.925- [status:True]
2019-05-23 19:17:54,874 - INFO: 2019-05-23 19:17:54.874000-filename:IQC.py-method:_edr_Capacitance-[line:478]- msg:Effective_dynamic_range>=0.0- [status:True]
2019-05-23 19:17:54,875 - INFO: 2019-05-23 19:17:54.875000-filename:IQC.py-method:Baseline_raw_count-[line:582]- msg:1=<Baseline_raw_count=<11- [status:True]
2019-05-23 19:17:55,009 - INFO: 2019-05-23 19:17:55.008000-filename:IQC.py-method:_open_diff-[line:643]- msg:open difference command ok- [status:True]
2019-05-23 19:18:09,085 - INFO: 2019-05-23 19:18:09.085000-filename:IQC.py-method:vibration_test-[line:290]- msg:vibration test ok- [status:1]
2019-05-23 19:18:44,799 - INFO: 2019-05-23 19:18:44.795000-filename:IQC.py-method:_mcu-[line:133]- msg:- [status:True]
2019-05-23 19:18:47,819 - INFO: 2019-05-23 19:18:47.819000-filename:IQC.py-method:_check_dut-[line:351]- msg:ok- [status:True]
2019-05-23 19:18:49,220 - INFO: 2019-05-23 19:18:49.220000-filename:IQC.py-method:_collect_raw_count-[line:391]- msg:collect raw count ok- [status:True]
2019-05-23 19:18:49,221 - INFO: 2019-05-23 19:18:49.222000-filename:IQC.py-method:_Noise_capacitance-[line:418]- msg:Noise_capacitance <= 0.05- [status:True]
2019-05-23 19:18:49,223 - INFO: 2019-05-23 19:18:49.224000-filename:IQC.py-method:_Baseline-[line:449]- msg:0.75<baseline<0.925- [status:True]
2019-05-23 19:18:49,224 - INFO: 2019-05-23 19:18:49.225000-filename:IQC.py-method:_edr_Capacitance-[line:478]- msg:Effective_dynamic_range>=0.0- [status:True]
2019-05-23 19:18:49,226 - INFO: 2019-05-23 19:18:49.227000-filename:IQC.py-method:Baseline_raw_count-[line:582]- msg:1=<Baseline_raw_count=<11- [status:True]
2019-05-23 19:18:49,361 - INFO: 2019-05-23 19:18:49.361000-filename:IQC.py-method:_open_diff-[line:643]- msg:open difference command ok- [status:True]
2019-05-23 19:19:02,434 - INFO: 2019-05-23 19:19:02.435000-filename:IQC.py-method:vibration_test-[line:290]- msg:vibration test ok- [status:1]
2019-05-23 19:19:14,703 - INFO: 2019-05-23 19:19:14.697000-filename:IQC.py-method:_mcu-[line:133]- msg:- [status:True]
2019-05-23 19:19:16,427 - INFO: 2019-05-23 19:19:16.427000-filename:IQC.py-method:_check_dut-[line:351]- msg:ok- [status:True]
2019-05-23 19:19:17,828 - INFO: 2019-05-23 19:19:17.829000-filename:IQC.py-method:_collect_raw_count-[line:391]- msg:collect raw count ok- [status:True]
2019-05-23 19:19:17,832 - INFO: 2019-05-23 19:19:17.832000-filename:IQC.py-method:_Noise_capacitance-[line:418]- msg:Noise_capacitance <= 0.05- [status:True]
2019-05-23 19:19:17,834 - INFO: 2019-05-23 19:19:17.834000-filename:IQC.py-method:_Baseline-[line:449]- msg:0.75<baseline<0.925- [status:True]
2019-05-23 19:19:17,835 - INFO: 2019-05-23 19:19:17.835000-filename:IQC.py-method:_edr_Capacitance-[line:478]- msg:Effective_dynamic_range>=0.0- [status:True]
2019-05-23 19:19:17,835 - INFO: 2019-05-23 19:19:17.836000-filename:IQC.py-method:Baseline_raw_count-[line:582]- msg:1=<Baseline_raw_count=<11- [status:True]
2019-05-23 19:19:17,970 - INFO: 2019-05-23 19:19:17.971000-filename:IQC.py-method:_open_diff-[line:643]- msg:open difference command ok- [status:True]
2019-05-23 19:19:31,042 - INFO: 2019-05-23 19:19:31.043000-filename:IQC.py-method:vibration_test-[line:290]- msg:vibration test ok- [status:1]
2019-05-23 19:19:40,148 - INFO: 2019-05-23 19:19:40.145000-filename:IQC.py-method:_mcu-[line:133]- msg:- [status:True]
2019-05-23 19:19:41,923 - INFO: 2019-05-23 19:19:41.923000-filename:IQC.py-method:_check_dut-[line:351]- msg:ok- [status:True]
2019-05-23 19:19:43,319 - INFO: 2019-05-23 19:19:43.319000-filename:IQC.py-method:_collect_raw_count-[line:391]- msg:collect raw count ok- [status:True]
2019-05-23 19:19:43,321 - INFO: 2019-05-23 19:19:43.321000-filename:IQC.py-method:_Noise_capacitance-[line:418]- msg:Noise_capacitance <= 0.05- [status:True]
2019-05-23 19:19:43,322 - INFO: 2019-05-23 19:19:43.323000-filename:IQC.py-method:_Baseline-[line:449]- msg:0.75<baseline<0.925- [status:True]
2019-05-23 19:19:43,323 - INFO: 2019-05-23 19:19:43.324000-filename:IQC.py-method:_edr_Capacitance-[line:478]- msg:Effective_dynamic_range>=0.0- [status:True]
2019-05-23 19:19:43,325 - INFO: 2019-05-23 19:19:43.325000-filename:IQC.py-method:Baseline_raw_count-[line:582]- msg:1=<Baseline_raw_count=<11- [status:True]
2019-05-23 19:19:43,460 - INFO: 2019-05-23 19:19:43.460000-filename:IQC.py-method:_open_diff-[line:643]- msg:open difference command ok- [status:True]
2019-05-23 19:19:55,532 - INFO: 2019-05-23 19:19:55.532000-filename:IQC.py-method:vibration_test-[line:290]- msg:vibration test ok- [status:1]
2019-05-23 19:20:04,122 - INFO: 2019-05-23 19:20:04.119000-filename:IQC.py-method:_mcu-[line:133]- msg:- [status:True]
2019-05-23 19:20:06,098 - INFO: 2019-05-23 19:20:06.099000-filename:IQC.py-method:_check_dut-[line:351]- msg:ok- [status:True]
2019-05-23 19:20:07,496 - INFO: 2019-05-23 19:20:07.497000-filename:IQC.py-method:_collect_raw_count-[line:391]- msg:collect raw count ok- [status:True]
2019-05-23 19:20:07,499 - INFO: 2019-05-23 19:20:07.499000-filename:IQC.py-method:_Noise_capacitance-[line:418]- msg:Noise_capacitance <= 0.05- [status:True]
2019-05-23 19:20:07,500 - INFO: 2019-05-23 19:20:07.500000-filename:IQC.py-method:_Baseline-[line:449]- msg:0.75<baseline<0.925- [status:True]
2019-05-23 19:20:07,500 - INFO: 2019-05-23 19:20:07.501000-filename:IQC.py-method:_edr_Capacitance-[line:478]- msg:Effective_dynamic_range>=0.0- [status:True]
2019-05-23 19:20:07,503 - INFO: 2019-05-23 19:20:07.503000-filename:IQC.py-method:Baseline_raw_count-[line:582]- msg:1=<Baseline_raw_count=<11- [status:True]
2019-05-23 19:20:07,638 - INFO: 2019-05-23 19:20:07.637000-filename:IQC.py-method:_open_diff-[line:643]- msg:open difference command ok- [status:True]
2019-05-23 19:20:18,650 - ERROR: 2019-05-23 19:20:18.650000-filename:IQC.py-method:vibration_test-[line:214]- msg:test fail- [status:False]
2019-05-23 19:20:27,267 - INFO: 2019-05-23 19:20:27.268000-filename:IQC.py-method:_check_dut-[line:351]- msg:ok- [status:True]
2019-05-23 19:20:28,625 - INFO: 2019-05-23 19:20:28.626000-filename:IQC.py-method:_collect_raw_count-[line:391]- msg:collect raw count ok- [status:True]
2019-05-23 19:20:28,628 - INFO: 2019-05-23 19:20:28.629000-filename:IQC.py-method:_Noise_capacitance-[line:418]- msg:Noise_capacitance <= 0.05- [status:True]
2019-05-23 19:20:28,631 - INFO: 2019-05-23 19:20:28.631000-filename:IQC.py-method:_Baseline-[line:449]- msg:0.75<baseline<0.925- [status:True]
2019-05-23 19:20:28,632 - INFO: 2019-05-23 19:20:28.633000-filename:IQC.py-method:_edr_Capacitance-[line:478]- msg:Effective_dynamic_range>=0.0- [status:True]
2019-05-23 19:20:28,634 - INFO: 2019-05-23 19:20:28.634000-filename:IQC.py-method:Baseline_raw_count-[line:582]- msg:1=<Baseline_raw_count=<11- [status:True]
2019-05-23 19:20:28,767 - INFO: 2019-05-23 19:20:28.768000-filename:IQC.py-method:_open_diff-[line:643]- msg:open difference command ok- [status:True]
2019-05-23 19:20:43,842 - INFO: 2019-05-23 19:20:43.842000-filename:IQC.py-method:vibration_test-[line:290]- msg:vibration test ok- [status:1]
2019-05-23 19:48:47,986 - INFO: 2019-05-23 19:48:47.984000-filename:IQC.py-method:_mcu-[line:133]- msg:- [status:True]
2019-05-23 19:49:16,411 - INFO: 2019-05-23 19:49:16.411000-filename:IQC.py-method:_check_dut-[line:351]- msg:ok- [status:True]
2019-05-23 19:49:18,473 - INFO: 2019-05-23 19:49:18.472000-filename:IQC.py-method:_collect_raw_count-[line:391]- msg:collect raw count ok- [status:True]
2019-05-23 19:49:18,476 - INFO: 2019-05-23 19:49:18.476000-filename:IQC.py-method:_Noise_capacitance-[line:418]- msg:Noise_capacitance <= 0.05- [status:True]
2019-05-23 19:49:18,477 - INFO: 2019-05-23 19:49:18.478000-filename:IQC.py-method:_Baseline-[line:449]- msg:0.75<baseline<0.925- [status:True]
2019-05-23 19:49:18,479 - INFO: 2019-05-23 19:49:18.479000-filename:IQC.py-method:_edr_Capacitance-[line:478]- msg:Effective_dynamic_range>=0.0- [status:True]
2019-05-23 19:49:18,480 - INFO: 2019-05-23 19:49:18.481000-filename:IQC.py-method:Baseline_raw_count-[line:582]- msg:1=<Baseline_raw_count=<11- [status:True]
2019-05-23 19:49:18,615 - INFO: 2019-05-23 19:49:18.615000-filename:IQC.py-method:_open_diff-[line:643]- msg:open difference command ok- [status:True]
2019-05-23 19:49:32,688 - INFO: 2019-05-23 19:49:32.689000-filename:IQC.py-method:vibration_test-[line:290]- msg:vibration test ok- [status:1]
2019-05-23 19:55:00,598 - INFO: 2019-05-23 19:55:00.594000-filename:IQC.py-method:_mcu-[line:133]- msg:- [status:True]
2019-05-23 19:55:04,986 - INFO: 2019-05-23 19:55:04.986000-filename:IQC.py-method:_check_dut-[line:351]- msg:ok- [status:True]
2019-05-23 19:55:06,381 - INFO: 2019-05-23 19:55:06.382000-filename:IQC.py-method:_collect_raw_count-[line:391]- msg:collect raw count ok- [status:True]
2019-05-23 19:55:06,384 - INFO: 2019-05-23 19:55:06.385000-filename:IQC.py-method:_Noise_capacitance-[line:418]- msg:Noise_capacitance <= 0.05- [status:True]
2019-05-23 19:55:06,385 - INFO: 2019-05-23 19:55:06.386000-filename:IQC.py-method:_Baseline-[line:449]- msg:0.75<baseline<0.925- [status:True]
2019-05-23 19:55:06,388 - INFO: 2019-05-23 19:55:06.388000-filename:IQC.py-method:_edr_Capacitance-[line:478]- msg:Effective_dynamic_range>=0.0- [status:True]
2019-05-23 19:55:06,388 - INFO: 2019-05-23 19:55:06.389000-filename:IQC.py-method:Baseline_raw_count-[line:582]- msg:1=<Baseline_raw_count=<11- [status:True]
2019-05-23 19:55:06,520 - INFO: 2019-05-23 19:55:06.521000-filename:IQC.py-method:_open_diff-[line:643]- msg:open difference command ok- [status:True]
2019-05-23 19:55:19,595 - INFO: 2019-05-23 19:55:19.595000-filename:IQC.py-method:vibration_test-[line:290]- msg:vibration test ok- [status:1]
2019-05-23 19:55:40,569 - INFO: 2019-05-23 19:55:40.565000-filename:IQC.py-method:_mcu-[line:133]- msg:- [status:True]
2019-05-23 19:55:42,545 - INFO: 2019-05-23 19:55:42.545000-filename:IQC.py-method:_check_dut-[line:351]- msg:ok- [status:True]
2019-05-23 19:55:43,940 - INFO: 2019-05-23 19:55:43.941000-filename:IQC.py-method:_collect_raw_count-[line:391]- msg:collect raw count ok- [status:True]
2019-05-23 19:55:43,944 - INFO: 2019-05-23 19:55:43.944000-filename:IQC.py-method:_Noise_capacitance-[line:418]- msg:Noise_capacitance <= 0.05- [status:True]
2019-05-23 19:55:43,946 - INFO: 2019-05-23 19:55:43.946000-filename:IQC.py-method:_Baseline-[line:449]- msg:0.75<baseline<0.925- [status:True]
2019-05-23 19:55:43,947 - INFO: 2019-05-23 19:55:43.947000-filename:IQC.py-method:_edr_Capacitance-[line:478]- msg:Effective_dynamic_range>=0.0- [status:True]
2019-05-23 19:55:43,948 - INFO: 2019-05-23 19:55:43.949000-filename:IQC.py-method:Baseline_raw_count-[line:582]- msg:1=<Baseline_raw_count=<11- [status:True]
2019-05-23 19:55:44,082 - INFO: 2019-05-23 19:55:44.082000-filename:IQC.py-method:_open_diff-[line:643]- msg:open difference command ok- [status:True]
2019-05-23 19:55:53,151 - INFO: 2019-05-23 19:55:53.152000-filename:IQC.py-method:vibration_test-[line:290]- msg:vibration test ok- [status:1]
